2014-03-04 13:52:42,690: EasternTravel_1_straight  - Setting up mysql and firefox connections...
2014-03-04 13:52:42,707: EasternTravel_1_straight  - DROP TABLE IF EXISTS 2014March3
2014-03-04 13:52:42,725: EasternTravel_1_straight  - DROP TABLE IF EXISTS 2014March3
2014-03-04 13:52:42,733: EasternTravel_1_straight  - DROP TABLE IF EXISTS 2014March2
2014-03-04 13:52:42,741: EasternTravel_1_straight  - DROP TABLE IF EXISTS 2014March2
2014-03-04 13:52:42,743: EasternTravel_1_straight  - DROP TABLE IF EXISTS 2014March1
2014-03-04 13:52:42,754: EasternTravel_1_straight  - DROP TABLE IF EXISTS 2014March1
2014-03-04 13:52:42,760: EasternTravel_1_straight  - DROP TABLE IF EXISTS 2014February28
2014-03-04 13:52:42,769: EasternTravel_1_straight  - DROP TABLE IF EXISTS 2014February28
2014-03-04 13:52:42,771: EasternTravel_1_straight  - DROP TABLE IF EXISTS 2014February27
2014-03-04 13:52:42,773: EasternTravel_1_straight  - DROP TABLE IF EXISTS 2014February27
2014-03-04 13:52:42,784: EasternTravel_1_straight  - DROP TABLE IF EXISTS 2014February26
2014-03-04 13:52:42,785: EasternTravel_1_straight  - DROP TABLE IF EXISTS 2014February26
2014-03-04 13:52:42,786: EasternTravel_1_straight  - DROP TABLE IF EXISTS 2014February25
2014-03-04 13:52:42,794: EasternTravel_1_straight  - DROP TABLE IF EXISTS 2014February25
2014-03-04 13:52:42,801: EasternTravel_1_straight  - DROP TABLE IF EXISTS 2014February24
2014-03-04 13:52:42,806: EasternTravel_1_straight  - DROP TABLE IF EXISTS 2014February24
2014-03-04 13:52:42,816: EasternTravel_1_straight  - DROP TABLE IF EXISTS 2014February23
2014-03-04 13:52:42,819: EasternTravel_1_straight  - DROP TABLE IF EXISTS 2014February23
2014-03-04 13:52:42,829: EasternTravel_1_straight  - DROP TABLE IF EXISTS 2014February22
2014-03-04 13:52:42,832: EasternTravel_1_straight  - DROP TABLE IF EXISTS 2014February22
2014-03-04 13:52:42,840: EasternTravel_1_straight  - DROP TABLE IF EXISTS 2014February21
2014-03-04 13:52:42,849: EasternTravel_1_straight  - DROP TABLE IF EXISTS 2014February21
2014-03-04 13:52:42,853: EasternTravel_1_straight  - DROP TABLE IF EXISTS 2014February20
2014-03-04 13:52:42,858: EasternTravel_1_straight  - DROP TABLE IF EXISTS 2014February20
2014-03-04 13:52:42,865: EasternTravel_1_straight  - DROP TABLE IF EXISTS 2014February19
2014-03-04 13:52:42,869: EasternTravel_1_straight  - DROP TABLE IF EXISTS 2014February19
2014-03-04 13:52:42,877: EasternTravel_1_straight  - DROP TABLE IF EXISTS 2014February18
2014-03-04 13:52:42,884: EasternTravel_1_straight  - DROP TABLE IF EXISTS 2014February18
2014-03-04 13:53:16,681: EasternTravel_1_straight  - Retrieving jobs...
2014-03-04 13:53:16,693: EasternTravel_1_straight  - Number of jobs: 4
2014-03-04 13:53:16,693: EasternTravel_1_straight  - Setting up makeups...
2014-03-04 13:53:16,700: EasternTravel_1_straight  - CREATE TABLE IF NOT EXISTS EasternTravel_makeup(TRIP_ID INT PRIMARY KEY, COMPANY_NAME VARCHAR(40), DEPART_CITY VARCHAR(40), ARRIVE_CITY VARCHAR(40), DEPART_DATE DATE)
2014-03-04 13:53:16,716: EasternTravel_1_straight  - INSERT INTO EasternTravel_makeup(TRIP_ID,COMPANY_NAME,DEPART_CITY,ARRIVE_CITY,DEPART_DATE) VALUES(3030508,'EasternTravel','Washington, DC','New York, NY','2014-03-05') ON DUPLICATE KEY UPDATE TRIP_ID = TRIP_ID
2014-03-04 13:53:16,721: EasternTravel_1_straight  - CREATE TABLE IF NOT EXISTS EasternTravel_makeup(TRIP_ID INT PRIMARY KEY, COMPANY_NAME VARCHAR(40), DEPART_CITY VARCHAR(40), ARRIVE_CITY VARCHAR(40), DEPART_DATE DATE)
2014-03-04 13:53:16,722: EasternTravel_1_straight  - INSERT INTO EasternTravel_makeup(TRIP_ID,COMPANY_NAME,DEPART_CITY,ARRIVE_CITY,DEPART_DATE) VALUES(1030508,'EasternTravel','New York, NY','Baltimore, MD','2014-03-05') ON DUPLICATE KEY UPDATE TRIP_ID = TRIP_ID
2014-03-04 13:53:16,725: EasternTravel_1_straight  - CREATE TABLE IF NOT EXISTS EasternTravel_makeup(TRIP_ID INT PRIMARY KEY, COMPANY_NAME VARCHAR(40), DEPART_CITY VARCHAR(40), ARRIVE_CITY VARCHAR(40), DEPART_DATE DATE)
2014-03-04 13:53:16,725: EasternTravel_1_straight  - INSERT INTO EasternTravel_makeup(TRIP_ID,COMPANY_NAME,DEPART_CITY,ARRIVE_CITY,DEPART_DATE) VALUES(30508,'EasternTravel','Baltimore, MD','New York, NY','2014-03-05') ON DUPLICATE KEY UPDATE TRIP_ID = TRIP_ID
2014-03-04 13:53:16,730: EasternTravel_1_straight  - CREATE TABLE IF NOT EXISTS EasternTravel_makeup(TRIP_ID INT PRIMARY KEY, COMPANY_NAME VARCHAR(40), DEPART_CITY VARCHAR(40), ARRIVE_CITY VARCHAR(40), DEPART_DATE DATE)
2014-03-04 13:53:16,731: EasternTravel_1_straight  - INSERT INTO EasternTravel_makeup(TRIP_ID,COMPANY_NAME,DEPART_CITY,ARRIVE_CITY,DEPART_DATE) VALUES(2030508,'EasternTravel','New York, NY','Washington, DC','2014-03-05') ON DUPLICATE KEY UPDATE TRIP_ID = TRIP_ID
2014-03-04 13:53:16,732: EasternTravel_1_straight  - Starting session!
2014-03-04 13:53:16,737: EasternTravel_1_straight  - Not using proxies!
2014-03-04 13:53:16,737: EasternTravel_1_straight  - Jobs remaining: 4
2014-03-04 13:53:16,738: EasternTravel_1_straight  - Number of proxy rotations allowed: 4
2014-03-04 13:53:16,738: EasternTravel_1_straight  - Number of browser restarts allowed: 2
2014-03-04 13:53:16,739: EasternTravel_1_straight  - NEW SEARCH
2014-03-04 13:53:16,739: EasternTravel_1_straight  - From Washington, DC to New York, NY (03/05/2014)
2014-03-04 13:53:26,887: EasternTravel_1_straight  - Loading URL...
2014-03-04 13:53:46,846: EasternTravel_1_straight  - Clicking on origin city...
2014-03-04 13:53:57,546: EasternTravel_1_straight  - Clicking on destination city...
2014-03-04 13:54:08,547: EasternTravel_1_straight  - Entering departure date...
2014-03-04 13:54:18,729: EasternTravel_1_straight  - Clicking on Search button...
2014-03-04 13:54:34,348: EasternTravel_1_straight  - Parsing table...
2014-03-04 13:54:38,400: EasternTravel_1_straight  - Depart date: 03/05/2014
2014-03-04 13:54:38,402: EasternTravel_1_straight  - Depart time: 1:30 am
2014-03-04 13:54:38,402: EasternTravel_1_straight  - Arrive time: 6:30 am
2014-03-04 13:54:38,403: EasternTravel_1_straight  - Cost: $22
2014-03-04 13:54:38,469: EasternTravel_1_straight  - INSERT INTO 2014March5(TRIP_ID,COMPANY_NAME,DEPART_CITY,ARRIVE_CITY,DEPART_TIME,ARRIVE_TIME,TRIP_LENGTH,TRIP_COST,URL) VALUES(1107013008,'EasternTravel','Washington, DC','New York, NY','2014-03-05 01:30:00','2014-03-05 06:30:00','5H, 0m',22,'http://www.easternshuttle.com/cgi-bin/bus.cgi?is_prev=&return_flag=&is_roundtrip=&nm=4305&st=4305&option=Select&roundtrip=0&bus_from=Washington%2C+DC&sbus_from=Washington%2C+DC&bus_to=New+York%2C+NY&sbus_to=New+York%2C+NY&filter_date=2014-03-05&return_date=&quantity=1') ON DUPLICATE KEY UPDATE TRIP_COST = 22
2014-03-04 13:54:38,470: EasternTravel_1_straight  - Depart date: 03/05/2014
2014-03-04 13:54:38,474: EasternTravel_1_straight  - Depart time: 3:30 am
2014-03-04 13:54:38,479: EasternTravel_1_straight  - Arrive time: 8:00 am
2014-03-04 13:54:38,489: EasternTravel_1_straight  - Cost: $22
2014-03-04 13:54:38,542: EasternTravel_1_straight  - INSERT INTO 2014March5(TRIP_ID,COMPANY_NAME,DEPART_CITY,ARRIVE_CITY,DEPART_TIME,ARRIVE_TIME,TRIP_LENGTH,TRIP_COST,URL) VALUES(1107033008,'EasternTravel','Washington, DC','New York, NY','2014-03-05 03:30:00','2014-03-05 08:00:00','4H, 30m',22,'http://www.easternshuttle.com/cgi-bin/bus.cgi?is_prev=&return_flag=&is_roundtrip=&nm=4305&st=4305&option=Select&roundtrip=0&bus_from=Washington%2C+DC&sbus_from=Washington%2C+DC&bus_to=New+York%2C+NY&sbus_to=New+York%2C+NY&filter_date=2014-03-05&return_date=&quantity=1') ON DUPLICATE KEY UPDATE TRIP_COST = 22
2014-03-04 13:54:38,545: EasternTravel_1_straight  - Depart date: 03/05/2014
2014-03-04 13:54:38,547: EasternTravel_1_straight  - Depart time: 7:00 am
2014-03-04 13:54:38,547: EasternTravel_1_straight  - Arrive time: 12:01 pm
2014-03-04 13:54:38,548: EasternTravel_1_straight  - Cost: $22
2014-03-04 13:54:38,614: EasternTravel_1_straight  - INSERT INTO 2014March5(TRIP_ID,COMPANY_NAME,DEPART_CITY,ARRIVE_CITY,DEPART_TIME,ARRIVE_TIME,TRIP_LENGTH,TRIP_COST,URL) VALUES(1107070008,'EasternTravel','Washington, DC','New York, NY','2014-03-05 07:00:00','2014-03-05 12:01:00','5H, 0m',22,'http://www.easternshuttle.com/cgi-bin/bus.cgi?is_prev=&return_flag=&is_roundtrip=&nm=4305&st=4305&option=Select&roundtrip=0&bus_from=Washington%2C+DC&sbus_from=Washington%2C+DC&bus_to=New+York%2C+NY&sbus_to=New+York%2C+NY&filter_date=2014-03-05&return_date=&quantity=1') ON DUPLICATE KEY UPDATE TRIP_COST = 22
2014-03-04 13:54:38,618: EasternTravel_1_straight  - Depart date: 03/05/2014
2014-03-04 13:54:38,619: EasternTravel_1_straight  - Depart time: 8:00 am
2014-03-04 13:54:38,620: EasternTravel_1_straight  - Arrive time: 1:00 pm
2014-03-04 13:54:38,622: EasternTravel_1_straight  - Cost: $22
2014-03-04 13:54:38,697: EasternTravel_1_straight  - INSERT INTO 2014March5(TRIP_ID,COMPANY_NAME,DEPART_CITY,ARRIVE_CITY,DEPART_TIME,ARRIVE_TIME,TRIP_LENGTH,TRIP_COST,URL) VALUES(1107080008,'EasternTravel','Washington, DC','New York, NY','2014-03-05 08:00:00','2014-03-05 13:00:00','5H, 0m',22,'http://www.easternshuttle.com/cgi-bin/bus.cgi?is_prev=&return_flag=&is_roundtrip=&nm=4305&st=4305&option=Select&roundtrip=0&bus_from=Washington%2C+DC&sbus_from=Washington%2C+DC&bus_to=New+York%2C+NY&sbus_to=New+York%2C+NY&filter_date=2014-03-05&return_date=&quantity=1') ON DUPLICATE KEY UPDATE TRIP_COST = 22
2014-03-04 13:54:38,701: EasternTravel_1_straight  - Depart date: 03/05/2014
2014-03-04 13:54:38,701: EasternTravel_1_straight  - Depart time: 10:00 am
2014-03-04 13:54:38,703: EasternTravel_1_straight  - Arrive time: 3:00 pm
2014-03-04 13:54:38,703: EasternTravel_1_straight  - Cost: $22
2014-03-04 13:54:38,761: EasternTravel_1_straight  - INSERT INTO 2014March5(TRIP_ID,COMPANY_NAME,DEPART_CITY,ARRIVE_CITY,DEPART_TIME,ARRIVE_TIME,TRIP_LENGTH,TRIP_COST,URL) VALUES(1107100008,'EasternTravel','Washington, DC','New York, NY','2014-03-05 10:00:00','2014-03-05 15:00:00','5H, 0m',22,'http://www.easternshuttle.com/cgi-bin/bus.cgi?is_prev=&return_flag=&is_roundtrip=&nm=4305&st=4305&option=Select&roundtrip=0&bus_from=Washington%2C+DC&sbus_from=Washington%2C+DC&bus_to=New+York%2C+NY&sbus_to=New+York%2C+NY&filter_date=2014-03-05&return_date=&quantity=1') ON DUPLICATE KEY UPDATE TRIP_COST = 22
2014-03-04 13:54:38,762: EasternTravel_1_straight  - Depart date: 03/05/2014
2014-03-04 13:54:38,763: EasternTravel_1_straight  - Depart time: 12:00 pm
2014-03-04 13:54:38,764: EasternTravel_1_straight  - Arrive time: 5:00 pm
2014-03-04 13:54:38,764: EasternTravel_1_straight  - Cost: $22
2014-03-04 13:54:38,806: EasternTravel_1_straight  - INSERT INTO 2014March5(TRIP_ID,COMPANY_NAME,DEPART_CITY,ARRIVE_CITY,DEPART_TIME,ARRIVE_TIME,TRIP_LENGTH,TRIP_COST,URL) VALUES(1107120008,'EasternTravel','Washington, DC','New York, NY','2014-03-05 12:00:00','2014-03-05 17:00:00','5H, 0m',22,'http://www.easternshuttle.com/cgi-bin/bus.cgi?is_prev=&return_flag=&is_roundtrip=&nm=4305&st=4305&option=Select&roundtrip=0&bus_from=Washington%2C+DC&sbus_from=Washington%2C+DC&bus_to=New+York%2C+NY&sbus_to=New+York%2C+NY&filter_date=2014-03-05&return_date=&quantity=1') ON DUPLICATE KEY UPDATE TRIP_COST = 22
2014-03-04 13:54:38,810: EasternTravel_1_straight  - Depart date: 03/05/2014
2014-03-04 13:54:38,811: EasternTravel_1_straight  - Depart time: 2:00 pm
2014-03-04 13:54:38,812: EasternTravel_1_straight  - Arrive time: 7:00 pm
2014-03-04 13:54:38,813: EasternTravel_1_straight  - Cost: $22
2014-03-04 13:54:38,866: EasternTravel_1_straight  - INSERT INTO 2014March5(TRIP_ID,COMPANY_NAME,DEPART_CITY,ARRIVE_CITY,DEPART_TIME,ARRIVE_TIME,TRIP_LENGTH,TRIP_COST,URL) VALUES(1107140008,'EasternTravel','Washington, DC','New York, NY','2014-03-05 14:00:00','2014-03-05 19:00:00','5H, 0m',22,'http://www.easternshuttle.com/cgi-bin/bus.cgi?is_prev=&return_flag=&is_roundtrip=&nm=4305&st=4305&option=Select&roundtrip=0&bus_from=Washington%2C+DC&sbus_from=Washington%2C+DC&bus_to=New+York%2C+NY&sbus_to=New+York%2C+NY&filter_date=2014-03-05&return_date=&quantity=1') ON DUPLICATE KEY UPDATE TRIP_COST = 22
2014-03-04 13:54:38,870: EasternTravel_1_straight  - Depart date: 03/05/2014
2014-03-04 13:54:38,870: EasternTravel_1_straight  - Depart time: 4:00 pm
2014-03-04 13:54:38,871: EasternTravel_1_straight  - Arrive time: 9:00 pm
2014-03-04 13:54:38,871: EasternTravel_1_straight  - Cost: $22
2014-03-04 13:54:38,909: EasternTravel_1_straight  - INSERT INTO 2014March5(TRIP_ID,COMPANY_NAME,DEPART_CITY,ARRIVE_CITY,DEPART_TIME,ARRIVE_TIME,TRIP_LENGTH,TRIP_COST,URL) VALUES(1107160008,'EasternTravel','Washington, DC','New York, NY','2014-03-05 16:00:00','2014-03-05 21:00:00','5H, 0m',22,'http://www.easternshuttle.com/cgi-bin/bus.cgi?is_prev=&return_flag=&is_roundtrip=&nm=4305&st=4305&option=Select&roundtrip=0&bus_from=Washington%2C+DC&sbus_from=Washington%2C+DC&bus_to=New+York%2C+NY&sbus_to=New+York%2C+NY&filter_date=2014-03-05&return_date=&quantity=1') ON DUPLICATE KEY UPDATE TRIP_COST = 22
2014-03-04 13:54:38,910: EasternTravel_1_straight  - Depart date: 03/05/2014
2014-03-04 13:54:38,911: EasternTravel_1_straight  - Depart time: 6:00 pm
2014-03-04 13:54:38,912: EasternTravel_1_straight  - Arrive time: 11:00 pm
2014-03-04 13:54:38,912: EasternTravel_1_straight  - Cost: $22
2014-03-04 13:54:38,962: EasternTravel_1_straight  - INSERT INTO 2014March5(TRIP_ID,COMPANY_NAME,DEPART_CITY,ARRIVE_CITY,DEPART_TIME,ARRIVE_TIME,TRIP_LENGTH,TRIP_COST,URL) VALUES(1107180008,'EasternTravel','Washington, DC','New York, NY','2014-03-05 18:00:00','2014-03-05 23:00:00','5H, 0m',22,'http://www.easternshuttle.com/cgi-bin/bus.cgi?is_prev=&return_flag=&is_roundtrip=&nm=4305&st=4305&option=Select&roundtrip=0&bus_from=Washington%2C+DC&sbus_from=Washington%2C+DC&bus_to=New+York%2C+NY&sbus_to=New+York%2C+NY&filter_date=2014-03-05&return_date=&quantity=1') ON DUPLICATE KEY UPDATE TRIP_COST = 22
2014-03-04 13:54:38,970: EasternTravel_1_straight  - Depart date: 03/05/2014
2014-03-04 13:54:38,978: EasternTravel_1_straight  - Depart time: 7:30 pm
2014-03-04 13:54:38,978: EasternTravel_1_straight  - Arrive time: 11:30 pm
2014-03-04 13:54:38,985: EasternTravel_1_straight  - Cost: $22
2014-03-04 13:54:39,047: EasternTravel_1_straight  - INSERT INTO 2014March5(TRIP_ID,COMPANY_NAME,DEPART_CITY,ARRIVE_CITY,DEPART_TIME,ARRIVE_TIME,TRIP_LENGTH,TRIP_COST,URL) VALUES(1107193008,'EasternTravel','Washington, DC','New York, NY','2014-03-05 19:30:00','2014-03-05 23:30:00','4H, 0m',22,'http://www.easternshuttle.com/cgi-bin/bus.cgi?is_prev=&return_flag=&is_roundtrip=&nm=4305&st=4305&option=Select&roundtrip=0&bus_from=Washington%2C+DC&sbus_from=Washington%2C+DC&bus_to=New+York%2C+NY&sbus_to=New+York%2C+NY&filter_date=2014-03-05&return_date=&quantity=1') ON DUPLICATE KEY UPDATE TRIP_COST = 22
2014-03-04 13:54:39,054: EasternTravel_1_straight  - Depart date: 03/05/2014
2014-03-04 13:54:39,055: EasternTravel_1_straight  - Depart time: 11:45 pm
2014-03-04 13:54:39,055: EasternTravel_1_straight  - Arrive time: 4:45 am
2014-03-04 13:54:39,056: EasternTravel_1_straight  - Cost: $22
2014-03-04 13:54:39,106: EasternTravel_1_straight  - INSERT INTO 2014March5(TRIP_ID,COMPANY_NAME,DEPART_CITY,ARRIVE_CITY,DEPART_TIME,ARRIVE_TIME,TRIP_LENGTH,TRIP_COST,URL) VALUES(1107234508,'EasternTravel','Washington, DC','New York, NY','2014-03-05 23:45:00','2014-03-06 04:45:00','5H, 0m',22,'http://www.easternshuttle.com/cgi-bin/bus.cgi?is_prev=&return_flag=&is_roundtrip=&nm=4305&st=4305&option=Select&roundtrip=0&bus_from=Washington%2C+DC&sbus_from=Washington%2C+DC&bus_to=New+York%2C+NY&sbus_to=New+York%2C+NY&filter_date=2014-03-05&return_date=&quantity=1') ON DUPLICATE KEY UPDATE TRIP_COST = 22
2014-03-04 13:54:39,118: EasternTravel_1_straight  - Number of proxy rotations allowed: 4
2014-03-04 13:54:39,127: EasternTravel_1_straight  - Number of browser restarts allowed: 2
2014-03-04 13:54:39,130: EasternTravel_1_straight  - NEW SEARCH
2014-03-04 13:54:39,135: EasternTravel_1_straight  - From New York, NY to Baltimore, MD (03/05/2014)
2014-03-04 13:54:49,147: EasternTravel_1_straight  - Loading URL...
2014-03-04 13:55:03,218: EasternTravel_1_straight  - Clicking on origin city...
2014-03-04 13:55:14,863: EasternTravel_1_straight  - Clicking on destination city...
2014-03-04 13:55:28,005: EasternTravel_1_straight  - Entering departure date...
2014-03-04 13:55:38,377: EasternTravel_1_straight  - Clicking on Search button...
2014-03-04 13:55:46,028: EasternTravel_1_straight  - Parsing table...
2014-03-04 13:55:48,480: EasternTravel_1_straight  - Depart date: 03/05/2014
2014-03-04 13:55:48,489: EasternTravel_1_straight  - Depart time: 7:30 am
2014-03-04 13:55:48,490: EasternTravel_1_straight  - Arrive time: 10:30 am
2014-03-04 13:55:48,490: EasternTravel_1_straight  - Cost: $22
2014-03-04 13:55:48,535: EasternTravel_1_straight  - INSERT INTO 2014March5(TRIP_ID,COMPANY_NAME,DEPART_CITY,ARRIVE_CITY,DEPART_TIME,ARRIVE_TIME,TRIP_LENGTH,TRIP_COST,URL) VALUES(700073008,'EasternTravel','New York, NY','Baltimore, MD','2014-03-05 07:30:00','2014-03-05 10:30:00','3H, 0m',22,'http://www.easternshuttle.com/cgi-bin/bus.cgi?is_prev=&return_flag=&is_roundtrip=&nm=4305&st=4305&option=Select&roundtrip=0&bus_from=New+York%2C+NY&sbus_from=New+York%2C+NY&bus_to=Baltimore%2C+MD&sbus_to=Baltimore%2C+MD&filter_date=2014-03-05&return_date=&quantity=1') ON DUPLICATE KEY UPDATE TRIP_COST = 22
2014-03-04 13:55:48,536: EasternTravel_1_straight  - Depart date: 03/05/2014
2014-03-04 13:55:48,536: EasternTravel_1_straight  - Depart time: 8:30 am
2014-03-04 13:55:48,537: EasternTravel_1_straight  - Arrive time: 11:50 am
2014-03-04 13:55:48,537: EasternTravel_1_straight  - Cost: $22
2014-03-04 13:55:48,567: EasternTravel_1_straight  - INSERT INTO 2014March5(TRIP_ID,COMPANY_NAME,DEPART_CITY,ARRIVE_CITY,DEPART_TIME,ARRIVE_TIME,TRIP_LENGTH,TRIP_COST,URL) VALUES(700083008,'EasternTravel','New York, NY','Baltimore, MD','2014-03-05 08:30:00','2014-03-05 11:50:00','3H, 20m',22,'http://www.easternshuttle.com/cgi-bin/bus.cgi?is_prev=&return_flag=&is_roundtrip=&nm=4305&st=4305&option=Select&roundtrip=0&bus_from=New+York%2C+NY&sbus_from=New+York%2C+NY&bus_to=Baltimore%2C+MD&sbus_to=Baltimore%2C+MD&filter_date=2014-03-05&return_date=&quantity=1') ON DUPLICATE KEY UPDATE TRIP_COST = 22
2014-03-04 13:55:48,568: EasternTravel_1_straight  - Depart date: 03/05/2014
2014-03-04 13:55:48,578: EasternTravel_1_straight  - Depart time: 9:30 am
2014-03-04 13:55:48,578: EasternTravel_1_straight  - Arrive time: 12:40 pm
2014-03-04 13:55:48,579: EasternTravel_1_straight  - Cost: $22
2014-03-04 13:55:48,614: EasternTravel_1_straight  - INSERT INTO 2014March5(TRIP_ID,COMPANY_NAME,DEPART_CITY,ARRIVE_CITY,DEPART_TIME,ARRIVE_TIME,TRIP_LENGTH,TRIP_COST,URL) VALUES(700093008,'EasternTravel','New York, NY','Baltimore, MD','2014-03-05 09:30:00','2014-03-05 12:40:00','3H, 9m',22,'http://www.easternshuttle.com/cgi-bin/bus.cgi?is_prev=&return_flag=&is_roundtrip=&nm=4305&st=4305&option=Select&roundtrip=0&bus_from=New+York%2C+NY&sbus_from=New+York%2C+NY&bus_to=Baltimore%2C+MD&sbus_to=Baltimore%2C+MD&filter_date=2014-03-05&return_date=&quantity=1') ON DUPLICATE KEY UPDATE TRIP_COST = 22
2014-03-04 13:55:48,618: EasternTravel_1_straight  - Depart date: 03/05/2014
2014-03-04 13:55:48,618: EasternTravel_1_straight  - Depart time: 10:30 am
2014-03-04 13:55:48,619: EasternTravel_1_straight  - Arrive time: 1:50 pm
2014-03-04 13:55:48,620: EasternTravel_1_straight  - Cost: $22
2014-03-04 13:55:48,657: EasternTravel_1_straight  - INSERT INTO 2014March5(TRIP_ID,COMPANY_NAME,DEPART_CITY,ARRIVE_CITY,DEPART_TIME,ARRIVE_TIME,TRIP_LENGTH,TRIP_COST,URL) VALUES(700103008,'EasternTravel','New York, NY','Baltimore, MD','2014-03-05 10:30:00','2014-03-05 13:50:00','3H, 20m',22,'http://www.easternshuttle.com/cgi-bin/bus.cgi?is_prev=&return_flag=&is_roundtrip=&nm=4305&st=4305&option=Select&roundtrip=0&bus_from=New+York%2C+NY&sbus_from=New+York%2C+NY&bus_to=Baltimore%2C+MD&sbus_to=Baltimore%2C+MD&filter_date=2014-03-05&return_date=&quantity=1') ON DUPLICATE KEY UPDATE TRIP_COST = 22
2014-03-04 13:55:48,674: EasternTravel_1_straight  - Depart date: 03/05/2014
2014-03-04 13:55:48,675: EasternTravel_1_straight  - Depart time: 12:30 pm
2014-03-04 13:55:48,676: EasternTravel_1_straight  - Arrive time: 3:30 pm
2014-03-04 13:55:48,682: EasternTravel_1_straight  - Cost: $22
2014-03-04 13:55:48,702: EasternTravel_1_straight  - INSERT INTO 2014March5(TRIP_ID,COMPANY_NAME,DEPART_CITY,ARRIVE_CITY,DEPART_TIME,ARRIVE_TIME,TRIP_LENGTH,TRIP_COST,URL) VALUES(700123008,'EasternTravel','New York, NY','Baltimore, MD','2014-03-05 12:30:00','2014-03-05 15:30:00','3H, 0m',22,'http://www.easternshuttle.com/cgi-bin/bus.cgi?is_prev=&return_flag=&is_roundtrip=&nm=4305&st=4305&option=Select&roundtrip=0&bus_from=New+York%2C+NY&sbus_from=New+York%2C+NY&bus_to=Baltimore%2C+MD&sbus_to=Baltimore%2C+MD&filter_date=2014-03-05&return_date=&quantity=1') ON DUPLICATE KEY UPDATE TRIP_COST = 22
2014-03-04 13:55:48,714: EasternTravel_1_straight  - Depart date: 03/05/2014
2014-03-04 13:55:48,715: EasternTravel_1_straight  - Depart time: 1:30 pm
2014-03-04 13:55:48,715: EasternTravel_1_straight  - Arrive time: 4:50 pm
2014-03-04 13:55:48,716: EasternTravel_1_straight  - Cost: $22
2014-03-04 13:55:48,745: EasternTravel_1_straight  - INSERT INTO 2014March5(TRIP_ID,COMPANY_NAME,DEPART_CITY,ARRIVE_CITY,DEPART_TIME,ARRIVE_TIME,TRIP_LENGTH,TRIP_COST,URL) VALUES(700133008,'EasternTravel','New York, NY','Baltimore, MD','2014-03-05 13:30:00','2014-03-05 16:50:00','3H, 20m',22,'http://www.easternshuttle.com/cgi-bin/bus.cgi?is_prev=&return_flag=&is_roundtrip=&nm=4305&st=4305&option=Select&roundtrip=0&bus_from=New+York%2C+NY&sbus_from=New+York%2C+NY&bus_to=Baltimore%2C+MD&sbus_to=Baltimore%2C+MD&filter_date=2014-03-05&return_date=&quantity=1') ON DUPLICATE KEY UPDATE TRIP_COST = 22
2014-03-04 13:55:48,746: EasternTravel_1_straight  - Depart date: 03/05/2014
2014-03-04 13:55:48,746: EasternTravel_1_straight  - Depart time: 3:30 pm
2014-03-04 13:55:48,747: EasternTravel_1_straight  - Arrive time: 6:50 pm
2014-03-04 13:55:48,749: EasternTravel_1_straight  - Cost: $22
2014-03-04 13:55:48,854: EasternTravel_1_straight  - INSERT INTO 2014March5(TRIP_ID,COMPANY_NAME,DEPART_CITY,ARRIVE_CITY,DEPART_TIME,ARRIVE_TIME,TRIP_LENGTH,TRIP_COST,URL) VALUES(700153008,'EasternTravel','New York, NY','Baltimore, MD','2014-03-05 15:30:00','2014-03-05 18:50:00','3H, 20m',22,'http://www.easternshuttle.com/cgi-bin/bus.cgi?is_prev=&return_flag=&is_roundtrip=&nm=4305&st=4305&option=Select&roundtrip=0&bus_from=New+York%2C+NY&sbus_from=New+York%2C+NY&bus_to=Baltimore%2C+MD&sbus_to=Baltimore%2C+MD&filter_date=2014-03-05&return_date=&quantity=1') ON DUPLICATE KEY UPDATE TRIP_COST = 22
2014-03-04 13:55:48,856: EasternTravel_1_straight  - Depart date: 03/05/2014
2014-03-04 13:55:48,856: EasternTravel_1_straight  - Depart time: 4:30 pm
2014-03-04 13:55:48,857: EasternTravel_1_straight  - Arrive time: 7:50 pm
2014-03-04 13:55:48,857: EasternTravel_1_straight  - Cost: $22
2014-03-04 13:55:48,890: EasternTravel_1_straight  - INSERT INTO 2014March5(TRIP_ID,COMPANY_NAME,DEPART_CITY,ARRIVE_CITY,DEPART_TIME,ARRIVE_TIME,TRIP_LENGTH,TRIP_COST,URL) VALUES(700163008,'EasternTravel','New York, NY','Baltimore, MD','2014-03-05 16:30:00','2014-03-05 19:50:00','3H, 20m',22,'http://www.easternshuttle.com/cgi-bin/bus.cgi?is_prev=&return_flag=&is_roundtrip=&nm=4305&st=4305&option=Select&roundtrip=0&bus_from=New+York%2C+NY&sbus_from=New+York%2C+NY&bus_to=Baltimore%2C+MD&sbus_to=Baltimore%2C+MD&filter_date=2014-03-05&return_date=&quantity=1') ON DUPLICATE KEY UPDATE TRIP_COST = 22
2014-03-04 13:55:48,891: EasternTravel_1_straight  - Depart date: 03/05/2014
2014-03-04 13:55:48,891: EasternTravel_1_straight  - Depart time: 5:30 pm
2014-03-04 13:55:48,895: EasternTravel_1_straight  - Arrive time: 8:50 pm
2014-03-04 13:55:48,896: EasternTravel_1_straight  - Cost: $22
2014-03-04 13:55:48,938: EasternTravel_1_straight  - INSERT INTO 2014March5(TRIP_ID,COMPANY_NAME,DEPART_CITY,ARRIVE_CITY,DEPART_TIME,ARRIVE_TIME,TRIP_LENGTH,TRIP_COST,URL) VALUES(700173008,'EasternTravel','New York, NY','Baltimore, MD','2014-03-05 17:30:00','2014-03-05 20:50:00','3H, 20m',22,'http://www.easternshuttle.com/cgi-bin/bus.cgi?is_prev=&return_flag=&is_roundtrip=&nm=4305&st=4305&option=Select&roundtrip=0&bus_from=New+York%2C+NY&sbus_from=New+York%2C+NY&bus_to=Baltimore%2C+MD&sbus_to=Baltimore%2C+MD&filter_date=2014-03-05&return_date=&quantity=1') ON DUPLICATE KEY UPDATE TRIP_COST = 22
2014-03-04 13:55:48,939: EasternTravel_1_straight  - Depart date: 03/05/2014
2014-03-04 13:55:48,939: EasternTravel_1_straight  - Depart time: 6:30 pm
2014-03-04 13:55:48,940: EasternTravel_1_straight  - Arrive time: 9:50 pm
2014-03-04 13:55:48,941: EasternTravel_1_straight  - Cost: $22
2014-03-04 13:55:48,975: EasternTravel_1_straight  - INSERT INTO 2014March5(TRIP_ID,COMPANY_NAME,DEPART_CITY,ARRIVE_CITY,DEPART_TIME,ARRIVE_TIME,TRIP_LENGTH,TRIP_COST,URL) VALUES(700183008,'EasternTravel','New York, NY','Baltimore, MD','2014-03-05 18:30:00','2014-03-05 21:50:00','3H, 20m',22,'http://www.easternshuttle.com/cgi-bin/bus.cgi?is_prev=&return_flag=&is_roundtrip=&nm=4305&st=4305&option=Select&roundtrip=0&bus_from=New+York%2C+NY&sbus_from=New+York%2C+NY&bus_to=Baltimore%2C+MD&sbus_to=Baltimore%2C+MD&filter_date=2014-03-05&return_date=&quantity=1') ON DUPLICATE KEY UPDATE TRIP_COST = 22
2014-03-04 13:55:48,976: EasternTravel_1_straight  - Depart date: 03/05/2014
2014-03-04 13:55:48,977: EasternTravel_1_straight  - Depart time: 7:30 pm
2014-03-04 13:55:48,977: EasternTravel_1_straight  - Arrive time: 10:50 pm
2014-03-04 13:55:48,978: EasternTravel_1_straight  - Cost: $22
2014-03-04 13:55:49,023: EasternTravel_1_straight  - INSERT INTO 2014March5(TRIP_ID,COMPANY_NAME,DEPART_CITY,ARRIVE_CITY,DEPART_TIME,ARRIVE_TIME,TRIP_LENGTH,TRIP_COST,URL) VALUES(700193008,'EasternTravel','New York, NY','Baltimore, MD','2014-03-05 19:30:00','2014-03-05 22:50:00','3H, 20m',22,'http://www.easternshuttle.com/cgi-bin/bus.cgi?is_prev=&return_flag=&is_roundtrip=&nm=4305&st=4305&option=Select&roundtrip=0&bus_from=New+York%2C+NY&sbus_from=New+York%2C+NY&bus_to=Baltimore%2C+MD&sbus_to=Baltimore%2C+MD&filter_date=2014-03-05&return_date=&quantity=1') ON DUPLICATE KEY UPDATE TRIP_COST = 22
2014-03-04 13:55:49,028: EasternTravel_1_straight  - Number of proxy rotations allowed: 4
2014-03-04 13:55:49,029: EasternTravel_1_straight  - Number of browser restarts allowed: 2
2014-03-04 13:55:49,031: EasternTravel_1_straight  - NEW SEARCH
2014-03-04 13:55:49,042: EasternTravel_1_straight  - From Baltimore, MD to New York, NY (03/05/2014)
2014-03-04 13:55:59,057: EasternTravel_1_straight  - Loading URL...
2014-03-04 13:56:10,264: EasternTravel_1_straight  - Clicking on origin city...
2014-03-04 13:56:22,045: EasternTravel_1_straight  - Clicking on destination city...
2014-03-04 13:56:33,096: EasternTravel_1_straight  - Entering departure date...
2014-03-04 13:56:43,353: EasternTravel_1_straight  - Clicking on Search button...
2014-03-04 13:56:50,582: EasternTravel_1_straight  - Parsing table...
2014-03-04 13:56:52,839: EasternTravel_1_straight  - Depart date: 03/05/2014
2014-03-04 13:56:52,845: EasternTravel_1_straight  - Depart time: 12:30 am
2014-03-04 13:56:52,846: EasternTravel_1_straight  - Arrive time: 5:00 am
2014-03-04 13:56:52,846: EasternTravel_1_straight  - Cost: $22
2014-03-04 13:56:52,872: EasternTravel_1_straight  - INSERT INTO 2014March5(TRIP_ID,COMPANY_NAME,DEPART_CITY,ARRIVE_CITY,DEPART_TIME,ARRIVE_TIME,TRIP_LENGTH,TRIP_COST,URL) VALUES(7003008,'EasternTravel','Baltimore, MD','New York, NY','2014-03-05 00:30:00','2014-03-05 05:00:00','4H, 30m',22,'http://www.easternshuttle.com/cgi-bin/bus.cgi?is_prev=&return_flag=&is_roundtrip=&nm=4305&st=4305&option=Select&roundtrip=0&bus_from=Baltimore%2C+MD&sbus_from=Baltimore%2C+MD&bus_to=New+York%2C+NY&sbus_to=New+York%2C+NY&filter_date=2014-03-05&return_date=&quantity=1') ON DUPLICATE KEY UPDATE TRIP_COST = 22
2014-03-04 13:56:52,878: EasternTravel_1_straight  - Depart date: 03/05/2014
2014-03-04 13:56:52,879: EasternTravel_1_straight  - Depart time: 2:20 am
2014-03-04 13:56:52,879: EasternTravel_1_straight  - Arrive time: 5:30 am
2014-03-04 13:56:52,880: EasternTravel_1_straight  - Cost: $22
2014-03-04 13:56:52,911: EasternTravel_1_straight  - INSERT INTO 2014March5(TRIP_ID,COMPANY_NAME,DEPART_CITY,ARRIVE_CITY,DEPART_TIME,ARRIVE_TIME,TRIP_LENGTH,TRIP_COST,URL) VALUES(7022008,'EasternTravel','Baltimore, MD','New York, NY','2014-03-05 02:20:00','2014-03-05 05:30:00','3H, 9m',22,'http://www.easternshuttle.com/cgi-bin/bus.cgi?is_prev=&return_flag=&is_roundtrip=&nm=4305&st=4305&option=Select&roundtrip=0&bus_from=Baltimore%2C+MD&sbus_from=Baltimore%2C+MD&bus_to=New+York%2C+NY&sbus_to=New+York%2C+NY&filter_date=2014-03-05&return_date=&quantity=1') ON DUPLICATE KEY UPDATE TRIP_COST = 22
2014-03-04 13:56:52,913: EasternTravel_1_straight  - Depart date: 03/05/2014
2014-03-04 13:56:52,915: EasternTravel_1_straight  - Depart time: 4:20 am
2014-03-04 13:56:52,915: EasternTravel_1_straight  - Arrive time: 8:00 am
2014-03-04 13:56:52,916: EasternTravel_1_straight  - Cost: $22
2014-03-04 13:56:52,960: EasternTravel_1_straight  - INSERT INTO 2014March5(TRIP_ID,COMPANY_NAME,DEPART_CITY,ARRIVE_CITY,DEPART_TIME,ARRIVE_TIME,TRIP_LENGTH,TRIP_COST,URL) VALUES(7042008,'EasternTravel','Baltimore, MD','New York, NY','2014-03-05 04:20:00','2014-03-05 08:00:00','3H, 39m',22,'http://www.easternshuttle.com/cgi-bin/bus.cgi?is_prev=&return_flag=&is_roundtrip=&nm=4305&st=4305&option=Select&roundtrip=0&bus_from=Baltimore%2C+MD&sbus_from=Baltimore%2C+MD&bus_to=New+York%2C+NY&sbus_to=New+York%2C+NY&filter_date=2014-03-05&return_date=&quantity=1') ON DUPLICATE KEY UPDATE TRIP_COST = 22
2014-03-04 13:56:52,961: EasternTravel_1_straight  - Depart date: 03/05/2014
2014-03-04 13:56:52,961: EasternTravel_1_straight  - Depart time: 7:50 am
2014-03-04 13:56:52,962: EasternTravel_1_straight  - Arrive time: 11:15 am
2014-03-04 13:56:52,962: EasternTravel_1_straight  - Cost: $22
2014-03-04 13:56:52,981: EasternTravel_1_straight  - INSERT INTO 2014March5(TRIP_ID,COMPANY_NAME,DEPART_CITY,ARRIVE_CITY,DEPART_TIME,ARRIVE_TIME,TRIP_LENGTH,TRIP_COST,URL) VALUES(7075008,'EasternTravel','Baltimore, MD','New York, NY','2014-03-05 07:50:00','2014-03-05 11:15:00','3H, 24m',22,'http://www.easternshuttle.com/cgi-bin/bus.cgi?is_prev=&return_flag=&is_roundtrip=&nm=4305&st=4305&option=Select&roundtrip=0&bus_from=Baltimore%2C+MD&sbus_from=Baltimore%2C+MD&bus_to=New+York%2C+NY&sbus_to=New+York%2C+NY&filter_date=2014-03-05&return_date=&quantity=1') ON DUPLICATE KEY UPDATE TRIP_COST = 22
2014-03-04 13:56:52,983: EasternTravel_1_straight  - Depart date: 03/05/2014
2014-03-04 13:56:52,983: EasternTravel_1_straight  - Depart time: 8:50 am
2014-03-04 13:56:52,984: EasternTravel_1_straight  - Arrive time: 12:15 pm
2014-03-04 13:56:52,984: EasternTravel_1_straight  - Cost: $22
2014-03-04 13:56:53,016: EasternTravel_1_straight  - INSERT INTO 2014March5(TRIP_ID,COMPANY_NAME,DEPART_CITY,ARRIVE_CITY,DEPART_TIME,ARRIVE_TIME,TRIP_LENGTH,TRIP_COST,URL) VALUES(7085008,'EasternTravel','Baltimore, MD','New York, NY','2014-03-05 08:50:00','2014-03-05 12:15:00','3H, 24m',22,'http://www.easternshuttle.com/cgi-bin/bus.cgi?is_prev=&return_flag=&is_roundtrip=&nm=4305&st=4305&option=Select&roundtrip=0&bus_from=Baltimore%2C+MD&sbus_from=Baltimore%2C+MD&bus_to=New+York%2C+NY&sbus_to=New+York%2C+NY&filter_date=2014-03-05&return_date=&quantity=1') ON DUPLICATE KEY UPDATE TRIP_COST = 22
2014-03-04 13:56:53,017: EasternTravel_1_straight  - Depart date: 03/05/2014
2014-03-04 13:56:53,017: EasternTravel_1_straight  - Depart time: 10:50 am
2014-03-04 13:56:53,018: EasternTravel_1_straight  - Arrive time: 2:15 pm
2014-03-04 13:56:53,018: EasternTravel_1_straight  - Cost: $22
2014-03-04 13:56:53,056: EasternTravel_1_straight  - INSERT INTO 2014March5(TRIP_ID,COMPANY_NAME,DEPART_CITY,ARRIVE_CITY,DEPART_TIME,ARRIVE_TIME,TRIP_LENGTH,TRIP_COST,URL) VALUES(7105008,'EasternTravel','Baltimore, MD','New York, NY','2014-03-05 10:50:00','2014-03-05 14:15:00','3H, 24m',22,'http://www.easternshuttle.com/cgi-bin/bus.cgi?is_prev=&return_flag=&is_roundtrip=&nm=4305&st=4305&option=Select&roundtrip=0&bus_from=Baltimore%2C+MD&sbus_from=Baltimore%2C+MD&bus_to=New+York%2C+NY&sbus_to=New+York%2C+NY&filter_date=2014-03-05&return_date=&quantity=1') ON DUPLICATE KEY UPDATE TRIP_COST = 22
2014-03-04 13:56:53,057: EasternTravel_1_straight  - Depart date: 03/05/2014
2014-03-04 13:56:53,058: EasternTravel_1_straight  - Depart time: 12:50 pm
2014-03-04 13:56:53,058: EasternTravel_1_straight  - Arrive time: 4:15 pm
2014-03-04 13:56:53,059: EasternTravel_1_straight  - Cost: $22
2014-03-04 13:56:53,080: EasternTravel_1_straight  - INSERT INTO 2014March5(TRIP_ID,COMPANY_NAME,DEPART_CITY,ARRIVE_CITY,DEPART_TIME,ARRIVE_TIME,TRIP_LENGTH,TRIP_COST,URL) VALUES(7125008,'EasternTravel','Baltimore, MD','New York, NY','2014-03-05 12:50:00','2014-03-05 16:15:00','3H, 24m',22,'http://www.easternshuttle.com/cgi-bin/bus.cgi?is_prev=&return_flag=&is_roundtrip=&nm=4305&st=4305&option=Select&roundtrip=0&bus_from=Baltimore%2C+MD&sbus_from=Baltimore%2C+MD&bus_to=New+York%2C+NY&sbus_to=New+York%2C+NY&filter_date=2014-03-05&return_date=&quantity=1') ON DUPLICATE KEY UPDATE TRIP_COST = 22
2014-03-04 13:56:53,080: EasternTravel_1_straight  - Depart date: 03/05/2014
2014-03-04 13:56:53,081: EasternTravel_1_straight  - Depart time: 2:50 pm
2014-03-04 13:56:53,081: EasternTravel_1_straight  - Arrive time: 6:15 pm
2014-03-04 13:56:53,082: EasternTravel_1_straight  - Cost: $22
2014-03-04 13:56:53,116: EasternTravel_1_straight  - INSERT INTO 2014March5(TRIP_ID,COMPANY_NAME,DEPART_CITY,ARRIVE_CITY,DEPART_TIME,ARRIVE_TIME,TRIP_LENGTH,TRIP_COST,URL) VALUES(7145008,'EasternTravel','Baltimore, MD','New York, NY','2014-03-05 14:50:00','2014-03-05 18:15:00','3H, 24m',22,'http://www.easternshuttle.com/cgi-bin/bus.cgi?is_prev=&return_flag=&is_roundtrip=&nm=4305&st=4305&option=Select&roundtrip=0&bus_from=Baltimore%2C+MD&sbus_from=Baltimore%2C+MD&bus_to=New+York%2C+NY&sbus_to=New+York%2C+NY&filter_date=2014-03-05&return_date=&quantity=1') ON DUPLICATE KEY UPDATE TRIP_COST = 22
2014-03-04 13:56:53,117: EasternTravel_1_straight  - Depart date: 03/05/2014
2014-03-04 13:56:53,118: EasternTravel_1_straight  - Depart time: 4:50 pm
2014-03-04 13:56:53,118: EasternTravel_1_straight  - Arrive time: 8:15 pm
2014-03-04 13:56:53,119: EasternTravel_1_straight  - Cost: $22
2014-03-04 13:56:53,163: EasternTravel_1_straight  - INSERT INTO 2014March5(TRIP_ID,COMPANY_NAME,DEPART_CITY,ARRIVE_CITY,DEPART_TIME,ARRIVE_TIME,TRIP_LENGTH,TRIP_COST,URL) VALUES(7165008,'EasternTravel','Baltimore, MD','New York, NY','2014-03-05 16:50:00','2014-03-05 20:15:00','3H, 24m',22,'http://www.easternshuttle.com/cgi-bin/bus.cgi?is_prev=&return_flag=&is_roundtrip=&nm=4305&st=4305&option=Select&roundtrip=0&bus_from=Baltimore%2C+MD&sbus_from=Baltimore%2C+MD&bus_to=New+York%2C+NY&sbus_to=New+York%2C+NY&filter_date=2014-03-05&return_date=&quantity=1') ON DUPLICATE KEY UPDATE TRIP_COST = 22
2014-03-04 13:56:53,165: EasternTravel_1_straight  - Depart date: 03/05/2014
2014-03-04 13:56:53,165: EasternTravel_1_straight  - Depart time: 6:50 pm
2014-03-04 13:56:53,166: EasternTravel_1_straight  - Arrive time: 10:15 pm
2014-03-04 13:56:53,167: EasternTravel_1_straight  - Cost: $22
2014-03-04 13:56:53,309: EasternTravel_1_straight  - INSERT INTO 2014March5(TRIP_ID,COMPANY_NAME,DEPART_CITY,ARRIVE_CITY,DEPART_TIME,ARRIVE_TIME,TRIP_LENGTH,TRIP_COST,URL) VALUES(7185008,'EasternTravel','Baltimore, MD','New York, NY','2014-03-05 18:50:00','2014-03-05 22:15:00','3H, 24m',22,'http://www.easternshuttle.com/cgi-bin/bus.cgi?is_prev=&return_flag=&is_roundtrip=&nm=4305&st=4305&option=Select&roundtrip=0&bus_from=Baltimore%2C+MD&sbus_from=Baltimore%2C+MD&bus_to=New+York%2C+NY&sbus_to=New+York%2C+NY&filter_date=2014-03-05&return_date=&quantity=1') ON DUPLICATE KEY UPDATE TRIP_COST = 22
2014-03-04 13:56:53,310: EasternTravel_1_straight  - Depart date: 03/05/2014
2014-03-04 13:56:53,311: EasternTravel_1_straight  - Depart time: 8:20 pm
2014-03-04 13:56:53,312: EasternTravel_1_straight  - Arrive time: 12:20 am
2014-03-04 13:56:53,313: EasternTravel_1_straight  - Cost: $22
2014-03-04 13:56:53,342: EasternTravel_1_straight  - INSERT INTO 2014March5(TRIP_ID,COMPANY_NAME,DEPART_CITY,ARRIVE_CITY,DEPART_TIME,ARRIVE_TIME,TRIP_LENGTH,TRIP_COST,URL) VALUES(7202008,'EasternTravel','Baltimore, MD','New York, NY','2014-03-05 20:20:00','2014-03-06 00:20:00','4H, 0m',22,'http://www.easternshuttle.com/cgi-bin/bus.cgi?is_prev=&return_flag=&is_roundtrip=&nm=4305&st=4305&option=Select&roundtrip=0&bus_from=Baltimore%2C+MD&sbus_from=Baltimore%2C+MD&bus_to=New+York%2C+NY&sbus_to=New+York%2C+NY&filter_date=2014-03-05&return_date=&quantity=1') ON DUPLICATE KEY UPDATE TRIP_COST = 22
2014-03-04 13:56:53,351: EasternTravel_1_straight  - Number of proxy rotations allowed: 4
2014-03-04 13:56:53,351: EasternTravel_1_straight  - Number of browser restarts allowed: 2
2014-03-04 13:56:53,352: EasternTravel_1_straight  - NEW SEARCH
2014-03-04 13:56:53,353: EasternTravel_1_straight  - From New York, NY to Washington, DC (03/05/2014)
2014-03-04 13:57:03,363: EasternTravel_1_straight  - Loading URL...
2014-03-04 13:57:14,458: EasternTravel_1_straight  - Clicking on origin city...
2014-03-04 13:57:25,785: EasternTravel_1_straight  - Clicking on destination city...
2014-03-04 13:57:36,621: EasternTravel_1_straight  - Entering departure date...
2014-03-04 13:57:46,905: EasternTravel_1_straight  - Clicking on Search button...
2014-03-04 13:58:56,953: EasternTravel_1_straight  - Parsing table...
2014-03-04 13:58:57,054: EasternTravel_1_straight  - No data for this travel date or number of rows are uneven
2014-03-04 13:58:57,055: EasternTravel_1_straight  - Successfully completed schedule requests!
2014-03-04 13:58:57,070: EasternTravel_1_straight  - Jobs remaining: 0
2014-03-04 13:58:57,073: EasternTravel_1_straight  - Quitting...
2014-03-04 13:58:57,242: EasternTravel_1_straight  - Successfully deleted profile directory
2014-03-04 14:08:26,842: EasternTravel_4_straight  - Setting up mysql and firefox connections...
2014-03-04 14:08:26,844: EasternTravel_4_straight  - DROP TABLE IF EXISTS 2014March3
2014-03-04 14:08:26,848: EasternTravel_4_straight  - DROP TABLE IF EXISTS 2014March3
2014-03-04 14:08:26,854: EasternTravel_4_straight  - DROP TABLE IF EXISTS 2014March2
2014-03-04 14:08:26,856: EasternTravel_4_straight  - DROP TABLE IF EXISTS 2014March2
2014-03-04 14:08:26,859: EasternTravel_4_straight  - DROP TABLE IF EXISTS 2014March1
2014-03-04 14:08:26,860: EasternTravel_4_straight  - DROP TABLE IF EXISTS 2014March1
2014-03-04 14:08:26,862: EasternTravel_4_straight  - DROP TABLE IF EXISTS 2014February28
2014-03-04 14:08:26,863: EasternTravel_4_straight  - DROP TABLE IF EXISTS 2014February28
2014-03-04 14:08:26,865: EasternTravel_4_straight  - DROP TABLE IF EXISTS 2014February27
2014-03-04 14:08:26,874: EasternTravel_4_straight  - DROP TABLE IF EXISTS 2014February27
2014-03-04 14:08:26,883: EasternTravel_4_straight  - DROP TABLE IF EXISTS 2014February26
2014-03-04 14:08:26,885: EasternTravel_4_straight  - DROP TABLE IF EXISTS 2014February26
2014-03-04 14:08:26,888: EasternTravel_4_straight  - DROP TABLE IF EXISTS 2014February25
2014-03-04 14:08:26,897: EasternTravel_4_straight  - DROP TABLE IF EXISTS 2014February25
2014-03-04 14:08:26,901: EasternTravel_4_straight  - DROP TABLE IF EXISTS 2014February24
2014-03-04 14:08:26,909: EasternTravel_4_straight  - DROP TABLE IF EXISTS 2014February24
2014-03-04 14:08:26,910: EasternTravel_4_straight  - DROP TABLE IF EXISTS 2014February23
2014-03-04 14:08:26,917: EasternTravel_4_straight  - DROP TABLE IF EXISTS 2014February23
2014-03-04 14:08:26,921: EasternTravel_4_straight  - DROP TABLE IF EXISTS 2014February22
2014-03-04 14:08:26,922: EasternTravel_4_straight  - DROP TABLE IF EXISTS 2014February22
2014-03-04 14:08:26,923: EasternTravel_4_straight  - DROP TABLE IF EXISTS 2014February21
2014-03-04 14:08:26,925: EasternTravel_4_straight  - DROP TABLE IF EXISTS 2014February21
2014-03-04 14:08:26,929: EasternTravel_4_straight  - DROP TABLE IF EXISTS 2014February20
2014-03-04 14:08:26,937: EasternTravel_4_straight  - DROP TABLE IF EXISTS 2014February20
2014-03-04 14:08:26,945: EasternTravel_4_straight  - DROP TABLE IF EXISTS 2014February19
2014-03-04 14:08:26,948: EasternTravel_4_straight  - DROP TABLE IF EXISTS 2014February19
2014-03-04 14:08:26,950: EasternTravel_4_straight  - DROP TABLE IF EXISTS 2014February18
2014-03-04 14:08:26,952: EasternTravel_4_straight  - DROP TABLE IF EXISTS 2014February18
2014-03-04 14:08:37,014: EasternTravel_4_straight  - Retrieving jobs...
2014-03-04 14:08:37,020: EasternTravel_4_straight  - Number of jobs: 4
2014-03-04 14:08:37,033: EasternTravel_4_straight  - Setting up makeups...
2014-03-04 14:08:37,034: EasternTravel_4_straight  - CREATE TABLE IF NOT EXISTS EasternTravel_makeup(TRIP_ID INT PRIMARY KEY, COMPANY_NAME VARCHAR(40), DEPART_CITY VARCHAR(40), ARRIVE_CITY VARCHAR(40), DEPART_DATE DATE)
2014-03-04 14:08:37,037: EasternTravel_4_straight  - INSERT INTO EasternTravel_makeup(TRIP_ID,COMPANY_NAME,DEPART_CITY,ARRIVE_CITY,DEPART_DATE) VALUES(3030508,'EasternTravel','Washington, DC','New York, NY','2014-03-05') ON DUPLICATE KEY UPDATE TRIP_ID = TRIP_ID
2014-03-04 14:08:37,042: EasternTravel_4_straight  - CREATE TABLE IF NOT EXISTS EasternTravel_makeup(TRIP_ID INT PRIMARY KEY, COMPANY_NAME VARCHAR(40), DEPART_CITY VARCHAR(40), ARRIVE_CITY VARCHAR(40), DEPART_DATE DATE)
2014-03-04 14:08:37,053: EasternTravel_4_straight  - INSERT INTO EasternTravel_makeup(TRIP_ID,COMPANY_NAME,DEPART_CITY,ARRIVE_CITY,DEPART_DATE) VALUES(1030508,'EasternTravel','New York, NY','Baltimore, MD','2014-03-05') ON DUPLICATE KEY UPDATE TRIP_ID = TRIP_ID
2014-03-04 14:08:37,054: EasternTravel_4_straight  - CREATE TABLE IF NOT EXISTS EasternTravel_makeup(TRIP_ID INT PRIMARY KEY, COMPANY_NAME VARCHAR(40), DEPART_CITY VARCHAR(40), ARRIVE_CITY VARCHAR(40), DEPART_DATE DATE)
2014-03-04 14:08:37,061: EasternTravel_4_straight  - INSERT INTO EasternTravel_makeup(TRIP_ID,COMPANY_NAME,DEPART_CITY,ARRIVE_CITY,DEPART_DATE) VALUES(30508,'EasternTravel','Baltimore, MD','New York, NY','2014-03-05') ON DUPLICATE KEY UPDATE TRIP_ID = TRIP_ID
2014-03-04 14:08:37,062: EasternTravel_4_straight  - CREATE TABLE IF NOT EXISTS EasternTravel_makeup(TRIP_ID INT PRIMARY KEY, COMPANY_NAME VARCHAR(40), DEPART_CITY VARCHAR(40), ARRIVE_CITY VARCHAR(40), DEPART_DATE DATE)
2014-03-04 14:08:37,063: EasternTravel_4_straight  - INSERT INTO EasternTravel_makeup(TRIP_ID,COMPANY_NAME,DEPART_CITY,ARRIVE_CITY,DEPART_DATE) VALUES(2030508,'EasternTravel','New York, NY','Washington, DC','2014-03-05') ON DUPLICATE KEY UPDATE TRIP_ID = TRIP_ID
2014-03-04 14:08:37,065: EasternTravel_4_straight  - Starting session!
2014-03-04 14:08:37,071: EasternTravel_4_straight  - Not using proxies!
2014-03-04 14:08:37,074: EasternTravel_4_straight  - Jobs remaining: 4
2014-03-04 14:08:37,077: EasternTravel_4_straight  - Number of proxy rotations allowed: 4
2014-03-04 14:08:37,086: EasternTravel_4_straight  - Number of browser restarts allowed: 2
2014-03-04 14:08:37,087: EasternTravel_4_straight  - NEW SEARCH
2014-03-04 14:08:37,099: EasternTravel_4_straight  - From Washington, DC to New York, NY (03/05/2014)
2014-03-04 14:08:47,113: EasternTravel_4_straight  - Loading URL...
2014-03-04 14:08:59,526: EasternTravel_4_straight  - Clicking on origin city...
2014-03-04 14:09:10,063: EasternTravel_4_straight  - Clicking on destination city...
2014-03-04 14:09:20,479: EasternTravel_4_straight  - Entering departure date...
2014-03-04 14:09:30,682: EasternTravel_4_straight  - Clicking on Search button...
2014-03-04 14:09:42,332: EasternTravel_4_straight  - Parsing table...
2014-03-04 14:09:48,396: EasternTravel_4_straight  - Depart date: 03/05/2014
2014-03-04 14:09:48,399: EasternTravel_4_straight  - Depart time: 1:30 am
2014-03-04 14:09:48,401: EasternTravel_4_straight  - Arrive time: 6:30 am
2014-03-04 14:09:48,404: EasternTravel_4_straight  - Cost: $22
2014-03-04 14:09:48,534: EasternTravel_4_straight  - INSERT INTO 2014March5(TRIP_ID,COMPANY_NAME,DEPART_CITY,ARRIVE_CITY,DEPART_TIME,ARRIVE_TIME,TRIP_LENGTH,TRIP_COST,URL) VALUES(1107013008,'EasternTravel','Washington, DC','New York, NY','2014-03-05 01:30:00','2014-03-05 06:30:00','5H, 0m',22,'http://www.easternshuttle.com/cgi-bin/bus.cgi?is_prev=&return_flag=&is_roundtrip=&nm=4305&st=4305&option=Select&roundtrip=0&bus_from=Washington%2C+DC&sbus_from=Washington%2C+DC&bus_to=New+York%2C+NY&sbus_to=New+York%2C+NY&filter_date=2014-03-05&return_date=&quantity=1') ON DUPLICATE KEY UPDATE TRIP_COST = 22
2014-03-04 14:09:48,536: EasternTravel_4_straight  - Depart date: 03/05/2014
2014-03-04 14:09:48,537: EasternTravel_4_straight  - Depart time: 3:30 am
2014-03-04 14:09:48,538: EasternTravel_4_straight  - Arrive time: 8:00 am
2014-03-04 14:09:48,538: EasternTravel_4_straight  - Cost: $22
2014-03-04 14:09:48,596: EasternTravel_4_straight  - INSERT INTO 2014March5(TRIP_ID,COMPANY_NAME,DEPART_CITY,ARRIVE_CITY,DEPART_TIME,ARRIVE_TIME,TRIP_LENGTH,TRIP_COST,URL) VALUES(1107033008,'EasternTravel','Washington, DC','New York, NY','2014-03-05 03:30:00','2014-03-05 08:00:00','4H, 30m',22,'http://www.easternshuttle.com/cgi-bin/bus.cgi?is_prev=&return_flag=&is_roundtrip=&nm=4305&st=4305&option=Select&roundtrip=0&bus_from=Washington%2C+DC&sbus_from=Washington%2C+DC&bus_to=New+York%2C+NY&sbus_to=New+York%2C+NY&filter_date=2014-03-05&return_date=&quantity=1') ON DUPLICATE KEY UPDATE TRIP_COST = 22
2014-03-04 14:09:48,597: EasternTravel_4_straight  - Depart date: 03/05/2014
2014-03-04 14:09:48,598: EasternTravel_4_straight  - Depart time: 8:00 am
2014-03-04 14:09:48,598: EasternTravel_4_straight  - Arrive time: 1:00 pm
2014-03-04 14:09:48,599: EasternTravel_4_straight  - Cost: $22
2014-03-04 14:09:48,631: EasternTravel_4_straight  - INSERT INTO 2014March5(TRIP_ID,COMPANY_NAME,DEPART_CITY,ARRIVE_CITY,DEPART_TIME,ARRIVE_TIME,TRIP_LENGTH,TRIP_COST,URL) VALUES(1107080008,'EasternTravel','Washington, DC','New York, NY','2014-03-05 08:00:00','2014-03-05 13:00:00','5H, 0m',22,'http://www.easternshuttle.com/cgi-bin/bus.cgi?is_prev=&return_flag=&is_roundtrip=&nm=4305&st=4305&option=Select&roundtrip=0&bus_from=Washington%2C+DC&sbus_from=Washington%2C+DC&bus_to=New+York%2C+NY&sbus_to=New+York%2C+NY&filter_date=2014-03-05&return_date=&quantity=1') ON DUPLICATE KEY UPDATE TRIP_COST = 22
2014-03-04 14:09:48,634: EasternTravel_4_straight  - Depart date: 03/05/2014
2014-03-04 14:09:48,637: EasternTravel_4_straight  - Depart time: 10:00 am
2014-03-04 14:09:48,638: EasternTravel_4_straight  - Arrive time: 3:00 pm
2014-03-04 14:09:48,638: EasternTravel_4_straight  - Cost: $22
2014-03-04 14:09:48,686: EasternTravel_4_straight  - INSERT INTO 2014March5(TRIP_ID,COMPANY_NAME,DEPART_CITY,ARRIVE_CITY,DEPART_TIME,ARRIVE_TIME,TRIP_LENGTH,TRIP_COST,URL) VALUES(1107100008,'EasternTravel','Washington, DC','New York, NY','2014-03-05 10:00:00','2014-03-05 15:00:00','5H, 0m',22,'http://www.easternshuttle.com/cgi-bin/bus.cgi?is_prev=&return_flag=&is_roundtrip=&nm=4305&st=4305&option=Select&roundtrip=0&bus_from=Washington%2C+DC&sbus_from=Washington%2C+DC&bus_to=New+York%2C+NY&sbus_to=New+York%2C+NY&filter_date=2014-03-05&return_date=&quantity=1') ON DUPLICATE KEY UPDATE TRIP_COST = 22
2014-03-04 14:09:48,687: EasternTravel_4_straight  - Depart date: 03/05/2014
2014-03-04 14:09:48,687: EasternTravel_4_straight  - Depart time: 12:00 pm
2014-03-04 14:09:48,688: EasternTravel_4_straight  - Arrive time: 5:00 pm
2014-03-04 14:09:48,689: EasternTravel_4_straight  - Cost: $22
2014-03-04 14:09:48,745: EasternTravel_4_straight  - INSERT INTO 2014March5(TRIP_ID,COMPANY_NAME,DEPART_CITY,ARRIVE_CITY,DEPART_TIME,ARRIVE_TIME,TRIP_LENGTH,TRIP_COST,URL) VALUES(1107120008,'EasternTravel','Washington, DC','New York, NY','2014-03-05 12:00:00','2014-03-05 17:00:00','5H, 0m',22,'http://www.easternshuttle.com/cgi-bin/bus.cgi?is_prev=&return_flag=&is_roundtrip=&nm=4305&st=4305&option=Select&roundtrip=0&bus_from=Washington%2C+DC&sbus_from=Washington%2C+DC&bus_to=New+York%2C+NY&sbus_to=New+York%2C+NY&filter_date=2014-03-05&return_date=&quantity=1') ON DUPLICATE KEY UPDATE TRIP_COST = 22
2014-03-04 14:09:48,747: EasternTravel_4_straight  - Depart date: 03/05/2014
2014-03-04 14:09:48,748: EasternTravel_4_straight  - Depart time: 2:00 pm
2014-03-04 14:09:48,748: EasternTravel_4_straight  - Arrive time: 7:00 pm
2014-03-04 14:09:48,749: EasternTravel_4_straight  - Cost: $22
2014-03-04 14:09:48,808: EasternTravel_4_straight  - INSERT INTO 2014March5(TRIP_ID,COMPANY_NAME,DEPART_CITY,ARRIVE_CITY,DEPART_TIME,ARRIVE_TIME,TRIP_LENGTH,TRIP_COST,URL) VALUES(1107140008,'EasternTravel','Washington, DC','New York, NY','2014-03-05 14:00:00','2014-03-05 19:00:00','5H, 0m',22,'http://www.easternshuttle.com/cgi-bin/bus.cgi?is_prev=&return_flag=&is_roundtrip=&nm=4305&st=4305&option=Select&roundtrip=0&bus_from=Washington%2C+DC&sbus_from=Washington%2C+DC&bus_to=New+York%2C+NY&sbus_to=New+York%2C+NY&filter_date=2014-03-05&return_date=&quantity=1') ON DUPLICATE KEY UPDATE TRIP_COST = 22
2014-03-04 14:09:48,810: EasternTravel_4_straight  - Depart date: 03/05/2014
2014-03-04 14:09:48,811: EasternTravel_4_straight  - Depart time: 4:00 pm
2014-03-04 14:09:48,812: EasternTravel_4_straight  - Arrive time: 9:00 pm
2014-03-04 14:09:48,813: EasternTravel_4_straight  - Cost: $22
2014-03-04 14:09:48,853: EasternTravel_4_straight  - INSERT INTO 2014March5(TRIP_ID,COMPANY_NAME,DEPART_CITY,ARRIVE_CITY,DEPART_TIME,ARRIVE_TIME,TRIP_LENGTH,TRIP_COST,URL) VALUES(1107160008,'EasternTravel','Washington, DC','New York, NY','2014-03-05 16:00:00','2014-03-05 21:00:00','5H, 0m',22,'http://www.easternshuttle.com/cgi-bin/bus.cgi?is_prev=&return_flag=&is_roundtrip=&nm=4305&st=4305&option=Select&roundtrip=0&bus_from=Washington%2C+DC&sbus_from=Washington%2C+DC&bus_to=New+York%2C+NY&sbus_to=New+York%2C+NY&filter_date=2014-03-05&return_date=&quantity=1') ON DUPLICATE KEY UPDATE TRIP_COST = 22
2014-03-04 14:09:48,855: EasternTravel_4_straight  - Depart date: 03/05/2014
2014-03-04 14:09:48,864: EasternTravel_4_straight  - Depart time: 6:00 pm
2014-03-04 14:09:48,883: EasternTravel_4_straight  - Arrive time: 11:00 pm
2014-03-04 14:09:48,887: EasternTravel_4_straight  - Cost: $22
2014-03-04 14:09:48,940: EasternTravel_4_straight  - INSERT INTO 2014March5(TRIP_ID,COMPANY_NAME,DEPART_CITY,ARRIVE_CITY,DEPART_TIME,ARRIVE_TIME,TRIP_LENGTH,TRIP_COST,URL) VALUES(1107180008,'EasternTravel','Washington, DC','New York, NY','2014-03-05 18:00:00','2014-03-05 23:00:00','5H, 0m',22,'http://www.easternshuttle.com/cgi-bin/bus.cgi?is_prev=&return_flag=&is_roundtrip=&nm=4305&st=4305&option=Select&roundtrip=0&bus_from=Washington%2C+DC&sbus_from=Washington%2C+DC&bus_to=New+York%2C+NY&sbus_to=New+York%2C+NY&filter_date=2014-03-05&return_date=&quantity=1') ON DUPLICATE KEY UPDATE TRIP_COST = 22
2014-03-04 14:09:48,943: EasternTravel_4_straight  - Depart date: 03/05/2014
2014-03-04 14:09:48,945: EasternTravel_4_straight  - Depart time: 7:30 pm
2014-03-04 14:09:48,948: EasternTravel_4_straight  - Arrive time: 11:30 pm
2014-03-04 14:09:48,949: EasternTravel_4_straight  - Cost: $22
2014-03-04 14:09:49,034: EasternTravel_4_straight  - INSERT INTO 2014March5(TRIP_ID,COMPANY_NAME,DEPART_CITY,ARRIVE_CITY,DEPART_TIME,ARRIVE_TIME,TRIP_LENGTH,TRIP_COST,URL) VALUES(1107193008,'EasternTravel','Washington, DC','New York, NY','2014-03-05 19:30:00','2014-03-05 23:30:00','4H, 0m',22,'http://www.easternshuttle.com/cgi-bin/bus.cgi?is_prev=&return_flag=&is_roundtrip=&nm=4305&st=4305&option=Select&roundtrip=0&bus_from=Washington%2C+DC&sbus_from=Washington%2C+DC&bus_to=New+York%2C+NY&sbus_to=New+York%2C+NY&filter_date=2014-03-05&return_date=&quantity=1') ON DUPLICATE KEY UPDATE TRIP_COST = 22
2014-03-04 14:09:49,035: EasternTravel_4_straight  - Depart date: 03/05/2014
2014-03-04 14:09:49,035: EasternTravel_4_straight  - Depart time: 11:45 pm
2014-03-04 14:09:49,036: EasternTravel_4_straight  - Arrive time: 4:45 am
2014-03-04 14:09:49,036: EasternTravel_4_straight  - Cost: $22
2014-03-04 14:09:49,057: EasternTravel_4_straight  - INSERT INTO 2014March5(TRIP_ID,COMPANY_NAME,DEPART_CITY,ARRIVE_CITY,DEPART_TIME,ARRIVE_TIME,TRIP_LENGTH,TRIP_COST,URL) VALUES(1107234508,'EasternTravel','Washington, DC','New York, NY','2014-03-05 23:45:00','2014-03-06 04:45:00','5H, 0m',22,'http://www.easternshuttle.com/cgi-bin/bus.cgi?is_prev=&return_flag=&is_roundtrip=&nm=4305&st=4305&option=Select&roundtrip=0&bus_from=Washington%2C+DC&sbus_from=Washington%2C+DC&bus_to=New+York%2C+NY&sbus_to=New+York%2C+NY&filter_date=2014-03-05&return_date=&quantity=1') ON DUPLICATE KEY UPDATE TRIP_COST = 22
2014-03-04 14:09:49,059: EasternTravel_4_straight  - Number of proxy rotations allowed: 4
2014-03-04 14:09:49,059: EasternTravel_4_straight  - Number of browser restarts allowed: 2
2014-03-04 14:09:49,060: EasternTravel_4_straight  - NEW SEARCH
2014-03-04 14:09:49,077: EasternTravel_4_straight  - From New York, NY to Baltimore, MD (03/05/2014)
2014-03-04 14:09:59,087: EasternTravel_4_straight  - Loading URL...
2014-03-04 14:10:11,185: EasternTravel_4_straight  - Clicking on origin city...
2014-03-04 14:10:22,300: EasternTravel_4_straight  - Clicking on destination city...
2014-03-04 14:10:36,421: EasternTravel_4_straight  - Entering departure date...
2014-03-04 14:10:47,549: EasternTravel_4_straight  - Clicking on Search button...
2014-03-04 14:10:54,803: EasternTravel_4_straight  - Parsing table...
2014-03-04 14:10:57,457: EasternTravel_4_straight  - Depart date: 03/05/2014
2014-03-04 14:10:57,459: EasternTravel_4_straight  - Depart time: 7:30 am
2014-03-04 14:10:57,459: EasternTravel_4_straight  - Arrive time: 10:30 am
2014-03-04 14:10:57,460: EasternTravel_4_straight  - Cost: $22
2014-03-04 14:10:57,730: EasternTravel_4_straight  - INSERT INTO 2014March5(TRIP_ID,COMPANY_NAME,DEPART_CITY,ARRIVE_CITY,DEPART_TIME,ARRIVE_TIME,TRIP_LENGTH,TRIP_COST,URL) VALUES(700073008,'EasternTravel','New York, NY','Baltimore, MD','2014-03-05 07:30:00','2014-03-05 10:30:00','3H, 0m',22,'http://www.easternshuttle.com/cgi-bin/bus.cgi?is_prev=&return_flag=&is_roundtrip=&nm=4305&st=4305&option=Select&roundtrip=0&bus_from=New+York%2C+NY&sbus_from=New+York%2C+NY&bus_to=Baltimore%2C+MD&sbus_to=Baltimore%2C+MD&filter_date=2014-03-05&return_date=&quantity=1') ON DUPLICATE KEY UPDATE TRIP_COST = 22
2014-03-04 14:10:57,732: EasternTravel_4_straight  - Depart date: 03/05/2014
2014-03-04 14:10:57,736: EasternTravel_4_straight  - Depart time: 8:30 am
2014-03-04 14:10:57,737: EasternTravel_4_straight  - Arrive time: 11:50 am
2014-03-04 14:10:57,737: EasternTravel_4_straight  - Cost: $22
2014-03-04 14:10:57,784: EasternTravel_4_straight  - INSERT INTO 2014March5(TRIP_ID,COMPANY_NAME,DEPART_CITY,ARRIVE_CITY,DEPART_TIME,ARRIVE_TIME,TRIP_LENGTH,TRIP_COST,URL) VALUES(700083008,'EasternTravel','New York, NY','Baltimore, MD','2014-03-05 08:30:00','2014-03-05 11:50:00','3H, 20m',22,'http://www.easternshuttle.com/cgi-bin/bus.cgi?is_prev=&return_flag=&is_roundtrip=&nm=4305&st=4305&option=Select&roundtrip=0&bus_from=New+York%2C+NY&sbus_from=New+York%2C+NY&bus_to=Baltimore%2C+MD&sbus_to=Baltimore%2C+MD&filter_date=2014-03-05&return_date=&quantity=1') ON DUPLICATE KEY UPDATE TRIP_COST = 22
2014-03-04 14:10:57,785: EasternTravel_4_straight  - Depart date: 03/05/2014
2014-03-04 14:10:57,786: EasternTravel_4_straight  - Depart time: 9:30 am
2014-03-04 14:10:57,786: EasternTravel_4_straight  - Arrive time: 12:40 pm
2014-03-04 14:10:57,787: EasternTravel_4_straight  - Cost: $22
2014-03-04 14:10:57,831: EasternTravel_4_straight  - INSERT INTO 2014March5(TRIP_ID,COMPANY_NAME,DEPART_CITY,ARRIVE_CITY,DEPART_TIME,ARRIVE_TIME,TRIP_LENGTH,TRIP_COST,URL) VALUES(700093008,'EasternTravel','New York, NY','Baltimore, MD','2014-03-05 09:30:00','2014-03-05 12:40:00','3H, 9m',22,'http://www.easternshuttle.com/cgi-bin/bus.cgi?is_prev=&return_flag=&is_roundtrip=&nm=4305&st=4305&option=Select&roundtrip=0&bus_from=New+York%2C+NY&sbus_from=New+York%2C+NY&bus_to=Baltimore%2C+MD&sbus_to=Baltimore%2C+MD&filter_date=2014-03-05&return_date=&quantity=1') ON DUPLICATE KEY UPDATE TRIP_COST = 22
2014-03-04 14:10:57,832: EasternTravel_4_straight  - Depart date: 03/05/2014
2014-03-04 14:10:57,833: EasternTravel_4_straight  - Depart time: 10:30 am
2014-03-04 14:10:57,833: EasternTravel_4_straight  - Arrive time: 1:50 pm
2014-03-04 14:10:57,834: EasternTravel_4_straight  - Cost: $22
2014-03-04 14:10:57,876: EasternTravel_4_straight  - INSERT INTO 2014March5(TRIP_ID,COMPANY_NAME,DEPART_CITY,ARRIVE_CITY,DEPART_TIME,ARRIVE_TIME,TRIP_LENGTH,TRIP_COST,URL) VALUES(700103008,'EasternTravel','New York, NY','Baltimore, MD','2014-03-05 10:30:00','2014-03-05 13:50:00','3H, 20m',22,'http://www.easternshuttle.com/cgi-bin/bus.cgi?is_prev=&return_flag=&is_roundtrip=&nm=4305&st=4305&option=Select&roundtrip=0&bus_from=New+York%2C+NY&sbus_from=New+York%2C+NY&bus_to=Baltimore%2C+MD&sbus_to=Baltimore%2C+MD&filter_date=2014-03-05&return_date=&quantity=1') ON DUPLICATE KEY UPDATE TRIP_COST = 22
2014-03-04 14:10:57,883: EasternTravel_4_straight  - Depart date: 03/05/2014
2014-03-04 14:10:57,883: EasternTravel_4_straight  - Depart time: 12:30 pm
2014-03-04 14:10:57,884: EasternTravel_4_straight  - Arrive time: 3:30 pm
2014-03-04 14:10:57,884: EasternTravel_4_straight  - Cost: $22
2014-03-04 14:10:57,918: EasternTravel_4_straight  - INSERT INTO 2014March5(TRIP_ID,COMPANY_NAME,DEPART_CITY,ARRIVE_CITY,DEPART_TIME,ARRIVE_TIME,TRIP_LENGTH,TRIP_COST,URL) VALUES(700123008,'EasternTravel','New York, NY','Baltimore, MD','2014-03-05 12:30:00','2014-03-05 15:30:00','3H, 0m',22,'http://www.easternshuttle.com/cgi-bin/bus.cgi?is_prev=&return_flag=&is_roundtrip=&nm=4305&st=4305&option=Select&roundtrip=0&bus_from=New+York%2C+NY&sbus_from=New+York%2C+NY&bus_to=Baltimore%2C+MD&sbus_to=Baltimore%2C+MD&filter_date=2014-03-05&return_date=&quantity=1') ON DUPLICATE KEY UPDATE TRIP_COST = 22
2014-03-04 14:10:57,919: EasternTravel_4_straight  - Depart date: 03/05/2014
2014-03-04 14:10:57,931: EasternTravel_4_straight  - Depart time: 1:30 pm
2014-03-04 14:10:57,932: EasternTravel_4_straight  - Arrive time: 4:50 pm
2014-03-04 14:10:57,932: EasternTravel_4_straight  - Cost: $22
2014-03-04 14:10:57,986: EasternTravel_4_straight  - INSERT INTO 2014March5(TRIP_ID,COMPANY_NAME,DEPART_CITY,ARRIVE_CITY,DEPART_TIME,ARRIVE_TIME,TRIP_LENGTH,TRIP_COST,URL) VALUES(700133008,'EasternTravel','New York, NY','Baltimore, MD','2014-03-05 13:30:00','2014-03-05 16:50:00','3H, 20m',22,'http://www.easternshuttle.com/cgi-bin/bus.cgi?is_prev=&return_flag=&is_roundtrip=&nm=4305&st=4305&option=Select&roundtrip=0&bus_from=New+York%2C+NY&sbus_from=New+York%2C+NY&bus_to=Baltimore%2C+MD&sbus_to=Baltimore%2C+MD&filter_date=2014-03-05&return_date=&quantity=1') ON DUPLICATE KEY UPDATE TRIP_COST = 22
2014-03-04 14:10:57,987: EasternTravel_4_straight  - Depart date: 03/05/2014
2014-03-04 14:10:57,987: EasternTravel_4_straight  - Depart time: 3:30 pm
2014-03-04 14:10:57,988: EasternTravel_4_straight  - Arrive time: 6:50 pm
2014-03-04 14:10:57,988: EasternTravel_4_straight  - Cost: $22
2014-03-04 14:10:58,045: EasternTravel_4_straight  - INSERT INTO 2014March5(TRIP_ID,COMPANY_NAME,DEPART_CITY,ARRIVE_CITY,DEPART_TIME,ARRIVE_TIME,TRIP_LENGTH,TRIP_COST,URL) VALUES(700153008,'EasternTravel','New York, NY','Baltimore, MD','2014-03-05 15:30:00','2014-03-05 18:50:00','3H, 20m',22,'http://www.easternshuttle.com/cgi-bin/bus.cgi?is_prev=&return_flag=&is_roundtrip=&nm=4305&st=4305&option=Select&roundtrip=0&bus_from=New+York%2C+NY&sbus_from=New+York%2C+NY&bus_to=Baltimore%2C+MD&sbus_to=Baltimore%2C+MD&filter_date=2014-03-05&return_date=&quantity=1') ON DUPLICATE KEY UPDATE TRIP_COST = 22
2014-03-04 14:10:58,046: EasternTravel_4_straight  - Depart date: 03/05/2014
2014-03-04 14:10:58,047: EasternTravel_4_straight  - Depart time: 4:30 pm
2014-03-04 14:10:58,047: EasternTravel_4_straight  - Arrive time: 7:50 pm
2014-03-04 14:10:58,048: EasternTravel_4_straight  - Cost: $22
2014-03-04 14:10:58,071: EasternTravel_4_straight  - INSERT INTO 2014March5(TRIP_ID,COMPANY_NAME,DEPART_CITY,ARRIVE_CITY,DEPART_TIME,ARRIVE_TIME,TRIP_LENGTH,TRIP_COST,URL) VALUES(700163008,'EasternTravel','New York, NY','Baltimore, MD','2014-03-05 16:30:00','2014-03-05 19:50:00','3H, 20m',22,'http://www.easternshuttle.com/cgi-bin/bus.cgi?is_prev=&return_flag=&is_roundtrip=&nm=4305&st=4305&option=Select&roundtrip=0&bus_from=New+York%2C+NY&sbus_from=New+York%2C+NY&bus_to=Baltimore%2C+MD&sbus_to=Baltimore%2C+MD&filter_date=2014-03-05&return_date=&quantity=1') ON DUPLICATE KEY UPDATE TRIP_COST = 22
2014-03-04 14:10:58,072: EasternTravel_4_straight  - Depart date: 03/05/2014
2014-03-04 14:10:58,081: EasternTravel_4_straight  - Depart time: 5:30 pm
2014-03-04 14:10:58,082: EasternTravel_4_straight  - Arrive time: 8:50 pm
2014-03-04 14:10:58,082: EasternTravel_4_straight  - Cost: $22
2014-03-04 14:10:58,113: EasternTravel_4_straight  - INSERT INTO 2014March5(TRIP_ID,COMPANY_NAME,DEPART_CITY,ARRIVE_CITY,DEPART_TIME,ARRIVE_TIME,TRIP_LENGTH,TRIP_COST,URL) VALUES(700173008,'EasternTravel','New York, NY','Baltimore, MD','2014-03-05 17:30:00','2014-03-05 20:50:00','3H, 20m',22,'http://www.easternshuttle.com/cgi-bin/bus.cgi?is_prev=&return_flag=&is_roundtrip=&nm=4305&st=4305&option=Select&roundtrip=0&bus_from=New+York%2C+NY&sbus_from=New+York%2C+NY&bus_to=Baltimore%2C+MD&sbus_to=Baltimore%2C+MD&filter_date=2014-03-05&return_date=&quantity=1') ON DUPLICATE KEY UPDATE TRIP_COST = 22
2014-03-04 14:10:58,114: EasternTravel_4_straight  - Depart date: 03/05/2014
2014-03-04 14:10:58,117: EasternTravel_4_straight  - Depart time: 6:30 pm
2014-03-04 14:10:58,118: EasternTravel_4_straight  - Arrive time: 9:50 pm
2014-03-04 14:10:58,119: EasternTravel_4_straight  - Cost: $22
2014-03-04 14:10:58,152: EasternTravel_4_straight  - INSERT INTO 2014March5(TRIP_ID,COMPANY_NAME,DEPART_CITY,ARRIVE_CITY,DEPART_TIME,ARRIVE_TIME,TRIP_LENGTH,TRIP_COST,URL) VALUES(700183008,'EasternTravel','New York, NY','Baltimore, MD','2014-03-05 18:30:00','2014-03-05 21:50:00','3H, 20m',22,'http://www.easternshuttle.com/cgi-bin/bus.cgi?is_prev=&return_flag=&is_roundtrip=&nm=4305&st=4305&option=Select&roundtrip=0&bus_from=New+York%2C+NY&sbus_from=New+York%2C+NY&bus_to=Baltimore%2C+MD&sbus_to=Baltimore%2C+MD&filter_date=2014-03-05&return_date=&quantity=1') ON DUPLICATE KEY UPDATE TRIP_COST = 22
2014-03-04 14:10:58,157: EasternTravel_4_straight  - Depart date: 03/05/2014
2014-03-04 14:10:58,158: EasternTravel_4_straight  - Depart time: 7:30 pm
2014-03-04 14:10:58,158: EasternTravel_4_straight  - Arrive time: 10:50 pm
2014-03-04 14:10:58,159: EasternTravel_4_straight  - Cost: $22
2014-03-04 14:10:58,194: EasternTravel_4_straight  - INSERT INTO 2014March5(TRIP_ID,COMPANY_NAME,DEPART_CITY,ARRIVE_CITY,DEPART_TIME,ARRIVE_TIME,TRIP_LENGTH,TRIP_COST,URL) VALUES(700193008,'EasternTravel','New York, NY','Baltimore, MD','2014-03-05 19:30:00','2014-03-05 22:50:00','3H, 20m',22,'http://www.easternshuttle.com/cgi-bin/bus.cgi?is_prev=&return_flag=&is_roundtrip=&nm=4305&st=4305&option=Select&roundtrip=0&bus_from=New+York%2C+NY&sbus_from=New+York%2C+NY&bus_to=Baltimore%2C+MD&sbus_to=Baltimore%2C+MD&filter_date=2014-03-05&return_date=&quantity=1') ON DUPLICATE KEY UPDATE TRIP_COST = 22
2014-03-04 14:10:58,206: EasternTravel_4_straight  - Number of proxy rotations allowed: 4
2014-03-04 14:10:58,214: EasternTravel_4_straight  - Number of browser restarts allowed: 2
2014-03-04 14:10:58,214: EasternTravel_4_straight  - NEW SEARCH
2014-03-04 14:10:58,217: EasternTravel_4_straight  - From Baltimore, MD to New York, NY (03/05/2014)
2014-03-04 14:11:08,226: EasternTravel_4_straight  - Loading URL...
2014-03-04 14:11:19,797: EasternTravel_4_straight  - Clicking on origin city...
2014-03-04 14:11:30,813: EasternTravel_4_straight  - Clicking on destination city...
2014-03-04 14:11:43,133: EasternTravel_4_straight  - Entering departure date...
2014-03-04 14:11:53,705: EasternTravel_4_straight  - Clicking on Search button...
2014-03-04 14:12:01,021: EasternTravel_4_straight  - Parsing table...
2014-03-04 14:12:02,823: EasternTravel_4_straight  - Depart date: 03/05/2014
2014-03-04 14:12:02,830: EasternTravel_4_straight  - Depart time: 12:30 am
2014-03-04 14:12:02,831: EasternTravel_4_straight  - Arrive time: 5:00 am
2014-03-04 14:12:02,831: EasternTravel_4_straight  - Cost: $22
2014-03-04 14:12:02,884: EasternTravel_4_straight  - INSERT INTO 2014March5(TRIP_ID,COMPANY_NAME,DEPART_CITY,ARRIVE_CITY,DEPART_TIME,ARRIVE_TIME,TRIP_LENGTH,TRIP_COST,URL) VALUES(7003008,'EasternTravel','Baltimore, MD','New York, NY','2014-03-05 00:30:00','2014-03-05 05:00:00','4H, 30m',22,'http://www.easternshuttle.com/cgi-bin/bus.cgi?is_prev=&return_flag=&is_roundtrip=&nm=4305&st=4305&option=Select&roundtrip=0&bus_from=Baltimore%2C+MD&sbus_from=Baltimore%2C+MD&bus_to=New+York%2C+NY&sbus_to=New+York%2C+NY&filter_date=2014-03-05&return_date=&quantity=1') ON DUPLICATE KEY UPDATE TRIP_COST = 22
2014-03-04 14:12:02,885: EasternTravel_4_straight  - Depart date: 03/05/2014
2014-03-04 14:12:02,886: EasternTravel_4_straight  - Depart time: 2:20 am
2014-03-04 14:12:02,886: EasternTravel_4_straight  - Arrive time: 5:30 am
2014-03-04 14:12:02,887: EasternTravel_4_straight  - Cost: $22
2014-03-04 14:12:02,943: EasternTravel_4_straight  - INSERT INTO 2014March5(TRIP_ID,COMPANY_NAME,DEPART_CITY,ARRIVE_CITY,DEPART_TIME,ARRIVE_TIME,TRIP_LENGTH,TRIP_COST,URL) VALUES(7022008,'EasternTravel','Baltimore, MD','New York, NY','2014-03-05 02:20:00','2014-03-05 05:30:00','3H, 9m',22,'http://www.easternshuttle.com/cgi-bin/bus.cgi?is_prev=&return_flag=&is_roundtrip=&nm=4305&st=4305&option=Select&roundtrip=0&bus_from=Baltimore%2C+MD&sbus_from=Baltimore%2C+MD&bus_to=New+York%2C+NY&sbus_to=New+York%2C+NY&filter_date=2014-03-05&return_date=&quantity=1') ON DUPLICATE KEY UPDATE TRIP_COST = 22
2014-03-04 14:12:02,945: EasternTravel_4_straight  - Depart date: 03/05/2014
2014-03-04 14:12:02,945: EasternTravel_4_straight  - Depart time: 4:20 am
2014-03-04 14:12:02,946: EasternTravel_4_straight  - Arrive time: 8:00 am
2014-03-04 14:12:02,947: EasternTravel_4_straight  - Cost: $22
2014-03-04 14:12:02,979: EasternTravel_4_straight  - INSERT INTO 2014March5(TRIP_ID,COMPANY_NAME,DEPART_CITY,ARRIVE_CITY,DEPART_TIME,ARRIVE_TIME,TRIP_LENGTH,TRIP_COST,URL) VALUES(7042008,'EasternTravel','Baltimore, MD','New York, NY','2014-03-05 04:20:00','2014-03-05 08:00:00','3H, 39m',22,'http://www.easternshuttle.com/cgi-bin/bus.cgi?is_prev=&return_flag=&is_roundtrip=&nm=4305&st=4305&option=Select&roundtrip=0&bus_from=Baltimore%2C+MD&sbus_from=Baltimore%2C+MD&bus_to=New+York%2C+NY&sbus_to=New+York%2C+NY&filter_date=2014-03-05&return_date=&quantity=1') ON DUPLICATE KEY UPDATE TRIP_COST = 22
2014-03-04 14:12:02,986: EasternTravel_4_straight  - Depart date: 03/05/2014
2014-03-04 14:12:02,994: EasternTravel_4_straight  - Depart time: 8:50 am
2014-03-04 14:12:02,996: EasternTravel_4_straight  - Arrive time: 12:15 pm
2014-03-04 14:12:02,996: EasternTravel_4_straight  - Cost: $22
2014-03-04 14:12:03,079: EasternTravel_4_straight  - INSERT INTO 2014March5(TRIP_ID,COMPANY_NAME,DEPART_CITY,ARRIVE_CITY,DEPART_TIME,ARRIVE_TIME,TRIP_LENGTH,TRIP_COST,URL) VALUES(7085008,'EasternTravel','Baltimore, MD','New York, NY','2014-03-05 08:50:00','2014-03-05 12:15:00','3H, 24m',22,'http://www.easternshuttle.com/cgi-bin/bus.cgi?is_prev=&return_flag=&is_roundtrip=&nm=4305&st=4305&option=Select&roundtrip=0&bus_from=Baltimore%2C+MD&sbus_from=Baltimore%2C+MD&bus_to=New+York%2C+NY&sbus_to=New+York%2C+NY&filter_date=2014-03-05&return_date=&quantity=1') ON DUPLICATE KEY UPDATE TRIP_COST = 22
2014-03-04 14:12:03,080: EasternTravel_4_straight  - Depart date: 03/05/2014
2014-03-04 14:12:03,080: EasternTravel_4_straight  - Depart time: 10:50 am
2014-03-04 14:12:03,081: EasternTravel_4_straight  - Arrive time: 2:15 pm
2014-03-04 14:12:03,082: EasternTravel_4_straight  - Cost: $22
2014-03-04 14:12:03,101: EasternTravel_4_straight  - INSERT INTO 2014March5(TRIP_ID,COMPANY_NAME,DEPART_CITY,ARRIVE_CITY,DEPART_TIME,ARRIVE_TIME,TRIP_LENGTH,TRIP_COST,URL) VALUES(7105008,'EasternTravel','Baltimore, MD','New York, NY','2014-03-05 10:50:00','2014-03-05 14:15:00','3H, 24m',22,'http://www.easternshuttle.com/cgi-bin/bus.cgi?is_prev=&return_flag=&is_roundtrip=&nm=4305&st=4305&option=Select&roundtrip=0&bus_from=Baltimore%2C+MD&sbus_from=Baltimore%2C+MD&bus_to=New+York%2C+NY&sbus_to=New+York%2C+NY&filter_date=2014-03-05&return_date=&quantity=1') ON DUPLICATE KEY UPDATE TRIP_COST = 22
2014-03-04 14:12:03,102: EasternTravel_4_straight  - Depart date: 03/05/2014
2014-03-04 14:12:03,103: EasternTravel_4_straight  - Depart time: 12:50 pm
2014-03-04 14:12:03,103: EasternTravel_4_straight  - Arrive time: 4:15 pm
2014-03-04 14:12:03,103: EasternTravel_4_straight  - Cost: $22
2014-03-04 14:12:03,138: EasternTravel_4_straight  - INSERT INTO 2014March5(TRIP_ID,COMPANY_NAME,DEPART_CITY,ARRIVE_CITY,DEPART_TIME,ARRIVE_TIME,TRIP_LENGTH,TRIP_COST,URL) VALUES(7125008,'EasternTravel','Baltimore, MD','New York, NY','2014-03-05 12:50:00','2014-03-05 16:15:00','3H, 24m',22,'http://www.easternshuttle.com/cgi-bin/bus.cgi?is_prev=&return_flag=&is_roundtrip=&nm=4305&st=4305&option=Select&roundtrip=0&bus_from=Baltimore%2C+MD&sbus_from=Baltimore%2C+MD&bus_to=New+York%2C+NY&sbus_to=New+York%2C+NY&filter_date=2014-03-05&return_date=&quantity=1') ON DUPLICATE KEY UPDATE TRIP_COST = 22
2014-03-04 14:12:03,140: EasternTravel_4_straight  - Depart date: 03/05/2014
2014-03-04 14:12:03,140: EasternTravel_4_straight  - Depart time: 2:50 pm
2014-03-04 14:12:03,141: EasternTravel_4_straight  - Arrive time: 6:15 pm
2014-03-04 14:12:03,141: EasternTravel_4_straight  - Cost: $22
2014-03-04 14:12:03,188: EasternTravel_4_straight  - INSERT INTO 2014March5(TRIP_ID,COMPANY_NAME,DEPART_CITY,ARRIVE_CITY,DEPART_TIME,ARRIVE_TIME,TRIP_LENGTH,TRIP_COST,URL) VALUES(7145008,'EasternTravel','Baltimore, MD','New York, NY','2014-03-05 14:50:00','2014-03-05 18:15:00','3H, 24m',22,'http://www.easternshuttle.com/cgi-bin/bus.cgi?is_prev=&return_flag=&is_roundtrip=&nm=4305&st=4305&option=Select&roundtrip=0&bus_from=Baltimore%2C+MD&sbus_from=Baltimore%2C+MD&bus_to=New+York%2C+NY&sbus_to=New+York%2C+NY&filter_date=2014-03-05&return_date=&quantity=1') ON DUPLICATE KEY UPDATE TRIP_COST = 22
2014-03-04 14:12:03,191: EasternTravel_4_straight  - Depart date: 03/05/2014
2014-03-04 14:12:03,191: EasternTravel_4_straight  - Depart time: 4:50 pm
2014-03-04 14:12:03,192: EasternTravel_4_straight  - Arrive time: 8:15 pm
2014-03-04 14:12:03,192: EasternTravel_4_straight  - Cost: $22
2014-03-04 14:12:03,212: EasternTravel_4_straight  - INSERT INTO 2014March5(TRIP_ID,COMPANY_NAME,DEPART_CITY,ARRIVE_CITY,DEPART_TIME,ARRIVE_TIME,TRIP_LENGTH,TRIP_COST,URL) VALUES(7165008,'EasternTravel','Baltimore, MD','New York, NY','2014-03-05 16:50:00','2014-03-05 20:15:00','3H, 24m',22,'http://www.easternshuttle.com/cgi-bin/bus.cgi?is_prev=&return_flag=&is_roundtrip=&nm=4305&st=4305&option=Select&roundtrip=0&bus_from=Baltimore%2C+MD&sbus_from=Baltimore%2C+MD&bus_to=New+York%2C+NY&sbus_to=New+York%2C+NY&filter_date=2014-03-05&return_date=&quantity=1') ON DUPLICATE KEY UPDATE TRIP_COST = 22
2014-03-04 14:12:03,213: EasternTravel_4_straight  - Depart date: 03/05/2014
2014-03-04 14:12:03,214: EasternTravel_4_straight  - Depart time: 6:50 pm
2014-03-04 14:12:03,221: EasternTravel_4_straight  - Arrive time: 10:15 pm
2014-03-04 14:12:03,221: EasternTravel_4_straight  - Cost: $22
2014-03-04 14:12:03,246: EasternTravel_4_straight  - INSERT INTO 2014March5(TRIP_ID,COMPANY_NAME,DEPART_CITY,ARRIVE_CITY,DEPART_TIME,ARRIVE_TIME,TRIP_LENGTH,TRIP_COST,URL) VALUES(7185008,'EasternTravel','Baltimore, MD','New York, NY','2014-03-05 18:50:00','2014-03-05 22:15:00','3H, 24m',22,'http://www.easternshuttle.com/cgi-bin/bus.cgi?is_prev=&return_flag=&is_roundtrip=&nm=4305&st=4305&option=Select&roundtrip=0&bus_from=Baltimore%2C+MD&sbus_from=Baltimore%2C+MD&bus_to=New+York%2C+NY&sbus_to=New+York%2C+NY&filter_date=2014-03-05&return_date=&quantity=1') ON DUPLICATE KEY UPDATE TRIP_COST = 22
2014-03-04 14:12:03,247: EasternTravel_4_straight  - Depart date: 03/05/2014
2014-03-04 14:12:03,247: EasternTravel_4_straight  - Depart time: 8:20 pm
2014-03-04 14:12:03,248: EasternTravel_4_straight  - Arrive time: 12:20 am
2014-03-04 14:12:03,248: EasternTravel_4_straight  - Cost: $22
2014-03-04 14:12:03,281: EasternTravel_4_straight  - INSERT INTO 2014March5(TRIP_ID,COMPANY_NAME,DEPART_CITY,ARRIVE_CITY,DEPART_TIME,ARRIVE_TIME,TRIP_LENGTH,TRIP_COST,URL) VALUES(7202008,'EasternTravel','Baltimore, MD','New York, NY','2014-03-05 20:20:00','2014-03-06 00:20:00','4H, 0m',22,'http://www.easternshuttle.com/cgi-bin/bus.cgi?is_prev=&return_flag=&is_roundtrip=&nm=4305&st=4305&option=Select&roundtrip=0&bus_from=Baltimore%2C+MD&sbus_from=Baltimore%2C+MD&bus_to=New+York%2C+NY&sbus_to=New+York%2C+NY&filter_date=2014-03-05&return_date=&quantity=1') ON DUPLICATE KEY UPDATE TRIP_COST = 22
2014-03-04 14:12:03,291: EasternTravel_4_straight  - Number of proxy rotations allowed: 4
2014-03-04 14:12:03,291: EasternTravel_4_straight  - Number of browser restarts allowed: 2
2014-03-04 14:12:03,292: EasternTravel_4_straight  - NEW SEARCH
2014-03-04 14:12:03,292: EasternTravel_4_straight  - From New York, NY to Washington, DC (03/05/2014)
2014-03-04 14:12:13,305: EasternTravel_4_straight  - Loading URL...
2014-03-04 14:12:25,349: EasternTravel_4_straight  - Clicking on origin city...
2014-03-04 14:12:36,401: EasternTravel_4_straight  - Clicking on destination city...
2014-03-04 14:12:47,542: EasternTravel_4_straight  - Entering departure date...
2014-03-04 14:12:57,853: EasternTravel_4_straight  - Clicking on Search button...
2014-03-04 14:13:05,105: EasternTravel_4_straight  - Parsing table...
2014-03-04 14:13:07,144: EasternTravel_4_straight  - Depart date: 03/05/2014
2014-03-04 14:13:07,148: EasternTravel_4_straight  - Depart time: 7:30 am
2014-03-04 14:13:07,152: EasternTravel_4_straight  - Arrive time: 12:01 pm
2014-03-04 14:13:07,152: EasternTravel_4_straight  - Cost: $22
2014-03-04 14:13:07,205: EasternTravel_4_straight  - INSERT INTO 2014March5(TRIP_ID,COMPANY_NAME,DEPART_CITY,ARRIVE_CITY,DEPART_TIME,ARRIVE_TIME,TRIP_LENGTH,TRIP_COST,URL) VALUES(711073008,'EasternTravel','New York, NY','Washington, DC','2014-03-05 07:30:00','2014-03-05 12:01:00','4H, 30m',22,'http://www.easternshuttle.com/cgi-bin/bus.cgi?is_prev=&return_flag=&is_roundtrip=&nm=4305&st=4305&option=Select&roundtrip=0&bus_from=New+York%2C+NY&sbus_from=New+York%2C+NY&bus_to=Washington%2C+DC&sbus_to=Washington%2C+DC&filter_date=2014-03-05&return_date=&quantity=1') ON DUPLICATE KEY UPDATE TRIP_COST = 22
2014-03-04 14:13:07,207: EasternTravel_4_straight  - Depart date: 03/05/2014
2014-03-04 14:13:07,207: EasternTravel_4_straight  - Depart time: 8:30 am
2014-03-04 14:13:07,208: EasternTravel_4_straight  - Arrive time: 1:00 pm
2014-03-04 14:13:07,208: EasternTravel_4_straight  - Cost: $22
2014-03-04 14:13:07,278: EasternTravel_4_straight  - INSERT INTO 2014March5(TRIP_ID,COMPANY_NAME,DEPART_CITY,ARRIVE_CITY,DEPART_TIME,ARRIVE_TIME,TRIP_LENGTH,TRIP_COST,URL) VALUES(711083008,'EasternTravel','New York, NY','Washington, DC','2014-03-05 08:30:00','2014-03-05 13:00:00','4H, 30m',22,'http://www.easternshuttle.com/cgi-bin/bus.cgi?is_prev=&return_flag=&is_roundtrip=&nm=4305&st=4305&option=Select&roundtrip=0&bus_from=New+York%2C+NY&sbus_from=New+York%2C+NY&bus_to=Washington%2C+DC&sbus_to=Washington%2C+DC&filter_date=2014-03-05&return_date=&quantity=1') ON DUPLICATE KEY UPDATE TRIP_COST = 22
2014-03-04 14:13:07,281: EasternTravel_4_straight  - Depart date: 03/05/2014
2014-03-04 14:13:07,281: EasternTravel_4_straight  - Depart time: 9:30 am
2014-03-04 14:13:07,282: EasternTravel_4_straight  - Arrive time: 2:00 pm
2014-03-04 14:13:07,282: EasternTravel_4_straight  - Cost: $22
2014-03-04 14:13:07,326: EasternTravel_4_straight  - INSERT INTO 2014March5(TRIP_ID,COMPANY_NAME,DEPART_CITY,ARRIVE_CITY,DEPART_TIME,ARRIVE_TIME,TRIP_LENGTH,TRIP_COST,URL) VALUES(711093008,'EasternTravel','New York, NY','Washington, DC','2014-03-05 09:30:00','2014-03-05 14:00:00','4H, 30m',22,'http://www.easternshuttle.com/cgi-bin/bus.cgi?is_prev=&return_flag=&is_roundtrip=&nm=4305&st=4305&option=Select&roundtrip=0&bus_from=New+York%2C+NY&sbus_from=New+York%2C+NY&bus_to=Washington%2C+DC&sbus_to=Washington%2C+DC&filter_date=2014-03-05&return_date=&quantity=1') ON DUPLICATE KEY UPDATE TRIP_COST = 22
2014-03-04 14:13:07,331: EasternTravel_4_straight  - Depart date: 03/05/2014
2014-03-04 14:13:07,332: EasternTravel_4_straight  - Depart time: 10:30 am
2014-03-04 14:13:07,332: EasternTravel_4_straight  - Arrive time: 3:00 pm
2014-03-04 14:13:07,333: EasternTravel_4_straight  - Cost: $22
2014-03-04 14:13:07,402: EasternTravel_4_straight  - INSERT INTO 2014March5(TRIP_ID,COMPANY_NAME,DEPART_CITY,ARRIVE_CITY,DEPART_TIME,ARRIVE_TIME,TRIP_LENGTH,TRIP_COST,URL) VALUES(711103008,'EasternTravel','New York, NY','Washington, DC','2014-03-05 10:30:00','2014-03-05 15:00:00','4H, 30m',22,'http://www.easternshuttle.com/cgi-bin/bus.cgi?is_prev=&return_flag=&is_roundtrip=&nm=4305&st=4305&option=Select&roundtrip=0&bus_from=New+York%2C+NY&sbus_from=New+York%2C+NY&bus_to=Washington%2C+DC&sbus_to=Washington%2C+DC&filter_date=2014-03-05&return_date=&quantity=1') ON DUPLICATE KEY UPDATE TRIP_COST = 22
2014-03-04 14:13:07,403: EasternTravel_4_straight  - Depart date: 03/05/2014
2014-03-04 14:13:07,403: EasternTravel_4_straight  - Depart time: 12:30 pm
2014-03-04 14:13:07,404: EasternTravel_4_straight  - Arrive time: 5:00 pm
2014-03-04 14:13:07,413: EasternTravel_4_straight  - Cost: $22
2014-03-04 14:13:07,470: EasternTravel_4_straight  - INSERT INTO 2014March5(TRIP_ID,COMPANY_NAME,DEPART_CITY,ARRIVE_CITY,DEPART_TIME,ARRIVE_TIME,TRIP_LENGTH,TRIP_COST,URL) VALUES(711123008,'EasternTravel','New York, NY','Washington, DC','2014-03-05 12:30:00','2014-03-05 17:00:00','4H, 30m',22,'http://www.easternshuttle.com/cgi-bin/bus.cgi?is_prev=&return_flag=&is_roundtrip=&nm=4305&st=4305&option=Select&roundtrip=0&bus_from=New+York%2C+NY&sbus_from=New+York%2C+NY&bus_to=Washington%2C+DC&sbus_to=Washington%2C+DC&filter_date=2014-03-05&return_date=&quantity=1') ON DUPLICATE KEY UPDATE TRIP_COST = 22
2014-03-04 14:13:07,471: EasternTravel_4_straight  - Depart date: 03/05/2014
2014-03-04 14:13:07,472: EasternTravel_4_straight  - Depart time: 1:30 pm
2014-03-04 14:13:07,477: EasternTravel_4_straight  - Arrive time: 6:00 pm
2014-03-04 14:13:07,477: EasternTravel_4_straight  - Cost: $22
2014-03-04 14:13:07,496: EasternTravel_4_straight  - INSERT INTO 2014March5(TRIP_ID,COMPANY_NAME,DEPART_CITY,ARRIVE_CITY,DEPART_TIME,ARRIVE_TIME,TRIP_LENGTH,TRIP_COST,URL) VALUES(711133008,'EasternTravel','New York, NY','Washington, DC','2014-03-05 13:30:00','2014-03-05 18:00:00','4H, 30m',22,'http://www.easternshuttle.com/cgi-bin/bus.cgi?is_prev=&return_flag=&is_roundtrip=&nm=4305&st=4305&option=Select&roundtrip=0&bus_from=New+York%2C+NY&sbus_from=New+York%2C+NY&bus_to=Washington%2C+DC&sbus_to=Washington%2C+DC&filter_date=2014-03-05&return_date=&quantity=1') ON DUPLICATE KEY UPDATE TRIP_COST = 22
2014-03-04 14:13:07,501: EasternTravel_4_straight  - Depart date: 03/05/2014
2014-03-04 14:13:07,509: EasternTravel_4_straight  - Depart time: 3:30 pm
2014-03-04 14:13:07,513: EasternTravel_4_straight  - Arrive time: 8:00 pm
2014-03-04 14:13:07,513: EasternTravel_4_straight  - Cost: $22
2014-03-04 14:13:07,609: EasternTravel_4_straight  - INSERT INTO 2014March5(TRIP_ID,COMPANY_NAME,DEPART_CITY,ARRIVE_CITY,DEPART_TIME,ARRIVE_TIME,TRIP_LENGTH,TRIP_COST,URL) VALUES(711153008,'EasternTravel','New York, NY','Washington, DC','2014-03-05 15:30:00','2014-03-05 20:00:00','4H, 30m',22,'http://www.easternshuttle.com/cgi-bin/bus.cgi?is_prev=&return_flag=&is_roundtrip=&nm=4305&st=4305&option=Select&roundtrip=0&bus_from=New+York%2C+NY&sbus_from=New+York%2C+NY&bus_to=Washington%2C+DC&sbus_to=Washington%2C+DC&filter_date=2014-03-05&return_date=&quantity=1') ON DUPLICATE KEY UPDATE TRIP_COST = 22
2014-03-04 14:13:07,611: EasternTravel_4_straight  - Depart date: 03/05/2014
2014-03-04 14:13:07,612: EasternTravel_4_straight  - Depart time: 4:30 pm
2014-03-04 14:13:07,613: EasternTravel_4_straight  - Arrive time: 9:00 pm
2014-03-04 14:13:07,615: EasternTravel_4_straight  - Cost: $22
2014-03-04 14:13:07,783: EasternTravel_4_straight  - INSERT INTO 2014March5(TRIP_ID,COMPANY_NAME,DEPART_CITY,ARRIVE_CITY,DEPART_TIME,ARRIVE_TIME,TRIP_LENGTH,TRIP_COST,URL) VALUES(711163008,'EasternTravel','New York, NY','Washington, DC','2014-03-05 16:30:00','2014-03-05 21:00:00','4H, 30m',22,'http://www.easternshuttle.com/cgi-bin/bus.cgi?is_prev=&return_flag=&is_roundtrip=&nm=4305&st=4305&option=Select&roundtrip=0&bus_from=New+York%2C+NY&sbus_from=New+York%2C+NY&bus_to=Washington%2C+DC&sbus_to=Washington%2C+DC&filter_date=2014-03-05&return_date=&quantity=1') ON DUPLICATE KEY UPDATE TRIP_COST = 22
2014-03-04 14:13:07,785: EasternTravel_4_straight  - Depart date: 03/05/2014
2014-03-04 14:13:07,786: EasternTravel_4_straight  - Depart time: 5:30 pm
2014-03-04 14:13:07,793: EasternTravel_4_straight  - Arrive time: 10:00 pm
2014-03-04 14:13:07,793: EasternTravel_4_straight  - Cost: $22
2014-03-04 14:13:07,846: EasternTravel_4_straight  - INSERT INTO 2014March5(TRIP_ID,COMPANY_NAME,DEPART_CITY,ARRIVE_CITY,DEPART_TIME,ARRIVE_TIME,TRIP_LENGTH,TRIP_COST,URL) VALUES(711173008,'EasternTravel','New York, NY','Washington, DC','2014-03-05 17:30:00','2014-03-05 22:00:00','4H, 30m',22,'http://www.easternshuttle.com/cgi-bin/bus.cgi?is_prev=&return_flag=&is_roundtrip=&nm=4305&st=4305&option=Select&roundtrip=0&bus_from=New+York%2C+NY&sbus_from=New+York%2C+NY&bus_to=Washington%2C+DC&sbus_to=Washington%2C+DC&filter_date=2014-03-05&return_date=&quantity=1') ON DUPLICATE KEY UPDATE TRIP_COST = 22
2014-03-04 14:13:07,847: EasternTravel_4_straight  - Depart date: 03/05/2014
2014-03-04 14:13:07,848: EasternTravel_4_straight  - Depart time: 6:30 pm
2014-03-04 14:13:07,848: EasternTravel_4_straight  - Arrive time: 11:00 pm
2014-03-04 14:13:07,849: EasternTravel_4_straight  - Cost: $22
2014-03-04 14:13:07,886: EasternTravel_4_straight  - INSERT INTO 2014March5(TRIP_ID,COMPANY_NAME,DEPART_CITY,ARRIVE_CITY,DEPART_TIME,ARRIVE_TIME,TRIP_LENGTH,TRIP_COST,URL) VALUES(711183008,'EasternTravel','New York, NY','Washington, DC','2014-03-05 18:30:00','2014-03-05 23:00:00','4H, 30m',22,'http://www.easternshuttle.com/cgi-bin/bus.cgi?is_prev=&return_flag=&is_roundtrip=&nm=4305&st=4305&option=Select&roundtrip=0&bus_from=New+York%2C+NY&sbus_from=New+York%2C+NY&bus_to=Washington%2C+DC&sbus_to=Washington%2C+DC&filter_date=2014-03-05&return_date=&quantity=1') ON DUPLICATE KEY UPDATE TRIP_COST = 22
2014-03-04 14:13:07,887: EasternTravel_4_straight  - Depart date: 03/05/2014
2014-03-04 14:13:07,888: EasternTravel_4_straight  - Depart time: 7:30 pm
2014-03-04 14:13:07,888: EasternTravel_4_straight  - Arrive time: 12:01 am
2014-03-04 14:13:07,889: EasternTravel_4_straight  - Cost: $22
2014-03-04 14:13:07,913: EasternTravel_4_straight  - INSERT INTO 2014March5(TRIP_ID,COMPANY_NAME,DEPART_CITY,ARRIVE_CITY,DEPART_TIME,ARRIVE_TIME,TRIP_LENGTH,TRIP_COST,URL) VALUES(711193008,'EasternTravel','New York, NY','Washington, DC','2014-03-05 19:30:00','2014-03-06 00:01:00','4H, 30m',22,'http://www.easternshuttle.com/cgi-bin/bus.cgi?is_prev=&return_flag=&is_roundtrip=&nm=4305&st=4305&option=Select&roundtrip=0&bus_from=New+York%2C+NY&sbus_from=New+York%2C+NY&bus_to=Washington%2C+DC&sbus_to=Washington%2C+DC&filter_date=2014-03-05&return_date=&quantity=1') ON DUPLICATE KEY UPDATE TRIP_COST = 22
2014-03-04 14:13:07,922: EasternTravel_4_straight  - Successfully completed schedule requests!
2014-03-04 14:13:07,923: EasternTravel_4_straight  - Jobs remaining: 0
2014-03-04 14:13:07,929: EasternTravel_4_straight  - Quitting...
2014-03-04 14:13:08,017: EasternTravel_4_straight  - Successfully deleted profile directory
