2014-03-04 13:58:57,534: Greyhound_5_straight  - Setting up mysql and firefox connections...
2014-03-04 13:58:57,538: Greyhound_5_straight  - DROP TABLE IF EXISTS 2014March3
2014-03-04 13:58:57,543: Greyhound_5_straight  - DROP TABLE IF EXISTS 2014March3
2014-03-04 13:58:57,550: Greyhound_5_straight  - DROP TABLE IF EXISTS 2014March2
2014-03-04 13:58:57,551: Greyhound_5_straight  - DROP TABLE IF EXISTS 2014March2
2014-03-04 13:58:57,551: Greyhound_5_straight  - DROP TABLE IF EXISTS 2014March1
2014-03-04 13:58:57,558: Greyhound_5_straight  - DROP TABLE IF EXISTS 2014March1
2014-03-04 13:58:57,571: Greyhound_5_straight  - DROP TABLE IF EXISTS 2014February28
2014-03-04 13:58:57,579: Greyhound_5_straight  - DROP TABLE IF EXISTS 2014February28
2014-03-04 13:58:57,579: Greyhound_5_straight  - DROP TABLE IF EXISTS 2014February27
2014-03-04 13:58:57,588: Greyhound_5_straight  - DROP TABLE IF EXISTS 2014February27
2014-03-04 13:58:57,594: Greyhound_5_straight  - DROP TABLE IF EXISTS 2014February26
2014-03-04 13:58:57,609: Greyhound_5_straight  - DROP TABLE IF EXISTS 2014February26
2014-03-04 13:58:57,610: Greyhound_5_straight  - DROP TABLE IF EXISTS 2014February25
2014-03-04 13:58:57,610: Greyhound_5_straight  - DROP TABLE IF EXISTS 2014February25
2014-03-04 13:58:57,611: Greyhound_5_straight  - DROP TABLE IF EXISTS 2014February24
2014-03-04 13:58:57,614: Greyhound_5_straight  - DROP TABLE IF EXISTS 2014February24
2014-03-04 13:58:57,617: Greyhound_5_straight  - DROP TABLE IF EXISTS 2014February23
2014-03-04 13:58:57,623: Greyhound_5_straight  - DROP TABLE IF EXISTS 2014February23
2014-03-04 13:58:57,623: Greyhound_5_straight  - DROP TABLE IF EXISTS 2014February22
2014-03-04 13:58:57,633: Greyhound_5_straight  - DROP TABLE IF EXISTS 2014February22
2014-03-04 13:58:57,641: Greyhound_5_straight  - DROP TABLE IF EXISTS 2014February21
2014-03-04 13:58:57,652: Greyhound_5_straight  - DROP TABLE IF EXISTS 2014February21
2014-03-04 13:58:57,654: Greyhound_5_straight  - DROP TABLE IF EXISTS 2014February20
2014-03-04 13:58:57,655: Greyhound_5_straight  - DROP TABLE IF EXISTS 2014February20
2014-03-04 13:58:57,656: Greyhound_5_straight  - DROP TABLE IF EXISTS 2014February19
2014-03-04 13:58:57,673: Greyhound_5_straight  - DROP TABLE IF EXISTS 2014February19
2014-03-04 13:58:57,680: Greyhound_5_straight  - DROP TABLE IF EXISTS 2014February18
2014-03-04 13:58:57,680: Greyhound_5_straight  - DROP TABLE IF EXISTS 2014February18
2014-03-04 13:59:06,995: Greyhound_5_straight  - Retrieving jobs...
2014-03-04 13:59:06,998: Greyhound_5_straight  - Number of jobs: 30
2014-03-04 13:59:07,002: Greyhound_5_straight  - Setting up makeups...
2014-03-04 13:59:07,003: Greyhound_5_straight  - CREATE TABLE IF NOT EXISTS Greyhound_makeup(TRIP_ID INT PRIMARY KEY, COMPANY_NAME VARCHAR(40), DEPART_CITY VARCHAR(40), ARRIVE_CITY VARCHAR(40), DEPART_DATE DATE)
2014-03-04 13:59:07,006: Greyhound_5_straight  - INSERT INTO Greyhound_makeup(TRIP_ID,COMPANY_NAME,DEPART_CITY,ARRIVE_CITY,DEPART_DATE) VALUES(111030501,'Greyhound','Boston, MA','Washington, DC','2014-03-05') ON DUPLICATE KEY UPDATE TRIP_ID = TRIP_ID
2014-03-04 13:59:07,011: Greyhound_5_straight  - CREATE TABLE IF NOT EXISTS Greyhound_makeup(TRIP_ID INT PRIMARY KEY, COMPANY_NAME VARCHAR(40), DEPART_CITY VARCHAR(40), ARRIVE_CITY VARCHAR(40), DEPART_DATE DATE)
2014-03-04 13:59:07,015: Greyhound_5_straight  - INSERT INTO Greyhound_makeup(TRIP_ID,COMPANY_NAME,DEPART_CITY,ARRIVE_CITY,DEPART_DATE) VALUES(106030501,'Greyhound','Boston, MA','Newark, NJ','2014-03-05') ON DUPLICATE KEY UPDATE TRIP_ID = TRIP_ID
2014-03-04 13:59:07,019: Greyhound_5_straight  - CREATE TABLE IF NOT EXISTS Greyhound_makeup(TRIP_ID INT PRIMARY KEY, COMPANY_NAME VARCHAR(40), DEPART_CITY VARCHAR(40), ARRIVE_CITY VARCHAR(40), DEPART_DATE DATE)
2014-03-04 13:59:07,019: Greyhound_5_straight  - INSERT INTO Greyhound_makeup(TRIP_ID,COMPANY_NAME,DEPART_CITY,ARRIVE_CITY,DEPART_DATE) VALUES(108030501,'Greyhound','Boston, MA','Philadelphia, PA','2014-03-05') ON DUPLICATE KEY UPDATE TRIP_ID = TRIP_ID
2014-03-04 13:59:07,030: Greyhound_5_straight  - CREATE TABLE IF NOT EXISTS Greyhound_makeup(TRIP_ID INT PRIMARY KEY, COMPANY_NAME VARCHAR(40), DEPART_CITY VARCHAR(40), ARRIVE_CITY VARCHAR(40), DEPART_DATE DATE)
2014-03-04 13:59:07,031: Greyhound_5_straight  - INSERT INTO Greyhound_makeup(TRIP_ID,COMPANY_NAME,DEPART_CITY,ARRIVE_CITY,DEPART_DATE) VALUES(107030501,'Greyhound','Boston, MA','New York, NY','2014-03-05') ON DUPLICATE KEY UPDATE TRIP_ID = TRIP_ID
2014-03-04 13:59:07,031: Greyhound_5_straight  - CREATE TABLE IF NOT EXISTS Greyhound_makeup(TRIP_ID INT PRIMARY KEY, COMPANY_NAME VARCHAR(40), DEPART_CITY VARCHAR(40), ARRIVE_CITY VARCHAR(40), DEPART_DATE DATE)
2014-03-04 13:59:07,032: Greyhound_5_straight  - INSERT INTO Greyhound_makeup(TRIP_ID,COMPANY_NAME,DEPART_CITY,ARRIVE_CITY,DEPART_DATE) VALUES(100030501,'Greyhound','Boston, MA','Baltimore, MD','2014-03-05') ON DUPLICATE KEY UPDATE TRIP_ID = TRIP_ID
2014-03-04 13:59:07,045: Greyhound_5_straight  - CREATE TABLE IF NOT EXISTS Greyhound_makeup(TRIP_ID INT PRIMARY KEY, COMPANY_NAME VARCHAR(40), DEPART_CITY VARCHAR(40), ARRIVE_CITY VARCHAR(40), DEPART_DATE DATE)
2014-03-04 13:59:07,047: Greyhound_5_straight  - INSERT INTO Greyhound_makeup(TRIP_ID,COMPANY_NAME,DEPART_CITY,ARRIVE_CITY,DEPART_DATE) VALUES(1101030501,'Greyhound','Washington, DC','Boston, MA','2014-03-05') ON DUPLICATE KEY UPDATE TRIP_ID = TRIP_ID
2014-03-04 13:59:07,049: Greyhound_5_straight  - CREATE TABLE IF NOT EXISTS Greyhound_makeup(TRIP_ID INT PRIMARY KEY, COMPANY_NAME VARCHAR(40), DEPART_CITY VARCHAR(40), ARRIVE_CITY VARCHAR(40), DEPART_DATE DATE)
2014-03-04 13:59:07,059: Greyhound_5_straight  - INSERT INTO Greyhound_makeup(TRIP_ID,COMPANY_NAME,DEPART_CITY,ARRIVE_CITY,DEPART_DATE) VALUES(1106030501,'Greyhound','Washington, DC','Newark, NJ','2014-03-05') ON DUPLICATE KEY UPDATE TRIP_ID = TRIP_ID
2014-03-04 13:59:07,065: Greyhound_5_straight  - CREATE TABLE IF NOT EXISTS Greyhound_makeup(TRIP_ID INT PRIMARY KEY, COMPANY_NAME VARCHAR(40), DEPART_CITY VARCHAR(40), ARRIVE_CITY VARCHAR(40), DEPART_DATE DATE)
2014-03-04 13:59:07,066: Greyhound_5_straight  - INSERT INTO Greyhound_makeup(TRIP_ID,COMPANY_NAME,DEPART_CITY,ARRIVE_CITY,DEPART_DATE) VALUES(1108030501,'Greyhound','Washington, DC','Philadelphia, PA','2014-03-05') ON DUPLICATE KEY UPDATE TRIP_ID = TRIP_ID
2014-03-04 13:59:07,082: Greyhound_5_straight  - CREATE TABLE IF NOT EXISTS Greyhound_makeup(TRIP_ID INT PRIMARY KEY, COMPANY_NAME VARCHAR(40), DEPART_CITY VARCHAR(40), ARRIVE_CITY VARCHAR(40), DEPART_DATE DATE)
2014-03-04 13:59:07,082: Greyhound_5_straight  - INSERT INTO Greyhound_makeup(TRIP_ID,COMPANY_NAME,DEPART_CITY,ARRIVE_CITY,DEPART_DATE) VALUES(1107030501,'Greyhound','Washington, DC','New York, NY','2014-03-05') ON DUPLICATE KEY UPDATE TRIP_ID = TRIP_ID
2014-03-04 13:59:07,083: Greyhound_5_straight  - CREATE TABLE IF NOT EXISTS Greyhound_makeup(TRIP_ID INT PRIMARY KEY, COMPANY_NAME VARCHAR(40), DEPART_CITY VARCHAR(40), ARRIVE_CITY VARCHAR(40), DEPART_DATE DATE)
2014-03-04 13:59:07,091: Greyhound_5_straight  - INSERT INTO Greyhound_makeup(TRIP_ID,COMPANY_NAME,DEPART_CITY,ARRIVE_CITY,DEPART_DATE) VALUES(1100030501,'Greyhound','Washington, DC','Baltimore, MD','2014-03-05') ON DUPLICATE KEY UPDATE TRIP_ID = TRIP_ID
2014-03-04 13:59:07,098: Greyhound_5_straight  - CREATE TABLE IF NOT EXISTS Greyhound_makeup(TRIP_ID INT PRIMARY KEY, COMPANY_NAME VARCHAR(40), DEPART_CITY VARCHAR(40), ARRIVE_CITY VARCHAR(40), DEPART_DATE DATE)
2014-03-04 13:59:07,105: Greyhound_5_straight  - INSERT INTO Greyhound_makeup(TRIP_ID,COMPANY_NAME,DEPART_CITY,ARRIVE_CITY,DEPART_DATE) VALUES(601030501,'Greyhound','Newark, NJ','Boston, MA','2014-03-05') ON DUPLICATE KEY UPDATE TRIP_ID = TRIP_ID
2014-03-04 13:59:07,106: Greyhound_5_straight  - CREATE TABLE IF NOT EXISTS Greyhound_makeup(TRIP_ID INT PRIMARY KEY, COMPANY_NAME VARCHAR(40), DEPART_CITY VARCHAR(40), ARRIVE_CITY VARCHAR(40), DEPART_DATE DATE)
2014-03-04 13:59:07,106: Greyhound_5_straight  - INSERT INTO Greyhound_makeup(TRIP_ID,COMPANY_NAME,DEPART_CITY,ARRIVE_CITY,DEPART_DATE) VALUES(611030501,'Greyhound','Newark, NJ','Washington, DC','2014-03-05') ON DUPLICATE KEY UPDATE TRIP_ID = TRIP_ID
2014-03-04 13:59:07,107: Greyhound_5_straight  - CREATE TABLE IF NOT EXISTS Greyhound_makeup(TRIP_ID INT PRIMARY KEY, COMPANY_NAME VARCHAR(40), DEPART_CITY VARCHAR(40), ARRIVE_CITY VARCHAR(40), DEPART_DATE DATE)
2014-03-04 13:59:07,108: Greyhound_5_straight  - INSERT INTO Greyhound_makeup(TRIP_ID,COMPANY_NAME,DEPART_CITY,ARRIVE_CITY,DEPART_DATE) VALUES(608030501,'Greyhound','Newark, NJ','Philadelphia, PA','2014-03-05') ON DUPLICATE KEY UPDATE TRIP_ID = TRIP_ID
2014-03-04 13:59:07,108: Greyhound_5_straight  - CREATE TABLE IF NOT EXISTS Greyhound_makeup(TRIP_ID INT PRIMARY KEY, COMPANY_NAME VARCHAR(40), DEPART_CITY VARCHAR(40), ARRIVE_CITY VARCHAR(40), DEPART_DATE DATE)
2014-03-04 13:59:07,109: Greyhound_5_straight  - INSERT INTO Greyhound_makeup(TRIP_ID,COMPANY_NAME,DEPART_CITY,ARRIVE_CITY,DEPART_DATE) VALUES(607030501,'Greyhound','Newark, NJ','New York, NY','2014-03-05') ON DUPLICATE KEY UPDATE TRIP_ID = TRIP_ID
2014-03-04 13:59:07,110: Greyhound_5_straight  - CREATE TABLE IF NOT EXISTS Greyhound_makeup(TRIP_ID INT PRIMARY KEY, COMPANY_NAME VARCHAR(40), DEPART_CITY VARCHAR(40), ARRIVE_CITY VARCHAR(40), DEPART_DATE DATE)
2014-03-04 13:59:07,113: Greyhound_5_straight  - INSERT INTO Greyhound_makeup(TRIP_ID,COMPANY_NAME,DEPART_CITY,ARRIVE_CITY,DEPART_DATE) VALUES(600030501,'Greyhound','Newark, NJ','Baltimore, MD','2014-03-05') ON DUPLICATE KEY UPDATE TRIP_ID = TRIP_ID
2014-03-04 13:59:07,119: Greyhound_5_straight  - CREATE TABLE IF NOT EXISTS Greyhound_makeup(TRIP_ID INT PRIMARY KEY, COMPANY_NAME VARCHAR(40), DEPART_CITY VARCHAR(40), ARRIVE_CITY VARCHAR(40), DEPART_DATE DATE)
2014-03-04 13:59:07,120: Greyhound_5_straight  - INSERT INTO Greyhound_makeup(TRIP_ID,COMPANY_NAME,DEPART_CITY,ARRIVE_CITY,DEPART_DATE) VALUES(801030501,'Greyhound','Philadelphia, PA','Boston, MA','2014-03-05') ON DUPLICATE KEY UPDATE TRIP_ID = TRIP_ID
2014-03-04 13:59:07,120: Greyhound_5_straight  - CREATE TABLE IF NOT EXISTS Greyhound_makeup(TRIP_ID INT PRIMARY KEY, COMPANY_NAME VARCHAR(40), DEPART_CITY VARCHAR(40), ARRIVE_CITY VARCHAR(40), DEPART_DATE DATE)
2014-03-04 13:59:07,121: Greyhound_5_straight  - INSERT INTO Greyhound_makeup(TRIP_ID,COMPANY_NAME,DEPART_CITY,ARRIVE_CITY,DEPART_DATE) VALUES(811030501,'Greyhound','Philadelphia, PA','Washington, DC','2014-03-05') ON DUPLICATE KEY UPDATE TRIP_ID = TRIP_ID
2014-03-04 13:59:07,129: Greyhound_5_straight  - CREATE TABLE IF NOT EXISTS Greyhound_makeup(TRIP_ID INT PRIMARY KEY, COMPANY_NAME VARCHAR(40), DEPART_CITY VARCHAR(40), ARRIVE_CITY VARCHAR(40), DEPART_DATE DATE)
2014-03-04 13:59:07,130: Greyhound_5_straight  - INSERT INTO Greyhound_makeup(TRIP_ID,COMPANY_NAME,DEPART_CITY,ARRIVE_CITY,DEPART_DATE) VALUES(806030501,'Greyhound','Philadelphia, PA','Newark, NJ','2014-03-05') ON DUPLICATE KEY UPDATE TRIP_ID = TRIP_ID
2014-03-04 13:59:07,138: Greyhound_5_straight  - CREATE TABLE IF NOT EXISTS Greyhound_makeup(TRIP_ID INT PRIMARY KEY, COMPANY_NAME VARCHAR(40), DEPART_CITY VARCHAR(40), ARRIVE_CITY VARCHAR(40), DEPART_DATE DATE)
2014-03-04 13:59:07,138: Greyhound_5_straight  - INSERT INTO Greyhound_makeup(TRIP_ID,COMPANY_NAME,DEPART_CITY,ARRIVE_CITY,DEPART_DATE) VALUES(807030501,'Greyhound','Philadelphia, PA','New York, NY','2014-03-05') ON DUPLICATE KEY UPDATE TRIP_ID = TRIP_ID
2014-03-04 13:59:07,139: Greyhound_5_straight  - CREATE TABLE IF NOT EXISTS Greyhound_makeup(TRIP_ID INT PRIMARY KEY, COMPANY_NAME VARCHAR(40), DEPART_CITY VARCHAR(40), ARRIVE_CITY VARCHAR(40), DEPART_DATE DATE)
2014-03-04 13:59:07,140: Greyhound_5_straight  - INSERT INTO Greyhound_makeup(TRIP_ID,COMPANY_NAME,DEPART_CITY,ARRIVE_CITY,DEPART_DATE) VALUES(800030501,'Greyhound','Philadelphia, PA','Baltimore, MD','2014-03-05') ON DUPLICATE KEY UPDATE TRIP_ID = TRIP_ID
2014-03-04 13:59:07,141: Greyhound_5_straight  - CREATE TABLE IF NOT EXISTS Greyhound_makeup(TRIP_ID INT PRIMARY KEY, COMPANY_NAME VARCHAR(40), DEPART_CITY VARCHAR(40), ARRIVE_CITY VARCHAR(40), DEPART_DATE DATE)
2014-03-04 13:59:07,142: Greyhound_5_straight  - INSERT INTO Greyhound_makeup(TRIP_ID,COMPANY_NAME,DEPART_CITY,ARRIVE_CITY,DEPART_DATE) VALUES(701030501,'Greyhound','New York, NY','Boston, MA','2014-03-05') ON DUPLICATE KEY UPDATE TRIP_ID = TRIP_ID
2014-03-04 13:59:07,153: Greyhound_5_straight  - CREATE TABLE IF NOT EXISTS Greyhound_makeup(TRIP_ID INT PRIMARY KEY, COMPANY_NAME VARCHAR(40), DEPART_CITY VARCHAR(40), ARRIVE_CITY VARCHAR(40), DEPART_DATE DATE)
2014-03-04 13:59:07,160: Greyhound_5_straight  - INSERT INTO Greyhound_makeup(TRIP_ID,COMPANY_NAME,DEPART_CITY,ARRIVE_CITY,DEPART_DATE) VALUES(711030501,'Greyhound','New York, NY','Washington, DC','2014-03-05') ON DUPLICATE KEY UPDATE TRIP_ID = TRIP_ID
2014-03-04 13:59:07,161: Greyhound_5_straight  - CREATE TABLE IF NOT EXISTS Greyhound_makeup(TRIP_ID INT PRIMARY KEY, COMPANY_NAME VARCHAR(40), DEPART_CITY VARCHAR(40), ARRIVE_CITY VARCHAR(40), DEPART_DATE DATE)
2014-03-04 13:59:07,161: Greyhound_5_straight  - INSERT INTO Greyhound_makeup(TRIP_ID,COMPANY_NAME,DEPART_CITY,ARRIVE_CITY,DEPART_DATE) VALUES(706030501,'Greyhound','New York, NY','Newark, NJ','2014-03-05') ON DUPLICATE KEY UPDATE TRIP_ID = TRIP_ID
2014-03-04 13:59:07,162: Greyhound_5_straight  - CREATE TABLE IF NOT EXISTS Greyhound_makeup(TRIP_ID INT PRIMARY KEY, COMPANY_NAME VARCHAR(40), DEPART_CITY VARCHAR(40), ARRIVE_CITY VARCHAR(40), DEPART_DATE DATE)
2014-03-04 13:59:07,163: Greyhound_5_straight  - INSERT INTO Greyhound_makeup(TRIP_ID,COMPANY_NAME,DEPART_CITY,ARRIVE_CITY,DEPART_DATE) VALUES(708030501,'Greyhound','New York, NY','Philadelphia, PA','2014-03-05') ON DUPLICATE KEY UPDATE TRIP_ID = TRIP_ID
2014-03-04 13:59:07,163: Greyhound_5_straight  - CREATE TABLE IF NOT EXISTS Greyhound_makeup(TRIP_ID INT PRIMARY KEY, COMPANY_NAME VARCHAR(40), DEPART_CITY VARCHAR(40), ARRIVE_CITY VARCHAR(40), DEPART_DATE DATE)
2014-03-04 13:59:07,164: Greyhound_5_straight  - INSERT INTO Greyhound_makeup(TRIP_ID,COMPANY_NAME,DEPART_CITY,ARRIVE_CITY,DEPART_DATE) VALUES(700030501,'Greyhound','New York, NY','Baltimore, MD','2014-03-05') ON DUPLICATE KEY UPDATE TRIP_ID = TRIP_ID
2014-03-04 13:59:07,165: Greyhound_5_straight  - CREATE TABLE IF NOT EXISTS Greyhound_makeup(TRIP_ID INT PRIMARY KEY, COMPANY_NAME VARCHAR(40), DEPART_CITY VARCHAR(40), ARRIVE_CITY VARCHAR(40), DEPART_DATE DATE)
2014-03-04 13:59:07,195: Greyhound_5_straight  - INSERT INTO Greyhound_makeup(TRIP_ID,COMPANY_NAME,DEPART_CITY,ARRIVE_CITY,DEPART_DATE) VALUES(1030501,'Greyhound','Baltimore, MD','Boston, MA','2014-03-05') ON DUPLICATE KEY UPDATE TRIP_ID = TRIP_ID
2014-03-04 13:59:07,201: Greyhound_5_straight  - CREATE TABLE IF NOT EXISTS Greyhound_makeup(TRIP_ID INT PRIMARY KEY, COMPANY_NAME VARCHAR(40), DEPART_CITY VARCHAR(40), ARRIVE_CITY VARCHAR(40), DEPART_DATE DATE)
2014-03-04 13:59:07,203: Greyhound_5_straight  - INSERT INTO Greyhound_makeup(TRIP_ID,COMPANY_NAME,DEPART_CITY,ARRIVE_CITY,DEPART_DATE) VALUES(11030501,'Greyhound','Baltimore, MD','Washington, DC','2014-03-05') ON DUPLICATE KEY UPDATE TRIP_ID = TRIP_ID
2014-03-04 13:59:07,204: Greyhound_5_straight  - CREATE TABLE IF NOT EXISTS Greyhound_makeup(TRIP_ID INT PRIMARY KEY, COMPANY_NAME VARCHAR(40), DEPART_CITY VARCHAR(40), ARRIVE_CITY VARCHAR(40), DEPART_DATE DATE)
2014-03-04 13:59:07,206: Greyhound_5_straight  - INSERT INTO Greyhound_makeup(TRIP_ID,COMPANY_NAME,DEPART_CITY,ARRIVE_CITY,DEPART_DATE) VALUES(6030501,'Greyhound','Baltimore, MD','Newark, NJ','2014-03-05') ON DUPLICATE KEY UPDATE TRIP_ID = TRIP_ID
2014-03-04 13:59:07,218: Greyhound_5_straight  - CREATE TABLE IF NOT EXISTS Greyhound_makeup(TRIP_ID INT PRIMARY KEY, COMPANY_NAME VARCHAR(40), DEPART_CITY VARCHAR(40), ARRIVE_CITY VARCHAR(40), DEPART_DATE DATE)
2014-03-04 13:59:07,225: Greyhound_5_straight  - INSERT INTO Greyhound_makeup(TRIP_ID,COMPANY_NAME,DEPART_CITY,ARRIVE_CITY,DEPART_DATE) VALUES(8030501,'Greyhound','Baltimore, MD','Philadelphia, PA','2014-03-05') ON DUPLICATE KEY UPDATE TRIP_ID = TRIP_ID
2014-03-04 13:59:07,226: Greyhound_5_straight  - CREATE TABLE IF NOT EXISTS Greyhound_makeup(TRIP_ID INT PRIMARY KEY, COMPANY_NAME VARCHAR(40), DEPART_CITY VARCHAR(40), ARRIVE_CITY VARCHAR(40), DEPART_DATE DATE)
2014-03-04 13:59:07,227: Greyhound_5_straight  - INSERT INTO Greyhound_makeup(TRIP_ID,COMPANY_NAME,DEPART_CITY,ARRIVE_CITY,DEPART_DATE) VALUES(7030501,'Greyhound','Baltimore, MD','New York, NY','2014-03-05') ON DUPLICATE KEY UPDATE TRIP_ID = TRIP_ID
2014-03-04 13:59:07,230: Greyhound_5_straight  - Starting session!
2014-03-04 13:59:07,230: Greyhound_5_straight  - Not using proxies!
2014-03-04 13:59:07,231: Greyhound_5_straight  - Jobs remaining: 30
2014-03-04 13:59:07,232: Greyhound_5_straight  - Number of proxy rotations allowed: 4
2014-03-04 13:59:07,237: Greyhound_5_straight  - Number of browser restarts allowed: 2
2014-03-04 13:59:07,241: Greyhound_5_straight  - NEW SEARCH
2014-03-04 13:59:07,243: Greyhound_5_straight  - Deleting all cookies...
2014-03-04 14:13:08,086: Greyhound_4_straight  - Setting up mysql and firefox connections...
2014-03-04 14:13:08,087: Greyhound_4_straight  - DROP TABLE IF EXISTS 2014March3
2014-03-04 14:13:08,088: Greyhound_4_straight  - DROP TABLE IF EXISTS 2014March3
2014-03-04 14:13:08,089: Greyhound_4_straight  - DROP TABLE IF EXISTS 2014March2
2014-03-04 14:13:08,090: Greyhound_4_straight  - DROP TABLE IF EXISTS 2014March2
2014-03-04 14:13:08,090: Greyhound_4_straight  - DROP TABLE IF EXISTS 2014March1
2014-03-04 14:13:08,102: Greyhound_4_straight  - DROP TABLE IF EXISTS 2014March1
2014-03-04 14:13:08,103: Greyhound_4_straight  - DROP TABLE IF EXISTS 2014February28
2014-03-04 14:13:08,104: Greyhound_4_straight  - DROP TABLE IF EXISTS 2014February28
2014-03-04 14:13:08,106: Greyhound_4_straight  - DROP TABLE IF EXISTS 2014February27
2014-03-04 14:13:08,111: Greyhound_4_straight  - DROP TABLE IF EXISTS 2014February27
2014-03-04 14:13:08,111: Greyhound_4_straight  - DROP TABLE IF EXISTS 2014February26
2014-03-04 14:13:08,112: Greyhound_4_straight  - DROP TABLE IF EXISTS 2014February26
2014-03-04 14:13:08,121: Greyhound_4_straight  - DROP TABLE IF EXISTS 2014February25
2014-03-04 14:13:08,121: Greyhound_4_straight  - DROP TABLE IF EXISTS 2014February25
2014-03-04 14:13:08,122: Greyhound_4_straight  - DROP TABLE IF EXISTS 2014February24
2014-03-04 14:13:08,123: Greyhound_4_straight  - DROP TABLE IF EXISTS 2014February24
2014-03-04 14:13:08,123: Greyhound_4_straight  - DROP TABLE IF EXISTS 2014February23
2014-03-04 14:13:08,124: Greyhound_4_straight  - DROP TABLE IF EXISTS 2014February23
2014-03-04 14:13:08,124: Greyhound_4_straight  - DROP TABLE IF EXISTS 2014February22
2014-03-04 14:13:08,125: Greyhound_4_straight  - DROP TABLE IF EXISTS 2014February22
2014-03-04 14:13:08,134: Greyhound_4_straight  - DROP TABLE IF EXISTS 2014February21
2014-03-04 14:13:08,134: Greyhound_4_straight  - DROP TABLE IF EXISTS 2014February21
2014-03-04 14:13:08,135: Greyhound_4_straight  - DROP TABLE IF EXISTS 2014February20
2014-03-04 14:13:08,137: Greyhound_4_straight  - DROP TABLE IF EXISTS 2014February20
2014-03-04 14:13:08,137: Greyhound_4_straight  - DROP TABLE IF EXISTS 2014February19
2014-03-04 14:13:08,138: Greyhound_4_straight  - DROP TABLE IF EXISTS 2014February19
2014-03-04 14:13:08,139: Greyhound_4_straight  - DROP TABLE IF EXISTS 2014February18
2014-03-04 14:13:08,142: Greyhound_4_straight  - DROP TABLE IF EXISTS 2014February18
2014-03-04 14:13:16,047: Greyhound_4_straight  - Retrieving jobs...
2014-03-04 14:13:16,049: Greyhound_4_straight  - Number of jobs: 30
2014-03-04 14:13:16,053: Greyhound_4_straight  - Setting up makeups...
2014-03-04 14:13:16,054: Greyhound_4_straight  - CREATE TABLE IF NOT EXISTS Greyhound_makeup(TRIP_ID INT PRIMARY KEY, COMPANY_NAME VARCHAR(40), DEPART_CITY VARCHAR(40), ARRIVE_CITY VARCHAR(40), DEPART_DATE DATE)
2014-03-04 14:13:16,062: Greyhound_4_straight  - INSERT INTO Greyhound_makeup(TRIP_ID,COMPANY_NAME,DEPART_CITY,ARRIVE_CITY,DEPART_DATE) VALUES(106030501,'Greyhound','Boston, MA','Newark, NJ','2014-03-05') ON DUPLICATE KEY UPDATE TRIP_ID = TRIP_ID
2014-03-04 14:13:16,063: Greyhound_4_straight  - CREATE TABLE IF NOT EXISTS Greyhound_makeup(TRIP_ID INT PRIMARY KEY, COMPANY_NAME VARCHAR(40), DEPART_CITY VARCHAR(40), ARRIVE_CITY VARCHAR(40), DEPART_DATE DATE)
2014-03-04 14:13:16,063: Greyhound_4_straight  - INSERT INTO Greyhound_makeup(TRIP_ID,COMPANY_NAME,DEPART_CITY,ARRIVE_CITY,DEPART_DATE) VALUES(107030501,'Greyhound','Boston, MA','New York, NY','2014-03-05') ON DUPLICATE KEY UPDATE TRIP_ID = TRIP_ID
2014-03-04 14:13:16,064: Greyhound_4_straight  - CREATE TABLE IF NOT EXISTS Greyhound_makeup(TRIP_ID INT PRIMARY KEY, COMPANY_NAME VARCHAR(40), DEPART_CITY VARCHAR(40), ARRIVE_CITY VARCHAR(40), DEPART_DATE DATE)
2014-03-04 14:13:16,065: Greyhound_4_straight  - INSERT INTO Greyhound_makeup(TRIP_ID,COMPANY_NAME,DEPART_CITY,ARRIVE_CITY,DEPART_DATE) VALUES(100030501,'Greyhound','Boston, MA','Baltimore, MD','2014-03-05') ON DUPLICATE KEY UPDATE TRIP_ID = TRIP_ID
2014-03-04 14:13:16,066: Greyhound_4_straight  - CREATE TABLE IF NOT EXISTS Greyhound_makeup(TRIP_ID INT PRIMARY KEY, COMPANY_NAME VARCHAR(40), DEPART_CITY VARCHAR(40), ARRIVE_CITY VARCHAR(40), DEPART_DATE DATE)
2014-03-04 14:13:16,066: Greyhound_4_straight  - INSERT INTO Greyhound_makeup(TRIP_ID,COMPANY_NAME,DEPART_CITY,ARRIVE_CITY,DEPART_DATE) VALUES(111030501,'Greyhound','Boston, MA','Washington, DC','2014-03-05') ON DUPLICATE KEY UPDATE TRIP_ID = TRIP_ID
2014-03-04 14:13:16,067: Greyhound_4_straight  - CREATE TABLE IF NOT EXISTS Greyhound_makeup(TRIP_ID INT PRIMARY KEY, COMPANY_NAME VARCHAR(40), DEPART_CITY VARCHAR(40), ARRIVE_CITY VARCHAR(40), DEPART_DATE DATE)
2014-03-04 14:13:16,068: Greyhound_4_straight  - INSERT INTO Greyhound_makeup(TRIP_ID,COMPANY_NAME,DEPART_CITY,ARRIVE_CITY,DEPART_DATE) VALUES(108030501,'Greyhound','Boston, MA','Philadelphia, PA','2014-03-05') ON DUPLICATE KEY UPDATE TRIP_ID = TRIP_ID
2014-03-04 14:13:16,068: Greyhound_4_straight  - CREATE TABLE IF NOT EXISTS Greyhound_makeup(TRIP_ID INT PRIMARY KEY, COMPANY_NAME VARCHAR(40), DEPART_CITY VARCHAR(40), ARRIVE_CITY VARCHAR(40), DEPART_DATE DATE)
2014-03-04 14:13:16,071: Greyhound_4_straight  - INSERT INTO Greyhound_makeup(TRIP_ID,COMPANY_NAME,DEPART_CITY,ARRIVE_CITY,DEPART_DATE) VALUES(601030501,'Greyhound','Newark, NJ','Boston, MA','2014-03-05') ON DUPLICATE KEY UPDATE TRIP_ID = TRIP_ID
2014-03-04 14:13:16,073: Greyhound_4_straight  - CREATE TABLE IF NOT EXISTS Greyhound_makeup(TRIP_ID INT PRIMARY KEY, COMPANY_NAME VARCHAR(40), DEPART_CITY VARCHAR(40), ARRIVE_CITY VARCHAR(40), DEPART_DATE DATE)
2014-03-04 14:13:16,095: Greyhound_4_straight  - INSERT INTO Greyhound_makeup(TRIP_ID,COMPANY_NAME,DEPART_CITY,ARRIVE_CITY,DEPART_DATE) VALUES(607030501,'Greyhound','Newark, NJ','New York, NY','2014-03-05') ON DUPLICATE KEY UPDATE TRIP_ID = TRIP_ID
2014-03-04 14:13:16,097: Greyhound_4_straight  - CREATE TABLE IF NOT EXISTS Greyhound_makeup(TRIP_ID INT PRIMARY KEY, COMPANY_NAME VARCHAR(40), DEPART_CITY VARCHAR(40), ARRIVE_CITY VARCHAR(40), DEPART_DATE DATE)
2014-03-04 14:13:16,098: Greyhound_4_straight  - INSERT INTO Greyhound_makeup(TRIP_ID,COMPANY_NAME,DEPART_CITY,ARRIVE_CITY,DEPART_DATE) VALUES(600030501,'Greyhound','Newark, NJ','Baltimore, MD','2014-03-05') ON DUPLICATE KEY UPDATE TRIP_ID = TRIP_ID
2014-03-04 14:13:16,098: Greyhound_4_straight  - CREATE TABLE IF NOT EXISTS Greyhound_makeup(TRIP_ID INT PRIMARY KEY, COMPANY_NAME VARCHAR(40), DEPART_CITY VARCHAR(40), ARRIVE_CITY VARCHAR(40), DEPART_DATE DATE)
2014-03-04 14:13:16,099: Greyhound_4_straight  - INSERT INTO Greyhound_makeup(TRIP_ID,COMPANY_NAME,DEPART_CITY,ARRIVE_CITY,DEPART_DATE) VALUES(611030501,'Greyhound','Newark, NJ','Washington, DC','2014-03-05') ON DUPLICATE KEY UPDATE TRIP_ID = TRIP_ID
2014-03-04 14:13:16,099: Greyhound_4_straight  - CREATE TABLE IF NOT EXISTS Greyhound_makeup(TRIP_ID INT PRIMARY KEY, COMPANY_NAME VARCHAR(40), DEPART_CITY VARCHAR(40), ARRIVE_CITY VARCHAR(40), DEPART_DATE DATE)
2014-03-04 14:13:16,100: Greyhound_4_straight  - INSERT INTO Greyhound_makeup(TRIP_ID,COMPANY_NAME,DEPART_CITY,ARRIVE_CITY,DEPART_DATE) VALUES(608030501,'Greyhound','Newark, NJ','Philadelphia, PA','2014-03-05') ON DUPLICATE KEY UPDATE TRIP_ID = TRIP_ID
2014-03-04 14:13:16,101: Greyhound_4_straight  - CREATE TABLE IF NOT EXISTS Greyhound_makeup(TRIP_ID INT PRIMARY KEY, COMPANY_NAME VARCHAR(40), DEPART_CITY VARCHAR(40), ARRIVE_CITY VARCHAR(40), DEPART_DATE DATE)
2014-03-04 14:13:16,101: Greyhound_4_straight  - INSERT INTO Greyhound_makeup(TRIP_ID,COMPANY_NAME,DEPART_CITY,ARRIVE_CITY,DEPART_DATE) VALUES(701030501,'Greyhound','New York, NY','Boston, MA','2014-03-05') ON DUPLICATE KEY UPDATE TRIP_ID = TRIP_ID
2014-03-04 14:13:16,102: Greyhound_4_straight  - CREATE TABLE IF NOT EXISTS Greyhound_makeup(TRIP_ID INT PRIMARY KEY, COMPANY_NAME VARCHAR(40), DEPART_CITY VARCHAR(40), ARRIVE_CITY VARCHAR(40), DEPART_DATE DATE)
2014-03-04 14:13:16,103: Greyhound_4_straight  - INSERT INTO Greyhound_makeup(TRIP_ID,COMPANY_NAME,DEPART_CITY,ARRIVE_CITY,DEPART_DATE) VALUES(706030501,'Greyhound','New York, NY','Newark, NJ','2014-03-05') ON DUPLICATE KEY UPDATE TRIP_ID = TRIP_ID
2014-03-04 14:13:16,103: Greyhound_4_straight  - CREATE TABLE IF NOT EXISTS Greyhound_makeup(TRIP_ID INT PRIMARY KEY, COMPANY_NAME VARCHAR(40), DEPART_CITY VARCHAR(40), ARRIVE_CITY VARCHAR(40), DEPART_DATE DATE)
2014-03-04 14:13:16,104: Greyhound_4_straight  - INSERT INTO Greyhound_makeup(TRIP_ID,COMPANY_NAME,DEPART_CITY,ARRIVE_CITY,DEPART_DATE) VALUES(700030501,'Greyhound','New York, NY','Baltimore, MD','2014-03-05') ON DUPLICATE KEY UPDATE TRIP_ID = TRIP_ID
2014-03-04 14:13:16,108: Greyhound_4_straight  - CREATE TABLE IF NOT EXISTS Greyhound_makeup(TRIP_ID INT PRIMARY KEY, COMPANY_NAME VARCHAR(40), DEPART_CITY VARCHAR(40), ARRIVE_CITY VARCHAR(40), DEPART_DATE DATE)
2014-03-04 14:13:16,108: Greyhound_4_straight  - INSERT INTO Greyhound_makeup(TRIP_ID,COMPANY_NAME,DEPART_CITY,ARRIVE_CITY,DEPART_DATE) VALUES(711030501,'Greyhound','New York, NY','Washington, DC','2014-03-05') ON DUPLICATE KEY UPDATE TRIP_ID = TRIP_ID
2014-03-04 14:13:16,109: Greyhound_4_straight  - CREATE TABLE IF NOT EXISTS Greyhound_makeup(TRIP_ID INT PRIMARY KEY, COMPANY_NAME VARCHAR(40), DEPART_CITY VARCHAR(40), ARRIVE_CITY VARCHAR(40), DEPART_DATE DATE)
2014-03-04 14:13:16,117: Greyhound_4_straight  - INSERT INTO Greyhound_makeup(TRIP_ID,COMPANY_NAME,DEPART_CITY,ARRIVE_CITY,DEPART_DATE) VALUES(708030501,'Greyhound','New York, NY','Philadelphia, PA','2014-03-05') ON DUPLICATE KEY UPDATE TRIP_ID = TRIP_ID
2014-03-04 14:13:16,118: Greyhound_4_straight  - CREATE TABLE IF NOT EXISTS Greyhound_makeup(TRIP_ID INT PRIMARY KEY, COMPANY_NAME VARCHAR(40), DEPART_CITY VARCHAR(40), ARRIVE_CITY VARCHAR(40), DEPART_DATE DATE)
2014-03-04 14:13:16,123: Greyhound_4_straight  - INSERT INTO Greyhound_makeup(TRIP_ID,COMPANY_NAME,DEPART_CITY,ARRIVE_CITY,DEPART_DATE) VALUES(1030501,'Greyhound','Baltimore, MD','Boston, MA','2014-03-05') ON DUPLICATE KEY UPDATE TRIP_ID = TRIP_ID
2014-03-04 14:13:16,124: Greyhound_4_straight  - CREATE TABLE IF NOT EXISTS Greyhound_makeup(TRIP_ID INT PRIMARY KEY, COMPANY_NAME VARCHAR(40), DEPART_CITY VARCHAR(40), ARRIVE_CITY VARCHAR(40), DEPART_DATE DATE)
2014-03-04 14:13:16,127: Greyhound_4_straight  - INSERT INTO Greyhound_makeup(TRIP_ID,COMPANY_NAME,DEPART_CITY,ARRIVE_CITY,DEPART_DATE) VALUES(6030501,'Greyhound','Baltimore, MD','Newark, NJ','2014-03-05') ON DUPLICATE KEY UPDATE TRIP_ID = TRIP_ID
2014-03-04 14:13:16,128: Greyhound_4_straight  - CREATE TABLE IF NOT EXISTS Greyhound_makeup(TRIP_ID INT PRIMARY KEY, COMPANY_NAME VARCHAR(40), DEPART_CITY VARCHAR(40), ARRIVE_CITY VARCHAR(40), DEPART_DATE DATE)
2014-03-04 14:13:16,128: Greyhound_4_straight  - INSERT INTO Greyhound_makeup(TRIP_ID,COMPANY_NAME,DEPART_CITY,ARRIVE_CITY,DEPART_DATE) VALUES(7030501,'Greyhound','Baltimore, MD','New York, NY','2014-03-05') ON DUPLICATE KEY UPDATE TRIP_ID = TRIP_ID
2014-03-04 14:13:16,130: Greyhound_4_straight  - CREATE TABLE IF NOT EXISTS Greyhound_makeup(TRIP_ID INT PRIMARY KEY, COMPANY_NAME VARCHAR(40), DEPART_CITY VARCHAR(40), ARRIVE_CITY VARCHAR(40), DEPART_DATE DATE)
2014-03-04 14:13:16,132: Greyhound_4_straight  - INSERT INTO Greyhound_makeup(TRIP_ID,COMPANY_NAME,DEPART_CITY,ARRIVE_CITY,DEPART_DATE) VALUES(11030501,'Greyhound','Baltimore, MD','Washington, DC','2014-03-05') ON DUPLICATE KEY UPDATE TRIP_ID = TRIP_ID
2014-03-04 14:13:16,132: Greyhound_4_straight  - CREATE TABLE IF NOT EXISTS Greyhound_makeup(TRIP_ID INT PRIMARY KEY, COMPANY_NAME VARCHAR(40), DEPART_CITY VARCHAR(40), ARRIVE_CITY VARCHAR(40), DEPART_DATE DATE)
2014-03-04 14:13:16,133: Greyhound_4_straight  - INSERT INTO Greyhound_makeup(TRIP_ID,COMPANY_NAME,DEPART_CITY,ARRIVE_CITY,DEPART_DATE) VALUES(8030501,'Greyhound','Baltimore, MD','Philadelphia, PA','2014-03-05') ON DUPLICATE KEY UPDATE TRIP_ID = TRIP_ID
2014-03-04 14:13:16,149: Greyhound_4_straight  - CREATE TABLE IF NOT EXISTS Greyhound_makeup(TRIP_ID INT PRIMARY KEY, COMPANY_NAME VARCHAR(40), DEPART_CITY VARCHAR(40), ARRIVE_CITY VARCHAR(40), DEPART_DATE DATE)
2014-03-04 14:13:16,157: Greyhound_4_straight  - INSERT INTO Greyhound_makeup(TRIP_ID,COMPANY_NAME,DEPART_CITY,ARRIVE_CITY,DEPART_DATE) VALUES(1101030501,'Greyhound','Washington, DC','Boston, MA','2014-03-05') ON DUPLICATE KEY UPDATE TRIP_ID = TRIP_ID
2014-03-04 14:13:16,165: Greyhound_4_straight  - CREATE TABLE IF NOT EXISTS Greyhound_makeup(TRIP_ID INT PRIMARY KEY, COMPANY_NAME VARCHAR(40), DEPART_CITY VARCHAR(40), ARRIVE_CITY VARCHAR(40), DEPART_DATE DATE)
2014-03-04 14:13:16,166: Greyhound_4_straight  - INSERT INTO Greyhound_makeup(TRIP_ID,COMPANY_NAME,DEPART_CITY,ARRIVE_CITY,DEPART_DATE) VALUES(1106030501,'Greyhound','Washington, DC','Newark, NJ','2014-03-05') ON DUPLICATE KEY UPDATE TRIP_ID = TRIP_ID
2014-03-04 14:13:16,167: Greyhound_4_straight  - CREATE TABLE IF NOT EXISTS Greyhound_makeup(TRIP_ID INT PRIMARY KEY, COMPANY_NAME VARCHAR(40), DEPART_CITY VARCHAR(40), ARRIVE_CITY VARCHAR(40), DEPART_DATE DATE)
2014-03-04 14:13:16,170: Greyhound_4_straight  - INSERT INTO Greyhound_makeup(TRIP_ID,COMPANY_NAME,DEPART_CITY,ARRIVE_CITY,DEPART_DATE) VALUES(1107030501,'Greyhound','Washington, DC','New York, NY','2014-03-05') ON DUPLICATE KEY UPDATE TRIP_ID = TRIP_ID
2014-03-04 14:13:16,171: Greyhound_4_straight  - CREATE TABLE IF NOT EXISTS Greyhound_makeup(TRIP_ID INT PRIMARY KEY, COMPANY_NAME VARCHAR(40), DEPART_CITY VARCHAR(40), ARRIVE_CITY VARCHAR(40), DEPART_DATE DATE)
2014-03-04 14:13:16,177: Greyhound_4_straight  - INSERT INTO Greyhound_makeup(TRIP_ID,COMPANY_NAME,DEPART_CITY,ARRIVE_CITY,DEPART_DATE) VALUES(1100030501,'Greyhound','Washington, DC','Baltimore, MD','2014-03-05') ON DUPLICATE KEY UPDATE TRIP_ID = TRIP_ID
2014-03-04 14:13:16,182: Greyhound_4_straight  - CREATE TABLE IF NOT EXISTS Greyhound_makeup(TRIP_ID INT PRIMARY KEY, COMPANY_NAME VARCHAR(40), DEPART_CITY VARCHAR(40), ARRIVE_CITY VARCHAR(40), DEPART_DATE DATE)
2014-03-04 14:13:16,186: Greyhound_4_straight  - INSERT INTO Greyhound_makeup(TRIP_ID,COMPANY_NAME,DEPART_CITY,ARRIVE_CITY,DEPART_DATE) VALUES(1108030501,'Greyhound','Washington, DC','Philadelphia, PA','2014-03-05') ON DUPLICATE KEY UPDATE TRIP_ID = TRIP_ID
2014-03-04 14:13:16,190: Greyhound_4_straight  - CREATE TABLE IF NOT EXISTS Greyhound_makeup(TRIP_ID INT PRIMARY KEY, COMPANY_NAME VARCHAR(40), DEPART_CITY VARCHAR(40), ARRIVE_CITY VARCHAR(40), DEPART_DATE DATE)
2014-03-04 14:13:16,193: Greyhound_4_straight  - INSERT INTO Greyhound_makeup(TRIP_ID,COMPANY_NAME,DEPART_CITY,ARRIVE_CITY,DEPART_DATE) VALUES(801030501,'Greyhound','Philadelphia, PA','Boston, MA','2014-03-05') ON DUPLICATE KEY UPDATE TRIP_ID = TRIP_ID
2014-03-04 14:13:16,194: Greyhound_4_straight  - CREATE TABLE IF NOT EXISTS Greyhound_makeup(TRIP_ID INT PRIMARY KEY, COMPANY_NAME VARCHAR(40), DEPART_CITY VARCHAR(40), ARRIVE_CITY VARCHAR(40), DEPART_DATE DATE)
2014-03-04 14:13:16,195: Greyhound_4_straight  - INSERT INTO Greyhound_makeup(TRIP_ID,COMPANY_NAME,DEPART_CITY,ARRIVE_CITY,DEPART_DATE) VALUES(806030501,'Greyhound','Philadelphia, PA','Newark, NJ','2014-03-05') ON DUPLICATE KEY UPDATE TRIP_ID = TRIP_ID
2014-03-04 14:13:16,196: Greyhound_4_straight  - CREATE TABLE IF NOT EXISTS Greyhound_makeup(TRIP_ID INT PRIMARY KEY, COMPANY_NAME VARCHAR(40), DEPART_CITY VARCHAR(40), ARRIVE_CITY VARCHAR(40), DEPART_DATE DATE)
2014-03-04 14:13:16,198: Greyhound_4_straight  - INSERT INTO Greyhound_makeup(TRIP_ID,COMPANY_NAME,DEPART_CITY,ARRIVE_CITY,DEPART_DATE) VALUES(807030501,'Greyhound','Philadelphia, PA','New York, NY','2014-03-05') ON DUPLICATE KEY UPDATE TRIP_ID = TRIP_ID
2014-03-04 14:13:16,199: Greyhound_4_straight  - CREATE TABLE IF NOT EXISTS Greyhound_makeup(TRIP_ID INT PRIMARY KEY, COMPANY_NAME VARCHAR(40), DEPART_CITY VARCHAR(40), ARRIVE_CITY VARCHAR(40), DEPART_DATE DATE)
2014-03-04 14:13:16,199: Greyhound_4_straight  - INSERT INTO Greyhound_makeup(TRIP_ID,COMPANY_NAME,DEPART_CITY,ARRIVE_CITY,DEPART_DATE) VALUES(800030501,'Greyhound','Philadelphia, PA','Baltimore, MD','2014-03-05') ON DUPLICATE KEY UPDATE TRIP_ID = TRIP_ID
2014-03-04 14:13:16,200: Greyhound_4_straight  - CREATE TABLE IF NOT EXISTS Greyhound_makeup(TRIP_ID INT PRIMARY KEY, COMPANY_NAME VARCHAR(40), DEPART_CITY VARCHAR(40), ARRIVE_CITY VARCHAR(40), DEPART_DATE DATE)
2014-03-04 14:13:16,223: Greyhound_4_straight  - INSERT INTO Greyhound_makeup(TRIP_ID,COMPANY_NAME,DEPART_CITY,ARRIVE_CITY,DEPART_DATE) VALUES(811030501,'Greyhound','Philadelphia, PA','Washington, DC','2014-03-05') ON DUPLICATE KEY UPDATE TRIP_ID = TRIP_ID
2014-03-04 14:13:16,225: Greyhound_4_straight  - Starting session!
2014-03-04 14:13:16,232: Greyhound_4_straight  - Not using proxies!
2014-03-04 14:13:16,232: Greyhound_4_straight  - Jobs remaining: 30
2014-03-04 14:13:16,256: Greyhound_4_straight  - Number of proxy rotations allowed: 4
2014-03-04 14:13:16,257: Greyhound_4_straight  - Number of browser restarts allowed: 2
2014-03-04 14:13:16,260: Greyhound_4_straight  - NEW SEARCH
2014-03-04 14:13:16,261: Greyhound_4_straight  - Deleting all cookies...
2014-03-04 14:13:51,237: Greyhound_4_straight  - From Boston, MA to Newark, NJ (03/05/2014)
2014-03-04 14:13:51,239: Greyhound_4_straight  - Clearing text fields
2014-03-04 14:13:51,800: Greyhound_4_straight  - Typing origin city...
2014-03-04 14:13:58,069: Greyhound_4_straight  - Typing destination city...
2014-03-04 14:14:04,273: Greyhound_4_straight  - Typing departure date...
2014-03-04 14:14:10,497: Greyhound_4_straight  - Clicking on search button...
2014-03-04 14:15:01,234: Greyhound_4_straight  - Parsing table...
2014-03-04 14:15:12,556: Greyhound_4_straight  - Depart date: 03/05/2014
2014-03-04 14:15:12,557: Greyhound_4_straight  - Depart time: 01:00 AM
2014-03-04 14:15:12,562: Greyhound_4_straight  - Arrive time: 06:45 AM
2014-03-04 14:15:12,563: Greyhound_4_straight  - Cost: $38
2014-03-04 14:15:12,564: Greyhound_4_straight  - Days: 0; hours: 5; minutes: 45
2014-03-04 14:15:12,618: Greyhound_4_straight  - INSERT INTO 2014March5(TRIP_ID,COMPANY_NAME,DEPART_CITY,ARRIVE_CITY,DEPART_TIME,ARRIVE_TIME,TRIP_LENGTH,TRIP_COST,URL) VALUES(106010001,'Greyhound','Boston, MA','Newark, NJ','2014-03-05 01:00:00','2014-03-05 06:45:00','5H, 45m',38,'https://www.greyhound.com/farefinder/step2.aspx?SessionId=fc4d03d9-c68f-4098-ae7d-033ece610f93') ON DUPLICATE KEY UPDATE TRIP_COST = 38
2014-03-04 14:15:12,621: Greyhound_4_straight  - Depart date: 03/05/2014
2014-03-04 14:15:12,634: Greyhound_4_straight  - Depart time: 07:00 AM
2014-03-04 14:15:12,635: Greyhound_4_straight  - Arrive time: 01:00 PM
2014-03-04 14:15:12,635: Greyhound_4_straight  - Cost: $38
2014-03-04 14:15:12,636: Greyhound_4_straight  - Days: 0; hours: 6; minutes: 0
2014-03-04 14:15:12,675: Greyhound_4_straight  - INSERT INTO 2014March5(TRIP_ID,COMPANY_NAME,DEPART_CITY,ARRIVE_CITY,DEPART_TIME,ARRIVE_TIME,TRIP_LENGTH,TRIP_COST,URL) VALUES(106070001,'Greyhound','Boston, MA','Newark, NJ','2014-03-05 07:00:00','2014-03-05 13:00:00','6H, 0m',38,'https://www.greyhound.com/farefinder/step2.aspx?SessionId=fc4d03d9-c68f-4098-ae7d-033ece610f93') ON DUPLICATE KEY UPDATE TRIP_COST = 38
2014-03-04 14:15:12,676: Greyhound_4_straight  - Depart date: 03/05/2014
2014-03-04 14:15:12,677: Greyhound_4_straight  - Depart time: 08:00 AM
2014-03-04 14:15:12,685: Greyhound_4_straight  - Arrive time: 01:35 PM
2014-03-04 14:15:12,686: Greyhound_4_straight  - Cost: $38
2014-03-04 14:15:12,686: Greyhound_4_straight  - Days: 0; hours: 5; minutes: 35
2014-03-04 14:15:12,780: Greyhound_4_straight  - INSERT INTO 2014March5(TRIP_ID,COMPANY_NAME,DEPART_CITY,ARRIVE_CITY,DEPART_TIME,ARRIVE_TIME,TRIP_LENGTH,TRIP_COST,URL) VALUES(106080001,'Greyhound','Boston, MA','Newark, NJ','2014-03-05 08:00:00','2014-03-05 13:35:00','5H, 35m',38,'https://www.greyhound.com/farefinder/step2.aspx?SessionId=fc4d03d9-c68f-4098-ae7d-033ece610f93') ON DUPLICATE KEY UPDATE TRIP_COST = 38
2014-03-04 14:15:12,782: Greyhound_4_straight  - Depart date: 03/05/2014
2014-03-04 14:15:12,788: Greyhound_4_straight  - Depart time: 10:00 AM
2014-03-04 14:15:12,790: Greyhound_4_straight  - Arrive time: 04:10 PM
2014-03-04 14:15:12,790: Greyhound_4_straight  - Cost: $38
2014-03-04 14:15:12,791: Greyhound_4_straight  - Days: 0; hours: 6; minutes: 10
2014-03-04 14:15:12,852: Greyhound_4_straight  - INSERT INTO 2014March5(TRIP_ID,COMPANY_NAME,DEPART_CITY,ARRIVE_CITY,DEPART_TIME,ARRIVE_TIME,TRIP_LENGTH,TRIP_COST,URL) VALUES(106100001,'Greyhound','Boston, MA','Newark, NJ','2014-03-05 10:00:00','2014-03-05 16:10:00','6H, 10m',38,'https://www.greyhound.com/farefinder/step2.aspx?SessionId=fc4d03d9-c68f-4098-ae7d-033ece610f93') ON DUPLICATE KEY UPDATE TRIP_COST = 38
2014-03-04 14:15:12,859: Greyhound_4_straight  - Depart date: 03/05/2014
2014-03-04 14:15:12,861: Greyhound_4_straight  - Depart time: 12:01 PM
2014-03-04 14:15:12,861: Greyhound_4_straight  - Arrive time: 05:55 PM
2014-03-04 14:15:12,867: Greyhound_4_straight  - Cost: $38
2014-03-04 14:15:12,868: Greyhound_4_straight  - Days: 0; hours: 5; minutes: 54
2014-03-04 14:15:12,916: Greyhound_4_straight  - INSERT INTO 2014March5(TRIP_ID,COMPANY_NAME,DEPART_CITY,ARRIVE_CITY,DEPART_TIME,ARRIVE_TIME,TRIP_LENGTH,TRIP_COST,URL) VALUES(106120101,'Greyhound','Boston, MA','Newark, NJ','2014-03-05 12:01:00','2014-03-05 17:55:00','5H, 54m',38,'https://www.greyhound.com/farefinder/step2.aspx?SessionId=fc4d03d9-c68f-4098-ae7d-033ece610f93') ON DUPLICATE KEY UPDATE TRIP_COST = 38
2014-03-04 14:15:12,918: Greyhound_4_straight  - Depart date: 03/05/2014
2014-03-04 14:15:12,919: Greyhound_4_straight  - Depart time: 01:00 PM
2014-03-04 14:15:12,920: Greyhound_4_straight  - Arrive time: 06:55 PM
2014-03-04 14:15:12,922: Greyhound_4_straight  - Cost: $38
2014-03-04 14:15:12,923: Greyhound_4_straight  - Days: 0; hours: 5; minutes: 55
2014-03-04 14:15:13,057: Greyhound_4_straight  - INSERT INTO 2014March5(TRIP_ID,COMPANY_NAME,DEPART_CITY,ARRIVE_CITY,DEPART_TIME,ARRIVE_TIME,TRIP_LENGTH,TRIP_COST,URL) VALUES(106130001,'Greyhound','Boston, MA','Newark, NJ','2014-03-05 13:00:00','2014-03-05 18:55:00','5H, 55m',38,'https://www.greyhound.com/farefinder/step2.aspx?SessionId=fc4d03d9-c68f-4098-ae7d-033ece610f93') ON DUPLICATE KEY UPDATE TRIP_COST = 38
2014-03-04 14:15:13,060: Greyhound_4_straight  - Depart date: 03/05/2014
2014-03-04 14:15:13,075: Greyhound_4_straight  - Depart time: 02:00 PM
2014-03-04 14:15:13,076: Greyhound_4_straight  - Arrive time: 08:40 PM
2014-03-04 14:15:13,077: Greyhound_4_straight  - Cost: $38
2014-03-04 14:15:13,078: Greyhound_4_straight  - Days: 0; hours: 6; minutes: 40
2014-03-04 14:15:13,151: Greyhound_4_straight  - INSERT INTO 2014March5(TRIP_ID,COMPANY_NAME,DEPART_CITY,ARRIVE_CITY,DEPART_TIME,ARRIVE_TIME,TRIP_LENGTH,TRIP_COST,URL) VALUES(106140001,'Greyhound','Boston, MA','Newark, NJ','2014-03-05 14:00:00','2014-03-05 20:40:00','6H, 40m',38,'https://www.greyhound.com/farefinder/step2.aspx?SessionId=fc4d03d9-c68f-4098-ae7d-033ece610f93') ON DUPLICATE KEY UPDATE TRIP_COST = 38
2014-03-04 14:15:13,154: Greyhound_4_straight  - Depart date: 03/05/2014
2014-03-04 14:15:13,158: Greyhound_4_straight  - Depart time: 04:00 PM
2014-03-04 14:15:13,158: Greyhound_4_straight  - Arrive time: 09:45 PM
2014-03-04 14:15:13,159: Greyhound_4_straight  - Cost: $38
2014-03-04 14:15:13,159: Greyhound_4_straight  - Days: 0; hours: 5; minutes: 45
2014-03-04 14:15:13,234: Greyhound_4_straight  - INSERT INTO 2014March5(TRIP_ID,COMPANY_NAME,DEPART_CITY,ARRIVE_CITY,DEPART_TIME,ARRIVE_TIME,TRIP_LENGTH,TRIP_COST,URL) VALUES(106160001,'Greyhound','Boston, MA','Newark, NJ','2014-03-05 16:00:00','2014-03-05 21:45:00','5H, 45m',38,'https://www.greyhound.com/farefinder/step2.aspx?SessionId=fc4d03d9-c68f-4098-ae7d-033ece610f93') ON DUPLICATE KEY UPDATE TRIP_COST = 38
2014-03-04 14:15:13,239: Greyhound_4_straight  - Number of proxy rotations allowed: 4
2014-03-04 14:15:13,249: Greyhound_4_straight  - Number of browser restarts allowed: 2
2014-03-04 14:15:13,249: Greyhound_4_straight  - NEW SEARCH
2014-03-04 14:15:13,250: Greyhound_4_straight  - Deleting all cookies...
2014-03-04 14:15:46,653: Greyhound_4_straight  - From Boston, MA to New York, NY (03/05/2014)
2014-03-04 14:15:46,654: Greyhound_4_straight  - Clearing text fields
2014-03-04 14:15:47,198: Greyhound_4_straight  - Typing origin city...
2014-03-04 14:15:53,418: Greyhound_4_straight  - Typing destination city...
2014-03-04 14:15:59,637: Greyhound_4_straight  - Typing departure date...
2014-03-04 14:16:05,837: Greyhound_4_straight  - Clicking on search button...
