2014-03-06 12:23:08,585: BoltBus_3_straight  - Setting up mysql and firefox connections...
2014-03-06 12:23:08,592: BoltBus_3_straight  - DROP TABLE IF EXISTS 2014March5
2014-03-06 12:23:08,600: BoltBus_3_straight  - DROP TABLE IF EXISTS 2014March5
2014-03-06 12:23:08,602: BoltBus_3_straight  - DROP TABLE IF EXISTS 2014March4
2014-03-06 12:23:08,608: BoltBus_3_straight  - DROP TABLE IF EXISTS 2014March4
2014-03-06 12:23:08,611: BoltBus_3_straight  - DROP TABLE IF EXISTS 2014March3
2014-03-06 12:23:08,619: BoltBus_3_straight  - DROP TABLE IF EXISTS 2014March3
2014-03-06 12:23:08,623: BoltBus_3_straight  - DROP TABLE IF EXISTS 2014March2
2014-03-06 12:23:08,631: BoltBus_3_straight  - DROP TABLE IF EXISTS 2014March2
2014-03-06 12:23:08,633: BoltBus_3_straight  - DROP TABLE IF EXISTS 2014March1
2014-03-06 12:23:08,636: BoltBus_3_straight  - DROP TABLE IF EXISTS 2014March1
2014-03-06 12:23:08,638: BoltBus_3_straight  - DROP TABLE IF EXISTS 2014February28
2014-03-06 12:23:08,643: BoltBus_3_straight  - DROP TABLE IF EXISTS 2014February28
2014-03-06 12:23:08,645: BoltBus_3_straight  - DROP TABLE IF EXISTS 2014February27
2014-03-06 12:23:08,647: BoltBus_3_straight  - DROP TABLE IF EXISTS 2014February27
2014-03-06 12:23:08,648: BoltBus_3_straight  - DROP TABLE IF EXISTS 2014February26
2014-03-06 12:23:08,659: BoltBus_3_straight  - DROP TABLE IF EXISTS 2014February26
2014-03-06 12:23:08,660: BoltBus_3_straight  - DROP TABLE IF EXISTS 2014February25
2014-03-06 12:23:08,668: BoltBus_3_straight  - DROP TABLE IF EXISTS 2014February25
2014-03-06 12:23:08,670: BoltBus_3_straight  - DROP TABLE IF EXISTS 2014February24
2014-03-06 12:23:08,671: BoltBus_3_straight  - DROP TABLE IF EXISTS 2014February24
2014-03-06 12:23:08,677: BoltBus_3_straight  - DROP TABLE IF EXISTS 2014February23
2014-03-06 12:23:08,679: BoltBus_3_straight  - DROP TABLE IF EXISTS 2014February23
2014-03-06 12:23:08,693: BoltBus_3_straight  - DROP TABLE IF EXISTS 2014February22
2014-03-06 12:23:08,694: BoltBus_3_straight  - DROP TABLE IF EXISTS 2014February22
2014-03-06 12:23:08,697: BoltBus_3_straight  - DROP TABLE IF EXISTS 2014February21
2014-03-06 12:23:08,697: BoltBus_3_straight  - DROP TABLE IF EXISTS 2014February21
2014-03-06 12:23:08,698: BoltBus_3_straight  - DROP TABLE IF EXISTS 2014February20
2014-03-06 12:23:08,705: BoltBus_3_straight  - DROP TABLE IF EXISTS 2014February20
2014-03-06 12:23:27,291: BoltBus_3_straight  - Retrieving jobs...
2014-03-06 12:23:27,299: BoltBus_3_straight  - Number of jobs: 24
2014-03-06 12:23:27,300: BoltBus_3_straight  - Setting up makeups...
2014-03-06 12:23:27,312: BoltBus_3_straight  - CREATE TABLE IF NOT EXISTS BoltBus_makeup(TRIP_ID INT PRIMARY KEY, COMPANY_NAME VARCHAR(40), DEPART_CITY VARCHAR(40), ARRIVE_CITY VARCHAR(40), DEPART_DATE DATE)
2014-03-06 12:23:27,343: BoltBus_3_straight  - INSERT INTO BoltBus_makeup(TRIP_ID,COMPANY_NAME,DEPART_CITY,ARRIVE_CITY,DEPART_DATE) VALUES(21030700,'BoltBus','Washington','New York 33rd','2014-03-07') ON DUPLICATE KEY UPDATE TRIP_ID = TRIP_ID
2014-03-06 12:23:27,344: BoltBus_3_straight  - CREATE TABLE IF NOT EXISTS BoltBus_makeup(TRIP_ID INT PRIMARY KEY, COMPANY_NAME VARCHAR(40), DEPART_CITY VARCHAR(40), ARRIVE_CITY VARCHAR(40), DEPART_DATE DATE)
2014-03-06 12:23:27,344: BoltBus_3_straight  - INSERT INTO BoltBus_makeup(TRIP_ID,COMPANY_NAME,DEPART_CITY,ARRIVE_CITY,DEPART_DATE) VALUES(2030700,'BoltBus','Boston','New York','2014-03-07') ON DUPLICATE KEY UPDATE TRIP_ID = TRIP_ID
2014-03-06 12:23:27,345: BoltBus_3_straight  - CREATE TABLE IF NOT EXISTS BoltBus_makeup(TRIP_ID INT PRIMARY KEY, COMPANY_NAME VARCHAR(40), DEPART_CITY VARCHAR(40), ARRIVE_CITY VARCHAR(40), DEPART_DATE DATE)
2014-03-06 12:23:27,350: BoltBus_3_straight  - INSERT INTO BoltBus_makeup(TRIP_ID,COMPANY_NAME,DEPART_CITY,ARRIVE_CITY,DEPART_DATE) VALUES(6030700,'BoltBus','New York 33rd','Washington','2014-03-07') ON DUPLICATE KEY UPDATE TRIP_ID = TRIP_ID
2014-03-06 12:23:27,351: BoltBus_3_straight  - CREATE TABLE IF NOT EXISTS BoltBus_makeup(TRIP_ID INT PRIMARY KEY, COMPANY_NAME VARCHAR(40), DEPART_CITY VARCHAR(40), ARRIVE_CITY VARCHAR(40), DEPART_DATE DATE)
2014-03-06 12:23:27,351: BoltBus_3_straight  - INSERT INTO BoltBus_makeup(TRIP_ID,COMPANY_NAME,DEPART_CITY,ARRIVE_CITY,DEPART_DATE) VALUES(3030700,'BoltBus','Boston','Newark','2014-03-07') ON DUPLICATE KEY UPDATE TRIP_ID = TRIP_ID
2014-03-06 12:23:27,352: BoltBus_3_straight  - CREATE TABLE IF NOT EXISTS BoltBus_makeup(TRIP_ID INT PRIMARY KEY, COMPANY_NAME VARCHAR(40), DEPART_CITY VARCHAR(40), ARRIVE_CITY VARCHAR(40), DEPART_DATE DATE)
2014-03-06 12:23:27,353: BoltBus_3_straight  - INSERT INTO BoltBus_makeup(TRIP_ID,COMPANY_NAME,DEPART_CITY,ARRIVE_CITY,DEPART_DATE) VALUES(13030700,'BoltBus','Newark','Boston','2014-03-07') ON DUPLICATE KEY UPDATE TRIP_ID = TRIP_ID
2014-03-06 12:23:27,354: BoltBus_3_straight  - CREATE TABLE IF NOT EXISTS BoltBus_makeup(TRIP_ID INT PRIMARY KEY, COMPANY_NAME VARCHAR(40), DEPART_CITY VARCHAR(40), ARRIVE_CITY VARCHAR(40), DEPART_DATE DATE)
2014-03-06 12:23:27,355: BoltBus_3_straight  - INSERT INTO BoltBus_makeup(TRIP_ID,COMPANY_NAME,DEPART_CITY,ARRIVE_CITY,DEPART_DATE) VALUES(17030700,'BoltBus','Philadelphia JFK','Boston','2014-03-07') ON DUPLICATE KEY UPDATE TRIP_ID = TRIP_ID
2014-03-06 12:23:27,361: BoltBus_3_straight  - CREATE TABLE IF NOT EXISTS BoltBus_makeup(TRIP_ID INT PRIMARY KEY, COMPANY_NAME VARCHAR(40), DEPART_CITY VARCHAR(40), ARRIVE_CITY VARCHAR(40), DEPART_DATE DATE)
2014-03-06 12:23:27,361: BoltBus_3_straight  - INSERT INTO BoltBus_makeup(TRIP_ID,COMPANY_NAME,DEPART_CITY,ARRIVE_CITY,DEPART_DATE) VALUES(22030700,'BoltBus','Washington','New York 6th','2014-03-07') ON DUPLICATE KEY UPDATE TRIP_ID = TRIP_ID
2014-03-06 12:23:27,362: BoltBus_3_straight  - CREATE TABLE IF NOT EXISTS BoltBus_makeup(TRIP_ID INT PRIMARY KEY, COMPANY_NAME VARCHAR(40), DEPART_CITY VARCHAR(40), ARRIVE_CITY VARCHAR(40), DEPART_DATE DATE)
2014-03-06 12:23:27,366: BoltBus_3_straight  - INSERT INTO BoltBus_makeup(TRIP_ID,COMPANY_NAME,DEPART_CITY,ARRIVE_CITY,DEPART_DATE) VALUES(24030700,'BoltBus','Baltimore','New York','2014-03-07') ON DUPLICATE KEY UPDATE TRIP_ID = TRIP_ID
2014-03-06 12:23:27,367: BoltBus_3_straight  - CREATE TABLE IF NOT EXISTS BoltBus_makeup(TRIP_ID INT PRIMARY KEY, COMPANY_NAME VARCHAR(40), DEPART_CITY VARCHAR(40), ARRIVE_CITY VARCHAR(40), DEPART_DATE DATE)
2014-03-06 12:23:27,368: BoltBus_3_straight  - INSERT INTO BoltBus_makeup(TRIP_ID,COMPANY_NAME,DEPART_CITY,ARRIVE_CITY,DEPART_DATE) VALUES(11030700,'BoltBus','New York 6th','Washington','2014-03-07') ON DUPLICATE KEY UPDATE TRIP_ID = TRIP_ID
2014-03-06 12:23:27,370: BoltBus_3_straight  - CREATE TABLE IF NOT EXISTS BoltBus_makeup(TRIP_ID INT PRIMARY KEY, COMPANY_NAME VARCHAR(40), DEPART_CITY VARCHAR(40), ARRIVE_CITY VARCHAR(40), DEPART_DATE DATE)
2014-03-06 12:23:27,371: BoltBus_3_straight  - INSERT INTO BoltBus_makeup(TRIP_ID,COMPANY_NAME,DEPART_CITY,ARRIVE_CITY,DEPART_DATE) VALUES(9030700,'BoltBus','New York 34th','Philadelphia JFK','2014-03-07') ON DUPLICATE KEY UPDATE TRIP_ID = TRIP_ID
2014-03-06 12:23:27,375: BoltBus_3_straight  - CREATE TABLE IF NOT EXISTS BoltBus_makeup(TRIP_ID INT PRIMARY KEY, COMPANY_NAME VARCHAR(40), DEPART_CITY VARCHAR(40), ARRIVE_CITY VARCHAR(40), DEPART_DATE DATE)
2014-03-06 12:23:27,377: BoltBus_3_straight  - INSERT INTO BoltBus_makeup(TRIP_ID,COMPANY_NAME,DEPART_CITY,ARRIVE_CITY,DEPART_DATE) VALUES(8030700,'BoltBus','New York 34th','Philadelphia - Cherry','2014-03-07') ON DUPLICATE KEY UPDATE TRIP_ID = TRIP_ID
2014-03-06 12:23:27,378: BoltBus_3_straight  - CREATE TABLE IF NOT EXISTS BoltBus_makeup(TRIP_ID INT PRIMARY KEY, COMPANY_NAME VARCHAR(40), DEPART_CITY VARCHAR(40), ARRIVE_CITY VARCHAR(40), DEPART_DATE DATE)
2014-03-06 12:23:27,379: BoltBus_3_straight  - INSERT INTO BoltBus_makeup(TRIP_ID,COMPANY_NAME,DEPART_CITY,ARRIVE_CITY,DEPART_DATE) VALUES(16030700,'BoltBus','Philadelphia - Cherry','New York 34th','2014-03-07') ON DUPLICATE KEY UPDATE TRIP_ID = TRIP_ID
2014-03-06 12:23:27,390: BoltBus_3_straight  - CREATE TABLE IF NOT EXISTS BoltBus_makeup(TRIP_ID INT PRIMARY KEY, COMPANY_NAME VARCHAR(40), DEPART_CITY VARCHAR(40), ARRIVE_CITY VARCHAR(40), DEPART_DATE DATE)
2014-03-06 12:23:27,391: BoltBus_3_straight  - INSERT INTO BoltBus_makeup(TRIP_ID,COMPANY_NAME,DEPART_CITY,ARRIVE_CITY,DEPART_DATE) VALUES(20030700,'BoltBus','Philadelphia JFK','Newark','2014-03-07') ON DUPLICATE KEY UPDATE TRIP_ID = TRIP_ID
2014-03-06 12:23:27,392: BoltBus_3_straight  - CREATE TABLE IF NOT EXISTS BoltBus_makeup(TRIP_ID INT PRIMARY KEY, COMPANY_NAME VARCHAR(40), DEPART_CITY VARCHAR(40), ARRIVE_CITY VARCHAR(40), DEPART_DATE DATE)
2014-03-06 12:23:27,393: BoltBus_3_straight  - INSERT INTO BoltBus_makeup(TRIP_ID,COMPANY_NAME,DEPART_CITY,ARRIVE_CITY,DEPART_DATE) VALUES(23030700,'BoltBus','Washington','Newark','2014-03-07') ON DUPLICATE KEY UPDATE TRIP_ID = TRIP_ID
2014-03-06 12:23:27,394: BoltBus_3_straight  - CREATE TABLE IF NOT EXISTS BoltBus_makeup(TRIP_ID INT PRIMARY KEY, COMPANY_NAME VARCHAR(40), DEPART_CITY VARCHAR(40), ARRIVE_CITY VARCHAR(40), DEPART_DATE DATE)
2014-03-06 12:23:27,395: BoltBus_3_straight  - INSERT INTO BoltBus_makeup(TRIP_ID,COMPANY_NAME,DEPART_CITY,ARRIVE_CITY,DEPART_DATE) VALUES(4030700,'BoltBus','Boston','Philadelphia','2014-03-07') ON DUPLICATE KEY UPDATE TRIP_ID = TRIP_ID
2014-03-06 12:23:27,396: BoltBus_3_straight  - CREATE TABLE IF NOT EXISTS BoltBus_makeup(TRIP_ID INT PRIMARY KEY, COMPANY_NAME VARCHAR(40), DEPART_CITY VARCHAR(40), ARRIVE_CITY VARCHAR(40), DEPART_DATE DATE)
2014-03-06 12:23:27,397: BoltBus_3_straight  - INSERT INTO BoltBus_makeup(TRIP_ID,COMPANY_NAME,DEPART_CITY,ARRIVE_CITY,DEPART_DATE) VALUES(14030700,'BoltBus','Newark','Philadelphia','2014-03-07') ON DUPLICATE KEY UPDATE TRIP_ID = TRIP_ID
2014-03-06 12:23:27,398: BoltBus_3_straight  - CREATE TABLE IF NOT EXISTS BoltBus_makeup(TRIP_ID INT PRIMARY KEY, COMPANY_NAME VARCHAR(40), DEPART_CITY VARCHAR(40), ARRIVE_CITY VARCHAR(40), DEPART_DATE DATE)
2014-03-06 12:23:27,400: BoltBus_3_straight  - INSERT INTO BoltBus_makeup(TRIP_ID,COMPANY_NAME,DEPART_CITY,ARRIVE_CITY,DEPART_DATE) VALUES(10030700,'BoltBus','New York 6th','Philadelphia JFK','2014-03-07') ON DUPLICATE KEY UPDATE TRIP_ID = TRIP_ID
2014-03-06 12:23:27,406: BoltBus_3_straight  - CREATE TABLE IF NOT EXISTS BoltBus_makeup(TRIP_ID INT PRIMARY KEY, COMPANY_NAME VARCHAR(40), DEPART_CITY VARCHAR(40), ARRIVE_CITY VARCHAR(40), DEPART_DATE DATE)
2014-03-06 12:23:27,407: BoltBus_3_straight  - INSERT INTO BoltBus_makeup(TRIP_ID,COMPANY_NAME,DEPART_CITY,ARRIVE_CITY,DEPART_DATE) VALUES(7030700,'BoltBus','New York 34th','Boston','2014-03-07') ON DUPLICATE KEY UPDATE TRIP_ID = TRIP_ID
2014-03-06 12:23:27,408: BoltBus_3_straight  - CREATE TABLE IF NOT EXISTS BoltBus_makeup(TRIP_ID INT PRIMARY KEY, COMPANY_NAME VARCHAR(40), DEPART_CITY VARCHAR(40), ARRIVE_CITY VARCHAR(40), DEPART_DATE DATE)
2014-03-06 12:23:27,409: BoltBus_3_straight  - INSERT INTO BoltBus_makeup(TRIP_ID,COMPANY_NAME,DEPART_CITY,ARRIVE_CITY,DEPART_DATE) VALUES(12030700,'BoltBus','Newark','Baltimore','2014-03-07') ON DUPLICATE KEY UPDATE TRIP_ID = TRIP_ID
2014-03-06 12:23:27,410: BoltBus_3_straight  - CREATE TABLE IF NOT EXISTS BoltBus_makeup(TRIP_ID INT PRIMARY KEY, COMPANY_NAME VARCHAR(40), DEPART_CITY VARCHAR(40), ARRIVE_CITY VARCHAR(40), DEPART_DATE DATE)
2014-03-06 12:23:27,411: BoltBus_3_straight  - INSERT INTO BoltBus_makeup(TRIP_ID,COMPANY_NAME,DEPART_CITY,ARRIVE_CITY,DEPART_DATE) VALUES(1030700,'BoltBus','Baltimore','Newark','2014-03-07') ON DUPLICATE KEY UPDATE TRIP_ID = TRIP_ID
2014-03-06 12:23:27,412: BoltBus_3_straight  - CREATE TABLE IF NOT EXISTS BoltBus_makeup(TRIP_ID INT PRIMARY KEY, COMPANY_NAME VARCHAR(40), DEPART_CITY VARCHAR(40), ARRIVE_CITY VARCHAR(40), DEPART_DATE DATE)
2014-03-06 12:23:27,413: BoltBus_3_straight  - INSERT INTO BoltBus_makeup(TRIP_ID,COMPANY_NAME,DEPART_CITY,ARRIVE_CITY,DEPART_DATE) VALUES(18030700,'BoltBus','Philadelphia JFK','New York 34th','2014-03-07') ON DUPLICATE KEY UPDATE TRIP_ID = TRIP_ID
2014-03-06 12:23:27,414: BoltBus_3_straight  - CREATE TABLE IF NOT EXISTS BoltBus_makeup(TRIP_ID INT PRIMARY KEY, COMPANY_NAME VARCHAR(40), DEPART_CITY VARCHAR(40), ARRIVE_CITY VARCHAR(40), DEPART_DATE DATE)
2014-03-06 12:23:27,420: BoltBus_3_straight  - INSERT INTO BoltBus_makeup(TRIP_ID,COMPANY_NAME,DEPART_CITY,ARRIVE_CITY,DEPART_DATE) VALUES(19030700,'BoltBus','Philadelphia JFK','New York 6th','2014-03-07') ON DUPLICATE KEY UPDATE TRIP_ID = TRIP_ID
2014-03-06 12:23:27,422: BoltBus_3_straight  - CREATE TABLE IF NOT EXISTS BoltBus_makeup(TRIP_ID INT PRIMARY KEY, COMPANY_NAME VARCHAR(40), DEPART_CITY VARCHAR(40), ARRIVE_CITY VARCHAR(40), DEPART_DATE DATE)
2014-03-06 12:23:27,426: BoltBus_3_straight  - INSERT INTO BoltBus_makeup(TRIP_ID,COMPANY_NAME,DEPART_CITY,ARRIVE_CITY,DEPART_DATE) VALUES(15030700,'BoltBus','Newark','Washington','2014-03-07') ON DUPLICATE KEY UPDATE TRIP_ID = TRIP_ID
2014-03-06 12:23:27,427: BoltBus_3_straight  - CREATE TABLE IF NOT EXISTS BoltBus_makeup(TRIP_ID INT PRIMARY KEY, COMPANY_NAME VARCHAR(40), DEPART_CITY VARCHAR(40), ARRIVE_CITY VARCHAR(40), DEPART_DATE DATE)
2014-03-06 12:23:27,428: BoltBus_3_straight  - INSERT INTO BoltBus_makeup(TRIP_ID,COMPANY_NAME,DEPART_CITY,ARRIVE_CITY,DEPART_DATE) VALUES(5030700,'BoltBus','New York 33rd','Baltimore','2014-03-07') ON DUPLICATE KEY UPDATE TRIP_ID = TRIP_ID
2014-03-06 12:23:27,429: BoltBus_3_straight  - Starting session!
2014-03-06 12:23:27,431: BoltBus_3_straight  - Not using proxies!
2014-03-06 12:23:27,438: BoltBus_3_straight  - Jobs remaining: 24
2014-03-06 12:23:27,438: BoltBus_3_straight  - Number of proxy rotations allowed: 4
2014-03-06 12:23:27,439: BoltBus_3_straight  - Number of browser restarts allowed: 2
2014-03-06 12:23:27,439: BoltBus_3_straight  - NEW SEARCH
2014-03-06 12:23:35,532: BoltBus_3_straight  - Loading URL...
2014-03-06 12:24:09,779: BoltBus_3_straight  - From Washington to New York 33rd (03/07/2014)
2014-03-06 12:24:09,782: BoltBus_3_straight  - Clicking on region tab...
2014-03-06 12:24:11,242: BoltBus_3_straight  - Selecting northeast...
2014-03-06 12:24:21,664: BoltBus_3_straight  - Clicking origin city...
2014-03-06 12:24:30,987: BoltBus_3_straight  - Selecting origin city (Washington)
2014-03-06 12:24:31,824: BoltBus_3_straight  - Unable to find origin city, continuing to next search
2014-03-06 12:24:31,828: BoltBus_3_straight  - Number of proxy rotations allowed: 4
2014-03-06 12:24:31,828: BoltBus_3_straight  - Number of browser restarts allowed: 2
2014-03-06 12:24:31,833: BoltBus_3_straight  - NEW SEARCH
2014-03-06 12:24:39,838: BoltBus_3_straight  - Loading URL...
2014-03-06 12:25:11,033: BoltBus_3_straight  - From Boston to New York (03/07/2014)
2014-03-06 12:25:11,043: BoltBus_3_straight  - Clicking on region tab...
2014-03-06 12:25:14,834: BoltBus_3_straight  - Selecting northeast...
2014-03-06 12:25:26,977: BoltBus_3_straight  - Clicking origin city...
2014-03-06 12:25:29,063: BoltBus_3_straight  - Selecting origin city (Boston)
2014-03-06 12:25:30,403: BoltBus_3_straight  - Unable to find origin city, continuing to next search
2014-03-06 12:25:30,493: BoltBus_3_straight  - Number of proxy rotations allowed: 4
2014-03-06 12:25:30,497: BoltBus_3_straight  - Number of browser restarts allowed: 2
2014-03-06 12:25:30,498: BoltBus_3_straight  - NEW SEARCH
2014-03-06 12:25:38,507: BoltBus_3_straight  - Loading URL...
2014-03-06 12:26:05,590: BoltBus_3_straight  - From New York 33rd to Washington (03/07/2014)
2014-03-06 12:26:05,591: BoltBus_3_straight  - Clicking on region tab...
2014-03-06 12:26:06,970: BoltBus_3_straight  - Selecting northeast...
2014-03-06 12:26:17,442: BoltBus_3_straight  - Clicking origin city...
2014-03-06 12:26:18,834: BoltBus_3_straight  - Selecting origin city (New York 33rd)
2014-03-06 12:26:19,190: BoltBus_3_straight  - Unable to find origin city, continuing to next search
2014-03-06 12:26:19,191: BoltBus_3_straight  - Number of proxy rotations allowed: 4
2014-03-06 12:26:19,191: BoltBus_3_straight  - Number of browser restarts allowed: 2
2014-03-06 12:26:19,192: BoltBus_3_straight  - NEW SEARCH
2014-03-06 12:26:27,200: BoltBus_3_straight  - Loading URL...
2014-03-06 12:26:52,902: BoltBus_3_straight  - From Boston to Newark (03/07/2014)
2014-03-06 12:26:52,903: BoltBus_3_straight  - Clicking on region tab...
2014-03-06 12:26:54,308: BoltBus_3_straight  - Selecting northeast...
2014-03-06 12:27:04,816: BoltBus_3_straight  - Clicking origin city...
2014-03-06 12:27:06,212: BoltBus_3_straight  - Selecting origin city (Boston)
2014-03-06 12:27:06,566: BoltBus_3_straight  - Unable to find origin city, continuing to next search
2014-03-06 12:27:06,566: BoltBus_3_straight  - Number of proxy rotations allowed: 4
2014-03-06 12:27:06,567: BoltBus_3_straight  - Number of browser restarts allowed: 2
2014-03-06 12:27:06,567: BoltBus_3_straight  - NEW SEARCH
2014-03-06 12:27:14,576: BoltBus_3_straight  - Loading URL...
2014-03-06 12:27:39,860: BoltBus_3_straight  - From Newark to Boston (03/07/2014)
2014-03-06 12:27:39,861: BoltBus_3_straight  - Clicking on region tab...
2014-03-06 12:27:41,260: BoltBus_3_straight  - Selecting northeast...
2014-03-06 12:27:51,710: BoltBus_3_straight  - Clicking origin city...
2014-03-06 12:27:53,093: BoltBus_3_straight  - Selecting origin city (Newark)
2014-03-06 12:27:53,479: BoltBus_3_straight  - Unable to find origin city, continuing to next search
2014-03-06 12:27:53,481: BoltBus_3_straight  - Number of proxy rotations allowed: 4
2014-03-06 12:27:53,481: BoltBus_3_straight  - Number of browser restarts allowed: 2
2014-03-06 12:27:53,482: BoltBus_3_straight  - NEW SEARCH
2014-03-06 12:28:01,491: BoltBus_3_straight  - Loading URL...
2014-03-06 12:28:27,293: BoltBus_3_straight  - From Philadelphia JFK to Boston (03/07/2014)
2014-03-06 12:28:27,293: BoltBus_3_straight  - Clicking on region tab...
2014-03-06 12:28:31,242: BoltBus_3_straight  - Selecting northeast...
2014-03-06 12:28:42,578: BoltBus_3_straight  - Clicking origin city...
2014-03-06 12:28:43,984: BoltBus_3_straight  - Selecting origin city (Philadelphia JFK)
2014-03-06 12:28:44,381: BoltBus_3_straight  - Unable to find origin city, continuing to next search
2014-03-06 12:28:44,382: BoltBus_3_straight  - Number of proxy rotations allowed: 4
2014-03-06 12:28:44,383: BoltBus_3_straight  - Number of browser restarts allowed: 2
2014-03-06 12:28:44,384: BoltBus_3_straight  - NEW SEARCH
2014-03-06 12:28:52,391: BoltBus_3_straight  - Loading URL...
2014-03-06 12:29:18,328: BoltBus_3_straight  - From Washington to New York 6th (03/07/2014)
2014-03-06 12:29:18,330: BoltBus_3_straight  - Clicking on region tab...
2014-03-06 12:29:20,513: BoltBus_3_straight  - Selecting northeast...
2014-03-06 12:29:30,982: BoltBus_3_straight  - Clicking origin city...
2014-03-06 12:29:32,772: BoltBus_3_straight  - Selecting origin city (Washington)
2014-03-06 12:29:33,508: BoltBus_3_straight  - Unable to find origin city, continuing to next search
2014-03-06 12:29:33,509: BoltBus_3_straight  - Number of proxy rotations allowed: 4
2014-03-06 12:29:33,510: BoltBus_3_straight  - Number of browser restarts allowed: 2
2014-03-06 12:29:33,510: BoltBus_3_straight  - NEW SEARCH
2014-03-06 12:29:41,518: BoltBus_3_straight  - Loading URL...
2014-03-06 12:30:07,370: BoltBus_3_straight  - From Baltimore to New York (03/07/2014)
2014-03-06 12:30:07,372: BoltBus_3_straight  - Clicking on region tab...
2014-03-06 12:30:08,979: BoltBus_3_straight  - Selecting northeast...
2014-03-06 12:30:20,454: BoltBus_3_straight  - Clicking origin city...
2014-03-06 12:30:22,124: BoltBus_3_straight  - Selecting origin city (Baltimore)
2014-03-06 12:30:22,536: BoltBus_3_straight  - Unable to find origin city, continuing to next search
2014-03-06 12:30:22,537: BoltBus_3_straight  - Number of proxy rotations allowed: 4
2014-03-06 12:30:22,537: BoltBus_3_straight  - Number of browser restarts allowed: 2
2014-03-06 12:30:22,538: BoltBus_3_straight  - NEW SEARCH
2014-03-06 12:30:30,546: BoltBus_3_straight  - Loading URL...
2014-03-06 12:30:56,159: BoltBus_3_straight  - From New York 6th to Washington (03/07/2014)
2014-03-06 12:30:56,161: BoltBus_3_straight  - Clicking on region tab...
2014-03-06 12:30:57,612: BoltBus_3_straight  - Selecting northeast...
2014-03-06 12:31:08,118: BoltBus_3_straight  - Clicking origin city...
2014-03-06 12:31:09,783: BoltBus_3_straight  - Selecting origin city (New York 6th)
2014-03-06 12:31:10,504: BoltBus_3_straight  - Unable to find origin city, continuing to next search
2014-03-06 12:31:10,506: BoltBus_3_straight  - Number of proxy rotations allowed: 4
2014-03-06 12:31:10,506: BoltBus_3_straight  - Number of browser restarts allowed: 2
2014-03-06 12:31:10,507: BoltBus_3_straight  - NEW SEARCH
2014-03-06 12:31:18,518: BoltBus_3_straight  - Loading URL...
