2014-03-06 12:23:08,587: GoBus_2_straight  - Setting up mysql and firefox connections...
2014-03-06 12:23:08,591: GoBus_2_straight  - DROP TABLE IF EXISTS 2014March5
2014-03-06 12:23:08,594: GoBus_2_straight  - DROP TABLE IF EXISTS 2014March5
2014-03-06 12:23:08,596: GoBus_2_straight  - DROP TABLE IF EXISTS 2014March4
2014-03-06 12:23:08,601: GoBus_2_straight  - DROP TABLE IF EXISTS 2014March4
2014-03-06 12:23:08,603: GoBus_2_straight  - DROP TABLE IF EXISTS 2014March3
2014-03-06 12:23:08,607: GoBus_2_straight  - DROP TABLE IF EXISTS 2014March3
2014-03-06 12:23:08,609: GoBus_2_straight  - DROP TABLE IF EXISTS 2014March2
2014-03-06 12:23:08,611: GoBus_2_straight  - DROP TABLE IF EXISTS 2014March2
2014-03-06 12:23:08,618: GoBus_2_straight  - DROP TABLE IF EXISTS 2014March1
2014-03-06 12:23:08,622: GoBus_2_straight  - DROP TABLE IF EXISTS 2014March1
2014-03-06 12:23:08,623: GoBus_2_straight  - DROP TABLE IF EXISTS 2014February28
2014-03-06 12:23:08,630: GoBus_2_straight  - DROP TABLE IF EXISTS 2014February28
2014-03-06 12:23:08,632: GoBus_2_straight  - DROP TABLE IF EXISTS 2014February27
2014-03-06 12:23:08,635: GoBus_2_straight  - DROP TABLE IF EXISTS 2014February27
2014-03-06 12:23:08,637: GoBus_2_straight  - DROP TABLE IF EXISTS 2014February26
2014-03-06 12:23:08,639: GoBus_2_straight  - DROP TABLE IF EXISTS 2014February26
2014-03-06 12:23:08,642: GoBus_2_straight  - DROP TABLE IF EXISTS 2014February25
2014-03-06 12:23:08,644: GoBus_2_straight  - DROP TABLE IF EXISTS 2014February25
2014-03-06 12:23:08,646: GoBus_2_straight  - DROP TABLE IF EXISTS 2014February24
2014-03-06 12:23:08,648: GoBus_2_straight  - DROP TABLE IF EXISTS 2014February24
2014-03-06 12:23:08,658: GoBus_2_straight  - DROP TABLE IF EXISTS 2014February23
2014-03-06 12:23:08,666: GoBus_2_straight  - DROP TABLE IF EXISTS 2014February23
2014-03-06 12:23:08,667: GoBus_2_straight  - DROP TABLE IF EXISTS 2014February22
2014-03-06 12:23:08,669: GoBus_2_straight  - DROP TABLE IF EXISTS 2014February22
2014-03-06 12:23:08,671: GoBus_2_straight  - DROP TABLE IF EXISTS 2014February21
2014-03-06 12:23:08,676: GoBus_2_straight  - DROP TABLE IF EXISTS 2014February21
2014-03-06 12:23:08,677: GoBus_2_straight  - DROP TABLE IF EXISTS 2014February20
2014-03-06 12:23:08,678: GoBus_2_straight  - DROP TABLE IF EXISTS 2014February20
2014-03-06 12:23:27,106: GoBus_2_straight  - Retrieving jobs...
2014-03-06 12:23:27,112: GoBus_2_straight  - Number of jobs: 2
2014-03-06 12:23:27,113: GoBus_2_straight  - Setting up makeups...
2014-03-06 12:23:27,123: GoBus_2_straight  - CREATE TABLE IF NOT EXISTS GoBus_makeup(TRIP_ID INT PRIMARY KEY, COMPANY_NAME VARCHAR(40), DEPART_CITY VARCHAR(40), ARRIVE_CITY VARCHAR(40), DEPART_DATE DATE)
2014-03-06 12:23:27,124: GoBus_2_straight  - INSERT INTO GoBus_makeup(TRIP_ID,COMPANY_NAME,DEPART_CITY,ARRIVE_CITY,DEPART_DATE) VALUES(2030705,'GoBus','New York, NY','Boston, MA','2014-03-07') ON DUPLICATE KEY UPDATE TRIP_ID = TRIP_ID
2014-03-06 12:23:27,130: GoBus_2_straight  - CREATE TABLE IF NOT EXISTS GoBus_makeup(TRIP_ID INT PRIMARY KEY, COMPANY_NAME VARCHAR(40), DEPART_CITY VARCHAR(40), ARRIVE_CITY VARCHAR(40), DEPART_DATE DATE)
2014-03-06 12:23:27,131: GoBus_2_straight  - INSERT INTO GoBus_makeup(TRIP_ID,COMPANY_NAME,DEPART_CITY,ARRIVE_CITY,DEPART_DATE) VALUES(1030705,'GoBus','Boston, MA','New York, NY','2014-03-07') ON DUPLICATE KEY UPDATE TRIP_ID = TRIP_ID
2014-03-06 12:23:27,131: GoBus_2_straight  - Starting session!
2014-03-06 12:23:27,132: GoBus_2_straight  - Not using proxies!
2014-03-06 12:23:27,132: GoBus_2_straight  - Jobs remaining: 2
2014-03-06 12:23:27,133: GoBus_2_straight  - Number of proxy rotations allowed: 4
2014-03-06 12:23:27,133: GoBus_2_straight  - Number of browser restarts allowed: 2
2014-03-06 12:23:27,145: GoBus_2_straight  - NEW SEARCH
2014-03-06 12:23:33,165: GoBus_2_straight  - Loading URL...
2014-03-06 12:24:00,732: GoBus_2_straight  - From New York, NY to Boston, MA (03/07/2014)
2014-03-06 12:24:00,740: GoBus_2_straight  - Selecting departure city...
2014-03-06 12:24:08,070: GoBus_2_straight  - Typing departure date...
2014-03-06 12:24:08,071: GoBus_2_straight  - Selecting arrival city...
2014-03-06 12:24:14,558: GoBus_2_straight  - Typing departure date...
2014-03-06 12:24:14,559: GoBus_2_straight  - Selecting correct date
2014-03-06 12:24:14,658: GoBus_2_straight  - Message: u'Element is read-only and so may not be used for actions' ; Stacktrace: 
    at <anonymous> (file:///tmp/tmp592GzK/extensions/fxdriver@googlecode.com/components/command_processor.js:8236)
    at <anonymous> (file:///tmp/tmp592GzK/extensions/fxdriver@googlecode.com/components/command_processor.js:10861)
    at <anonymous> (file:///tmp/tmp592GzK/extensions/fxdriver@googlecode.com/components/command_processor.js:10878)
    at <anonymous> (file:///tmp/tmp592GzK/extensions/fxdriver@googlecode.com/components/command_processor.js:10883)
    at <anonymous> (file:///tmp/tmp592GzK/extensions/fxdriver@googlecode.com/components/command_processor.js:10825) 
Traceback (most recent call last):
  File "/home/saasbook/Documents/bus_catchers-master/python_code/MyController.py", line 126, in my_logic
    request_success = self.my_fcn(self.proxy_obj.browser,self.sql_obj,cur_job,self.my_logger)
  File "/home/saasbook/Documents/bus_catchers-master/python_code/get_gobus.py", line 112, in my_fcn
    date_spot.clear()
  File "/usr/local/lib/python2.7/dist-packages/selenium-2.40.0-py2.7.egg/selenium/webdriver/remote/webelement.py", line 67, in clear
    self._execute(Command.CLEAR_ELEMENT)
  File "/usr/local/lib/python2.7/dist-packages/selenium-2.40.0-py2.7.egg/selenium/webdriver/remote/webelement.py", line 369, in _execute
    return self._parent.execute(command, params)
  File "/usr/local/lib/python2.7/dist-packages/selenium-2.40.0-py2.7.egg/selenium/webdriver/remote/webdriver.py", line 164, in execute
    self.error_handler.check_response(response)
  File "/usr/local/lib/python2.7/dist-packages/selenium-2.40.0-py2.7.egg/selenium/webdriver/remote/errorhandler.py", line 164, in check_response
    raise exception_class(message, screen, stacktrace)
InvalidElementStateException: Message: u'Element is read-only and so may not be used for actions' ; Stacktrace: 
    at <anonymous> (file:///tmp/tmp592GzK/extensions/fxdriver@googlecode.com/components/command_processor.js:8236)
    at <anonymous> (file:///tmp/tmp592GzK/extensions/fxdriver@googlecode.com/components/command_processor.js:10861)
    at <anonymous> (file:///tmp/tmp592GzK/extensions/fxdriver@googlecode.com/components/command_processor.js:10878)
    at <anonymous> (file:///tmp/tmp592GzK/extensions/fxdriver@googlecode.com/components/command_processor.js:10883)
    at <anonymous> (file:///tmp/tmp592GzK/extensions/fxdriver@googlecode.com/components/command_processor.js:10825) 
2014-03-06 12:24:14,672: GoBus_2_straight  - Restarting browser...
2014-03-06 12:24:14,739: GoBus_2_straight  - Successfully deleted profile directory
2014-03-06 12:24:31,589: GoBus_2_straight  - Now using new browser!
2014-03-06 12:24:31,607: GoBus_2_straight  - Request failed - trying again with same browser configuration.
2014-03-06 12:24:33,623: GoBus_2_straight  - NEW SEARCH
2014-03-06 12:24:39,630: GoBus_2_straight  - Loading URL...
2014-03-06 12:25:12,198: GoBus_2_straight  - From New York, NY to Boston, MA (03/07/2014)
2014-03-06 12:25:12,243: GoBus_2_straight  - Selecting departure city...
2014-03-06 12:25:26,857: GoBus_2_straight  - Typing departure date...
2014-03-06 12:25:26,859: GoBus_2_straight  - Selecting arrival city...
2014-03-06 12:25:35,698: GoBus_2_straight  - Typing departure date...
2014-03-06 12:25:35,699: GoBus_2_straight  - Selecting correct date
2014-03-06 12:25:35,970: GoBus_2_straight  - Message: u'Element is read-only and so may not be used for actions' ; Stacktrace: 
    at <anonymous> (file:///tmp/tmpgSYl07/extensions/fxdriver@googlecode.com/components/command_processor.js:8236)
    at <anonymous> (file:///tmp/tmpgSYl07/extensions/fxdriver@googlecode.com/components/command_processor.js:10861)
    at <anonymous> (file:///tmp/tmpgSYl07/extensions/fxdriver@googlecode.com/components/command_processor.js:10878)
    at <anonymous> (file:///tmp/tmpgSYl07/extensions/fxdriver@googlecode.com/components/command_processor.js:10883)
    at <anonymous> (file:///tmp/tmpgSYl07/extensions/fxdriver@googlecode.com/components/command_processor.js:10825) 
Traceback (most recent call last):
  File "/home/saasbook/Documents/bus_catchers-master/python_code/MyController.py", line 126, in my_logic
    request_success = self.my_fcn(self.proxy_obj.browser,self.sql_obj,cur_job,self.my_logger)
  File "/home/saasbook/Documents/bus_catchers-master/python_code/get_gobus.py", line 112, in my_fcn
    date_spot.clear()
  File "/usr/local/lib/python2.7/dist-packages/selenium-2.40.0-py2.7.egg/selenium/webdriver/remote/webelement.py", line 67, in clear
    self._execute(Command.CLEAR_ELEMENT)
  File "/usr/local/lib/python2.7/dist-packages/selenium-2.40.0-py2.7.egg/selenium/webdriver/remote/webelement.py", line 369, in _execute
    return self._parent.execute(command, params)
  File "/usr/local/lib/python2.7/dist-packages/selenium-2.40.0-py2.7.egg/selenium/webdriver/remote/webdriver.py", line 164, in execute
    self.error_handler.check_response(response)
  File "/usr/local/lib/python2.7/dist-packages/selenium-2.40.0-py2.7.egg/selenium/webdriver/remote/errorhandler.py", line 164, in check_response
    raise exception_class(message, screen, stacktrace)
InvalidElementStateException: Message: u'Element is read-only and so may not be used for actions' ; Stacktrace: 
    at <anonymous> (file:///tmp/tmpgSYl07/extensions/fxdriver@googlecode.com/components/command_processor.js:8236)
    at <anonymous> (file:///tmp/tmpgSYl07/extensions/fxdriver@googlecode.com/components/command_processor.js:10861)
    at <anonymous> (file:///tmp/tmpgSYl07/extensions/fxdriver@googlecode.com/components/command_processor.js:10878)
    at <anonymous> (file:///tmp/tmpgSYl07/extensions/fxdriver@googlecode.com/components/command_processor.js:10883)
    at <anonymous> (file:///tmp/tmpgSYl07/extensions/fxdriver@googlecode.com/components/command_processor.js:10825) 
2014-03-06 12:25:36,011: GoBus_2_straight  - Restarting browser...
2014-03-06 12:25:36,085: GoBus_2_straight  - [Errno 2] No such file or directory: '/tmp/tmp592GzK'
2014-03-06 12:25:36,086: GoBus_2_straight  - Unable to delete profile directory: /tmp/tmp592GzK
2014-03-06 12:25:45,982: GoBus_2_straight  - Now using new browser!
2014-03-06 12:25:45,984: GoBus_2_straight  - Request failed - trying again with same browser configuration.
2014-03-06 12:25:47,986: GoBus_2_straight  - NEW SEARCH
2014-03-06 12:25:53,992: GoBus_2_straight  - Loading URL...
2014-03-06 12:26:20,978: GoBus_2_straight  - From New York, NY to Boston, MA (03/07/2014)
2014-03-06 12:26:20,980: GoBus_2_straight  - Selecting departure city...
2014-03-06 12:26:27,758: GoBus_2_straight  - Typing departure date...
2014-03-06 12:26:27,762: GoBus_2_straight  - Selecting arrival city...
2014-03-06 12:26:34,858: GoBus_2_straight  - Typing departure date...
2014-03-06 12:26:34,860: GoBus_2_straight  - Selecting correct date
2014-03-06 12:26:34,996: GoBus_2_straight  - Message: u'Element is read-only and so may not be used for actions' ; Stacktrace: 
    at <anonymous> (file:///tmp/tmpuf2fF7/extensions/fxdriver@googlecode.com/components/command_processor.js:8236)
    at <anonymous> (file:///tmp/tmpuf2fF7/extensions/fxdriver@googlecode.com/components/command_processor.js:10861)
    at <anonymous> (file:///tmp/tmpuf2fF7/extensions/fxdriver@googlecode.com/components/command_processor.js:10878)
    at <anonymous> (file:///tmp/tmpuf2fF7/extensions/fxdriver@googlecode.com/components/command_processor.js:10883)
    at <anonymous> (file:///tmp/tmpuf2fF7/extensions/fxdriver@googlecode.com/components/command_processor.js:10825) 
Traceback (most recent call last):
  File "/home/saasbook/Documents/bus_catchers-master/python_code/MyController.py", line 126, in my_logic
    request_success = self.my_fcn(self.proxy_obj.browser,self.sql_obj,cur_job,self.my_logger)
  File "/home/saasbook/Documents/bus_catchers-master/python_code/get_gobus.py", line 112, in my_fcn
    date_spot.clear()
  File "/usr/local/lib/python2.7/dist-packages/selenium-2.40.0-py2.7.egg/selenium/webdriver/remote/webelement.py", line 67, in clear
    self._execute(Command.CLEAR_ELEMENT)
  File "/usr/local/lib/python2.7/dist-packages/selenium-2.40.0-py2.7.egg/selenium/webdriver/remote/webelement.py", line 369, in _execute
    return self._parent.execute(command, params)
  File "/usr/local/lib/python2.7/dist-packages/selenium-2.40.0-py2.7.egg/selenium/webdriver/remote/webdriver.py", line 164, in execute
    self.error_handler.check_response(response)
  File "/usr/local/lib/python2.7/dist-packages/selenium-2.40.0-py2.7.egg/selenium/webdriver/remote/errorhandler.py", line 164, in check_response
    raise exception_class(message, screen, stacktrace)
InvalidElementStateException: Message: u'Element is read-only and so may not be used for actions' ; Stacktrace: 
    at <anonymous> (file:///tmp/tmpuf2fF7/extensions/fxdriver@googlecode.com/components/command_processor.js:8236)
    at <anonymous> (file:///tmp/tmpuf2fF7/extensions/fxdriver@googlecode.com/components/command_processor.js:10861)
    at <anonymous> (file:///tmp/tmpuf2fF7/extensions/fxdriver@googlecode.com/components/command_processor.js:10878)
    at <anonymous> (file:///tmp/tmpuf2fF7/extensions/fxdriver@googlecode.com/components/command_processor.js:10883)
    at <anonymous> (file:///tmp/tmpuf2fF7/extensions/fxdriver@googlecode.com/components/command_processor.js:10825) 
2014-03-06 12:26:35,016: GoBus_2_straight  - Restarting browser...
2014-03-06 12:26:35,041: GoBus_2_straight  - [Errno 2] No such file or directory: '/tmp/tmp592GzK'
2014-03-06 12:26:35,044: GoBus_2_straight  - Unable to delete profile directory: /tmp/tmp592GzK
2014-03-06 12:26:42,246: GoBus_2_straight  - Now using new browser!
2014-03-06 12:26:42,248: GoBus_2_straight  - Request failed - trying again with same browser configuration.
2014-03-06 12:26:44,251: GoBus_2_straight  - NEW SEARCH
2014-03-06 12:26:50,259: GoBus_2_straight  - Loading URL...
2014-03-06 12:27:16,566: GoBus_2_straight  - From New York, NY to Boston, MA (03/07/2014)
2014-03-06 12:27:16,567: GoBus_2_straight  - Selecting departure city...
2014-03-06 12:27:23,306: GoBus_2_straight  - Typing departure date...
2014-03-06 12:27:23,307: GoBus_2_straight  - Selecting arrival city...
2014-03-06 12:27:30,314: GoBus_2_straight  - Typing departure date...
2014-03-06 12:27:30,316: GoBus_2_straight  - Selecting correct date
2014-03-06 12:27:30,424: GoBus_2_straight  - Message: u'Element is read-only and so may not be used for actions' ; Stacktrace: 
    at <anonymous> (file:///tmp/tmprDzGBW/extensions/fxdriver@googlecode.com/components/command_processor.js:8236)
    at <anonymous> (file:///tmp/tmprDzGBW/extensions/fxdriver@googlecode.com/components/command_processor.js:10861)
    at <anonymous> (file:///tmp/tmprDzGBW/extensions/fxdriver@googlecode.com/components/command_processor.js:10878)
    at <anonymous> (file:///tmp/tmprDzGBW/extensions/fxdriver@googlecode.com/components/command_processor.js:10883)
    at <anonymous> (file:///tmp/tmprDzGBW/extensions/fxdriver@googlecode.com/components/command_processor.js:10825) 
Traceback (most recent call last):
  File "/home/saasbook/Documents/bus_catchers-master/python_code/MyController.py", line 126, in my_logic
    request_success = self.my_fcn(self.proxy_obj.browser,self.sql_obj,cur_job,self.my_logger)
  File "/home/saasbook/Documents/bus_catchers-master/python_code/get_gobus.py", line 112, in my_fcn
    date_spot.clear()
  File "/usr/local/lib/python2.7/dist-packages/selenium-2.40.0-py2.7.egg/selenium/webdriver/remote/webelement.py", line 67, in clear
    self._execute(Command.CLEAR_ELEMENT)
  File "/usr/local/lib/python2.7/dist-packages/selenium-2.40.0-py2.7.egg/selenium/webdriver/remote/webelement.py", line 369, in _execute
    return self._parent.execute(command, params)
  File "/usr/local/lib/python2.7/dist-packages/selenium-2.40.0-py2.7.egg/selenium/webdriver/remote/webdriver.py", line 164, in execute
    self.error_handler.check_response(response)
  File "/usr/local/lib/python2.7/dist-packages/selenium-2.40.0-py2.7.egg/selenium/webdriver/remote/errorhandler.py", line 164, in check_response
    raise exception_class(message, screen, stacktrace)
InvalidElementStateException: Message: u'Element is read-only and so may not be used for actions' ; Stacktrace: 
    at <anonymous> (file:///tmp/tmprDzGBW/extensions/fxdriver@googlecode.com/components/command_processor.js:8236)
    at <anonymous> (file:///tmp/tmprDzGBW/extensions/fxdriver@googlecode.com/components/command_processor.js:10861)
    at <anonymous> (file:///tmp/tmprDzGBW/extensions/fxdriver@googlecode.com/components/command_processor.js:10878)
    at <anonymous> (file:///tmp/tmprDzGBW/extensions/fxdriver@googlecode.com/components/command_processor.js:10883)
    at <anonymous> (file:///tmp/tmprDzGBW/extensions/fxdriver@googlecode.com/components/command_processor.js:10825) 
2014-03-06 12:27:30,442: GoBus_2_straight  - Restarting browser...
2014-03-06 12:27:30,472: GoBus_2_straight  - [Errno 2] No such file or directory: '/tmp/tmp592GzK'
2014-03-06 12:27:30,473: GoBus_2_straight  - Unable to delete profile directory: /tmp/tmp592GzK
2014-03-06 12:27:37,742: GoBus_2_straight  - Now using new browser!
2014-03-06 12:27:37,743: GoBus_2_straight  - Request failed - trying again with same browser configuration.
2014-03-06 12:27:39,747: GoBus_2_straight  - NEW SEARCH
2014-03-06 12:27:45,754: GoBus_2_straight  - Loading URL...
2014-03-06 12:28:11,914: GoBus_2_straight  - From New York, NY to Boston, MA (03/07/2014)
2014-03-06 12:28:11,916: GoBus_2_straight  - Selecting departure city...
2014-03-06 12:28:19,606: GoBus_2_straight  - Typing departure date...
2014-03-06 12:28:19,608: GoBus_2_straight  - Selecting arrival city...
2014-03-06 12:28:27,136: GoBus_2_straight  - Typing departure date...
2014-03-06 12:28:27,142: GoBus_2_straight  - Selecting correct date
2014-03-06 12:28:27,349: GoBus_2_straight  - Message: u'Element is read-only and so may not be used for actions' ; Stacktrace: 
    at <anonymous> (file:///tmp/tmpFWKf07/extensions/fxdriver@googlecode.com/components/command_processor.js:8236)
    at <anonymous> (file:///tmp/tmpFWKf07/extensions/fxdriver@googlecode.com/components/command_processor.js:10861)
    at <anonymous> (file:///tmp/tmpFWKf07/extensions/fxdriver@googlecode.com/components/command_processor.js:10878)
    at <anonymous> (file:///tmp/tmpFWKf07/extensions/fxdriver@googlecode.com/components/command_processor.js:10883)
    at <anonymous> (file:///tmp/tmpFWKf07/extensions/fxdriver@googlecode.com/components/command_processor.js:10825) 
Traceback (most recent call last):
  File "/home/saasbook/Documents/bus_catchers-master/python_code/MyController.py", line 126, in my_logic
    request_success = self.my_fcn(self.proxy_obj.browser,self.sql_obj,cur_job,self.my_logger)
  File "/home/saasbook/Documents/bus_catchers-master/python_code/get_gobus.py", line 112, in my_fcn
    date_spot.clear()
  File "/usr/local/lib/python2.7/dist-packages/selenium-2.40.0-py2.7.egg/selenium/webdriver/remote/webelement.py", line 67, in clear
    self._execute(Command.CLEAR_ELEMENT)
  File "/usr/local/lib/python2.7/dist-packages/selenium-2.40.0-py2.7.egg/selenium/webdriver/remote/webelement.py", line 369, in _execute
    return self._parent.execute(command, params)
  File "/usr/local/lib/python2.7/dist-packages/selenium-2.40.0-py2.7.egg/selenium/webdriver/remote/webdriver.py", line 164, in execute
    self.error_handler.check_response(response)
  File "/usr/local/lib/python2.7/dist-packages/selenium-2.40.0-py2.7.egg/selenium/webdriver/remote/errorhandler.py", line 164, in check_response
    raise exception_class(message, screen, stacktrace)
InvalidElementStateException: Message: u'Element is read-only and so may not be used for actions' ; Stacktrace: 
    at <anonymous> (file:///tmp/tmpFWKf07/extensions/fxdriver@googlecode.com/components/command_processor.js:8236)
    at <anonymous> (file:///tmp/tmpFWKf07/extensions/fxdriver@googlecode.com/components/command_processor.js:10861)
    at <anonymous> (file:///tmp/tmpFWKf07/extensions/fxdriver@googlecode.com/components/command_processor.js:10878)
    at <anonymous> (file:///tmp/tmpFWKf07/extensions/fxdriver@googlecode.com/components/command_processor.js:10883)
    at <anonymous> (file:///tmp/tmpFWKf07/extensions/fxdriver@googlecode.com/components/command_processor.js:10825) 
2014-03-06 12:28:27,389: GoBus_2_straight  - Restarting browser...
2014-03-06 12:28:27,473: GoBus_2_straight  - [Errno 2] No such file or directory: '/tmp/tmp592GzK'
2014-03-06 12:28:27,475: GoBus_2_straight  - Unable to delete profile directory: /tmp/tmp592GzK
2014-03-06 12:28:36,806: GoBus_2_straight  - Now using new browser!
2014-03-06 12:28:36,813: GoBus_2_straight  - Request failed - trying again with same browser configuration.
2014-03-06 12:28:38,818: GoBus_2_straight  - NEW SEARCH
2014-03-06 12:28:44,826: GoBus_2_straight  - Loading URL...
2014-03-06 12:29:10,857: GoBus_2_straight  - From New York, NY to Boston, MA (03/07/2014)
2014-03-06 12:29:10,864: GoBus_2_straight  - Selecting departure city...
2014-03-06 12:29:18,472: GoBus_2_straight  - Typing departure date...
2014-03-06 12:29:18,482: GoBus_2_straight  - Selecting arrival city...
2014-03-06 12:29:25,908: GoBus_2_straight  - Typing departure date...
2014-03-06 12:29:25,910: GoBus_2_straight  - Selecting correct date
2014-03-06 12:29:26,068: GoBus_2_straight  - Message: u'Element is read-only and so may not be used for actions' ; Stacktrace: 
    at <anonymous> (file:///tmp/tmpO5f3DA/extensions/fxdriver@googlecode.com/components/command_processor.js:8236)
    at <anonymous> (file:///tmp/tmpO5f3DA/extensions/fxdriver@googlecode.com/components/command_processor.js:10861)
    at <anonymous> (file:///tmp/tmpO5f3DA/extensions/fxdriver@googlecode.com/components/command_processor.js:10878)
    at <anonymous> (file:///tmp/tmpO5f3DA/extensions/fxdriver@googlecode.com/components/command_processor.js:10883)
    at <anonymous> (file:///tmp/tmpO5f3DA/extensions/fxdriver@googlecode.com/components/command_processor.js:10825) 
Traceback (most recent call last):
  File "/home/saasbook/Documents/bus_catchers-master/python_code/MyController.py", line 126, in my_logic
    request_success = self.my_fcn(self.proxy_obj.browser,self.sql_obj,cur_job,self.my_logger)
  File "/home/saasbook/Documents/bus_catchers-master/python_code/get_gobus.py", line 112, in my_fcn
    date_spot.clear()
  File "/usr/local/lib/python2.7/dist-packages/selenium-2.40.0-py2.7.egg/selenium/webdriver/remote/webelement.py", line 67, in clear
    self._execute(Command.CLEAR_ELEMENT)
  File "/usr/local/lib/python2.7/dist-packages/selenium-2.40.0-py2.7.egg/selenium/webdriver/remote/webelement.py", line 369, in _execute
    return self._parent.execute(command, params)
  File "/usr/local/lib/python2.7/dist-packages/selenium-2.40.0-py2.7.egg/selenium/webdriver/remote/webdriver.py", line 164, in execute
    self.error_handler.check_response(response)
  File "/usr/local/lib/python2.7/dist-packages/selenium-2.40.0-py2.7.egg/selenium/webdriver/remote/errorhandler.py", line 164, in check_response
    raise exception_class(message, screen, stacktrace)
InvalidElementStateException: Message: u'Element is read-only and so may not be used for actions' ; Stacktrace: 
    at <anonymous> (file:///tmp/tmpO5f3DA/extensions/fxdriver@googlecode.com/components/command_processor.js:8236)
    at <anonymous> (file:///tmp/tmpO5f3DA/extensions/fxdriver@googlecode.com/components/command_processor.js:10861)
    at <anonymous> (file:///tmp/tmpO5f3DA/extensions/fxdriver@googlecode.com/components/command_processor.js:10878)
    at <anonymous> (file:///tmp/tmpO5f3DA/extensions/fxdriver@googlecode.com/components/command_processor.js:10883)
    at <anonymous> (file:///tmp/tmpO5f3DA/extensions/fxdriver@googlecode.com/components/command_processor.js:10825) 
2014-03-06 12:29:26,089: GoBus_2_straight  - Restarting browser...
2014-03-06 12:29:26,113: GoBus_2_straight  - [Errno 2] No such file or directory: '/tmp/tmp592GzK'
2014-03-06 12:29:26,115: GoBus_2_straight  - Unable to delete profile directory: /tmp/tmp592GzK
2014-03-06 12:29:34,058: GoBus_2_straight  - Now using new browser!
2014-03-06 12:29:34,060: GoBus_2_straight  - Request failed - trying again with same browser configuration.
2014-03-06 12:29:34,061: GoBus_2_straight  - Evaluating diagnostics!
2014-03-06 12:29:34,063: GoBus_2_straight  - Saving html code...
2014-03-06 12:29:34,108: GoBus_2_straight  - Saved html source to: ../crawl_logs/03_06_2014/GoBus_12_29_34.html
2014-03-06 12:29:34,109: GoBus_2_straight  - Taking screenshot...
2014-03-06 12:29:34,307: GoBus_2_straight  - Saved screenshot to: ../crawl_logs/03_06_2014/GoBus_12_29_34.png
2014-03-06 12:29:36,310: GoBus_2_straight  - NEW SEARCH
2014-03-06 12:29:42,314: GoBus_2_straight  - Loading URL...
2014-03-06 12:30:08,449: GoBus_2_straight  - From New York, NY to Boston, MA (03/07/2014)
2014-03-06 12:30:08,452: GoBus_2_straight  - Selecting departure city...
2014-03-06 12:30:16,582: GoBus_2_straight  - Typing departure date...
2014-03-06 12:30:16,584: GoBus_2_straight  - Selecting arrival city...
2014-03-06 12:30:23,209: GoBus_2_straight  - Typing departure date...
2014-03-06 12:30:23,210: GoBus_2_straight  - Selecting correct date
2014-03-06 12:30:23,321: GoBus_2_straight  - Message: u'Element is read-only and so may not be used for actions' ; Stacktrace: 
    at <anonymous> (file:///tmp/tmpkfTlKu/extensions/fxdriver@googlecode.com/components/command_processor.js:8236)
    at <anonymous> (file:///tmp/tmpkfTlKu/extensions/fxdriver@googlecode.com/components/command_processor.js:10861)
    at <anonymous> (file:///tmp/tmpkfTlKu/extensions/fxdriver@googlecode.com/components/command_processor.js:10878)
    at <anonymous> (file:///tmp/tmpkfTlKu/extensions/fxdriver@googlecode.com/components/command_processor.js:10883)
    at <anonymous> (file:///tmp/tmpkfTlKu/extensions/fxdriver@googlecode.com/components/command_processor.js:10825) 
Traceback (most recent call last):
  File "/home/saasbook/Documents/bus_catchers-master/python_code/MyController.py", line 126, in my_logic
    request_success = self.my_fcn(self.proxy_obj.browser,self.sql_obj,cur_job,self.my_logger)
  File "/home/saasbook/Documents/bus_catchers-master/python_code/get_gobus.py", line 112, in my_fcn
    date_spot.clear()
  File "/usr/local/lib/python2.7/dist-packages/selenium-2.40.0-py2.7.egg/selenium/webdriver/remote/webelement.py", line 67, in clear
    self._execute(Command.CLEAR_ELEMENT)
  File "/usr/local/lib/python2.7/dist-packages/selenium-2.40.0-py2.7.egg/selenium/webdriver/remote/webelement.py", line 369, in _execute
    return self._parent.execute(command, params)
  File "/usr/local/lib/python2.7/dist-packages/selenium-2.40.0-py2.7.egg/selenium/webdriver/remote/webdriver.py", line 164, in execute
    self.error_handler.check_response(response)
  File "/usr/local/lib/python2.7/dist-packages/selenium-2.40.0-py2.7.egg/selenium/webdriver/remote/errorhandler.py", line 164, in check_response
    raise exception_class(message, screen, stacktrace)
InvalidElementStateException: Message: u'Element is read-only and so may not be used for actions' ; Stacktrace: 
    at <anonymous> (file:///tmp/tmpkfTlKu/extensions/fxdriver@googlecode.com/components/command_processor.js:8236)
    at <anonymous> (file:///tmp/tmpkfTlKu/extensions/fxdriver@googlecode.com/components/command_processor.js:10861)
    at <anonymous> (file:///tmp/tmpkfTlKu/extensions/fxdriver@googlecode.com/components/command_processor.js:10878)
    at <anonymous> (file:///tmp/tmpkfTlKu/extensions/fxdriver@googlecode.com/components/command_processor.js:10883)
    at <anonymous> (file:///tmp/tmpkfTlKu/extensions/fxdriver@googlecode.com/components/command_processor.js:10825) 
2014-03-06 12:30:23,340: GoBus_2_straight  - Restarting browser...
2014-03-06 12:30:23,380: GoBus_2_straight  - [Errno 2] No such file or directory: '/tmp/tmp592GzK'
2014-03-06 12:30:23,381: GoBus_2_straight  - Unable to delete profile directory: /tmp/tmp592GzK
2014-03-06 12:30:31,700: GoBus_2_straight  - Now using new browser!
2014-03-06 12:30:31,703: GoBus_2_straight  - Request failed - trying again with same browser configuration.
2014-03-06 12:30:31,703: GoBus_2_straight  - Evaluating diagnostics!
2014-03-06 12:30:31,704: GoBus_2_straight  - Saving html code...
2014-03-06 12:30:31,804: GoBus_2_straight  - Saved html source to: ../crawl_logs/03_06_2014/GoBus_12_30_31.html
2014-03-06 12:30:31,805: GoBus_2_straight  - Taking screenshot...
2014-03-06 12:30:32,069: GoBus_2_straight  - Saved screenshot to: ../crawl_logs/03_06_2014/GoBus_12_30_31.png
2014-03-06 12:30:34,072: GoBus_2_straight  - NEW SEARCH
2014-03-06 12:30:40,078: GoBus_2_straight  - Loading URL...
2014-03-06 12:31:05,987: GoBus_2_straight  - From New York, NY to Boston, MA (03/07/2014)
2014-03-06 12:31:05,988: GoBus_2_straight  - Selecting departure city...
2014-03-06 12:31:13,082: GoBus_2_straight  - Typing departure date...
2014-03-06 12:31:13,084: GoBus_2_straight  - Selecting arrival city...
2014-03-06 12:31:19,788: GoBus_2_straight  - Typing departure date...
2014-03-06 12:31:19,789: GoBus_2_straight  - Selecting correct date
2014-03-06 12:31:19,939: GoBus_2_straight  - Message: u'Element is read-only and so may not be used for actions' ; Stacktrace: 
    at <anonymous> (file:///tmp/tmpDQSBC5/extensions/fxdriver@googlecode.com/components/command_processor.js:8236)
    at <anonymous> (file:///tmp/tmpDQSBC5/extensions/fxdriver@googlecode.com/components/command_processor.js:10861)
    at <anonymous> (file:///tmp/tmpDQSBC5/extensions/fxdriver@googlecode.com/components/command_processor.js:10878)
    at <anonymous> (file:///tmp/tmpDQSBC5/extensions/fxdriver@googlecode.com/components/command_processor.js:10883)
    at <anonymous> (file:///tmp/tmpDQSBC5/extensions/fxdriver@googlecode.com/components/command_processor.js:10825) 
Traceback (most recent call last):
  File "/home/saasbook/Documents/bus_catchers-master/python_code/MyController.py", line 126, in my_logic
    request_success = self.my_fcn(self.proxy_obj.browser,self.sql_obj,cur_job,self.my_logger)
  File "/home/saasbook/Documents/bus_catchers-master/python_code/get_gobus.py", line 112, in my_fcn
    date_spot.clear()
  File "/usr/local/lib/python2.7/dist-packages/selenium-2.40.0-py2.7.egg/selenium/webdriver/remote/webelement.py", line 67, in clear
    self._execute(Command.CLEAR_ELEMENT)
  File "/usr/local/lib/python2.7/dist-packages/selenium-2.40.0-py2.7.egg/selenium/webdriver/remote/webelement.py", line 369, in _execute
    return self._parent.execute(command, params)
  File "/usr/local/lib/python2.7/dist-packages/selenium-2.40.0-py2.7.egg/selenium/webdriver/remote/webdriver.py", line 164, in execute
    self.error_handler.check_response(response)
  File "/usr/local/lib/python2.7/dist-packages/selenium-2.40.0-py2.7.egg/selenium/webdriver/remote/errorhandler.py", line 164, in check_response
    raise exception_class(message, screen, stacktrace)
InvalidElementStateException: Message: u'Element is read-only and so may not be used for actions' ; Stacktrace: 
    at <anonymous> (file:///tmp/tmpDQSBC5/extensions/fxdriver@googlecode.com/components/command_processor.js:8236)
    at <anonymous> (file:///tmp/tmpDQSBC5/extensions/fxdriver@googlecode.com/components/command_processor.js:10861)
    at <anonymous> (file:///tmp/tmpDQSBC5/extensions/fxdriver@googlecode.com/components/command_processor.js:10878)
    at <anonymous> (file:///tmp/tmpDQSBC5/extensions/fxdriver@googlecode.com/components/command_processor.js:10883)
    at <anonymous> (file:///tmp/tmpDQSBC5/extensions/fxdriver@googlecode.com/components/command_processor.js:10825) 
2014-03-06 12:31:19,956: GoBus_2_straight  - Restarting browser...
2014-03-06 12:31:19,996: GoBus_2_straight  - [Errno 2] No such file or directory: '/tmp/tmp592GzK'
2014-03-06 12:31:19,996: GoBus_2_straight  - Unable to delete profile directory: /tmp/tmp592GzK
2014-03-06 12:31:28,175: GoBus_2_straight  - Now using new browser!
2014-03-06 12:31:28,176: GoBus_2_straight  - Request failed - trying again with same browser configuration.
2014-03-06 12:31:28,177: GoBus_2_straight  - Evaluating diagnostics!
2014-03-06 12:31:28,178: GoBus_2_straight  - Saving html code...
2014-03-06 12:31:28,251: GoBus_2_straight  - Saved html source to: ../crawl_logs/03_06_2014/GoBus_12_31_28.html
2014-03-06 12:31:28,252: GoBus_2_straight  - Taking screenshot...
2014-03-06 12:31:28,431: GoBus_2_straight  - Saved screenshot to: ../crawl_logs/03_06_2014/GoBus_12_31_28.png
2014-03-06 12:31:30,435: GoBus_2_straight  - Aborting all operations.
2014-03-06 12:31:30,436: GoBus_2_straight  - Failed too many times! Shutting down!
2014-03-06 12:31:30,437: GoBus_2_straight  - Unable to complete schedule request!
2014-03-06 12:31:30,437: GoBus_2_straight  - Jobs remaining: 2
2014-03-06 12:31:30,442: GoBus_2_straight  - Quitting...
2014-03-06 12:31:30,443: GoBus_2_straight  - [Errno 2] No such file or directory: '/tmp/tmp592GzK'
2014-03-06 12:31:30,443: GoBus_2_straight  - Unable to delete profile directory: /tmp/tmp592GzK
