2014-03-06 12:28:06,191: Greyhound_1_straight  - Setting up mysql and firefox connections...
2014-03-06 12:28:06,191: Greyhound_1_straight  - DROP TABLE IF EXISTS 2014March5
2014-03-06 12:28:06,192: Greyhound_1_straight  - DROP TABLE IF EXISTS 2014March5
2014-03-06 12:28:06,193: Greyhound_1_straight  - DROP TABLE IF EXISTS 2014March4
2014-03-06 12:28:06,193: Greyhound_1_straight  - DROP TABLE IF EXISTS 2014March4
2014-03-06 12:28:06,194: Greyhound_1_straight  - DROP TABLE IF EXISTS 2014March3
2014-03-06 12:28:06,194: Greyhound_1_straight  - DROP TABLE IF EXISTS 2014March3
2014-03-06 12:28:06,196: Greyhound_1_straight  - DROP TABLE IF EXISTS 2014March2
2014-03-06 12:28:06,206: Greyhound_1_straight  - DROP TABLE IF EXISTS 2014March2
2014-03-06 12:28:06,206: Greyhound_1_straight  - DROP TABLE IF EXISTS 2014March1
2014-03-06 12:28:06,207: Greyhound_1_straight  - DROP TABLE IF EXISTS 2014March1
2014-03-06 12:28:06,208: Greyhound_1_straight  - DROP TABLE IF EXISTS 2014February28
2014-03-06 12:28:06,208: Greyhound_1_straight  - DROP TABLE IF EXISTS 2014February28
2014-03-06 12:28:06,209: Greyhound_1_straight  - DROP TABLE IF EXISTS 2014February27
2014-03-06 12:28:06,209: Greyhound_1_straight  - DROP TABLE IF EXISTS 2014February27
2014-03-06 12:28:06,210: Greyhound_1_straight  - DROP TABLE IF EXISTS 2014February26
2014-03-06 12:28:06,215: Greyhound_1_straight  - DROP TABLE IF EXISTS 2014February26
2014-03-06 12:28:06,216: Greyhound_1_straight  - DROP TABLE IF EXISTS 2014February25
2014-03-06 12:28:06,216: Greyhound_1_straight  - DROP TABLE IF EXISTS 2014February25
2014-03-06 12:28:06,226: Greyhound_1_straight  - DROP TABLE IF EXISTS 2014February24
2014-03-06 12:28:06,227: Greyhound_1_straight  - DROP TABLE IF EXISTS 2014February24
2014-03-06 12:28:06,227: Greyhound_1_straight  - DROP TABLE IF EXISTS 2014February23
2014-03-06 12:28:06,228: Greyhound_1_straight  - DROP TABLE IF EXISTS 2014February23
2014-03-06 12:28:06,228: Greyhound_1_straight  - DROP TABLE IF EXISTS 2014February22
2014-03-06 12:28:06,230: Greyhound_1_straight  - DROP TABLE IF EXISTS 2014February22
2014-03-06 12:28:06,230: Greyhound_1_straight  - DROP TABLE IF EXISTS 2014February21
2014-03-06 12:28:06,238: Greyhound_1_straight  - DROP TABLE IF EXISTS 2014February21
2014-03-06 12:28:06,239: Greyhound_1_straight  - DROP TABLE IF EXISTS 2014February20
2014-03-06 12:28:06,239: Greyhound_1_straight  - DROP TABLE IF EXISTS 2014February20
2014-03-06 12:28:12,809: Greyhound_1_straight  - Retrieving jobs...
2014-03-06 12:28:12,811: Greyhound_1_straight  - Number of jobs: 30
2014-03-06 12:28:12,814: Greyhound_1_straight  - Setting up makeups...
2014-03-06 12:28:12,816: Greyhound_1_straight  - CREATE TABLE IF NOT EXISTS Greyhound_makeup(TRIP_ID INT PRIMARY KEY, COMPANY_NAME VARCHAR(40), DEPART_CITY VARCHAR(40), ARRIVE_CITY VARCHAR(40), DEPART_DATE DATE)
2014-03-06 12:28:12,818: Greyhound_1_straight  - INSERT INTO Greyhound_makeup(TRIP_ID,COMPANY_NAME,DEPART_CITY,ARRIVE_CITY,DEPART_DATE) VALUES(706030701,'Greyhound','New York, NY','Newark, NJ','2014-03-07') ON DUPLICATE KEY UPDATE TRIP_ID = TRIP_ID
2014-03-06 12:28:12,843: Greyhound_1_straight  - CREATE TABLE IF NOT EXISTS Greyhound_makeup(TRIP_ID INT PRIMARY KEY, COMPANY_NAME VARCHAR(40), DEPART_CITY VARCHAR(40), ARRIVE_CITY VARCHAR(40), DEPART_DATE DATE)
2014-03-06 12:28:12,851: Greyhound_1_straight  - INSERT INTO Greyhound_makeup(TRIP_ID,COMPANY_NAME,DEPART_CITY,ARRIVE_CITY,DEPART_DATE) VALUES(701030701,'Greyhound','New York, NY','Boston, MA','2014-03-07') ON DUPLICATE KEY UPDATE TRIP_ID = TRIP_ID
2014-03-06 12:28:12,851: Greyhound_1_straight  - CREATE TABLE IF NOT EXISTS Greyhound_makeup(TRIP_ID INT PRIMARY KEY, COMPANY_NAME VARCHAR(40), DEPART_CITY VARCHAR(40), ARRIVE_CITY VARCHAR(40), DEPART_DATE DATE)
2014-03-06 12:28:12,857: Greyhound_1_straight  - INSERT INTO Greyhound_makeup(TRIP_ID,COMPANY_NAME,DEPART_CITY,ARRIVE_CITY,DEPART_DATE) VALUES(700030701,'Greyhound','New York, NY','Baltimore, MD','2014-03-07') ON DUPLICATE KEY UPDATE TRIP_ID = TRIP_ID
2014-03-06 12:28:12,860: Greyhound_1_straight  - CREATE TABLE IF NOT EXISTS Greyhound_makeup(TRIP_ID INT PRIMARY KEY, COMPANY_NAME VARCHAR(40), DEPART_CITY VARCHAR(40), ARRIVE_CITY VARCHAR(40), DEPART_DATE DATE)
2014-03-06 12:28:12,861: Greyhound_1_straight  - INSERT INTO Greyhound_makeup(TRIP_ID,COMPANY_NAME,DEPART_CITY,ARRIVE_CITY,DEPART_DATE) VALUES(711030701,'Greyhound','New York, NY','Washington, DC','2014-03-07') ON DUPLICATE KEY UPDATE TRIP_ID = TRIP_ID
2014-03-06 12:28:12,870: Greyhound_1_straight  - CREATE TABLE IF NOT EXISTS Greyhound_makeup(TRIP_ID INT PRIMARY KEY, COMPANY_NAME VARCHAR(40), DEPART_CITY VARCHAR(40), ARRIVE_CITY VARCHAR(40), DEPART_DATE DATE)
2014-03-06 12:28:12,882: Greyhound_1_straight  - INSERT INTO Greyhound_makeup(TRIP_ID,COMPANY_NAME,DEPART_CITY,ARRIVE_CITY,DEPART_DATE) VALUES(708030701,'Greyhound','New York, NY','Philadelphia, PA','2014-03-07') ON DUPLICATE KEY UPDATE TRIP_ID = TRIP_ID
2014-03-06 12:28:12,883: Greyhound_1_straight  - CREATE TABLE IF NOT EXISTS Greyhound_makeup(TRIP_ID INT PRIMARY KEY, COMPANY_NAME VARCHAR(40), DEPART_CITY VARCHAR(40), ARRIVE_CITY VARCHAR(40), DEPART_DATE DATE)
2014-03-06 12:28:12,884: Greyhound_1_straight  - INSERT INTO Greyhound_makeup(TRIP_ID,COMPANY_NAME,DEPART_CITY,ARRIVE_CITY,DEPART_DATE) VALUES(607030701,'Greyhound','Newark, NJ','New York, NY','2014-03-07') ON DUPLICATE KEY UPDATE TRIP_ID = TRIP_ID
2014-03-06 12:28:12,890: Greyhound_1_straight  - CREATE TABLE IF NOT EXISTS Greyhound_makeup(TRIP_ID INT PRIMARY KEY, COMPANY_NAME VARCHAR(40), DEPART_CITY VARCHAR(40), ARRIVE_CITY VARCHAR(40), DEPART_DATE DATE)
2014-03-06 12:28:12,890: Greyhound_1_straight  - INSERT INTO Greyhound_makeup(TRIP_ID,COMPANY_NAME,DEPART_CITY,ARRIVE_CITY,DEPART_DATE) VALUES(601030701,'Greyhound','Newark, NJ','Boston, MA','2014-03-07') ON DUPLICATE KEY UPDATE TRIP_ID = TRIP_ID
2014-03-06 12:28:12,891: Greyhound_1_straight  - CREATE TABLE IF NOT EXISTS Greyhound_makeup(TRIP_ID INT PRIMARY KEY, COMPANY_NAME VARCHAR(40), DEPART_CITY VARCHAR(40), ARRIVE_CITY VARCHAR(40), DEPART_DATE DATE)
2014-03-06 12:28:12,896: Greyhound_1_straight  - INSERT INTO Greyhound_makeup(TRIP_ID,COMPANY_NAME,DEPART_CITY,ARRIVE_CITY,DEPART_DATE) VALUES(600030701,'Greyhound','Newark, NJ','Baltimore, MD','2014-03-07') ON DUPLICATE KEY UPDATE TRIP_ID = TRIP_ID
2014-03-06 12:28:12,903: Greyhound_1_straight  - CREATE TABLE IF NOT EXISTS Greyhound_makeup(TRIP_ID INT PRIMARY KEY, COMPANY_NAME VARCHAR(40), DEPART_CITY VARCHAR(40), ARRIVE_CITY VARCHAR(40), DEPART_DATE DATE)
2014-03-06 12:28:12,914: Greyhound_1_straight  - INSERT INTO Greyhound_makeup(TRIP_ID,COMPANY_NAME,DEPART_CITY,ARRIVE_CITY,DEPART_DATE) VALUES(611030701,'Greyhound','Newark, NJ','Washington, DC','2014-03-07') ON DUPLICATE KEY UPDATE TRIP_ID = TRIP_ID
2014-03-06 12:28:12,917: Greyhound_1_straight  - CREATE TABLE IF NOT EXISTS Greyhound_makeup(TRIP_ID INT PRIMARY KEY, COMPANY_NAME VARCHAR(40), DEPART_CITY VARCHAR(40), ARRIVE_CITY VARCHAR(40), DEPART_DATE DATE)
2014-03-06 12:28:12,921: Greyhound_1_straight  - INSERT INTO Greyhound_makeup(TRIP_ID,COMPANY_NAME,DEPART_CITY,ARRIVE_CITY,DEPART_DATE) VALUES(608030701,'Greyhound','Newark, NJ','Philadelphia, PA','2014-03-07') ON DUPLICATE KEY UPDATE TRIP_ID = TRIP_ID
2014-03-06 12:28:12,933: Greyhound_1_straight  - CREATE TABLE IF NOT EXISTS Greyhound_makeup(TRIP_ID INT PRIMARY KEY, COMPANY_NAME VARCHAR(40), DEPART_CITY VARCHAR(40), ARRIVE_CITY VARCHAR(40), DEPART_DATE DATE)
2014-03-06 12:28:12,939: Greyhound_1_straight  - INSERT INTO Greyhound_makeup(TRIP_ID,COMPANY_NAME,DEPART_CITY,ARRIVE_CITY,DEPART_DATE) VALUES(107030701,'Greyhound','Boston, MA','New York, NY','2014-03-07') ON DUPLICATE KEY UPDATE TRIP_ID = TRIP_ID
2014-03-06 12:28:12,943: Greyhound_1_straight  - CREATE TABLE IF NOT EXISTS Greyhound_makeup(TRIP_ID INT PRIMARY KEY, COMPANY_NAME VARCHAR(40), DEPART_CITY VARCHAR(40), ARRIVE_CITY VARCHAR(40), DEPART_DATE DATE)
2014-03-06 12:28:12,945: Greyhound_1_straight  - INSERT INTO Greyhound_makeup(TRIP_ID,COMPANY_NAME,DEPART_CITY,ARRIVE_CITY,DEPART_DATE) VALUES(106030701,'Greyhound','Boston, MA','Newark, NJ','2014-03-07') ON DUPLICATE KEY UPDATE TRIP_ID = TRIP_ID
2014-03-06 12:28:12,952: Greyhound_1_straight  - CREATE TABLE IF NOT EXISTS Greyhound_makeup(TRIP_ID INT PRIMARY KEY, COMPANY_NAME VARCHAR(40), DEPART_CITY VARCHAR(40), ARRIVE_CITY VARCHAR(40), DEPART_DATE DATE)
2014-03-06 12:28:12,953: Greyhound_1_straight  - INSERT INTO Greyhound_makeup(TRIP_ID,COMPANY_NAME,DEPART_CITY,ARRIVE_CITY,DEPART_DATE) VALUES(100030701,'Greyhound','Boston, MA','Baltimore, MD','2014-03-07') ON DUPLICATE KEY UPDATE TRIP_ID = TRIP_ID
2014-03-06 12:28:12,959: Greyhound_1_straight  - CREATE TABLE IF NOT EXISTS Greyhound_makeup(TRIP_ID INT PRIMARY KEY, COMPANY_NAME VARCHAR(40), DEPART_CITY VARCHAR(40), ARRIVE_CITY VARCHAR(40), DEPART_DATE DATE)
2014-03-06 12:28:12,961: Greyhound_1_straight  - INSERT INTO Greyhound_makeup(TRIP_ID,COMPANY_NAME,DEPART_CITY,ARRIVE_CITY,DEPART_DATE) VALUES(111030701,'Greyhound','Boston, MA','Washington, DC','2014-03-07') ON DUPLICATE KEY UPDATE TRIP_ID = TRIP_ID
2014-03-06 12:28:12,981: Greyhound_1_straight  - CREATE TABLE IF NOT EXISTS Greyhound_makeup(TRIP_ID INT PRIMARY KEY, COMPANY_NAME VARCHAR(40), DEPART_CITY VARCHAR(40), ARRIVE_CITY VARCHAR(40), DEPART_DATE DATE)
2014-03-06 12:28:12,983: Greyhound_1_straight  - INSERT INTO Greyhound_makeup(TRIP_ID,COMPANY_NAME,DEPART_CITY,ARRIVE_CITY,DEPART_DATE) VALUES(108030701,'Greyhound','Boston, MA','Philadelphia, PA','2014-03-07') ON DUPLICATE KEY UPDATE TRIP_ID = TRIP_ID
2014-03-06 12:28:12,989: Greyhound_1_straight  - CREATE TABLE IF NOT EXISTS Greyhound_makeup(TRIP_ID INT PRIMARY KEY, COMPANY_NAME VARCHAR(40), DEPART_CITY VARCHAR(40), ARRIVE_CITY VARCHAR(40), DEPART_DATE DATE)
2014-03-06 12:28:13,002: Greyhound_1_straight  - INSERT INTO Greyhound_makeup(TRIP_ID,COMPANY_NAME,DEPART_CITY,ARRIVE_CITY,DEPART_DATE) VALUES(7030701,'Greyhound','Baltimore, MD','New York, NY','2014-03-07') ON DUPLICATE KEY UPDATE TRIP_ID = TRIP_ID
2014-03-06 12:28:13,004: Greyhound_1_straight  - CREATE TABLE IF NOT EXISTS Greyhound_makeup(TRIP_ID INT PRIMARY KEY, COMPANY_NAME VARCHAR(40), DEPART_CITY VARCHAR(40), ARRIVE_CITY VARCHAR(40), DEPART_DATE DATE)
2014-03-06 12:28:13,005: Greyhound_1_straight  - INSERT INTO Greyhound_makeup(TRIP_ID,COMPANY_NAME,DEPART_CITY,ARRIVE_CITY,DEPART_DATE) VALUES(6030701,'Greyhound','Baltimore, MD','Newark, NJ','2014-03-07') ON DUPLICATE KEY UPDATE TRIP_ID = TRIP_ID
2014-03-06 12:28:13,014: Greyhound_1_straight  - CREATE TABLE IF NOT EXISTS Greyhound_makeup(TRIP_ID INT PRIMARY KEY, COMPANY_NAME VARCHAR(40), DEPART_CITY VARCHAR(40), ARRIVE_CITY VARCHAR(40), DEPART_DATE DATE)
2014-03-06 12:28:13,018: Greyhound_1_straight  - INSERT INTO Greyhound_makeup(TRIP_ID,COMPANY_NAME,DEPART_CITY,ARRIVE_CITY,DEPART_DATE) VALUES(1030701,'Greyhound','Baltimore, MD','Boston, MA','2014-03-07') ON DUPLICATE KEY UPDATE TRIP_ID = TRIP_ID
2014-03-06 12:28:13,023: Greyhound_1_straight  - CREATE TABLE IF NOT EXISTS Greyhound_makeup(TRIP_ID INT PRIMARY KEY, COMPANY_NAME VARCHAR(40), DEPART_CITY VARCHAR(40), ARRIVE_CITY VARCHAR(40), DEPART_DATE DATE)
2014-03-06 12:28:13,027: Greyhound_1_straight  - INSERT INTO Greyhound_makeup(TRIP_ID,COMPANY_NAME,DEPART_CITY,ARRIVE_CITY,DEPART_DATE) VALUES(11030701,'Greyhound','Baltimore, MD','Washington, DC','2014-03-07') ON DUPLICATE KEY UPDATE TRIP_ID = TRIP_ID
2014-03-06 12:28:13,031: Greyhound_1_straight  - CREATE TABLE IF NOT EXISTS Greyhound_makeup(TRIP_ID INT PRIMARY KEY, COMPANY_NAME VARCHAR(40), DEPART_CITY VARCHAR(40), ARRIVE_CITY VARCHAR(40), DEPART_DATE DATE)
2014-03-06 12:28:13,040: Greyhound_1_straight  - INSERT INTO Greyhound_makeup(TRIP_ID,COMPANY_NAME,DEPART_CITY,ARRIVE_CITY,DEPART_DATE) VALUES(8030701,'Greyhound','Baltimore, MD','Philadelphia, PA','2014-03-07') ON DUPLICATE KEY UPDATE TRIP_ID = TRIP_ID
2014-03-06 12:28:13,052: Greyhound_1_straight  - CREATE TABLE IF NOT EXISTS Greyhound_makeup(TRIP_ID INT PRIMARY KEY, COMPANY_NAME VARCHAR(40), DEPART_CITY VARCHAR(40), ARRIVE_CITY VARCHAR(40), DEPART_DATE DATE)
2014-03-06 12:28:13,053: Greyhound_1_straight  - INSERT INTO Greyhound_makeup(TRIP_ID,COMPANY_NAME,DEPART_CITY,ARRIVE_CITY,DEPART_DATE) VALUES(1107030701,'Greyhound','Washington, DC','New York, NY','2014-03-07') ON DUPLICATE KEY UPDATE TRIP_ID = TRIP_ID
2014-03-06 12:28:13,063: Greyhound_1_straight  - CREATE TABLE IF NOT EXISTS Greyhound_makeup(TRIP_ID INT PRIMARY KEY, COMPANY_NAME VARCHAR(40), DEPART_CITY VARCHAR(40), ARRIVE_CITY VARCHAR(40), DEPART_DATE DATE)
2014-03-06 12:28:13,071: Greyhound_1_straight  - INSERT INTO Greyhound_makeup(TRIP_ID,COMPANY_NAME,DEPART_CITY,ARRIVE_CITY,DEPART_DATE) VALUES(1106030701,'Greyhound','Washington, DC','Newark, NJ','2014-03-07') ON DUPLICATE KEY UPDATE TRIP_ID = TRIP_ID
2014-03-06 12:28:13,072: Greyhound_1_straight  - CREATE TABLE IF NOT EXISTS Greyhound_makeup(TRIP_ID INT PRIMARY KEY, COMPANY_NAME VARCHAR(40), DEPART_CITY VARCHAR(40), ARRIVE_CITY VARCHAR(40), DEPART_DATE DATE)
2014-03-06 12:28:13,072: Greyhound_1_straight  - INSERT INTO Greyhound_makeup(TRIP_ID,COMPANY_NAME,DEPART_CITY,ARRIVE_CITY,DEPART_DATE) VALUES(1101030701,'Greyhound','Washington, DC','Boston, MA','2014-03-07') ON DUPLICATE KEY UPDATE TRIP_ID = TRIP_ID
2014-03-06 12:28:13,074: Greyhound_1_straight  - CREATE TABLE IF NOT EXISTS Greyhound_makeup(TRIP_ID INT PRIMARY KEY, COMPANY_NAME VARCHAR(40), DEPART_CITY VARCHAR(40), ARRIVE_CITY VARCHAR(40), DEPART_DATE DATE)
2014-03-06 12:28:13,082: Greyhound_1_straight  - INSERT INTO Greyhound_makeup(TRIP_ID,COMPANY_NAME,DEPART_CITY,ARRIVE_CITY,DEPART_DATE) VALUES(1100030701,'Greyhound','Washington, DC','Baltimore, MD','2014-03-07') ON DUPLICATE KEY UPDATE TRIP_ID = TRIP_ID
2014-03-06 12:28:13,083: Greyhound_1_straight  - CREATE TABLE IF NOT EXISTS Greyhound_makeup(TRIP_ID INT PRIMARY KEY, COMPANY_NAME VARCHAR(40), DEPART_CITY VARCHAR(40), ARRIVE_CITY VARCHAR(40), DEPART_DATE DATE)
2014-03-06 12:28:13,095: Greyhound_1_straight  - INSERT INTO Greyhound_makeup(TRIP_ID,COMPANY_NAME,DEPART_CITY,ARRIVE_CITY,DEPART_DATE) VALUES(1108030701,'Greyhound','Washington, DC','Philadelphia, PA','2014-03-07') ON DUPLICATE KEY UPDATE TRIP_ID = TRIP_ID
2014-03-06 12:28:13,096: Greyhound_1_straight  - CREATE TABLE IF NOT EXISTS Greyhound_makeup(TRIP_ID INT PRIMARY KEY, COMPANY_NAME VARCHAR(40), DEPART_CITY VARCHAR(40), ARRIVE_CITY VARCHAR(40), DEPART_DATE DATE)
2014-03-06 12:28:13,103: Greyhound_1_straight  - INSERT INTO Greyhound_makeup(TRIP_ID,COMPANY_NAME,DEPART_CITY,ARRIVE_CITY,DEPART_DATE) VALUES(807030701,'Greyhound','Philadelphia, PA','New York, NY','2014-03-07') ON DUPLICATE KEY UPDATE TRIP_ID = TRIP_ID
2014-03-06 12:28:13,115: Greyhound_1_straight  - CREATE TABLE IF NOT EXISTS Greyhound_makeup(TRIP_ID INT PRIMARY KEY, COMPANY_NAME VARCHAR(40), DEPART_CITY VARCHAR(40), ARRIVE_CITY VARCHAR(40), DEPART_DATE DATE)
2014-03-06 12:28:13,115: Greyhound_1_straight  - INSERT INTO Greyhound_makeup(TRIP_ID,COMPANY_NAME,DEPART_CITY,ARRIVE_CITY,DEPART_DATE) VALUES(806030701,'Greyhound','Philadelphia, PA','Newark, NJ','2014-03-07') ON DUPLICATE KEY UPDATE TRIP_ID = TRIP_ID
2014-03-06 12:28:13,116: Greyhound_1_straight  - CREATE TABLE IF NOT EXISTS Greyhound_makeup(TRIP_ID INT PRIMARY KEY, COMPANY_NAME VARCHAR(40), DEPART_CITY VARCHAR(40), ARRIVE_CITY VARCHAR(40), DEPART_DATE DATE)
2014-03-06 12:28:13,126: Greyhound_1_straight  - INSERT INTO Greyhound_makeup(TRIP_ID,COMPANY_NAME,DEPART_CITY,ARRIVE_CITY,DEPART_DATE) VALUES(801030701,'Greyhound','Philadelphia, PA','Boston, MA','2014-03-07') ON DUPLICATE KEY UPDATE TRIP_ID = TRIP_ID
2014-03-06 12:28:13,139: Greyhound_1_straight  - CREATE TABLE IF NOT EXISTS Greyhound_makeup(TRIP_ID INT PRIMARY KEY, COMPANY_NAME VARCHAR(40), DEPART_CITY VARCHAR(40), ARRIVE_CITY VARCHAR(40), DEPART_DATE DATE)
2014-03-06 12:28:13,145: Greyhound_1_straight  - INSERT INTO Greyhound_makeup(TRIP_ID,COMPANY_NAME,DEPART_CITY,ARRIVE_CITY,DEPART_DATE) VALUES(800030701,'Greyhound','Philadelphia, PA','Baltimore, MD','2014-03-07') ON DUPLICATE KEY UPDATE TRIP_ID = TRIP_ID
2014-03-06 12:28:13,155: Greyhound_1_straight  - CREATE TABLE IF NOT EXISTS Greyhound_makeup(TRIP_ID INT PRIMARY KEY, COMPANY_NAME VARCHAR(40), DEPART_CITY VARCHAR(40), ARRIVE_CITY VARCHAR(40), DEPART_DATE DATE)
2014-03-06 12:28:13,160: Greyhound_1_straight  - INSERT INTO Greyhound_makeup(TRIP_ID,COMPANY_NAME,DEPART_CITY,ARRIVE_CITY,DEPART_DATE) VALUES(811030701,'Greyhound','Philadelphia, PA','Washington, DC','2014-03-07') ON DUPLICATE KEY UPDATE TRIP_ID = TRIP_ID
2014-03-06 12:28:13,167: Greyhound_1_straight  - Starting session!
2014-03-06 12:28:13,190: Greyhound_1_straight  - Not using proxies!
2014-03-06 12:28:13,196: Greyhound_1_straight  - Jobs remaining: 30
2014-03-06 12:28:13,196: Greyhound_1_straight  - Number of proxy rotations allowed: 4
2014-03-06 12:28:13,197: Greyhound_1_straight  - Number of browser restarts allowed: 2
2014-03-06 12:28:13,204: Greyhound_1_straight  - NEW SEARCH
2014-03-06 12:28:13,204: Greyhound_1_straight  - Deleting all cookies...
2014-03-06 12:28:47,595: Greyhound_1_straight  - From New York, NY to Newark, NJ (03/07/2014)
2014-03-06 12:28:47,596: Greyhound_1_straight  - Clearing text fields
2014-03-06 12:28:48,111: Greyhound_1_straight  - Typing origin city...
2014-03-06 12:28:54,359: Greyhound_1_straight  - Typing destination city...
2014-03-06 12:29:00,798: Greyhound_1_straight  - Typing departure date...
2014-03-06 12:29:07,027: Greyhound_1_straight  - Clicking on search button...
2014-03-06 12:29:58,327: Greyhound_1_straight  - Parsing table...
2014-03-06 12:30:12,170: Greyhound_1_straight  - Depart date: 03/07/2014
2014-03-06 12:30:12,178: Greyhound_1_straight  - Depart time: 06:15 AM
2014-03-06 12:30:12,179: Greyhound_1_straight  - Arrive time: 06:45 AM
2014-03-06 12:30:12,179: Greyhound_1_straight  - Cost: $11
2014-03-06 12:30:12,180: Greyhound_1_straight  - Days: 0; hours: 0; minutes: 30
2014-03-06 12:30:12,239: Greyhound_1_straight  - INSERT INTO 2014March7(TRIP_ID,COMPANY_NAME,DEPART_CITY,ARRIVE_CITY,DEPART_TIME,ARRIVE_TIME,TRIP_LENGTH,TRIP_COST,URL) VALUES(706061501,'Greyhound','New York, NY','Newark, NJ','2014-03-07 06:15:00','2014-03-07 06:45:00','0H, 30m',11,'https://www.greyhound.com/farefinder/step2.aspx?SessionId=ab6c7be3-b5c7-4a01-984c-53bc7ad81829') ON DUPLICATE KEY UPDATE TRIP_COST = 11
2014-03-06 12:30:12,241: Greyhound_1_straight  - Depart date: 03/07/2014
2014-03-06 12:30:12,242: Greyhound_1_straight  - Depart time: 07:10 AM
2014-03-06 12:30:12,244: Greyhound_1_straight  - Arrive time: 07:40 AM
2014-03-06 12:30:12,254: Greyhound_1_straight  - Cost: $11
2014-03-06 12:30:12,258: Greyhound_1_straight  - Days: 0; hours: 0; minutes: 30
2014-03-06 12:30:12,291: Greyhound_1_straight  - INSERT INTO 2014March7(TRIP_ID,COMPANY_NAME,DEPART_CITY,ARRIVE_CITY,DEPART_TIME,ARRIVE_TIME,TRIP_LENGTH,TRIP_COST,URL) VALUES(706071001,'Greyhound','New York, NY','Newark, NJ','2014-03-07 07:10:00','2014-03-07 07:40:00','0H, 30m',11,'https://www.greyhound.com/farefinder/step2.aspx?SessionId=ab6c7be3-b5c7-4a01-984c-53bc7ad81829') ON DUPLICATE KEY UPDATE TRIP_COST = 11
2014-03-06 12:30:12,293: Greyhound_1_straight  - Depart date: 03/07/2014
2014-03-06 12:30:12,294: Greyhound_1_straight  - Depart time: 07:45 AM
2014-03-06 12:30:12,302: Greyhound_1_straight  - Arrive time: 08:15 AM
2014-03-06 12:30:12,310: Greyhound_1_straight  - Cost: $11
2014-03-06 12:30:12,311: Greyhound_1_straight  - Days: 0; hours: 0; minutes: 30
2014-03-06 12:30:12,355: Greyhound_1_straight  - INSERT INTO 2014March7(TRIP_ID,COMPANY_NAME,DEPART_CITY,ARRIVE_CITY,DEPART_TIME,ARRIVE_TIME,TRIP_LENGTH,TRIP_COST,URL) VALUES(706074501,'Greyhound','New York, NY','Newark, NJ','2014-03-07 07:45:00','2014-03-07 08:15:00','0H, 30m',11,'https://www.greyhound.com/farefinder/step2.aspx?SessionId=ab6c7be3-b5c7-4a01-984c-53bc7ad81829') ON DUPLICATE KEY UPDATE TRIP_COST = 11
2014-03-06 12:30:12,357: Greyhound_1_straight  - Depart date: 03/07/2014
2014-03-06 12:30:12,367: Greyhound_1_straight  - Depart time: 08:30 AM
2014-03-06 12:30:12,368: Greyhound_1_straight  - Arrive time: 09:00 AM
2014-03-06 12:30:12,368: Greyhound_1_straight  - Cost: $11
2014-03-06 12:30:12,369: Greyhound_1_straight  - Days: 0; hours: 0; minutes: 30
2014-03-06 12:30:12,420: Greyhound_1_straight  - INSERT INTO 2014March7(TRIP_ID,COMPANY_NAME,DEPART_CITY,ARRIVE_CITY,DEPART_TIME,ARRIVE_TIME,TRIP_LENGTH,TRIP_COST,URL) VALUES(706083001,'Greyhound','New York, NY','Newark, NJ','2014-03-07 08:30:00','2014-03-07 09:00:00','0H, 30m',11,'https://www.greyhound.com/farefinder/step2.aspx?SessionId=ab6c7be3-b5c7-4a01-984c-53bc7ad81829') ON DUPLICATE KEY UPDATE TRIP_COST = 11
2014-03-06 12:30:12,422: Greyhound_1_straight  - Depart date: 03/07/2014
2014-03-06 12:30:12,427: Greyhound_1_straight  - Depart time: 08:50 AM
2014-03-06 12:30:12,428: Greyhound_1_straight  - Arrive time: 09:20 AM
2014-03-06 12:30:12,428: Greyhound_1_straight  - Cost: $11
2014-03-06 12:30:12,431: Greyhound_1_straight  - Days: 0; hours: 0; minutes: 30
2014-03-06 12:30:12,464: Greyhound_1_straight  - INSERT INTO 2014March7(TRIP_ID,COMPANY_NAME,DEPART_CITY,ARRIVE_CITY,DEPART_TIME,ARRIVE_TIME,TRIP_LENGTH,TRIP_COST,URL) VALUES(706085001,'Greyhound','New York, NY','Newark, NJ','2014-03-07 08:50:00','2014-03-07 09:20:00','0H, 30m',11,'https://www.greyhound.com/farefinder/step2.aspx?SessionId=ab6c7be3-b5c7-4a01-984c-53bc7ad81829') ON DUPLICATE KEY UPDATE TRIP_COST = 11
2014-03-06 12:30:12,468: Greyhound_1_straight  - Depart date: 03/07/2014
2014-03-06 12:30:12,472: Greyhound_1_straight  - Depart time: 09:15 AM
2014-03-06 12:30:12,473: Greyhound_1_straight  - Arrive time: 09:45 AM
2014-03-06 12:30:12,473: Greyhound_1_straight  - Cost: $11
2014-03-06 12:30:12,475: Greyhound_1_straight  - Days: 0; hours: 0; minutes: 30
2014-03-06 12:30:12,536: Greyhound_1_straight  - INSERT INTO 2014March7(TRIP_ID,COMPANY_NAME,DEPART_CITY,ARRIVE_CITY,DEPART_TIME,ARRIVE_TIME,TRIP_LENGTH,TRIP_COST,URL) VALUES(706091501,'Greyhound','New York, NY','Newark, NJ','2014-03-07 09:15:00','2014-03-07 09:45:00','0H, 30m',11,'https://www.greyhound.com/farefinder/step2.aspx?SessionId=ab6c7be3-b5c7-4a01-984c-53bc7ad81829') ON DUPLICATE KEY UPDATE TRIP_COST = 11
2014-03-06 12:30:12,538: Greyhound_1_straight  - Depart date: 03/07/2014
2014-03-06 12:30:12,538: Greyhound_1_straight  - Depart time: 12:30 PM
2014-03-06 12:30:12,539: Greyhound_1_straight  - Arrive time: 01:00 PM
2014-03-06 12:30:12,554: Greyhound_1_straight  - Cost: $11
2014-03-06 12:30:12,555: Greyhound_1_straight  - Days: 0; hours: 0; minutes: 30
2014-03-06 12:30:12,586: Greyhound_1_straight  - INSERT INTO 2014March7(TRIP_ID,COMPANY_NAME,DEPART_CITY,ARRIVE_CITY,DEPART_TIME,ARRIVE_TIME,TRIP_LENGTH,TRIP_COST,URL) VALUES(706123001,'Greyhound','New York, NY','Newark, NJ','2014-03-07 12:30:00','2014-03-07 13:00:00','0H, 30m',11,'https://www.greyhound.com/farefinder/step2.aspx?SessionId=ab6c7be3-b5c7-4a01-984c-53bc7ad81829') ON DUPLICATE KEY UPDATE TRIP_COST = 11
2014-03-06 12:30:12,588: Greyhound_1_straight  - Depart date: 03/07/2014
2014-03-06 12:30:12,618: Greyhound_1_straight  - Depart time: 01:05 PM
2014-03-06 12:30:12,619: Greyhound_1_straight  - Arrive time: 01:35 PM
2014-03-06 12:30:12,619: Greyhound_1_straight  - Cost: $11
2014-03-06 12:30:12,620: Greyhound_1_straight  - Days: 0; hours: 0; minutes: 30
2014-03-06 12:30:12,642: Greyhound_1_straight  - INSERT INTO 2014March7(TRIP_ID,COMPANY_NAME,DEPART_CITY,ARRIVE_CITY,DEPART_TIME,ARRIVE_TIME,TRIP_LENGTH,TRIP_COST,URL) VALUES(706130501,'Greyhound','New York, NY','Newark, NJ','2014-03-07 13:05:00','2014-03-07 13:35:00','0H, 30m',11,'https://www.greyhound.com/farefinder/step2.aspx?SessionId=ab6c7be3-b5c7-4a01-984c-53bc7ad81829') ON DUPLICATE KEY UPDATE TRIP_COST = 11
2014-03-06 12:30:12,649: Greyhound_1_straight  - Depart date: 03/07/2014
2014-03-06 12:30:12,654: Greyhound_1_straight  - Depart time: 01:35 PM
2014-03-06 12:30:12,654: Greyhound_1_straight  - Arrive time: 02:05 PM
2014-03-06 12:30:12,655: Greyhound_1_straight  - Cost: $11
2014-03-06 12:30:12,656: Greyhound_1_straight  - Days: 0; hours: 0; minutes: 30
2014-03-06 12:30:12,707: Greyhound_1_straight  - INSERT INTO 2014March7(TRIP_ID,COMPANY_NAME,DEPART_CITY,ARRIVE_CITY,DEPART_TIME,ARRIVE_TIME,TRIP_LENGTH,TRIP_COST,URL) VALUES(706133501,'Greyhound','New York, NY','Newark, NJ','2014-03-07 13:35:00','2014-03-07 14:05:00','0H, 30m',11,'https://www.greyhound.com/farefinder/step2.aspx?SessionId=ab6c7be3-b5c7-4a01-984c-53bc7ad81829') ON DUPLICATE KEY UPDATE TRIP_COST = 11
2014-03-06 12:30:12,709: Greyhound_1_straight  - Depart date: 03/07/2014
2014-03-06 12:30:12,710: Greyhound_1_straight  - Depart time: 02:15 PM
2014-03-06 12:30:12,710: Greyhound_1_straight  - Arrive time: 02:45 PM
2014-03-06 12:30:12,714: Greyhound_1_straight  - Cost: $11
2014-03-06 12:30:12,715: Greyhound_1_straight  - Days: 0; hours: 0; minutes: 30
2014-03-06 12:30:12,754: Greyhound_1_straight  - INSERT INTO 2014March7(TRIP_ID,COMPANY_NAME,DEPART_CITY,ARRIVE_CITY,DEPART_TIME,ARRIVE_TIME,TRIP_LENGTH,TRIP_COST,URL) VALUES(706141501,'Greyhound','New York, NY','Newark, NJ','2014-03-07 14:15:00','2014-03-07 14:45:00','0H, 30m',11,'https://www.greyhound.com/farefinder/step2.aspx?SessionId=ab6c7be3-b5c7-4a01-984c-53bc7ad81829') ON DUPLICATE KEY UPDATE TRIP_COST = 11
2014-03-06 12:30:12,756: Greyhound_1_straight  - Depart date: 03/07/2014
2014-03-06 12:30:12,759: Greyhound_1_straight  - Depart time: 03:30 PM
2014-03-06 12:30:12,760: Greyhound_1_straight  - Arrive time: 04:10 PM
2014-03-06 12:30:12,761: Greyhound_1_straight  - Cost: $11
2014-03-06 12:30:12,765: Greyhound_1_straight  - Days: 0; hours: 0; minutes: 40
2014-03-06 12:30:12,806: Greyhound_1_straight  - INSERT INTO 2014March7(TRIP_ID,COMPANY_NAME,DEPART_CITY,ARRIVE_CITY,DEPART_TIME,ARRIVE_TIME,TRIP_LENGTH,TRIP_COST,URL) VALUES(706153001,'Greyhound','New York, NY','Newark, NJ','2014-03-07 15:30:00','2014-03-07 16:10:00','0H, 40m',11,'https://www.greyhound.com/farefinder/step2.aspx?SessionId=ab6c7be3-b5c7-4a01-984c-53bc7ad81829') ON DUPLICATE KEY UPDATE TRIP_COST = 11
2014-03-06 12:30:12,811: Greyhound_1_straight  - Depart date: 03/07/2014
2014-03-06 12:30:12,812: Greyhound_1_straight  - Depart time: 04:00 PM
2014-03-06 12:30:12,812: Greyhound_1_straight  - Arrive time: 04:40 PM
2014-03-06 12:30:12,813: Greyhound_1_straight  - Cost: $11
2014-03-06 12:30:12,815: Greyhound_1_straight  - Days: 0; hours: 0; minutes: 40
2014-03-06 12:30:12,874: Greyhound_1_straight  - INSERT INTO 2014March7(TRIP_ID,COMPANY_NAME,DEPART_CITY,ARRIVE_CITY,DEPART_TIME,ARRIVE_TIME,TRIP_LENGTH,TRIP_COST,URL) VALUES(706160001,'Greyhound','New York, NY','Newark, NJ','2014-03-07 16:00:00','2014-03-07 16:40:00','0H, 40m',11,'https://www.greyhound.com/farefinder/step2.aspx?SessionId=ab6c7be3-b5c7-4a01-984c-53bc7ad81829') ON DUPLICATE KEY UPDATE TRIP_COST = 11
2014-03-06 12:30:12,876: Greyhound_1_straight  - Depart date: 03/07/2014
2014-03-06 12:30:12,877: Greyhound_1_straight  - Depart time: 05:15 PM
2014-03-06 12:30:12,877: Greyhound_1_straight  - Arrive time: 05:55 PM
2014-03-06 12:30:12,878: Greyhound_1_straight  - Cost: $11
2014-03-06 12:30:12,878: Greyhound_1_straight  - Days: 0; hours: 0; minutes: 40
2014-03-06 12:30:12,897: Greyhound_1_straight  - INSERT INTO 2014March7(TRIP_ID,COMPANY_NAME,DEPART_CITY,ARRIVE_CITY,DEPART_TIME,ARRIVE_TIME,TRIP_LENGTH,TRIP_COST,URL) VALUES(706171501,'Greyhound','New York, NY','Newark, NJ','2014-03-07 17:15:00','2014-03-07 17:55:00','0H, 40m',11,'https://www.greyhound.com/farefinder/step2.aspx?SessionId=ab6c7be3-b5c7-4a01-984c-53bc7ad81829') ON DUPLICATE KEY UPDATE TRIP_COST = 11
2014-03-06 12:30:12,899: Greyhound_1_straight  - Depart date: 03/07/2014
2014-03-06 12:30:12,900: Greyhound_1_straight  - Depart time: 05:45 PM
2014-03-06 12:30:12,900: Greyhound_1_straight  - Arrive time: 06:25 PM
2014-03-06 12:30:12,901: Greyhound_1_straight  - Cost: $11
2014-03-06 12:30:12,901: Greyhound_1_straight  - Days: 0; hours: 0; minutes: 40
2014-03-06 12:30:13,004: Greyhound_1_straight  - INSERT INTO 2014March7(TRIP_ID,COMPANY_NAME,DEPART_CITY,ARRIVE_CITY,DEPART_TIME,ARRIVE_TIME,TRIP_LENGTH,TRIP_COST,URL) VALUES(706174501,'Greyhound','New York, NY','Newark, NJ','2014-03-07 17:45:00','2014-03-07 18:25:00','0H, 40m',11,'https://www.greyhound.com/farefinder/step2.aspx?SessionId=ab6c7be3-b5c7-4a01-984c-53bc7ad81829') ON DUPLICATE KEY UPDATE TRIP_COST = 11
2014-03-06 12:30:13,007: Greyhound_1_straight  - Depart date: 03/07/2014
2014-03-06 12:30:13,007: Greyhound_1_straight  - Depart time: 06:15 PM
2014-03-06 12:30:13,008: Greyhound_1_straight  - Arrive time: 06:55 PM
2014-03-06 12:30:13,009: Greyhound_1_straight  - Cost: $11
2014-03-06 12:30:13,011: Greyhound_1_straight  - Days: 0; hours: 0; minutes: 40
2014-03-06 12:30:13,056: Greyhound_1_straight  - INSERT INTO 2014March7(TRIP_ID,COMPANY_NAME,DEPART_CITY,ARRIVE_CITY,DEPART_TIME,ARRIVE_TIME,TRIP_LENGTH,TRIP_COST,URL) VALUES(706181501,'Greyhound','New York, NY','Newark, NJ','2014-03-07 18:15:00','2014-03-07 18:55:00','0H, 40m',11,'https://www.greyhound.com/farefinder/step2.aspx?SessionId=ab6c7be3-b5c7-4a01-984c-53bc7ad81829') ON DUPLICATE KEY UPDATE TRIP_COST = 11
2014-03-06 12:30:13,061: Greyhound_1_straight  - Depart date: 03/07/2014
2014-03-06 12:30:13,070: Greyhound_1_straight  - Depart time: 08:15 PM
2014-03-06 12:30:13,070: Greyhound_1_straight  - Arrive time: 08:40 PM
2014-03-06 12:30:13,072: Greyhound_1_straight  - Cost: $11
2014-03-06 12:30:13,073: Greyhound_1_straight  - Days: 0; hours: 0; minutes: 25
2014-03-06 12:30:13,130: Greyhound_1_straight  - INSERT INTO 2014March7(TRIP_ID,COMPANY_NAME,DEPART_CITY,ARRIVE_CITY,DEPART_TIME,ARRIVE_TIME,TRIP_LENGTH,TRIP_COST,URL) VALUES(706201501,'Greyhound','New York, NY','Newark, NJ','2014-03-07 20:15:00','2014-03-07 20:40:00','0H, 25m',11,'https://www.greyhound.com/farefinder/step2.aspx?SessionId=ab6c7be3-b5c7-4a01-984c-53bc7ad81829') ON DUPLICATE KEY UPDATE TRIP_COST = 11
2014-03-06 12:30:13,133: Greyhound_1_straight  - Depart date: 03/07/2014
2014-03-06 12:30:13,139: Greyhound_1_straight  - Depart time: 09:15 PM
2014-03-06 12:30:13,139: Greyhound_1_straight  - Arrive time: 09:30 PM
2014-03-06 12:30:13,140: Greyhound_1_straight  - Cost: $11
2014-03-06 12:30:13,140: Greyhound_1_straight  - Days: 0; hours: 0; minutes: 15
2014-03-06 12:30:13,162: Greyhound_1_straight  - INSERT INTO 2014March7(TRIP_ID,COMPANY_NAME,DEPART_CITY,ARRIVE_CITY,DEPART_TIME,ARRIVE_TIME,TRIP_LENGTH,TRIP_COST,URL) VALUES(706211501,'Greyhound','New York, NY','Newark, NJ','2014-03-07 21:15:00','2014-03-07 21:30:00','0H, 15m',11,'https://www.greyhound.com/farefinder/step2.aspx?SessionId=ab6c7be3-b5c7-4a01-984c-53bc7ad81829') ON DUPLICATE KEY UPDATE TRIP_COST = 11
2014-03-06 12:30:13,168: Greyhound_1_straight  - Depart date: 03/07/2014
2014-03-06 12:30:13,169: Greyhound_1_straight  - Depart time: 09:15 PM
2014-03-06 12:30:13,173: Greyhound_1_straight  - Arrive time: 09:45 PM
2014-03-06 12:30:13,174: Greyhound_1_straight  - Cost: $11
2014-03-06 12:30:13,175: Greyhound_1_straight  - Days: 0; hours: 0; minutes: 30
2014-03-06 12:30:13,196: Greyhound_1_straight  - INSERT INTO 2014March7(TRIP_ID,COMPANY_NAME,DEPART_CITY,ARRIVE_CITY,DEPART_TIME,ARRIVE_TIME,TRIP_LENGTH,TRIP_COST,URL) VALUES(706211501,'Greyhound','New York, NY','Newark, NJ','2014-03-07 21:15:00','2014-03-07 21:45:00','0H, 30m',11,'https://www.greyhound.com/farefinder/step2.aspx?SessionId=ab6c7be3-b5c7-4a01-984c-53bc7ad81829') ON DUPLICATE KEY UPDATE TRIP_COST = 11
2014-03-06 12:30:13,199: Greyhound_1_straight  - Depart date: 03/07/2014
2014-03-06 12:30:13,200: Greyhound_1_straight  - Depart time: 09:15 PM
2014-03-06 12:30:13,201: Greyhound_1_straight  - Arrive time: 09:45 PM
2014-03-06 12:30:13,211: Greyhound_1_straight  - Cost: $11
2014-03-06 12:30:13,211: Greyhound_1_straight  - Days: 0; hours: 0; minutes: 30
2014-03-06 12:30:13,271: Greyhound_1_straight  - INSERT INTO 2014March7(TRIP_ID,COMPANY_NAME,DEPART_CITY,ARRIVE_CITY,DEPART_TIME,ARRIVE_TIME,TRIP_LENGTH,TRIP_COST,URL) VALUES(706211501,'Greyhound','New York, NY','Newark, NJ','2014-03-07 21:15:00','2014-03-07 21:45:00','0H, 30m',11,'https://www.greyhound.com/farefinder/step2.aspx?SessionId=ab6c7be3-b5c7-4a01-984c-53bc7ad81829') ON DUPLICATE KEY UPDATE TRIP_COST = 11
2014-03-06 12:30:13,280: Greyhound_1_straight  - Number of proxy rotations allowed: 4
2014-03-06 12:30:13,281: Greyhound_1_straight  - Number of browser restarts allowed: 2
2014-03-06 12:30:13,285: Greyhound_1_straight  - NEW SEARCH
2014-03-06 12:30:13,285: Greyhound_1_straight  - Deleting all cookies...
2014-03-06 12:30:45,964: Greyhound_1_straight  - From New York, NY to Boston, MA (03/07/2014)
2014-03-06 12:30:45,967: Greyhound_1_straight  - Clearing text fields
2014-03-06 12:30:46,723: Greyhound_1_straight  - Typing origin city...
2014-03-06 12:30:53,011: Greyhound_1_straight  - Typing destination city...
2014-03-06 12:30:59,206: Greyhound_1_straight  - Typing departure date...
2014-03-06 12:31:05,399: Greyhound_1_straight  - Clicking on search button...
