2014-02-27 11:36:19,726: GoBus_2_straight  - Starting session!
2014-02-27 11:36:19,741: GoBus_2_straight  - Jobs remaining: 6
2014-02-27 11:36:22,477: EasternTravel_3_straight  - Starting session!
2014-02-27 11:36:22,486: EasternTravel_3_straight  - Jobs remaining: 12
2014-02-27 11:36:23,730: BoltBus_1_straight  - Starting session!
2014-02-27 11:36:23,732: BoltBus_1_straight  - Jobs remaining: 72
2014-02-27 11:44:33,767: GoBus_2_straight  - Aborting all operations.
2014-02-27 11:44:33,772: GoBus_2_straight  - Failed too many times! Shutting down!
2014-02-27 11:44:33,773: GoBus_2_straight  - Unable to complete schedule request!
2014-02-27 11:44:33,773: GoBus_2_straight  - Jobs remaining: 6
2014-02-27 11:44:51,168: Greyhound_5_straight  - Starting session!
2014-02-27 11:44:51,169: Greyhound_5_straight  - Jobs remaining: 90
2014-02-27 11:50:09,706: EasternTravel_3_straight  - Successfully completed schedule requests!
2014-02-27 11:50:09,707: EasternTravel_3_straight  - Jobs remaining: 0
2014-02-27 12:04:41,333: EasternTravel_5_straight  - Starting session!
2014-02-27 12:04:41,348: EasternTravel_5_straight  - Jobs remaining: 12
2014-02-27 12:04:41,853: BoltBus_1_straight  - Starting session!
2014-02-27 12:04:41,854: BoltBus_1_straight  - Jobs remaining: 72
2014-02-27 12:04:41,948: GoBus_3_straight  - Starting session!
2014-02-27 12:04:41,956: GoBus_3_straight  - Jobs remaining: 6
2014-02-27 12:16:22,247: GoBus_3_straight  - Aborting all operations.
2014-02-27 12:16:22,250: GoBus_3_straight  - Failed too many times! Shutting down!
2014-02-27 12:16:22,251: GoBus_3_straight  - Unable to complete schedule request!
2014-02-27 12:16:22,266: GoBus_3_straight  - Jobs remaining: 6
2014-02-27 12:16:36,994: Greyhound_3_straight  - Starting session!
2014-02-27 12:16:37,029: Greyhound_3_straight  - Jobs remaining: 90
2014-02-27 12:21:18,332: EasternTravel_5_straight  - Successfully completed schedule requests!
2014-02-27 12:21:18,364: EasternTravel_5_straight  - Jobs remaining: 0
2014-02-27 12:26:40,339: GoBus_1_straight  - Starting session!
2014-02-27 12:26:40,433: GoBus_1_straight  - Jobs remaining: 6
2014-02-27 12:26:40,638: EasternTravel_3_straight  - Starting session!
2014-02-27 12:26:40,723: EasternTravel_3_straight  - Jobs remaining: 12
2014-02-27 12:26:44,817: BoltBus_5_straight  - Starting session!
2014-02-27 12:26:44,859: BoltBus_5_straight  - Jobs remaining: 72
2014-02-27 12:35:47,566: GoBus_1_straight  - Unable to complete schedule request!
2014-02-27 12:35:47,682: GoBus_1_straight  - Jobs remaining: 6
2014-02-27 12:43:11,792: BoltBus_4_straight  - Starting session!
2014-02-27 12:43:11,796: BoltBus_4_straight  - Jobs remaining: 24
2014-02-27 12:43:23,553: EasternTravel_1_straight  - Starting session!
2014-02-27 12:43:23,561: EasternTravel_1_straight  - Jobs remaining: 4
2014-02-27 12:43:23,919: GoBus_2_straight  - Starting session!
2014-02-27 12:43:23,954: GoBus_2_straight  - Jobs remaining: 2
2014-02-27 12:46:09,696: GoBus_2_straight  - Unable to complete schedule request!
2014-02-27 12:46:09,725: GoBus_2_straight  - Jobs remaining: 2
