2014-03-07 09:47:49,669: EasternTravel_1_straight  - Setting up mysql and firefox connections...
2014-03-07 09:47:49,674: EasternTravel_1_straight  - DROP TABLE IF EXISTS 2014March6
2014-03-07 09:47:49,677: EasternTravel_1_straight  - DROP TABLE IF EXISTS 2014March6
2014-03-07 09:47:49,683: EasternTravel_1_straight  - DROP TABLE IF EXISTS 2014March5
2014-03-07 09:47:49,685: EasternTravel_1_straight  - DROP TABLE IF EXISTS 2014March5
2014-03-07 09:47:49,688: EasternTravel_1_straight  - DROP TABLE IF EXISTS 2014March4
2014-03-07 09:47:49,689: EasternTravel_1_straight  - DROP TABLE IF EXISTS 2014March4
2014-03-07 09:47:49,691: EasternTravel_1_straight  - DROP TABLE IF EXISTS 2014March3
2014-03-07 09:47:49,693: EasternTravel_1_straight  - DROP TABLE IF EXISTS 2014March3
2014-03-07 09:47:49,704: EasternTravel_1_straight  - DROP TABLE IF EXISTS 2014March2
2014-03-07 09:47:49,706: EasternTravel_1_straight  - DROP TABLE IF EXISTS 2014March2
2014-03-07 09:47:49,711: EasternTravel_1_straight  - DROP TABLE IF EXISTS 2014March1
2014-03-07 09:47:49,716: EasternTravel_1_straight  - DROP TABLE IF EXISTS 2014March1
2014-03-07 09:47:49,718: EasternTravel_1_straight  - DROP TABLE IF EXISTS 2014February28
2014-03-07 09:47:49,719: EasternTravel_1_straight  - DROP TABLE IF EXISTS 2014February28
2014-03-07 09:47:49,722: EasternTravel_1_straight  - DROP TABLE IF EXISTS 2014February27
2014-03-07 09:47:49,724: EasternTravel_1_straight  - DROP TABLE IF EXISTS 2014February27
2014-03-07 09:47:49,726: EasternTravel_1_straight  - DROP TABLE IF EXISTS 2014February26
2014-03-07 09:47:49,729: EasternTravel_1_straight  - DROP TABLE IF EXISTS 2014February26
2014-03-07 09:47:49,740: EasternTravel_1_straight  - DROP TABLE IF EXISTS 2014February25
2014-03-07 09:47:49,742: EasternTravel_1_straight  - DROP TABLE IF EXISTS 2014February25
2014-03-07 09:47:49,745: EasternTravel_1_straight  - DROP TABLE IF EXISTS 2014February24
2014-03-07 09:47:49,750: EasternTravel_1_straight  - DROP TABLE IF EXISTS 2014February24
2014-03-07 09:47:49,751: EasternTravel_1_straight  - DROP TABLE IF EXISTS 2014February23
2014-03-07 09:47:49,758: EasternTravel_1_straight  - DROP TABLE IF EXISTS 2014February23
2014-03-07 09:47:49,767: EasternTravel_1_straight  - DROP TABLE IF EXISTS 2014February22
2014-03-07 09:47:49,767: EasternTravel_1_straight  - DROP TABLE IF EXISTS 2014February22
2014-03-07 09:47:49,768: EasternTravel_1_straight  - DROP TABLE IF EXISTS 2014February21
2014-03-07 09:47:49,772: EasternTravel_1_straight  - DROP TABLE IF EXISTS 2014February21
2014-03-07 09:48:05,163: EasternTravel_1_straight  - Retrieving jobs...
2014-03-07 09:48:05,171: EasternTravel_1_straight  - Number of jobs: 4
2014-03-07 09:48:05,172: EasternTravel_1_straight  - Setting up makeups...
2014-03-07 09:48:05,175: EasternTravel_1_straight  - CREATE TABLE IF NOT EXISTS EasternTravel_makeup(TRIP_ID INT PRIMARY KEY, COMPANY_NAME VARCHAR(40), DEPART_CITY VARCHAR(40), ARRIVE_CITY VARCHAR(40), DEPART_DATE DATE)
2014-03-07 09:48:05,180: EasternTravel_1_straight  - INSERT INTO EasternTravel_makeup(TRIP_ID,COMPANY_NAME,DEPART_CITY,ARRIVE_CITY,DEPART_DATE) VALUES(2030808,'EasternTravel','New York, NY','Washington, DC','2014-03-08') ON DUPLICATE KEY UPDATE TRIP_ID = TRIP_ID
2014-03-07 09:48:05,188: EasternTravel_1_straight  - CREATE TABLE IF NOT EXISTS EasternTravel_makeup(TRIP_ID INT PRIMARY KEY, COMPANY_NAME VARCHAR(40), DEPART_CITY VARCHAR(40), ARRIVE_CITY VARCHAR(40), DEPART_DATE DATE)
2014-03-07 09:48:05,190: EasternTravel_1_straight  - INSERT INTO EasternTravel_makeup(TRIP_ID,COMPANY_NAME,DEPART_CITY,ARRIVE_CITY,DEPART_DATE) VALUES(3030808,'EasternTravel','Washington, DC','New York, NY','2014-03-08') ON DUPLICATE KEY UPDATE TRIP_ID = TRIP_ID
2014-03-07 09:48:05,191: EasternTravel_1_straight  - CREATE TABLE IF NOT EXISTS EasternTravel_makeup(TRIP_ID INT PRIMARY KEY, COMPANY_NAME VARCHAR(40), DEPART_CITY VARCHAR(40), ARRIVE_CITY VARCHAR(40), DEPART_DATE DATE)
2014-03-07 09:48:05,216: EasternTravel_1_straight  - INSERT INTO EasternTravel_makeup(TRIP_ID,COMPANY_NAME,DEPART_CITY,ARRIVE_CITY,DEPART_DATE) VALUES(1030808,'EasternTravel','New York, NY','Baltimore, MD','2014-03-08') ON DUPLICATE KEY UPDATE TRIP_ID = TRIP_ID
2014-03-07 09:48:05,222: EasternTravel_1_straight  - CREATE TABLE IF NOT EXISTS EasternTravel_makeup(TRIP_ID INT PRIMARY KEY, COMPANY_NAME VARCHAR(40), DEPART_CITY VARCHAR(40), ARRIVE_CITY VARCHAR(40), DEPART_DATE DATE)
2014-03-07 09:48:05,235: EasternTravel_1_straight  - INSERT INTO EasternTravel_makeup(TRIP_ID,COMPANY_NAME,DEPART_CITY,ARRIVE_CITY,DEPART_DATE) VALUES(30808,'EasternTravel','Baltimore, MD','New York, NY','2014-03-08') ON DUPLICATE KEY UPDATE TRIP_ID = TRIP_ID
2014-03-07 09:48:05,244: EasternTravel_1_straight  - Starting session!
2014-03-07 09:48:05,248: EasternTravel_1_straight  - Not using proxies!
2014-03-07 09:48:05,248: EasternTravel_1_straight  - Jobs remaining: 4
2014-03-07 09:48:05,254: EasternTravel_1_straight  - Number of proxy rotations allowed: 4
2014-03-07 09:48:05,259: EasternTravel_1_straight  - Number of browser restarts allowed: 2
2014-03-07 09:48:05,259: EasternTravel_1_straight  - NEW SEARCH
2014-03-07 09:48:05,266: EasternTravel_1_straight  - From New York, NY to Washington, DC (03/08/2014)
2014-03-07 09:48:15,297: EasternTravel_1_straight  - Loading URL...
2014-03-07 09:48:28,321: EasternTravel_1_straight  - Clicking on origin city...
2014-03-07 09:48:38,842: EasternTravel_1_straight  - Clicking on destination city...
2014-03-07 09:48:49,664: EasternTravel_1_straight  - Entering departure date...
2014-03-07 09:48:59,832: EasternTravel_1_straight  - Clicking on Search button...
2014-03-07 09:49:14,532: EasternTravel_1_straight  - Parsing table...
2014-03-07 09:49:17,868: EasternTravel_1_straight  - Depart date: 03/08/2014
2014-03-07 09:49:17,872: EasternTravel_1_straight  - Depart time: 7:30 am
2014-03-07 09:49:17,872: EasternTravel_1_straight  - Arrive time: 12:01 pm
2014-03-07 09:49:17,873: EasternTravel_1_straight  - Cost: $25
2014-03-07 09:49:17,908: EasternTravel_1_straight  - INSERT INTO 2014March8(TRIP_ID,COMPANY_NAME,DEPART_CITY,ARRIVE_CITY,DEPART_TIME,ARRIVE_TIME,TRIP_LENGTH,TRIP_COST,URL) VALUES(711073008,'EasternTravel','New York, NY','Washington, DC','2014-03-08 07:30:00','2014-03-08 12:01:00','4H, 30m',25,'http://www.easternshuttle.com/cgi-bin/bus.cgi?is_prev=&return_flag=&is_roundtrip=&nm=4305&st=4305&option=Select&roundtrip=0&bus_from=New+York%2C+NY&sbus_from=New+York%2C+NY&bus_to=Washington%2C+DC&sbus_to=Washington%2C+DC&filter_date=2014-03-08&return_date=&quantity=1') ON DUPLICATE KEY UPDATE TRIP_COST = 25
2014-03-07 09:49:17,911: EasternTravel_1_straight  - Depart date: 03/08/2014
2014-03-07 09:49:17,915: EasternTravel_1_straight  - Depart time: 8:30 am
2014-03-07 09:49:17,916: EasternTravel_1_straight  - Arrive time: 1:00 pm
2014-03-07 09:49:17,917: EasternTravel_1_straight  - Cost: $25
2014-03-07 09:49:17,963: EasternTravel_1_straight  - INSERT INTO 2014March8(TRIP_ID,COMPANY_NAME,DEPART_CITY,ARRIVE_CITY,DEPART_TIME,ARRIVE_TIME,TRIP_LENGTH,TRIP_COST,URL) VALUES(711083008,'EasternTravel','New York, NY','Washington, DC','2014-03-08 08:30:00','2014-03-08 13:00:00','4H, 30m',25,'http://www.easternshuttle.com/cgi-bin/bus.cgi?is_prev=&return_flag=&is_roundtrip=&nm=4305&st=4305&option=Select&roundtrip=0&bus_from=New+York%2C+NY&sbus_from=New+York%2C+NY&bus_to=Washington%2C+DC&sbus_to=Washington%2C+DC&filter_date=2014-03-08&return_date=&quantity=1') ON DUPLICATE KEY UPDATE TRIP_COST = 25
2014-03-07 09:49:17,964: EasternTravel_1_straight  - Depart date: 03/08/2014
2014-03-07 09:49:17,964: EasternTravel_1_straight  - Depart time: 9:30 am
2014-03-07 09:49:17,965: EasternTravel_1_straight  - Arrive time: 2:00 pm
2014-03-07 09:49:17,965: EasternTravel_1_straight  - Cost: $25
2014-03-07 09:49:17,989: EasternTravel_1_straight  - INSERT INTO 2014March8(TRIP_ID,COMPANY_NAME,DEPART_CITY,ARRIVE_CITY,DEPART_TIME,ARRIVE_TIME,TRIP_LENGTH,TRIP_COST,URL) VALUES(711093008,'EasternTravel','New York, NY','Washington, DC','2014-03-08 09:30:00','2014-03-08 14:00:00','4H, 30m',25,'http://www.easternshuttle.com/cgi-bin/bus.cgi?is_prev=&return_flag=&is_roundtrip=&nm=4305&st=4305&option=Select&roundtrip=0&bus_from=New+York%2C+NY&sbus_from=New+York%2C+NY&bus_to=Washington%2C+DC&sbus_to=Washington%2C+DC&filter_date=2014-03-08&return_date=&quantity=1') ON DUPLICATE KEY UPDATE TRIP_COST = 25
2014-03-07 09:49:17,995: EasternTravel_1_straight  - Depart date: 03/08/2014
2014-03-07 09:49:17,996: EasternTravel_1_straight  - Depart time: 10:30 am
2014-03-07 09:49:17,997: EasternTravel_1_straight  - Arrive time: 3:00 pm
2014-03-07 09:49:17,997: EasternTravel_1_straight  - Cost: $25
2014-03-07 09:49:18,033: EasternTravel_1_straight  - INSERT INTO 2014March8(TRIP_ID,COMPANY_NAME,DEPART_CITY,ARRIVE_CITY,DEPART_TIME,ARRIVE_TIME,TRIP_LENGTH,TRIP_COST,URL) VALUES(711103008,'EasternTravel','New York, NY','Washington, DC','2014-03-08 10:30:00','2014-03-08 15:00:00','4H, 30m',25,'http://www.easternshuttle.com/cgi-bin/bus.cgi?is_prev=&return_flag=&is_roundtrip=&nm=4305&st=4305&option=Select&roundtrip=0&bus_from=New+York%2C+NY&sbus_from=New+York%2C+NY&bus_to=Washington%2C+DC&sbus_to=Washington%2C+DC&filter_date=2014-03-08&return_date=&quantity=1') ON DUPLICATE KEY UPDATE TRIP_COST = 25
2014-03-07 09:49:18,034: EasternTravel_1_straight  - Depart date: 03/08/2014
2014-03-07 09:49:18,034: EasternTravel_1_straight  - Depart time: 11:30 am
2014-03-07 09:49:18,037: EasternTravel_1_straight  - Arrive time: 4:00 pm
2014-03-07 09:49:18,037: EasternTravel_1_straight  - Cost: $25
2014-03-07 09:49:18,065: EasternTravel_1_straight  - INSERT INTO 2014March8(TRIP_ID,COMPANY_NAME,DEPART_CITY,ARRIVE_CITY,DEPART_TIME,ARRIVE_TIME,TRIP_LENGTH,TRIP_COST,URL) VALUES(711113008,'EasternTravel','New York, NY','Washington, DC','2014-03-08 11:30:00','2014-03-08 16:00:00','4H, 30m',25,'http://www.easternshuttle.com/cgi-bin/bus.cgi?is_prev=&return_flag=&is_roundtrip=&nm=4305&st=4305&option=Select&roundtrip=0&bus_from=New+York%2C+NY&sbus_from=New+York%2C+NY&bus_to=Washington%2C+DC&sbus_to=Washington%2C+DC&filter_date=2014-03-08&return_date=&quantity=1') ON DUPLICATE KEY UPDATE TRIP_COST = 25
2014-03-07 09:49:18,070: EasternTravel_1_straight  - Depart date: 03/08/2014
2014-03-07 09:49:18,071: EasternTravel_1_straight  - Depart time: 12:30 pm
2014-03-07 09:49:18,072: EasternTravel_1_straight  - Arrive time: 5:00 pm
2014-03-07 09:49:18,072: EasternTravel_1_straight  - Cost: $25
2014-03-07 09:49:18,104: EasternTravel_1_straight  - INSERT INTO 2014March8(TRIP_ID,COMPANY_NAME,DEPART_CITY,ARRIVE_CITY,DEPART_TIME,ARRIVE_TIME,TRIP_LENGTH,TRIP_COST,URL) VALUES(711123008,'EasternTravel','New York, NY','Washington, DC','2014-03-08 12:30:00','2014-03-08 17:00:00','4H, 30m',25,'http://www.easternshuttle.com/cgi-bin/bus.cgi?is_prev=&return_flag=&is_roundtrip=&nm=4305&st=4305&option=Select&roundtrip=0&bus_from=New+York%2C+NY&sbus_from=New+York%2C+NY&bus_to=Washington%2C+DC&sbus_to=Washington%2C+DC&filter_date=2014-03-08&return_date=&quantity=1') ON DUPLICATE KEY UPDATE TRIP_COST = 25
2014-03-07 09:49:18,105: EasternTravel_1_straight  - Depart date: 03/08/2014
2014-03-07 09:49:18,106: EasternTravel_1_straight  - Depart time: 1:30 pm
2014-03-07 09:49:18,106: EasternTravel_1_straight  - Arrive time: 6:00 pm
2014-03-07 09:49:18,107: EasternTravel_1_straight  - Cost: $25
2014-03-07 09:49:18,143: EasternTravel_1_straight  - INSERT INTO 2014March8(TRIP_ID,COMPANY_NAME,DEPART_CITY,ARRIVE_CITY,DEPART_TIME,ARRIVE_TIME,TRIP_LENGTH,TRIP_COST,URL) VALUES(711133008,'EasternTravel','New York, NY','Washington, DC','2014-03-08 13:30:00','2014-03-08 18:00:00','4H, 30m',25,'http://www.easternshuttle.com/cgi-bin/bus.cgi?is_prev=&return_flag=&is_roundtrip=&nm=4305&st=4305&option=Select&roundtrip=0&bus_from=New+York%2C+NY&sbus_from=New+York%2C+NY&bus_to=Washington%2C+DC&sbus_to=Washington%2C+DC&filter_date=2014-03-08&return_date=&quantity=1') ON DUPLICATE KEY UPDATE TRIP_COST = 25
2014-03-07 09:49:18,144: EasternTravel_1_straight  - Depart date: 03/08/2014
2014-03-07 09:49:18,146: EasternTravel_1_straight  - Depart time: 3:30 pm
2014-03-07 09:49:18,150: EasternTravel_1_straight  - Arrive time: 8:00 pm
2014-03-07 09:49:18,151: EasternTravel_1_straight  - Cost: $25
2014-03-07 09:49:18,186: EasternTravel_1_straight  - INSERT INTO 2014March8(TRIP_ID,COMPANY_NAME,DEPART_CITY,ARRIVE_CITY,DEPART_TIME,ARRIVE_TIME,TRIP_LENGTH,TRIP_COST,URL) VALUES(711153008,'EasternTravel','New York, NY','Washington, DC','2014-03-08 15:30:00','2014-03-08 20:00:00','4H, 30m',25,'http://www.easternshuttle.com/cgi-bin/bus.cgi?is_prev=&return_flag=&is_roundtrip=&nm=4305&st=4305&option=Select&roundtrip=0&bus_from=New+York%2C+NY&sbus_from=New+York%2C+NY&bus_to=Washington%2C+DC&sbus_to=Washington%2C+DC&filter_date=2014-03-08&return_date=&quantity=1') ON DUPLICATE KEY UPDATE TRIP_COST = 25
2014-03-07 09:49:18,188: EasternTravel_1_straight  - Depart date: 03/08/2014
2014-03-07 09:49:18,188: EasternTravel_1_straight  - Depart time: 4:30 pm
2014-03-07 09:49:18,189: EasternTravel_1_straight  - Arrive time: 9:00 pm
2014-03-07 09:49:18,189: EasternTravel_1_straight  - Cost: $25
2014-03-07 09:49:18,222: EasternTravel_1_straight  - INSERT INTO 2014March8(TRIP_ID,COMPANY_NAME,DEPART_CITY,ARRIVE_CITY,DEPART_TIME,ARRIVE_TIME,TRIP_LENGTH,TRIP_COST,URL) VALUES(711163008,'EasternTravel','New York, NY','Washington, DC','2014-03-08 16:30:00','2014-03-08 21:00:00','4H, 30m',25,'http://www.easternshuttle.com/cgi-bin/bus.cgi?is_prev=&return_flag=&is_roundtrip=&nm=4305&st=4305&option=Select&roundtrip=0&bus_from=New+York%2C+NY&sbus_from=New+York%2C+NY&bus_to=Washington%2C+DC&sbus_to=Washington%2C+DC&filter_date=2014-03-08&return_date=&quantity=1') ON DUPLICATE KEY UPDATE TRIP_COST = 25
2014-03-07 09:49:18,223: EasternTravel_1_straight  - Depart date: 03/08/2014
2014-03-07 09:49:18,223: EasternTravel_1_straight  - Depart time: 5:30 pm
2014-03-07 09:49:18,224: EasternTravel_1_straight  - Arrive time: 10:00 pm
2014-03-07 09:49:18,224: EasternTravel_1_straight  - Cost: $25
2014-03-07 09:49:18,251: EasternTravel_1_straight  - INSERT INTO 2014March8(TRIP_ID,COMPANY_NAME,DEPART_CITY,ARRIVE_CITY,DEPART_TIME,ARRIVE_TIME,TRIP_LENGTH,TRIP_COST,URL) VALUES(711173008,'EasternTravel','New York, NY','Washington, DC','2014-03-08 17:30:00','2014-03-08 22:00:00','4H, 30m',25,'http://www.easternshuttle.com/cgi-bin/bus.cgi?is_prev=&return_flag=&is_roundtrip=&nm=4305&st=4305&option=Select&roundtrip=0&bus_from=New+York%2C+NY&sbus_from=New+York%2C+NY&bus_to=Washington%2C+DC&sbus_to=Washington%2C+DC&filter_date=2014-03-08&return_date=&quantity=1') ON DUPLICATE KEY UPDATE TRIP_COST = 25
2014-03-07 09:49:18,253: EasternTravel_1_straight  - Depart date: 03/08/2014
2014-03-07 09:49:18,253: EasternTravel_1_straight  - Depart time: 6:30 pm
2014-03-07 09:49:18,254: EasternTravel_1_straight  - Arrive time: 11:00 pm
2014-03-07 09:49:18,254: EasternTravel_1_straight  - Cost: $25
2014-03-07 09:49:18,295: EasternTravel_1_straight  - INSERT INTO 2014March8(TRIP_ID,COMPANY_NAME,DEPART_CITY,ARRIVE_CITY,DEPART_TIME,ARRIVE_TIME,TRIP_LENGTH,TRIP_COST,URL) VALUES(711183008,'EasternTravel','New York, NY','Washington, DC','2014-03-08 18:30:00','2014-03-08 23:00:00','4H, 30m',25,'http://www.easternshuttle.com/cgi-bin/bus.cgi?is_prev=&return_flag=&is_roundtrip=&nm=4305&st=4305&option=Select&roundtrip=0&bus_from=New+York%2C+NY&sbus_from=New+York%2C+NY&bus_to=Washington%2C+DC&sbus_to=Washington%2C+DC&filter_date=2014-03-08&return_date=&quantity=1') ON DUPLICATE KEY UPDATE TRIP_COST = 25
2014-03-07 09:49:18,296: EasternTravel_1_straight  - Depart date: 03/08/2014
2014-03-07 09:49:18,297: EasternTravel_1_straight  - Depart time: 7:30 pm
2014-03-07 09:49:18,297: EasternTravel_1_straight  - Arrive time: 12:01 am
2014-03-07 09:49:18,298: EasternTravel_1_straight  - Cost: $25
2014-03-07 09:49:18,335: EasternTravel_1_straight  - INSERT INTO 2014March8(TRIP_ID,COMPANY_NAME,DEPART_CITY,ARRIVE_CITY,DEPART_TIME,ARRIVE_TIME,TRIP_LENGTH,TRIP_COST,URL) VALUES(711193008,'EasternTravel','New York, NY','Washington, DC','2014-03-08 19:30:00','2014-03-09 00:01:00','4H, 30m',25,'http://www.easternshuttle.com/cgi-bin/bus.cgi?is_prev=&return_flag=&is_roundtrip=&nm=4305&st=4305&option=Select&roundtrip=0&bus_from=New+York%2C+NY&sbus_from=New+York%2C+NY&bus_to=Washington%2C+DC&sbus_to=Washington%2C+DC&filter_date=2014-03-08&return_date=&quantity=1') ON DUPLICATE KEY UPDATE TRIP_COST = 25
2014-03-07 09:49:18,340: EasternTravel_1_straight  - Depart date: 03/08/2014
2014-03-07 09:49:18,340: EasternTravel_1_straight  - Depart time: 10:30 pm
2014-03-07 09:49:18,341: EasternTravel_1_straight  - Arrive time: 3:00 am
2014-03-07 09:49:18,341: EasternTravel_1_straight  - Cost: $25
2014-03-07 09:49:18,377: EasternTravel_1_straight  - INSERT INTO 2014March8(TRIP_ID,COMPANY_NAME,DEPART_CITY,ARRIVE_CITY,DEPART_TIME,ARRIVE_TIME,TRIP_LENGTH,TRIP_COST,URL) VALUES(711223008,'EasternTravel','New York, NY','Washington, DC','2014-03-08 22:30:00','2014-03-09 03:00:00','4H, 30m',25,'http://www.easternshuttle.com/cgi-bin/bus.cgi?is_prev=&return_flag=&is_roundtrip=&nm=4305&st=4305&option=Select&roundtrip=0&bus_from=New+York%2C+NY&sbus_from=New+York%2C+NY&bus_to=Washington%2C+DC&sbus_to=Washington%2C+DC&filter_date=2014-03-08&return_date=&quantity=1') ON DUPLICATE KEY UPDATE TRIP_COST = 25
2014-03-07 09:49:18,380: EasternTravel_1_straight  - Number of proxy rotations allowed: 4
2014-03-07 09:49:18,380: EasternTravel_1_straight  - Number of browser restarts allowed: 2
2014-03-07 09:49:18,381: EasternTravel_1_straight  - NEW SEARCH
2014-03-07 09:49:18,382: EasternTravel_1_straight  - From Washington, DC to New York, NY (03/08/2014)
2014-03-07 09:49:28,395: EasternTravel_1_straight  - Loading URL...
2014-03-07 09:49:41,998: EasternTravel_1_straight  - Clicking on origin city...
2014-03-07 09:49:53,015: EasternTravel_1_straight  - Clicking on destination city...
2014-03-07 09:50:05,811: EasternTravel_1_straight  - Entering departure date...
2014-03-07 09:50:16,103: EasternTravel_1_straight  - Clicking on Search button...
2014-03-07 09:50:23,608: EasternTravel_1_straight  - Parsing table...
2014-03-07 09:50:25,784: EasternTravel_1_straight  - Depart date: 03/08/2014
2014-03-07 09:50:25,791: EasternTravel_1_straight  - Depart time: 1:30 am
2014-03-07 09:50:25,791: EasternTravel_1_straight  - Arrive time: 6:30 am
2014-03-07 09:50:25,791: EasternTravel_1_straight  - Cost: $25
2014-03-07 09:50:25,824: EasternTravel_1_straight  - INSERT INTO 2014March8(TRIP_ID,COMPANY_NAME,DEPART_CITY,ARRIVE_CITY,DEPART_TIME,ARRIVE_TIME,TRIP_LENGTH,TRIP_COST,URL) VALUES(1107013008,'EasternTravel','Washington, DC','New York, NY','2014-03-08 01:30:00','2014-03-08 06:30:00','5H, 0m',25,'http://www.easternshuttle.com/cgi-bin/bus.cgi?is_prev=&return_flag=&is_roundtrip=&nm=4305&st=4305&option=Select&roundtrip=0&bus_from=Washington%2C+DC&sbus_from=Washington%2C+DC&bus_to=New+York%2C+NY&sbus_to=New+York%2C+NY&filter_date=2014-03-08&return_date=&quantity=1') ON DUPLICATE KEY UPDATE TRIP_COST = 25
2014-03-07 09:50:25,825: EasternTravel_1_straight  - Depart date: 03/08/2014
2014-03-07 09:50:25,825: EasternTravel_1_straight  - Depart time: 3:30 am
2014-03-07 09:50:25,826: EasternTravel_1_straight  - Arrive time: 8:00 am
2014-03-07 09:50:25,826: EasternTravel_1_straight  - Cost: $25
2014-03-07 09:50:25,867: EasternTravel_1_straight  - INSERT INTO 2014March8(TRIP_ID,COMPANY_NAME,DEPART_CITY,ARRIVE_CITY,DEPART_TIME,ARRIVE_TIME,TRIP_LENGTH,TRIP_COST,URL) VALUES(1107033008,'EasternTravel','Washington, DC','New York, NY','2014-03-08 03:30:00','2014-03-08 08:00:00','4H, 30m',25,'http://www.easternshuttle.com/cgi-bin/bus.cgi?is_prev=&return_flag=&is_roundtrip=&nm=4305&st=4305&option=Select&roundtrip=0&bus_from=Washington%2C+DC&sbus_from=Washington%2C+DC&bus_to=New+York%2C+NY&sbus_to=New+York%2C+NY&filter_date=2014-03-08&return_date=&quantity=1') ON DUPLICATE KEY UPDATE TRIP_COST = 25
2014-03-07 09:50:25,868: EasternTravel_1_straight  - Depart date: 03/08/2014
2014-03-07 09:50:25,868: EasternTravel_1_straight  - Depart time: 7:00 am
2014-03-07 09:50:25,869: EasternTravel_1_straight  - Arrive time: 12:01 pm
2014-03-07 09:50:25,869: EasternTravel_1_straight  - Cost: $30
2014-03-07 09:50:26,091: EasternTravel_1_straight  - INSERT INTO 2014March8(TRIP_ID,COMPANY_NAME,DEPART_CITY,ARRIVE_CITY,DEPART_TIME,ARRIVE_TIME,TRIP_LENGTH,TRIP_COST,URL) VALUES(1107070008,'EasternTravel','Washington, DC','New York, NY','2014-03-08 07:00:00','2014-03-08 12:01:00','5H, 0m',30,'http://www.easternshuttle.com/cgi-bin/bus.cgi?is_prev=&return_flag=&is_roundtrip=&nm=4305&st=4305&option=Select&roundtrip=0&bus_from=Washington%2C+DC&sbus_from=Washington%2C+DC&bus_to=New+York%2C+NY&sbus_to=New+York%2C+NY&filter_date=2014-03-08&return_date=&quantity=1') ON DUPLICATE KEY UPDATE TRIP_COST = 30
2014-03-07 09:50:26,092: EasternTravel_1_straight  - Depart date: 03/08/2014
2014-03-07 09:50:26,093: EasternTravel_1_straight  - Depart time: 8:00 am
2014-03-07 09:50:26,093: EasternTravel_1_straight  - Arrive time: 1:00 pm
2014-03-07 09:50:26,094: EasternTravel_1_straight  - Cost: $30
2014-03-07 09:50:26,123: EasternTravel_1_straight  - INSERT INTO 2014March8(TRIP_ID,COMPANY_NAME,DEPART_CITY,ARRIVE_CITY,DEPART_TIME,ARRIVE_TIME,TRIP_LENGTH,TRIP_COST,URL) VALUES(1107080008,'EasternTravel','Washington, DC','New York, NY','2014-03-08 08:00:00','2014-03-08 13:00:00','5H, 0m',30,'http://www.easternshuttle.com/cgi-bin/bus.cgi?is_prev=&return_flag=&is_roundtrip=&nm=4305&st=4305&option=Select&roundtrip=0&bus_from=Washington%2C+DC&sbus_from=Washington%2C+DC&bus_to=New+York%2C+NY&sbus_to=New+York%2C+NY&filter_date=2014-03-08&return_date=&quantity=1') ON DUPLICATE KEY UPDATE TRIP_COST = 30
2014-03-07 09:50:26,123: EasternTravel_1_straight  - Depart date: 03/08/2014
2014-03-07 09:50:26,129: EasternTravel_1_straight  - Depart time: 10:00 am
2014-03-07 09:50:26,130: EasternTravel_1_straight  - Arrive time: 3:00 pm
2014-03-07 09:50:26,131: EasternTravel_1_straight  - Cost: $30
2014-03-07 09:50:26,173: EasternTravel_1_straight  - INSERT INTO 2014March8(TRIP_ID,COMPANY_NAME,DEPART_CITY,ARRIVE_CITY,DEPART_TIME,ARRIVE_TIME,TRIP_LENGTH,TRIP_COST,URL) VALUES(1107100008,'EasternTravel','Washington, DC','New York, NY','2014-03-08 10:00:00','2014-03-08 15:00:00','5H, 0m',30,'http://www.easternshuttle.com/cgi-bin/bus.cgi?is_prev=&return_flag=&is_roundtrip=&nm=4305&st=4305&option=Select&roundtrip=0&bus_from=Washington%2C+DC&sbus_from=Washington%2C+DC&bus_to=New+York%2C+NY&sbus_to=New+York%2C+NY&filter_date=2014-03-08&return_date=&quantity=1') ON DUPLICATE KEY UPDATE TRIP_COST = 30
2014-03-07 09:50:26,174: EasternTravel_1_straight  - Depart date: 03/08/2014
2014-03-07 09:50:26,174: EasternTravel_1_straight  - Depart time: 12:00 pm
2014-03-07 09:50:26,175: EasternTravel_1_straight  - Arrive time: 5:00 pm
2014-03-07 09:50:26,175: EasternTravel_1_straight  - Cost: $25
2014-03-07 09:50:26,216: EasternTravel_1_straight  - INSERT INTO 2014March8(TRIP_ID,COMPANY_NAME,DEPART_CITY,ARRIVE_CITY,DEPART_TIME,ARRIVE_TIME,TRIP_LENGTH,TRIP_COST,URL) VALUES(1107120008,'EasternTravel','Washington, DC','New York, NY','2014-03-08 12:00:00','2014-03-08 17:00:00','5H, 0m',25,'http://www.easternshuttle.com/cgi-bin/bus.cgi?is_prev=&return_flag=&is_roundtrip=&nm=4305&st=4305&option=Select&roundtrip=0&bus_from=Washington%2C+DC&sbus_from=Washington%2C+DC&bus_to=New+York%2C+NY&sbus_to=New+York%2C+NY&filter_date=2014-03-08&return_date=&quantity=1') ON DUPLICATE KEY UPDATE TRIP_COST = 25
2014-03-07 09:50:26,217: EasternTravel_1_straight  - Depart date: 03/08/2014
2014-03-07 09:50:26,218: EasternTravel_1_straight  - Depart time: 1:00 pm
2014-03-07 09:50:26,218: EasternTravel_1_straight  - Arrive time: 6:00 pm
2014-03-07 09:50:26,219: EasternTravel_1_straight  - Cost: $25
2014-03-07 09:50:26,259: EasternTravel_1_straight  - INSERT INTO 2014March8(TRIP_ID,COMPANY_NAME,DEPART_CITY,ARRIVE_CITY,DEPART_TIME,ARRIVE_TIME,TRIP_LENGTH,TRIP_COST,URL) VALUES(1107130008,'EasternTravel','Washington, DC','New York, NY','2014-03-08 13:00:00','2014-03-08 18:00:00','5H, 0m',25,'http://www.easternshuttle.com/cgi-bin/bus.cgi?is_prev=&return_flag=&is_roundtrip=&nm=4305&st=4305&option=Select&roundtrip=0&bus_from=Washington%2C+DC&sbus_from=Washington%2C+DC&bus_to=New+York%2C+NY&sbus_to=New+York%2C+NY&filter_date=2014-03-08&return_date=&quantity=1') ON DUPLICATE KEY UPDATE TRIP_COST = 25
2014-03-07 09:50:26,266: EasternTravel_1_straight  - Depart date: 03/08/2014
2014-03-07 09:50:26,270: EasternTravel_1_straight  - Depart time: 2:00 pm
2014-03-07 09:50:26,271: EasternTravel_1_straight  - Arrive time: 7:00 pm
2014-03-07 09:50:26,272: EasternTravel_1_straight  - Cost: $25
2014-03-07 09:50:26,323: EasternTravel_1_straight  - INSERT INTO 2014March8(TRIP_ID,COMPANY_NAME,DEPART_CITY,ARRIVE_CITY,DEPART_TIME,ARRIVE_TIME,TRIP_LENGTH,TRIP_COST,URL) VALUES(1107140008,'EasternTravel','Washington, DC','New York, NY','2014-03-08 14:00:00','2014-03-08 19:00:00','5H, 0m',25,'http://www.easternshuttle.com/cgi-bin/bus.cgi?is_prev=&return_flag=&is_roundtrip=&nm=4305&st=4305&option=Select&roundtrip=0&bus_from=Washington%2C+DC&sbus_from=Washington%2C+DC&bus_to=New+York%2C+NY&sbus_to=New+York%2C+NY&filter_date=2014-03-08&return_date=&quantity=1') ON DUPLICATE KEY UPDATE TRIP_COST = 25
2014-03-07 09:50:26,324: EasternTravel_1_straight  - Depart date: 03/08/2014
2014-03-07 09:50:26,325: EasternTravel_1_straight  - Depart time: 4:00 pm
2014-03-07 09:50:26,325: EasternTravel_1_straight  - Arrive time: 9:00 pm
2014-03-07 09:50:26,327: EasternTravel_1_straight  - Cost: $25
2014-03-07 09:50:26,349: EasternTravel_1_straight  - INSERT INTO 2014March8(TRIP_ID,COMPANY_NAME,DEPART_CITY,ARRIVE_CITY,DEPART_TIME,ARRIVE_TIME,TRIP_LENGTH,TRIP_COST,URL) VALUES(1107160008,'EasternTravel','Washington, DC','New York, NY','2014-03-08 16:00:00','2014-03-08 21:00:00','5H, 0m',25,'http://www.easternshuttle.com/cgi-bin/bus.cgi?is_prev=&return_flag=&is_roundtrip=&nm=4305&st=4305&option=Select&roundtrip=0&bus_from=Washington%2C+DC&sbus_from=Washington%2C+DC&bus_to=New+York%2C+NY&sbus_to=New+York%2C+NY&filter_date=2014-03-08&return_date=&quantity=1') ON DUPLICATE KEY UPDATE TRIP_COST = 25
2014-03-07 09:50:26,355: EasternTravel_1_straight  - Depart date: 03/08/2014
2014-03-07 09:50:26,363: EasternTravel_1_straight  - Depart time: 5:00 pm
2014-03-07 09:50:26,365: EasternTravel_1_straight  - Arrive time: 10:00 pm
2014-03-07 09:50:26,365: EasternTravel_1_straight  - Cost: $25
2014-03-07 09:50:26,402: EasternTravel_1_straight  - INSERT INTO 2014March8(TRIP_ID,COMPANY_NAME,DEPART_CITY,ARRIVE_CITY,DEPART_TIME,ARRIVE_TIME,TRIP_LENGTH,TRIP_COST,URL) VALUES(1107170008,'EasternTravel','Washington, DC','New York, NY','2014-03-08 17:00:00','2014-03-08 22:00:00','5H, 0m',25,'http://www.easternshuttle.com/cgi-bin/bus.cgi?is_prev=&return_flag=&is_roundtrip=&nm=4305&st=4305&option=Select&roundtrip=0&bus_from=Washington%2C+DC&sbus_from=Washington%2C+DC&bus_to=New+York%2C+NY&sbus_to=New+York%2C+NY&filter_date=2014-03-08&return_date=&quantity=1') ON DUPLICATE KEY UPDATE TRIP_COST = 25
2014-03-07 09:50:26,403: EasternTravel_1_straight  - Depart date: 03/08/2014
2014-03-07 09:50:26,405: EasternTravel_1_straight  - Depart time: 6:00 pm
2014-03-07 09:50:26,406: EasternTravel_1_straight  - Arrive time: 11:00 pm
2014-03-07 09:50:26,407: EasternTravel_1_straight  - Cost: $25
2014-03-07 09:50:26,440: EasternTravel_1_straight  - INSERT INTO 2014March8(TRIP_ID,COMPANY_NAME,DEPART_CITY,ARRIVE_CITY,DEPART_TIME,ARRIVE_TIME,TRIP_LENGTH,TRIP_COST,URL) VALUES(1107180008,'EasternTravel','Washington, DC','New York, NY','2014-03-08 18:00:00','2014-03-08 23:00:00','5H, 0m',25,'http://www.easternshuttle.com/cgi-bin/bus.cgi?is_prev=&return_flag=&is_roundtrip=&nm=4305&st=4305&option=Select&roundtrip=0&bus_from=Washington%2C+DC&sbus_from=Washington%2C+DC&bus_to=New+York%2C+NY&sbus_to=New+York%2C+NY&filter_date=2014-03-08&return_date=&quantity=1') ON DUPLICATE KEY UPDATE TRIP_COST = 25
2014-03-07 09:50:26,441: EasternTravel_1_straight  - Depart date: 03/08/2014
2014-03-07 09:50:26,447: EasternTravel_1_straight  - Depart time: 7:30 pm
2014-03-07 09:50:26,447: EasternTravel_1_straight  - Arrive time: 11:30 pm
2014-03-07 09:50:26,454: EasternTravel_1_straight  - Cost: $25
2014-03-07 09:50:26,479: EasternTravel_1_straight  - INSERT INTO 2014March8(TRIP_ID,COMPANY_NAME,DEPART_CITY,ARRIVE_CITY,DEPART_TIME,ARRIVE_TIME,TRIP_LENGTH,TRIP_COST,URL) VALUES(1107193008,'EasternTravel','Washington, DC','New York, NY','2014-03-08 19:30:00','2014-03-08 23:30:00','4H, 0m',25,'http://www.easternshuttle.com/cgi-bin/bus.cgi?is_prev=&return_flag=&is_roundtrip=&nm=4305&st=4305&option=Select&roundtrip=0&bus_from=Washington%2C+DC&sbus_from=Washington%2C+DC&bus_to=New+York%2C+NY&sbus_to=New+York%2C+NY&filter_date=2014-03-08&return_date=&quantity=1') ON DUPLICATE KEY UPDATE TRIP_COST = 25
2014-03-07 09:50:26,485: EasternTravel_1_straight  - Number of proxy rotations allowed: 4
2014-03-07 09:50:26,489: EasternTravel_1_straight  - Number of browser restarts allowed: 2
2014-03-07 09:50:26,490: EasternTravel_1_straight  - NEW SEARCH
2014-03-07 09:50:26,491: EasternTravel_1_straight  - From New York, NY to Baltimore, MD (03/08/2014)
2014-03-07 09:50:36,499: EasternTravel_1_straight  - Loading URL...
2014-03-07 09:50:48,292: EasternTravel_1_straight  - Clicking on origin city...
2014-03-07 09:50:59,179: EasternTravel_1_straight  - Clicking on destination city...
2014-03-07 09:51:10,039: EasternTravel_1_straight  - Entering departure date...
2014-03-07 09:51:20,303: EasternTravel_1_straight  - Clicking on Search button...
2014-03-07 09:51:27,819: EasternTravel_1_straight  - Parsing table...
2014-03-07 09:51:30,444: EasternTravel_1_straight  - Depart date: 03/08/2014
2014-03-07 09:51:30,447: EasternTravel_1_straight  - Depart time: 7:30 am
2014-03-07 09:51:30,448: EasternTravel_1_straight  - Arrive time: 10:30 am
2014-03-07 09:51:30,448: EasternTravel_1_straight  - Cost: $25
2014-03-07 09:51:30,475: EasternTravel_1_straight  - INSERT INTO 2014March8(TRIP_ID,COMPANY_NAME,DEPART_CITY,ARRIVE_CITY,DEPART_TIME,ARRIVE_TIME,TRIP_LENGTH,TRIP_COST,URL) VALUES(700073008,'EasternTravel','New York, NY','Baltimore, MD','2014-03-08 07:30:00','2014-03-08 10:30:00','3H, 0m',25,'http://www.easternshuttle.com/cgi-bin/bus.cgi?is_prev=&return_flag=&is_roundtrip=&nm=4305&st=4305&option=Select&roundtrip=0&bus_from=New+York%2C+NY&sbus_from=New+York%2C+NY&bus_to=Baltimore%2C+MD&sbus_to=Baltimore%2C+MD&filter_date=2014-03-08&return_date=&quantity=1') ON DUPLICATE KEY UPDATE TRIP_COST = 25
2014-03-07 09:51:30,483: EasternTravel_1_straight  - Depart date: 03/08/2014
2014-03-07 09:51:30,484: EasternTravel_1_straight  - Depart time: 8:30 am
2014-03-07 09:51:30,484: EasternTravel_1_straight  - Arrive time: 11:50 am
2014-03-07 09:51:30,485: EasternTravel_1_straight  - Cost: $25
2014-03-07 09:51:30,557: EasternTravel_1_straight  - INSERT INTO 2014March8(TRIP_ID,COMPANY_NAME,DEPART_CITY,ARRIVE_CITY,DEPART_TIME,ARRIVE_TIME,TRIP_LENGTH,TRIP_COST,URL) VALUES(700083008,'EasternTravel','New York, NY','Baltimore, MD','2014-03-08 08:30:00','2014-03-08 11:50:00','3H, 20m',25,'http://www.easternshuttle.com/cgi-bin/bus.cgi?is_prev=&return_flag=&is_roundtrip=&nm=4305&st=4305&option=Select&roundtrip=0&bus_from=New+York%2C+NY&sbus_from=New+York%2C+NY&bus_to=Baltimore%2C+MD&sbus_to=Baltimore%2C+MD&filter_date=2014-03-08&return_date=&quantity=1') ON DUPLICATE KEY UPDATE TRIP_COST = 25
2014-03-07 09:51:30,558: EasternTravel_1_straight  - Depart date: 03/08/2014
2014-03-07 09:51:30,558: EasternTravel_1_straight  - Depart time: 9:30 am
2014-03-07 09:51:30,559: EasternTravel_1_straight  - Arrive time: 12:40 pm
2014-03-07 09:51:30,559: EasternTravel_1_straight  - Cost: $25
2014-03-07 09:51:30,605: EasternTravel_1_straight  - INSERT INTO 2014March8(TRIP_ID,COMPANY_NAME,DEPART_CITY,ARRIVE_CITY,DEPART_TIME,ARRIVE_TIME,TRIP_LENGTH,TRIP_COST,URL) VALUES(700093008,'EasternTravel','New York, NY','Baltimore, MD','2014-03-08 09:30:00','2014-03-08 12:40:00','3H, 9m',25,'http://www.easternshuttle.com/cgi-bin/bus.cgi?is_prev=&return_flag=&is_roundtrip=&nm=4305&st=4305&option=Select&roundtrip=0&bus_from=New+York%2C+NY&sbus_from=New+York%2C+NY&bus_to=Baltimore%2C+MD&sbus_to=Baltimore%2C+MD&filter_date=2014-03-08&return_date=&quantity=1') ON DUPLICATE KEY UPDATE TRIP_COST = 25
2014-03-07 09:51:30,607: EasternTravel_1_straight  - Depart date: 03/08/2014
2014-03-07 09:51:30,607: EasternTravel_1_straight  - Depart time: 10:30 am
2014-03-07 09:51:30,608: EasternTravel_1_straight  - Arrive time: 1:50 pm
2014-03-07 09:51:30,608: EasternTravel_1_straight  - Cost: $25
2014-03-07 09:51:30,630: EasternTravel_1_straight  - INSERT INTO 2014March8(TRIP_ID,COMPANY_NAME,DEPART_CITY,ARRIVE_CITY,DEPART_TIME,ARRIVE_TIME,TRIP_LENGTH,TRIP_COST,URL) VALUES(700103008,'EasternTravel','New York, NY','Baltimore, MD','2014-03-08 10:30:00','2014-03-08 13:50:00','3H, 20m',25,'http://www.easternshuttle.com/cgi-bin/bus.cgi?is_prev=&return_flag=&is_roundtrip=&nm=4305&st=4305&option=Select&roundtrip=0&bus_from=New+York%2C+NY&sbus_from=New+York%2C+NY&bus_to=Baltimore%2C+MD&sbus_to=Baltimore%2C+MD&filter_date=2014-03-08&return_date=&quantity=1') ON DUPLICATE KEY UPDATE TRIP_COST = 25
2014-03-07 09:51:30,631: EasternTravel_1_straight  - Depart date: 03/08/2014
2014-03-07 09:51:30,639: EasternTravel_1_straight  - Depart time: 11:30 am
2014-03-07 09:51:30,640: EasternTravel_1_straight  - Arrive time: 2:50 pm
2014-03-07 09:51:30,640: EasternTravel_1_straight  - Cost: $25
2014-03-07 09:51:30,723: EasternTravel_1_straight  - INSERT INTO 2014March8(TRIP_ID,COMPANY_NAME,DEPART_CITY,ARRIVE_CITY,DEPART_TIME,ARRIVE_TIME,TRIP_LENGTH,TRIP_COST,URL) VALUES(700113008,'EasternTravel','New York, NY','Baltimore, MD','2014-03-08 11:30:00','2014-03-08 14:50:00','3H, 20m',25,'http://www.easternshuttle.com/cgi-bin/bus.cgi?is_prev=&return_flag=&is_roundtrip=&nm=4305&st=4305&option=Select&roundtrip=0&bus_from=New+York%2C+NY&sbus_from=New+York%2C+NY&bus_to=Baltimore%2C+MD&sbus_to=Baltimore%2C+MD&filter_date=2014-03-08&return_date=&quantity=1') ON DUPLICATE KEY UPDATE TRIP_COST = 25
2014-03-07 09:51:30,724: EasternTravel_1_straight  - Depart date: 03/08/2014
2014-03-07 09:51:30,725: EasternTravel_1_straight  - Depart time: 12:30 pm
2014-03-07 09:51:30,726: EasternTravel_1_straight  - Arrive time: 3:30 pm
2014-03-07 09:51:30,726: EasternTravel_1_straight  - Cost: $25
2014-03-07 09:51:30,740: EasternTravel_1_straight  - INSERT INTO 2014March8(TRIP_ID,COMPANY_NAME,DEPART_CITY,ARRIVE_CITY,DEPART_TIME,ARRIVE_TIME,TRIP_LENGTH,TRIP_COST,URL) VALUES(700123008,'EasternTravel','New York, NY','Baltimore, MD','2014-03-08 12:30:00','2014-03-08 15:30:00','3H, 0m',25,'http://www.easternshuttle.com/cgi-bin/bus.cgi?is_prev=&return_flag=&is_roundtrip=&nm=4305&st=4305&option=Select&roundtrip=0&bus_from=New+York%2C+NY&sbus_from=New+York%2C+NY&bus_to=Baltimore%2C+MD&sbus_to=Baltimore%2C+MD&filter_date=2014-03-08&return_date=&quantity=1') ON DUPLICATE KEY UPDATE TRIP_COST = 25
2014-03-07 09:51:30,741: EasternTravel_1_straight  - Depart date: 03/08/2014
2014-03-07 09:51:30,742: EasternTravel_1_straight  - Depart time: 1:30 pm
2014-03-07 09:51:30,742: EasternTravel_1_straight  - Arrive time: 4:50 pm
2014-03-07 09:51:30,743: EasternTravel_1_straight  - Cost: $25
2014-03-07 09:51:30,774: EasternTravel_1_straight  - INSERT INTO 2014March8(TRIP_ID,COMPANY_NAME,DEPART_CITY,ARRIVE_CITY,DEPART_TIME,ARRIVE_TIME,TRIP_LENGTH,TRIP_COST,URL) VALUES(700133008,'EasternTravel','New York, NY','Baltimore, MD','2014-03-08 13:30:00','2014-03-08 16:50:00','3H, 20m',25,'http://www.easternshuttle.com/cgi-bin/bus.cgi?is_prev=&return_flag=&is_roundtrip=&nm=4305&st=4305&option=Select&roundtrip=0&bus_from=New+York%2C+NY&sbus_from=New+York%2C+NY&bus_to=Baltimore%2C+MD&sbus_to=Baltimore%2C+MD&filter_date=2014-03-08&return_date=&quantity=1') ON DUPLICATE KEY UPDATE TRIP_COST = 25
2014-03-07 09:51:30,775: EasternTravel_1_straight  - Depart date: 03/08/2014
2014-03-07 09:51:30,775: EasternTravel_1_straight  - Depart time: 3:30 pm
2014-03-07 09:51:30,776: EasternTravel_1_straight  - Arrive time: 6:50 pm
2014-03-07 09:51:30,776: EasternTravel_1_straight  - Cost: $25
2014-03-07 09:51:30,809: EasternTravel_1_straight  - INSERT INTO 2014March8(TRIP_ID,COMPANY_NAME,DEPART_CITY,ARRIVE_CITY,DEPART_TIME,ARRIVE_TIME,TRIP_LENGTH,TRIP_COST,URL) VALUES(700153008,'EasternTravel','New York, NY','Baltimore, MD','2014-03-08 15:30:00','2014-03-08 18:50:00','3H, 20m',25,'http://www.easternshuttle.com/cgi-bin/bus.cgi?is_prev=&return_flag=&is_roundtrip=&nm=4305&st=4305&option=Select&roundtrip=0&bus_from=New+York%2C+NY&sbus_from=New+York%2C+NY&bus_to=Baltimore%2C+MD&sbus_to=Baltimore%2C+MD&filter_date=2014-03-08&return_date=&quantity=1') ON DUPLICATE KEY UPDATE TRIP_COST = 25
2014-03-07 09:51:30,811: EasternTravel_1_straight  - Depart date: 03/08/2014
2014-03-07 09:51:30,811: EasternTravel_1_straight  - Depart time: 4:30 pm
2014-03-07 09:51:30,812: EasternTravel_1_straight  - Arrive time: 7:50 pm
2014-03-07 09:51:30,812: EasternTravel_1_straight  - Cost: $25
2014-03-07 09:51:30,856: EasternTravel_1_straight  - INSERT INTO 2014March8(TRIP_ID,COMPANY_NAME,DEPART_CITY,ARRIVE_CITY,DEPART_TIME,ARRIVE_TIME,TRIP_LENGTH,TRIP_COST,URL) VALUES(700163008,'EasternTravel','New York, NY','Baltimore, MD','2014-03-08 16:30:00','2014-03-08 19:50:00','3H, 20m',25,'http://www.easternshuttle.com/cgi-bin/bus.cgi?is_prev=&return_flag=&is_roundtrip=&nm=4305&st=4305&option=Select&roundtrip=0&bus_from=New+York%2C+NY&sbus_from=New+York%2C+NY&bus_to=Baltimore%2C+MD&sbus_to=Baltimore%2C+MD&filter_date=2014-03-08&return_date=&quantity=1') ON DUPLICATE KEY UPDATE TRIP_COST = 25
2014-03-07 09:51:30,857: EasternTravel_1_straight  - Depart date: 03/08/2014
2014-03-07 09:51:30,857: EasternTravel_1_straight  - Depart time: 5:30 pm
2014-03-07 09:51:30,858: EasternTravel_1_straight  - Arrive time: 8:50 pm
2014-03-07 09:51:30,858: EasternTravel_1_straight  - Cost: $25
2014-03-07 09:51:30,875: EasternTravel_1_straight  - INSERT INTO 2014March8(TRIP_ID,COMPANY_NAME,DEPART_CITY,ARRIVE_CITY,DEPART_TIME,ARRIVE_TIME,TRIP_LENGTH,TRIP_COST,URL) VALUES(700173008,'EasternTravel','New York, NY','Baltimore, MD','2014-03-08 17:30:00','2014-03-08 20:50:00','3H, 20m',25,'http://www.easternshuttle.com/cgi-bin/bus.cgi?is_prev=&return_flag=&is_roundtrip=&nm=4305&st=4305&option=Select&roundtrip=0&bus_from=New+York%2C+NY&sbus_from=New+York%2C+NY&bus_to=Baltimore%2C+MD&sbus_to=Baltimore%2C+MD&filter_date=2014-03-08&return_date=&quantity=1') ON DUPLICATE KEY UPDATE TRIP_COST = 25
2014-03-07 09:51:30,876: EasternTravel_1_straight  - Depart date: 03/08/2014
2014-03-07 09:51:30,876: EasternTravel_1_straight  - Depart time: 6:30 pm
2014-03-07 09:51:30,876: EasternTravel_1_straight  - Arrive time: 9:50 pm
2014-03-07 09:51:30,887: EasternTravel_1_straight  - Cost: $25
2014-03-07 09:51:31,032: EasternTravel_1_straight  - INSERT INTO 2014March8(TRIP_ID,COMPANY_NAME,DEPART_CITY,ARRIVE_CITY,DEPART_TIME,ARRIVE_TIME,TRIP_LENGTH,TRIP_COST,URL) VALUES(700183008,'EasternTravel','New York, NY','Baltimore, MD','2014-03-08 18:30:00','2014-03-08 21:50:00','3H, 20m',25,'http://www.easternshuttle.com/cgi-bin/bus.cgi?is_prev=&return_flag=&is_roundtrip=&nm=4305&st=4305&option=Select&roundtrip=0&bus_from=New+York%2C+NY&sbus_from=New+York%2C+NY&bus_to=Baltimore%2C+MD&sbus_to=Baltimore%2C+MD&filter_date=2014-03-08&return_date=&quantity=1') ON DUPLICATE KEY UPDATE TRIP_COST = 25
2014-03-07 09:51:31,033: EasternTravel_1_straight  - Depart date: 03/08/2014
2014-03-07 09:51:31,034: EasternTravel_1_straight  - Depart time: 7:30 pm
2014-03-07 09:51:31,034: EasternTravel_1_straight  - Arrive time: 10:50 pm
2014-03-07 09:51:31,035: EasternTravel_1_straight  - Cost: $25
2014-03-07 09:51:31,088: EasternTravel_1_straight  - INSERT INTO 2014March8(TRIP_ID,COMPANY_NAME,DEPART_CITY,ARRIVE_CITY,DEPART_TIME,ARRIVE_TIME,TRIP_LENGTH,TRIP_COST,URL) VALUES(700193008,'EasternTravel','New York, NY','Baltimore, MD','2014-03-08 19:30:00','2014-03-08 22:50:00','3H, 20m',25,'http://www.easternshuttle.com/cgi-bin/bus.cgi?is_prev=&return_flag=&is_roundtrip=&nm=4305&st=4305&option=Select&roundtrip=0&bus_from=New+York%2C+NY&sbus_from=New+York%2C+NY&bus_to=Baltimore%2C+MD&sbus_to=Baltimore%2C+MD&filter_date=2014-03-08&return_date=&quantity=1') ON DUPLICATE KEY UPDATE TRIP_COST = 25
2014-03-07 09:51:31,089: EasternTravel_1_straight  - Depart date: 03/08/2014
2014-03-07 09:51:31,090: EasternTravel_1_straight  - Depart time: 10:30 pm
2014-03-07 09:51:31,103: EasternTravel_1_straight  - Arrive time: 1:50 am
2014-03-07 09:51:31,104: EasternTravel_1_straight  - Cost: $25
2014-03-07 09:51:31,140: EasternTravel_1_straight  - INSERT INTO 2014March8(TRIP_ID,COMPANY_NAME,DEPART_CITY,ARRIVE_CITY,DEPART_TIME,ARRIVE_TIME,TRIP_LENGTH,TRIP_COST,URL) VALUES(700223008,'EasternTravel','New York, NY','Baltimore, MD','2014-03-08 22:30:00','2014-03-09 01:50:00','3H, 20m',25,'http://www.easternshuttle.com/cgi-bin/bus.cgi?is_prev=&return_flag=&is_roundtrip=&nm=4305&st=4305&option=Select&roundtrip=0&bus_from=New+York%2C+NY&sbus_from=New+York%2C+NY&bus_to=Baltimore%2C+MD&sbus_to=Baltimore%2C+MD&filter_date=2014-03-08&return_date=&quantity=1') ON DUPLICATE KEY UPDATE TRIP_COST = 25
2014-03-07 09:51:31,143: EasternTravel_1_straight  - Number of proxy rotations allowed: 4
2014-03-07 09:51:31,143: EasternTravel_1_straight  - Number of browser restarts allowed: 2
2014-03-07 09:51:31,144: EasternTravel_1_straight  - NEW SEARCH
2014-03-07 09:51:31,144: EasternTravel_1_straight  - From Baltimore, MD to New York, NY (03/08/2014)
2014-03-07 09:51:41,155: EasternTravel_1_straight  - Loading URL...
2014-03-07 09:51:52,231: EasternTravel_1_straight  - Clicking on origin city...
2014-03-07 09:52:03,567: EasternTravel_1_straight  - Clicking on destination city...
2014-03-07 09:52:14,611: EasternTravel_1_straight  - Entering departure date...
2014-03-07 09:52:24,864: EasternTravel_1_straight  - Clicking on Search button...
2014-03-07 09:52:32,496: EasternTravel_1_straight  - Parsing table...
2014-03-07 09:52:34,396: EasternTravel_1_straight  - Depart date: 03/08/2014
2014-03-07 09:52:34,397: EasternTravel_1_straight  - Depart time: 2:20 am
2014-03-07 09:52:34,397: EasternTravel_1_straight  - Arrive time: 5:30 am
2014-03-07 09:52:34,402: EasternTravel_1_straight  - Cost: $25
2014-03-07 09:52:34,420: EasternTravel_1_straight  - INSERT INTO 2014March8(TRIP_ID,COMPANY_NAME,DEPART_CITY,ARRIVE_CITY,DEPART_TIME,ARRIVE_TIME,TRIP_LENGTH,TRIP_COST,URL) VALUES(7022008,'EasternTravel','Baltimore, MD','New York, NY','2014-03-08 02:20:00','2014-03-08 05:30:00','3H, 9m',25,'http://www.easternshuttle.com/cgi-bin/bus.cgi?is_prev=&return_flag=&is_roundtrip=&nm=4305&st=4305&option=Select&roundtrip=0&bus_from=Baltimore%2C+MD&sbus_from=Baltimore%2C+MD&bus_to=New+York%2C+NY&sbus_to=New+York%2C+NY&filter_date=2014-03-08&return_date=&quantity=1') ON DUPLICATE KEY UPDATE TRIP_COST = 25
2014-03-07 09:52:34,422: EasternTravel_1_straight  - Depart date: 03/08/2014
2014-03-07 09:52:34,422: EasternTravel_1_straight  - Depart time: 4:20 am
2014-03-07 09:52:34,433: EasternTravel_1_straight  - Arrive time: 8:00 am
2014-03-07 09:52:34,434: EasternTravel_1_straight  - Cost: $25
2014-03-07 09:52:34,467: EasternTravel_1_straight  - INSERT INTO 2014March8(TRIP_ID,COMPANY_NAME,DEPART_CITY,ARRIVE_CITY,DEPART_TIME,ARRIVE_TIME,TRIP_LENGTH,TRIP_COST,URL) VALUES(7042008,'EasternTravel','Baltimore, MD','New York, NY','2014-03-08 04:20:00','2014-03-08 08:00:00','3H, 39m',25,'http://www.easternshuttle.com/cgi-bin/bus.cgi?is_prev=&return_flag=&is_roundtrip=&nm=4305&st=4305&option=Select&roundtrip=0&bus_from=Baltimore%2C+MD&sbus_from=Baltimore%2C+MD&bus_to=New+York%2C+NY&sbus_to=New+York%2C+NY&filter_date=2014-03-08&return_date=&quantity=1') ON DUPLICATE KEY UPDATE TRIP_COST = 25
2014-03-07 09:52:34,468: EasternTravel_1_straight  - Depart date: 03/08/2014
2014-03-07 09:52:34,469: EasternTravel_1_straight  - Depart time: 7:50 am
2014-03-07 09:52:34,469: EasternTravel_1_straight  - Arrive time: 11:15 am
2014-03-07 09:52:34,470: EasternTravel_1_straight  - Cost: $30
2014-03-07 09:52:34,538: EasternTravel_1_straight  - INSERT INTO 2014March8(TRIP_ID,COMPANY_NAME,DEPART_CITY,ARRIVE_CITY,DEPART_TIME,ARRIVE_TIME,TRIP_LENGTH,TRIP_COST,URL) VALUES(7075008,'EasternTravel','Baltimore, MD','New York, NY','2014-03-08 07:50:00','2014-03-08 11:15:00','3H, 24m',30,'http://www.easternshuttle.com/cgi-bin/bus.cgi?is_prev=&return_flag=&is_roundtrip=&nm=4305&st=4305&option=Select&roundtrip=0&bus_from=Baltimore%2C+MD&sbus_from=Baltimore%2C+MD&bus_to=New+York%2C+NY&sbus_to=New+York%2C+NY&filter_date=2014-03-08&return_date=&quantity=1') ON DUPLICATE KEY UPDATE TRIP_COST = 30
2014-03-07 09:52:34,539: EasternTravel_1_straight  - Depart date: 03/08/2014
2014-03-07 09:52:34,540: EasternTravel_1_straight  - Depart time: 8:50 am
2014-03-07 09:52:34,540: EasternTravel_1_straight  - Arrive time: 12:15 pm
2014-03-07 09:52:34,541: EasternTravel_1_straight  - Cost: $30
2014-03-07 09:52:34,557: EasternTravel_1_straight  - INSERT INTO 2014March8(TRIP_ID,COMPANY_NAME,DEPART_CITY,ARRIVE_CITY,DEPART_TIME,ARRIVE_TIME,TRIP_LENGTH,TRIP_COST,URL) VALUES(7085008,'EasternTravel','Baltimore, MD','New York, NY','2014-03-08 08:50:00','2014-03-08 12:15:00','3H, 24m',30,'http://www.easternshuttle.com/cgi-bin/bus.cgi?is_prev=&return_flag=&is_roundtrip=&nm=4305&st=4305&option=Select&roundtrip=0&bus_from=Baltimore%2C+MD&sbus_from=Baltimore%2C+MD&bus_to=New+York%2C+NY&sbus_to=New+York%2C+NY&filter_date=2014-03-08&return_date=&quantity=1') ON DUPLICATE KEY UPDATE TRIP_COST = 30
2014-03-07 09:52:34,558: EasternTravel_1_straight  - Depart date: 03/08/2014
2014-03-07 09:52:34,558: EasternTravel_1_straight  - Depart time: 12:50 pm
2014-03-07 09:52:34,559: EasternTravel_1_straight  - Arrive time: 4:15 pm
2014-03-07 09:52:34,559: EasternTravel_1_straight  - Cost: $25
2014-03-07 09:52:34,595: EasternTravel_1_straight  - INSERT INTO 2014March8(TRIP_ID,COMPANY_NAME,DEPART_CITY,ARRIVE_CITY,DEPART_TIME,ARRIVE_TIME,TRIP_LENGTH,TRIP_COST,URL) VALUES(7125008,'EasternTravel','Baltimore, MD','New York, NY','2014-03-08 12:50:00','2014-03-08 16:15:00','3H, 24m',25,'http://www.easternshuttle.com/cgi-bin/bus.cgi?is_prev=&return_flag=&is_roundtrip=&nm=4305&st=4305&option=Select&roundtrip=0&bus_from=Baltimore%2C+MD&sbus_from=Baltimore%2C+MD&bus_to=New+York%2C+NY&sbus_to=New+York%2C+NY&filter_date=2014-03-08&return_date=&quantity=1') ON DUPLICATE KEY UPDATE TRIP_COST = 25
2014-03-07 09:52:34,596: EasternTravel_1_straight  - Depart date: 03/08/2014
2014-03-07 09:52:34,596: EasternTravel_1_straight  - Depart time: 1:50 pm
2014-03-07 09:52:34,597: EasternTravel_1_straight  - Arrive time: 5:15 pm
2014-03-07 09:52:34,597: EasternTravel_1_straight  - Cost: $25
2014-03-07 09:52:34,640: EasternTravel_1_straight  - INSERT INTO 2014March8(TRIP_ID,COMPANY_NAME,DEPART_CITY,ARRIVE_CITY,DEPART_TIME,ARRIVE_TIME,TRIP_LENGTH,TRIP_COST,URL) VALUES(7135008,'EasternTravel','Baltimore, MD','New York, NY','2014-03-08 13:50:00','2014-03-08 17:15:00','3H, 24m',25,'http://www.easternshuttle.com/cgi-bin/bus.cgi?is_prev=&return_flag=&is_roundtrip=&nm=4305&st=4305&option=Select&roundtrip=0&bus_from=Baltimore%2C+MD&sbus_from=Baltimore%2C+MD&bus_to=New+York%2C+NY&sbus_to=New+York%2C+NY&filter_date=2014-03-08&return_date=&quantity=1') ON DUPLICATE KEY UPDATE TRIP_COST = 25
2014-03-07 09:52:34,641: EasternTravel_1_straight  - Depart date: 03/08/2014
2014-03-07 09:52:34,642: EasternTravel_1_straight  - Depart time: 2:50 pm
2014-03-07 09:52:34,643: EasternTravel_1_straight  - Arrive time: 6:15 pm
2014-03-07 09:52:34,643: EasternTravel_1_straight  - Cost: $25
2014-03-07 09:52:34,656: EasternTravel_1_straight  - INSERT INTO 2014March8(TRIP_ID,COMPANY_NAME,DEPART_CITY,ARRIVE_CITY,DEPART_TIME,ARRIVE_TIME,TRIP_LENGTH,TRIP_COST,URL) VALUES(7145008,'EasternTravel','Baltimore, MD','New York, NY','2014-03-08 14:50:00','2014-03-08 18:15:00','3H, 24m',25,'http://www.easternshuttle.com/cgi-bin/bus.cgi?is_prev=&return_flag=&is_roundtrip=&nm=4305&st=4305&option=Select&roundtrip=0&bus_from=Baltimore%2C+MD&sbus_from=Baltimore%2C+MD&bus_to=New+York%2C+NY&sbus_to=New+York%2C+NY&filter_date=2014-03-08&return_date=&quantity=1') ON DUPLICATE KEY UPDATE TRIP_COST = 25
2014-03-07 09:52:34,657: EasternTravel_1_straight  - Depart date: 03/08/2014
2014-03-07 09:52:34,657: EasternTravel_1_straight  - Depart time: 4:50 pm
2014-03-07 09:52:34,658: EasternTravel_1_straight  - Arrive time: 8:15 pm
2014-03-07 09:52:34,659: EasternTravel_1_straight  - Cost: $25
2014-03-07 09:52:34,691: EasternTravel_1_straight  - INSERT INTO 2014March8(TRIP_ID,COMPANY_NAME,DEPART_CITY,ARRIVE_CITY,DEPART_TIME,ARRIVE_TIME,TRIP_LENGTH,TRIP_COST,URL) VALUES(7165008,'EasternTravel','Baltimore, MD','New York, NY','2014-03-08 16:50:00','2014-03-08 20:15:00','3H, 24m',25,'http://www.easternshuttle.com/cgi-bin/bus.cgi?is_prev=&return_flag=&is_roundtrip=&nm=4305&st=4305&option=Select&roundtrip=0&bus_from=Baltimore%2C+MD&sbus_from=Baltimore%2C+MD&bus_to=New+York%2C+NY&sbus_to=New+York%2C+NY&filter_date=2014-03-08&return_date=&quantity=1') ON DUPLICATE KEY UPDATE TRIP_COST = 25
2014-03-07 09:52:34,693: EasternTravel_1_straight  - Depart date: 03/08/2014
2014-03-07 09:52:34,693: EasternTravel_1_straight  - Depart time: 5:50 pm
2014-03-07 09:52:34,693: EasternTravel_1_straight  - Arrive time: 9:15 pm
2014-03-07 09:52:34,694: EasternTravel_1_straight  - Cost: $25
2014-03-07 09:52:34,719: EasternTravel_1_straight  - INSERT INTO 2014March8(TRIP_ID,COMPANY_NAME,DEPART_CITY,ARRIVE_CITY,DEPART_TIME,ARRIVE_TIME,TRIP_LENGTH,TRIP_COST,URL) VALUES(7175008,'EasternTravel','Baltimore, MD','New York, NY','2014-03-08 17:50:00','2014-03-08 21:15:00','3H, 24m',25,'http://www.easternshuttle.com/cgi-bin/bus.cgi?is_prev=&return_flag=&is_roundtrip=&nm=4305&st=4305&option=Select&roundtrip=0&bus_from=Baltimore%2C+MD&sbus_from=Baltimore%2C+MD&bus_to=New+York%2C+NY&sbus_to=New+York%2C+NY&filter_date=2014-03-08&return_date=&quantity=1') ON DUPLICATE KEY UPDATE TRIP_COST = 25
2014-03-07 09:52:34,720: EasternTravel_1_straight  - Depart date: 03/08/2014
2014-03-07 09:52:34,720: EasternTravel_1_straight  - Depart time: 6:50 pm
2014-03-07 09:52:34,721: EasternTravel_1_straight  - Arrive time: 10:15 pm
2014-03-07 09:52:34,722: EasternTravel_1_straight  - Cost: $25
2014-03-07 09:52:34,750: EasternTravel_1_straight  - INSERT INTO 2014March8(TRIP_ID,COMPANY_NAME,DEPART_CITY,ARRIVE_CITY,DEPART_TIME,ARRIVE_TIME,TRIP_LENGTH,TRIP_COST,URL) VALUES(7185008,'EasternTravel','Baltimore, MD','New York, NY','2014-03-08 18:50:00','2014-03-08 22:15:00','3H, 24m',25,'http://www.easternshuttle.com/cgi-bin/bus.cgi?is_prev=&return_flag=&is_roundtrip=&nm=4305&st=4305&option=Select&roundtrip=0&bus_from=Baltimore%2C+MD&sbus_from=Baltimore%2C+MD&bus_to=New+York%2C+NY&sbus_to=New+York%2C+NY&filter_date=2014-03-08&return_date=&quantity=1') ON DUPLICATE KEY UPDATE TRIP_COST = 25
2014-03-07 09:52:34,754: EasternTravel_1_straight  - Depart date: 03/08/2014
2014-03-07 09:52:34,755: EasternTravel_1_straight  - Depart time: 8:20 pm
2014-03-07 09:52:34,755: EasternTravel_1_straight  - Arrive time: 12:20 am
2014-03-07 09:52:34,758: EasternTravel_1_straight  - Cost: $25
2014-03-07 09:52:34,801: EasternTravel_1_straight  - INSERT INTO 2014March8(TRIP_ID,COMPANY_NAME,DEPART_CITY,ARRIVE_CITY,DEPART_TIME,ARRIVE_TIME,TRIP_LENGTH,TRIP_COST,URL) VALUES(7202008,'EasternTravel','Baltimore, MD','New York, NY','2014-03-08 20:20:00','2014-03-09 00:20:00','4H, 0m',25,'http://www.easternshuttle.com/cgi-bin/bus.cgi?is_prev=&return_flag=&is_roundtrip=&nm=4305&st=4305&option=Select&roundtrip=0&bus_from=Baltimore%2C+MD&sbus_from=Baltimore%2C+MD&bus_to=New+York%2C+NY&sbus_to=New+York%2C+NY&filter_date=2014-03-08&return_date=&quantity=1') ON DUPLICATE KEY UPDATE TRIP_COST = 25
2014-03-07 09:52:34,803: EasternTravel_1_straight  - Successfully completed schedule requests!
2014-03-07 09:52:34,804: EasternTravel_1_straight  - Jobs remaining: 0
2014-03-07 09:52:34,804: EasternTravel_1_straight  - Quitting...
2014-03-07 09:52:34,926: EasternTravel_1_straight  - Successfully deleted profile directory
