2014-03-07 09:47:49,666: GoBus_4_straight  - Setting up mysql and firefox connections...
2014-03-07 09:47:49,676: GoBus_4_straight  - DROP TABLE IF EXISTS 2014March6
2014-03-07 09:47:49,678: GoBus_4_straight  - DROP TABLE IF EXISTS 2014March6
2014-03-07 09:47:49,684: GoBus_4_straight  - DROP TABLE IF EXISTS 2014March5
2014-03-07 09:47:49,686: GoBus_4_straight  - DROP TABLE IF EXISTS 2014March5
2014-03-07 09:47:49,688: GoBus_4_straight  - DROP TABLE IF EXISTS 2014March4
2014-03-07 09:47:49,689: GoBus_4_straight  - DROP TABLE IF EXISTS 2014March4
2014-03-07 09:47:49,691: GoBus_4_straight  - DROP TABLE IF EXISTS 2014March3
2014-03-07 09:47:49,693: GoBus_4_straight  - DROP TABLE IF EXISTS 2014March3
2014-03-07 09:47:49,703: GoBus_4_straight  - DROP TABLE IF EXISTS 2014March2
2014-03-07 09:47:49,705: GoBus_4_straight  - DROP TABLE IF EXISTS 2014March2
2014-03-07 09:47:49,707: GoBus_4_straight  - DROP TABLE IF EXISTS 2014March1
2014-03-07 09:47:49,712: GoBus_4_straight  - DROP TABLE IF EXISTS 2014March1
2014-03-07 09:47:49,713: GoBus_4_straight  - DROP TABLE IF EXISTS 2014February28
2014-03-07 09:47:49,714: GoBus_4_straight  - DROP TABLE IF EXISTS 2014February28
2014-03-07 09:47:49,714: GoBus_4_straight  - DROP TABLE IF EXISTS 2014February27
2014-03-07 09:47:49,719: GoBus_4_straight  - DROP TABLE IF EXISTS 2014February27
2014-03-07 09:47:49,720: GoBus_4_straight  - DROP TABLE IF EXISTS 2014February26
2014-03-07 09:47:49,722: GoBus_4_straight  - DROP TABLE IF EXISTS 2014February26
2014-03-07 09:47:49,723: GoBus_4_straight  - DROP TABLE IF EXISTS 2014February25
2014-03-07 09:47:49,725: GoBus_4_straight  - DROP TABLE IF EXISTS 2014February25
2014-03-07 09:47:49,727: GoBus_4_straight  - DROP TABLE IF EXISTS 2014February24
2014-03-07 09:47:49,728: GoBus_4_straight  - DROP TABLE IF EXISTS 2014February24
2014-03-07 09:47:49,740: GoBus_4_straight  - DROP TABLE IF EXISTS 2014February23
2014-03-07 09:47:49,742: GoBus_4_straight  - DROP TABLE IF EXISTS 2014February23
2014-03-07 09:47:49,744: GoBus_4_straight  - DROP TABLE IF EXISTS 2014February22
2014-03-07 09:47:49,747: GoBus_4_straight  - DROP TABLE IF EXISTS 2014February22
2014-03-07 09:47:49,750: GoBus_4_straight  - DROP TABLE IF EXISTS 2014February21
2014-03-07 09:47:49,757: GoBus_4_straight  - DROP TABLE IF EXISTS 2014February21
2014-03-07 09:48:06,144: GoBus_4_straight  - Retrieving jobs...
2014-03-07 09:48:06,147: GoBus_4_straight  - Number of jobs: 2
2014-03-07 09:48:06,148: GoBus_4_straight  - Setting up makeups...
2014-03-07 09:48:06,149: GoBus_4_straight  - CREATE TABLE IF NOT EXISTS GoBus_makeup(TRIP_ID INT PRIMARY KEY, COMPANY_NAME VARCHAR(40), DEPART_CITY VARCHAR(40), ARRIVE_CITY VARCHAR(40), DEPART_DATE DATE)
2014-03-07 09:48:06,149: GoBus_4_straight  - INSERT INTO GoBus_makeup(TRIP_ID,COMPANY_NAME,DEPART_CITY,ARRIVE_CITY,DEPART_DATE) VALUES(2030805,'GoBus','New York, NY','Boston, MA','2014-03-08') ON DUPLICATE KEY UPDATE TRIP_ID = TRIP_ID
2014-03-07 09:48:06,150: GoBus_4_straight  - CREATE TABLE IF NOT EXISTS GoBus_makeup(TRIP_ID INT PRIMARY KEY, COMPANY_NAME VARCHAR(40), DEPART_CITY VARCHAR(40), ARRIVE_CITY VARCHAR(40), DEPART_DATE DATE)
2014-03-07 09:48:06,151: GoBus_4_straight  - INSERT INTO GoBus_makeup(TRIP_ID,COMPANY_NAME,DEPART_CITY,ARRIVE_CITY,DEPART_DATE) VALUES(1030805,'GoBus','Boston, MA','New York, NY','2014-03-08') ON DUPLICATE KEY UPDATE TRIP_ID = TRIP_ID
2014-03-07 09:48:06,151: GoBus_4_straight  - Starting session!
2014-03-07 09:48:06,153: GoBus_4_straight  - Not using proxies!
2014-03-07 09:48:06,153: GoBus_4_straight  - Jobs remaining: 2
2014-03-07 09:48:06,154: GoBus_4_straight  - Number of proxy rotations allowed: 4
2014-03-07 09:48:06,154: GoBus_4_straight  - Number of browser restarts allowed: 2
2014-03-07 09:48:06,155: GoBus_4_straight  - NEW SEARCH
2014-03-07 09:48:12,159: GoBus_4_straight  - Loading URL...
2014-03-07 09:48:38,923: GoBus_4_straight  - From New York, NY to Boston, MA (03/08/2014)
2014-03-07 09:48:38,931: GoBus_4_straight  - Selecting departure city...
2014-03-07 09:48:45,717: GoBus_4_straight  - Typing departure date...
2014-03-07 09:48:45,718: GoBus_4_straight  - Selecting arrival city...
2014-03-07 09:48:52,063: GoBus_4_straight  - Typing departure date...
2014-03-07 09:48:52,064: GoBus_4_straight  - Selecting correct date
2014-03-07 09:48:52,120: GoBus_4_straight  - Message: u'Element is read-only and so may not be used for actions' ; Stacktrace: 
    at <anonymous> (file:///tmp/tmpTYV72H/extensions/fxdriver@googlecode.com/components/command_processor.js:8236)
    at <anonymous> (file:///tmp/tmpTYV72H/extensions/fxdriver@googlecode.com/components/command_processor.js:10861)
    at <anonymous> (file:///tmp/tmpTYV72H/extensions/fxdriver@googlecode.com/components/command_processor.js:10878)
    at <anonymous> (file:///tmp/tmpTYV72H/extensions/fxdriver@googlecode.com/components/command_processor.js:10883)
    at <anonymous> (file:///tmp/tmpTYV72H/extensions/fxdriver@googlecode.com/components/command_processor.js:10825) 
Traceback (most recent call last):
  File "/home/saasbook/Documents/bus_catchers-master/python_code/MyController.py", line 126, in my_logic
    request_success = self.my_fcn(self.proxy_obj.browser,self.sql_obj,cur_job,self.my_logger)
  File "/home/saasbook/Documents/bus_catchers-master/python_code/get_gobus.py", line 112, in my_fcn
    date_spot.clear()
  File "/usr/local/lib/python2.7/dist-packages/selenium-2.40.0-py2.7.egg/selenium/webdriver/remote/webelement.py", line 67, in clear
    self._execute(Command.CLEAR_ELEMENT)
  File "/usr/local/lib/python2.7/dist-packages/selenium-2.40.0-py2.7.egg/selenium/webdriver/remote/webelement.py", line 369, in _execute
    return self._parent.execute(command, params)
  File "/usr/local/lib/python2.7/dist-packages/selenium-2.40.0-py2.7.egg/selenium/webdriver/remote/webdriver.py", line 164, in execute
    self.error_handler.check_response(response)
  File "/usr/local/lib/python2.7/dist-packages/selenium-2.40.0-py2.7.egg/selenium/webdriver/remote/errorhandler.py", line 164, in check_response
    raise exception_class(message, screen, stacktrace)
InvalidElementStateException: Message: u'Element is read-only and so may not be used for actions' ; Stacktrace: 
    at <anonymous> (file:///tmp/tmpTYV72H/extensions/fxdriver@googlecode.com/components/command_processor.js:8236)
    at <anonymous> (file:///tmp/tmpTYV72H/extensions/fxdriver@googlecode.com/components/command_processor.js:10861)
    at <anonymous> (file:///tmp/tmpTYV72H/extensions/fxdriver@googlecode.com/components/command_processor.js:10878)
    at <anonymous> (file:///tmp/tmpTYV72H/extensions/fxdriver@googlecode.com/components/command_processor.js:10883)
    at <anonymous> (file:///tmp/tmpTYV72H/extensions/fxdriver@googlecode.com/components/command_processor.js:10825) 
2014-03-07 09:48:52,134: GoBus_4_straight  - Restarting browser...
2014-03-07 09:48:52,192: GoBus_4_straight  - Successfully deleted profile directory
2014-03-07 09:48:58,927: GoBus_4_straight  - Now using new browser!
2014-03-07 09:48:58,929: GoBus_4_straight  - Request failed - trying again with same browser configuration.
2014-03-07 09:49:00,932: GoBus_4_straight  - NEW SEARCH
2014-03-07 09:49:06,942: GoBus_4_straight  - Loading URL...
2014-03-07 09:49:36,745: GoBus_4_straight  - From New York, NY to Boston, MA (03/08/2014)
2014-03-07 09:49:36,751: GoBus_4_straight  - Selecting departure city...
2014-03-07 09:49:45,295: GoBus_4_straight  - Typing departure date...
2014-03-07 09:49:45,296: GoBus_4_straight  - Selecting arrival city...
2014-03-07 09:49:52,031: GoBus_4_straight  - Typing departure date...
2014-03-07 09:49:52,032: GoBus_4_straight  - Selecting correct date
2014-03-07 09:49:52,176: GoBus_4_straight  - Message: u'Element is read-only and so may not be used for actions' ; Stacktrace: 
    at <anonymous> (file:///tmp/tmpitdW4B/extensions/fxdriver@googlecode.com/components/command_processor.js:8236)
    at <anonymous> (file:///tmp/tmpitdW4B/extensions/fxdriver@googlecode.com/components/command_processor.js:10861)
    at <anonymous> (file:///tmp/tmpitdW4B/extensions/fxdriver@googlecode.com/components/command_processor.js:10878)
    at <anonymous> (file:///tmp/tmpitdW4B/extensions/fxdriver@googlecode.com/components/command_processor.js:10883)
    at <anonymous> (file:///tmp/tmpitdW4B/extensions/fxdriver@googlecode.com/components/command_processor.js:10825) 
Traceback (most recent call last):
  File "/home/saasbook/Documents/bus_catchers-master/python_code/MyController.py", line 126, in my_logic
    request_success = self.my_fcn(self.proxy_obj.browser,self.sql_obj,cur_job,self.my_logger)
  File "/home/saasbook/Documents/bus_catchers-master/python_code/get_gobus.py", line 112, in my_fcn
    date_spot.clear()
  File "/usr/local/lib/python2.7/dist-packages/selenium-2.40.0-py2.7.egg/selenium/webdriver/remote/webelement.py", line 67, in clear
    self._execute(Command.CLEAR_ELEMENT)
  File "/usr/local/lib/python2.7/dist-packages/selenium-2.40.0-py2.7.egg/selenium/webdriver/remote/webelement.py", line 369, in _execute
    return self._parent.execute(command, params)
  File "/usr/local/lib/python2.7/dist-packages/selenium-2.40.0-py2.7.egg/selenium/webdriver/remote/webdriver.py", line 164, in execute
    self.error_handler.check_response(response)
  File "/usr/local/lib/python2.7/dist-packages/selenium-2.40.0-py2.7.egg/selenium/webdriver/remote/errorhandler.py", line 164, in check_response
    raise exception_class(message, screen, stacktrace)
InvalidElementStateException: Message: u'Element is read-only and so may not be used for actions' ; Stacktrace: 
    at <anonymous> (file:///tmp/tmpitdW4B/extensions/fxdriver@googlecode.com/components/command_processor.js:8236)
    at <anonymous> (file:///tmp/tmpitdW4B/extensions/fxdriver@googlecode.com/components/command_processor.js:10861)
    at <anonymous> (file:///tmp/tmpitdW4B/extensions/fxdriver@googlecode.com/components/command_processor.js:10878)
    at <anonymous> (file:///tmp/tmpitdW4B/extensions/fxdriver@googlecode.com/components/command_processor.js:10883)
    at <anonymous> (file:///tmp/tmpitdW4B/extensions/fxdriver@googlecode.com/components/command_processor.js:10825) 
2014-03-07 09:49:52,209: GoBus_4_straight  - Restarting browser...
2014-03-07 09:49:52,287: GoBus_4_straight  - [Errno 2] No such file or directory: '/tmp/tmpTYV72H'
2014-03-07 09:49:52,290: GoBus_4_straight  - Unable to delete profile directory: /tmp/tmpTYV72H
2014-03-07 09:50:02,808: GoBus_4_straight  - Now using new browser!
2014-03-07 09:50:02,814: GoBus_4_straight  - Request failed - trying again with same browser configuration.
2014-03-07 09:50:04,820: GoBus_4_straight  - NEW SEARCH
2014-03-07 09:50:10,827: GoBus_4_straight  - Loading URL...
2014-03-07 09:50:36,779: GoBus_4_straight  - From New York, NY to Boston, MA (03/08/2014)
2014-03-07 09:50:36,781: GoBus_4_straight  - Selecting departure city...
2014-03-07 09:50:44,079: GoBus_4_straight  - Typing departure date...
2014-03-07 09:50:44,081: GoBus_4_straight  - Selecting arrival city...
2014-03-07 09:50:50,724: GoBus_4_straight  - Typing departure date...
2014-03-07 09:50:50,725: GoBus_4_straight  - Selecting correct date
2014-03-07 09:50:50,863: GoBus_4_straight  - Message: u'Element is read-only and so may not be used for actions' ; Stacktrace: 
    at <anonymous> (file:///tmp/tmpGBnX08/extensions/fxdriver@googlecode.com/components/command_processor.js:8236)
    at <anonymous> (file:///tmp/tmpGBnX08/extensions/fxdriver@googlecode.com/components/command_processor.js:10861)
    at <anonymous> (file:///tmp/tmpGBnX08/extensions/fxdriver@googlecode.com/components/command_processor.js:10878)
    at <anonymous> (file:///tmp/tmpGBnX08/extensions/fxdriver@googlecode.com/components/command_processor.js:10883)
    at <anonymous> (file:///tmp/tmpGBnX08/extensions/fxdriver@googlecode.com/components/command_processor.js:10825) 
Traceback (most recent call last):
  File "/home/saasbook/Documents/bus_catchers-master/python_code/MyController.py", line 126, in my_logic
    request_success = self.my_fcn(self.proxy_obj.browser,self.sql_obj,cur_job,self.my_logger)
  File "/home/saasbook/Documents/bus_catchers-master/python_code/get_gobus.py", line 112, in my_fcn
    date_spot.clear()
  File "/usr/local/lib/python2.7/dist-packages/selenium-2.40.0-py2.7.egg/selenium/webdriver/remote/webelement.py", line 67, in clear
    self._execute(Command.CLEAR_ELEMENT)
  File "/usr/local/lib/python2.7/dist-packages/selenium-2.40.0-py2.7.egg/selenium/webdriver/remote/webelement.py", line 369, in _execute
    return self._parent.execute(command, params)
  File "/usr/local/lib/python2.7/dist-packages/selenium-2.40.0-py2.7.egg/selenium/webdriver/remote/webdriver.py", line 164, in execute
    self.error_handler.check_response(response)
  File "/usr/local/lib/python2.7/dist-packages/selenium-2.40.0-py2.7.egg/selenium/webdriver/remote/errorhandler.py", line 164, in check_response
    raise exception_class(message, screen, stacktrace)
InvalidElementStateException: Message: u'Element is read-only and so may not be used for actions' ; Stacktrace: 
    at <anonymous> (file:///tmp/tmpGBnX08/extensions/fxdriver@googlecode.com/components/command_processor.js:8236)
    at <anonymous> (file:///tmp/tmpGBnX08/extensions/fxdriver@googlecode.com/components/command_processor.js:10861)
    at <anonymous> (file:///tmp/tmpGBnX08/extensions/fxdriver@googlecode.com/components/command_processor.js:10878)
    at <anonymous> (file:///tmp/tmpGBnX08/extensions/fxdriver@googlecode.com/components/command_processor.js:10883)
    at <anonymous> (file:///tmp/tmpGBnX08/extensions/fxdriver@googlecode.com/components/command_processor.js:10825) 
2014-03-07 09:50:50,886: GoBus_4_straight  - Restarting browser...
2014-03-07 09:50:50,924: GoBus_4_straight  - [Errno 2] No such file or directory: '/tmp/tmpTYV72H'
2014-03-07 09:50:50,924: GoBus_4_straight  - Unable to delete profile directory: /tmp/tmpTYV72H
2014-03-07 09:50:58,601: GoBus_4_straight  - Now using new browser!
2014-03-07 09:50:58,603: GoBus_4_straight  - Request failed - trying again with same browser configuration.
2014-03-07 09:51:00,606: GoBus_4_straight  - NEW SEARCH
2014-03-07 09:51:06,613: GoBus_4_straight  - Loading URL...
2014-03-07 09:51:32,751: GoBus_4_straight  - From New York, NY to Boston, MA (03/08/2014)
2014-03-07 09:51:32,752: GoBus_4_straight  - Selecting departure city...
2014-03-07 09:51:39,556: GoBus_4_straight  - Typing departure date...
2014-03-07 09:51:39,558: GoBus_4_straight  - Selecting arrival city...
2014-03-07 09:51:46,487: GoBus_4_straight  - Typing departure date...
2014-03-07 09:51:46,489: GoBus_4_straight  - Selecting correct date
2014-03-07 09:51:46,609: GoBus_4_straight  - Message: u'Element is read-only and so may not be used for actions' ; Stacktrace: 
    at <anonymous> (file:///tmp/tmpuLqkIi/extensions/fxdriver@googlecode.com/components/command_processor.js:8236)
    at <anonymous> (file:///tmp/tmpuLqkIi/extensions/fxdriver@googlecode.com/components/command_processor.js:10861)
    at <anonymous> (file:///tmp/tmpuLqkIi/extensions/fxdriver@googlecode.com/components/command_processor.js:10878)
    at <anonymous> (file:///tmp/tmpuLqkIi/extensions/fxdriver@googlecode.com/components/command_processor.js:10883)
    at <anonymous> (file:///tmp/tmpuLqkIi/extensions/fxdriver@googlecode.com/components/command_processor.js:10825) 
Traceback (most recent call last):
  File "/home/saasbook/Documents/bus_catchers-master/python_code/MyController.py", line 126, in my_logic
    request_success = self.my_fcn(self.proxy_obj.browser,self.sql_obj,cur_job,self.my_logger)
  File "/home/saasbook/Documents/bus_catchers-master/python_code/get_gobus.py", line 112, in my_fcn
    date_spot.clear()
  File "/usr/local/lib/python2.7/dist-packages/selenium-2.40.0-py2.7.egg/selenium/webdriver/remote/webelement.py", line 67, in clear
    self._execute(Command.CLEAR_ELEMENT)
  File "/usr/local/lib/python2.7/dist-packages/selenium-2.40.0-py2.7.egg/selenium/webdriver/remote/webelement.py", line 369, in _execute
    return self._parent.execute(command, params)
  File "/usr/local/lib/python2.7/dist-packages/selenium-2.40.0-py2.7.egg/selenium/webdriver/remote/webdriver.py", line 164, in execute
    self.error_handler.check_response(response)
  File "/usr/local/lib/python2.7/dist-packages/selenium-2.40.0-py2.7.egg/selenium/webdriver/remote/errorhandler.py", line 164, in check_response
    raise exception_class(message, screen, stacktrace)
InvalidElementStateException: Message: u'Element is read-only and so may not be used for actions' ; Stacktrace: 
    at <anonymous> (file:///tmp/tmpuLqkIi/extensions/fxdriver@googlecode.com/components/command_processor.js:8236)
    at <anonymous> (file:///tmp/tmpuLqkIi/extensions/fxdriver@googlecode.com/components/command_processor.js:10861)
    at <anonymous> (file:///tmp/tmpuLqkIi/extensions/fxdriver@googlecode.com/components/command_processor.js:10878)
    at <anonymous> (file:///tmp/tmpuLqkIi/extensions/fxdriver@googlecode.com/components/command_processor.js:10883)
    at <anonymous> (file:///tmp/tmpuLqkIi/extensions/fxdriver@googlecode.com/components/command_processor.js:10825) 
2014-03-07 09:51:46,631: GoBus_4_straight  - Restarting browser...
2014-03-07 09:51:46,671: GoBus_4_straight  - [Errno 2] No such file or directory: '/tmp/tmpTYV72H'
2014-03-07 09:51:46,671: GoBus_4_straight  - Unable to delete profile directory: /tmp/tmpTYV72H
2014-03-07 09:51:53,806: GoBus_4_straight  - Now using new browser!
2014-03-07 09:51:53,808: GoBus_4_straight  - Request failed - trying again with same browser configuration.
2014-03-07 09:51:55,811: GoBus_4_straight  - NEW SEARCH
2014-03-07 09:52:01,818: GoBus_4_straight  - Loading URL...
2014-03-07 09:52:27,995: GoBus_4_straight  - From New York, NY to Boston, MA (03/08/2014)
2014-03-07 09:52:27,996: GoBus_4_straight  - Selecting departure city...
2014-03-07 09:52:34,835: GoBus_4_straight  - Typing departure date...
2014-03-07 09:52:34,835: GoBus_4_straight  - Selecting arrival city...
2014-03-07 09:52:42,159: GoBus_4_straight  - Typing departure date...
2014-03-07 09:52:42,160: GoBus_4_straight  - Selecting correct date
2014-03-07 09:52:42,328: GoBus_4_straight  - Message: u'Element is read-only and so may not be used for actions' ; Stacktrace: 
    at <anonymous> (file:///tmp/tmpfDx4z4/extensions/fxdriver@googlecode.com/components/command_processor.js:8236)
    at <anonymous> (file:///tmp/tmpfDx4z4/extensions/fxdriver@googlecode.com/components/command_processor.js:10861)
    at <anonymous> (file:///tmp/tmpfDx4z4/extensions/fxdriver@googlecode.com/components/command_processor.js:10878)
    at <anonymous> (file:///tmp/tmpfDx4z4/extensions/fxdriver@googlecode.com/components/command_processor.js:10883)
    at <anonymous> (file:///tmp/tmpfDx4z4/extensions/fxdriver@googlecode.com/components/command_processor.js:10825) 
Traceback (most recent call last):
  File "/home/saasbook/Documents/bus_catchers-master/python_code/MyController.py", line 126, in my_logic
    request_success = self.my_fcn(self.proxy_obj.browser,self.sql_obj,cur_job,self.my_logger)
  File "/home/saasbook/Documents/bus_catchers-master/python_code/get_gobus.py", line 112, in my_fcn
    date_spot.clear()
  File "/usr/local/lib/python2.7/dist-packages/selenium-2.40.0-py2.7.egg/selenium/webdriver/remote/webelement.py", line 67, in clear
    self._execute(Command.CLEAR_ELEMENT)
  File "/usr/local/lib/python2.7/dist-packages/selenium-2.40.0-py2.7.egg/selenium/webdriver/remote/webelement.py", line 369, in _execute
    return self._parent.execute(command, params)
  File "/usr/local/lib/python2.7/dist-packages/selenium-2.40.0-py2.7.egg/selenium/webdriver/remote/webdriver.py", line 164, in execute
    self.error_handler.check_response(response)
  File "/usr/local/lib/python2.7/dist-packages/selenium-2.40.0-py2.7.egg/selenium/webdriver/remote/errorhandler.py", line 164, in check_response
    raise exception_class(message, screen, stacktrace)
InvalidElementStateException: Message: u'Element is read-only and so may not be used for actions' ; Stacktrace: 
    at <anonymous> (file:///tmp/tmpfDx4z4/extensions/fxdriver@googlecode.com/components/command_processor.js:8236)
    at <anonymous> (file:///tmp/tmpfDx4z4/extensions/fxdriver@googlecode.com/components/command_processor.js:10861)
    at <anonymous> (file:///tmp/tmpfDx4z4/extensions/fxdriver@googlecode.com/components/command_processor.js:10878)
    at <anonymous> (file:///tmp/tmpfDx4z4/extensions/fxdriver@googlecode.com/components/command_processor.js:10883)
    at <anonymous> (file:///tmp/tmpfDx4z4/extensions/fxdriver@googlecode.com/components/command_processor.js:10825) 
2014-03-07 09:52:42,350: GoBus_4_straight  - Restarting browser...
2014-03-07 09:52:42,382: GoBus_4_straight  - [Errno 2] No such file or directory: '/tmp/tmpTYV72H'
2014-03-07 09:52:42,383: GoBus_4_straight  - Unable to delete profile directory: /tmp/tmpTYV72H
2014-03-07 09:52:50,104: GoBus_4_straight  - Now using new browser!
2014-03-07 09:52:50,105: GoBus_4_straight  - Request failed - trying again with same browser configuration.
2014-03-07 09:52:52,112: GoBus_4_straight  - NEW SEARCH
2014-03-07 09:52:58,119: GoBus_4_straight  - Loading URL...
2014-03-07 09:53:24,103: GoBus_4_straight  - From New York, NY to Boston, MA (03/08/2014)
2014-03-07 09:53:24,104: GoBus_4_straight  - Selecting departure city...
2014-03-07 09:53:30,947: GoBus_4_straight  - Typing departure date...
2014-03-07 09:53:30,948: GoBus_4_straight  - Selecting arrival city...
2014-03-07 09:53:37,606: GoBus_4_straight  - Typing departure date...
2014-03-07 09:53:37,608: GoBus_4_straight  - Selecting correct date
2014-03-07 09:53:37,925: GoBus_4_straight  - Message: u'Element is read-only and so may not be used for actions' ; Stacktrace: 
    at <anonymous> (file:///tmp/tmpDghSdi/extensions/fxdriver@googlecode.com/components/command_processor.js:8236)
    at <anonymous> (file:///tmp/tmpDghSdi/extensions/fxdriver@googlecode.com/components/command_processor.js:10861)
    at <anonymous> (file:///tmp/tmpDghSdi/extensions/fxdriver@googlecode.com/components/command_processor.js:10878)
    at <anonymous> (file:///tmp/tmpDghSdi/extensions/fxdriver@googlecode.com/components/command_processor.js:10883)
    at <anonymous> (file:///tmp/tmpDghSdi/extensions/fxdriver@googlecode.com/components/command_processor.js:10825) 
Traceback (most recent call last):
  File "/home/saasbook/Documents/bus_catchers-master/python_code/MyController.py", line 126, in my_logic
    request_success = self.my_fcn(self.proxy_obj.browser,self.sql_obj,cur_job,self.my_logger)
  File "/home/saasbook/Documents/bus_catchers-master/python_code/get_gobus.py", line 112, in my_fcn
    date_spot.clear()
  File "/usr/local/lib/python2.7/dist-packages/selenium-2.40.0-py2.7.egg/selenium/webdriver/remote/webelement.py", line 67, in clear
    self._execute(Command.CLEAR_ELEMENT)
  File "/usr/local/lib/python2.7/dist-packages/selenium-2.40.0-py2.7.egg/selenium/webdriver/remote/webelement.py", line 369, in _execute
    return self._parent.execute(command, params)
  File "/usr/local/lib/python2.7/dist-packages/selenium-2.40.0-py2.7.egg/selenium/webdriver/remote/webdriver.py", line 164, in execute
    self.error_handler.check_response(response)
  File "/usr/local/lib/python2.7/dist-packages/selenium-2.40.0-py2.7.egg/selenium/webdriver/remote/errorhandler.py", line 164, in check_response
    raise exception_class(message, screen, stacktrace)
InvalidElementStateException: Message: u'Element is read-only and so may not be used for actions' ; Stacktrace: 
    at <anonymous> (file:///tmp/tmpDghSdi/extensions/fxdriver@googlecode.com/components/command_processor.js:8236)
    at <anonymous> (file:///tmp/tmpDghSdi/extensions/fxdriver@googlecode.com/components/command_processor.js:10861)
    at <anonymous> (file:///tmp/tmpDghSdi/extensions/fxdriver@googlecode.com/components/command_processor.js:10878)
    at <anonymous> (file:///tmp/tmpDghSdi/extensions/fxdriver@googlecode.com/components/command_processor.js:10883)
    at <anonymous> (file:///tmp/tmpDghSdi/extensions/fxdriver@googlecode.com/components/command_processor.js:10825) 
2014-03-07 09:53:37,928: GoBus_4_straight  - Restarting browser...
2014-03-07 09:53:38,019: GoBus_4_straight  - [Errno 2] No such file or directory: '/tmp/tmpTYV72H'
2014-03-07 09:53:38,020: GoBus_4_straight  - Unable to delete profile directory: /tmp/tmpTYV72H
2014-03-07 09:53:46,701: GoBus_4_straight  - Now using new browser!
2014-03-07 09:53:46,702: GoBus_4_straight  - Request failed - trying again with same browser configuration.
2014-03-07 09:53:46,703: GoBus_4_straight  - Evaluating diagnostics!
2014-03-07 09:53:46,707: GoBus_4_straight  - Saving html code...
2014-03-07 09:53:46,750: GoBus_4_straight  - Saved html source to: ../crawl_logs/03_07_2014/GoBus_09_53_46.html
2014-03-07 09:53:46,751: GoBus_4_straight  - Taking screenshot...
2014-03-07 09:53:46,874: GoBus_4_straight  - Saved screenshot to: ../crawl_logs/03_07_2014/GoBus_09_53_46.png
2014-03-07 09:53:48,878: GoBus_4_straight  - NEW SEARCH
2014-03-07 09:53:54,883: GoBus_4_straight  - Loading URL...
2014-03-07 09:54:20,837: GoBus_4_straight  - From New York, NY to Boston, MA (03/08/2014)
2014-03-07 09:54:20,843: GoBus_4_straight  - Selecting departure city...
2014-03-07 09:54:27,677: GoBus_4_straight  - Typing departure date...
2014-03-07 09:54:27,678: GoBus_4_straight  - Selecting arrival city...
2014-03-07 09:54:34,619: GoBus_4_straight  - Typing departure date...
2014-03-07 09:54:34,620: GoBus_4_straight  - Selecting correct date
2014-03-07 09:54:34,779: GoBus_4_straight  - Message: u'Element is read-only and so may not be used for actions' ; Stacktrace: 
    at <anonymous> (file:///tmp/tmpF0ivwB/extensions/fxdriver@googlecode.com/components/command_processor.js:8236)
    at <anonymous> (file:///tmp/tmpF0ivwB/extensions/fxdriver@googlecode.com/components/command_processor.js:10861)
    at <anonymous> (file:///tmp/tmpF0ivwB/extensions/fxdriver@googlecode.com/components/command_processor.js:10878)
    at <anonymous> (file:///tmp/tmpF0ivwB/extensions/fxdriver@googlecode.com/components/command_processor.js:10883)
    at <anonymous> (file:///tmp/tmpF0ivwB/extensions/fxdriver@googlecode.com/components/command_processor.js:10825) 
Traceback (most recent call last):
  File "/home/saasbook/Documents/bus_catchers-master/python_code/MyController.py", line 126, in my_logic
    request_success = self.my_fcn(self.proxy_obj.browser,self.sql_obj,cur_job,self.my_logger)
  File "/home/saasbook/Documents/bus_catchers-master/python_code/get_gobus.py", line 112, in my_fcn
    date_spot.clear()
  File "/usr/local/lib/python2.7/dist-packages/selenium-2.40.0-py2.7.egg/selenium/webdriver/remote/webelement.py", line 67, in clear
    self._execute(Command.CLEAR_ELEMENT)
  File "/usr/local/lib/python2.7/dist-packages/selenium-2.40.0-py2.7.egg/selenium/webdriver/remote/webelement.py", line 369, in _execute
    return self._parent.execute(command, params)
  File "/usr/local/lib/python2.7/dist-packages/selenium-2.40.0-py2.7.egg/selenium/webdriver/remote/webdriver.py", line 164, in execute
    self.error_handler.check_response(response)
  File "/usr/local/lib/python2.7/dist-packages/selenium-2.40.0-py2.7.egg/selenium/webdriver/remote/errorhandler.py", line 164, in check_response
    raise exception_class(message, screen, stacktrace)
InvalidElementStateException: Message: u'Element is read-only and so may not be used for actions' ; Stacktrace: 
    at <anonymous> (file:///tmp/tmpF0ivwB/extensions/fxdriver@googlecode.com/components/command_processor.js:8236)
    at <anonymous> (file:///tmp/tmpF0ivwB/extensions/fxdriver@googlecode.com/components/command_processor.js:10861)
    at <anonymous> (file:///tmp/tmpF0ivwB/extensions/fxdriver@googlecode.com/components/command_processor.js:10878)
    at <anonymous> (file:///tmp/tmpF0ivwB/extensions/fxdriver@googlecode.com/components/command_processor.js:10883)
    at <anonymous> (file:///tmp/tmpF0ivwB/extensions/fxdriver@googlecode.com/components/command_processor.js:10825) 
2014-03-07 09:54:34,803: GoBus_4_straight  - Restarting browser...
2014-03-07 09:54:34,861: GoBus_4_straight  - [Errno 2] No such file or directory: '/tmp/tmpTYV72H'
2014-03-07 09:54:34,862: GoBus_4_straight  - Unable to delete profile directory: /tmp/tmpTYV72H
2014-03-07 09:54:43,901: GoBus_4_straight  - Now using new browser!
2014-03-07 09:54:43,902: GoBus_4_straight  - Request failed - trying again with same browser configuration.
2014-03-07 09:54:43,903: GoBus_4_straight  - Evaluating diagnostics!
2014-03-07 09:54:43,904: GoBus_4_straight  - Saving html code...
2014-03-07 09:54:43,942: GoBus_4_straight  - Saved html source to: ../crawl_logs/03_07_2014/GoBus_09_54_43.html
2014-03-07 09:54:43,945: GoBus_4_straight  - Taking screenshot...
2014-03-07 09:54:44,136: GoBus_4_straight  - Saved screenshot to: ../crawl_logs/03_07_2014/GoBus_09_54_43.png
2014-03-07 09:54:46,139: GoBus_4_straight  - NEW SEARCH
2014-03-07 09:54:52,143: GoBus_4_straight  - Loading URL...
2014-03-07 09:55:18,850: GoBus_4_straight  - From New York, NY to Boston, MA (03/08/2014)
2014-03-07 09:55:18,853: GoBus_4_straight  - Selecting departure city...
2014-03-07 09:55:25,695: GoBus_4_straight  - Typing departure date...
2014-03-07 09:55:25,696: GoBus_4_straight  - Selecting arrival city...
2014-03-07 09:55:32,290: GoBus_4_straight  - Typing departure date...
2014-03-07 09:55:32,291: GoBus_4_straight  - Selecting correct date
2014-03-07 09:55:32,394: GoBus_4_straight  - Message: u'Element is read-only and so may not be used for actions' ; Stacktrace: 
    at <anonymous> (file:///tmp/tmpZwTaW_/extensions/fxdriver@googlecode.com/components/command_processor.js:8236)
    at <anonymous> (file:///tmp/tmpZwTaW_/extensions/fxdriver@googlecode.com/components/command_processor.js:10861)
    at <anonymous> (file:///tmp/tmpZwTaW_/extensions/fxdriver@googlecode.com/components/command_processor.js:10878)
    at <anonymous> (file:///tmp/tmpZwTaW_/extensions/fxdriver@googlecode.com/components/command_processor.js:10883)
    at <anonymous> (file:///tmp/tmpZwTaW_/extensions/fxdriver@googlecode.com/components/command_processor.js:10825) 
Traceback (most recent call last):
  File "/home/saasbook/Documents/bus_catchers-master/python_code/MyController.py", line 126, in my_logic
    request_success = self.my_fcn(self.proxy_obj.browser,self.sql_obj,cur_job,self.my_logger)
  File "/home/saasbook/Documents/bus_catchers-master/python_code/get_gobus.py", line 112, in my_fcn
    date_spot.clear()
  File "/usr/local/lib/python2.7/dist-packages/selenium-2.40.0-py2.7.egg/selenium/webdriver/remote/webelement.py", line 67, in clear
    self._execute(Command.CLEAR_ELEMENT)
  File "/usr/local/lib/python2.7/dist-packages/selenium-2.40.0-py2.7.egg/selenium/webdriver/remote/webelement.py", line 369, in _execute
    return self._parent.execute(command, params)
  File "/usr/local/lib/python2.7/dist-packages/selenium-2.40.0-py2.7.egg/selenium/webdriver/remote/webdriver.py", line 164, in execute
    self.error_handler.check_response(response)
  File "/usr/local/lib/python2.7/dist-packages/selenium-2.40.0-py2.7.egg/selenium/webdriver/remote/errorhandler.py", line 164, in check_response
    raise exception_class(message, screen, stacktrace)
InvalidElementStateException: Message: u'Element is read-only and so may not be used for actions' ; Stacktrace: 
    at <anonymous> (file:///tmp/tmpZwTaW_/extensions/fxdriver@googlecode.com/components/command_processor.js:8236)
    at <anonymous> (file:///tmp/tmpZwTaW_/extensions/fxdriver@googlecode.com/components/command_processor.js:10861)
    at <anonymous> (file:///tmp/tmpZwTaW_/extensions/fxdriver@googlecode.com/components/command_processor.js:10878)
    at <anonymous> (file:///tmp/tmpZwTaW_/extensions/fxdriver@googlecode.com/components/command_processor.js:10883)
    at <anonymous> (file:///tmp/tmpZwTaW_/extensions/fxdriver@googlecode.com/components/command_processor.js:10825) 
2014-03-07 09:55:32,405: GoBus_4_straight  - Restarting browser...
2014-03-07 09:55:32,427: GoBus_4_straight  - [Errno 2] No such file or directory: '/tmp/tmpTYV72H'
2014-03-07 09:55:32,428: GoBus_4_straight  - Unable to delete profile directory: /tmp/tmpTYV72H
2014-03-07 09:55:40,876: GoBus_4_straight  - Now using new browser!
2014-03-07 09:55:40,879: GoBus_4_straight  - Request failed - trying again with same browser configuration.
2014-03-07 09:55:40,880: GoBus_4_straight  - Evaluating diagnostics!
2014-03-07 09:55:40,893: GoBus_4_straight  - Saving html code...
2014-03-07 09:55:41,099: GoBus_4_straight  - Saved html source to: ../crawl_logs/03_07_2014/GoBus_09_55_40.html
2014-03-07 09:55:41,100: GoBus_4_straight  - Taking screenshot...
2014-03-07 09:55:41,355: GoBus_4_straight  - Saved screenshot to: ../crawl_logs/03_07_2014/GoBus_09_55_41.png
2014-03-07 09:55:43,363: GoBus_4_straight  - Aborting all operations.
2014-03-07 09:55:43,371: GoBus_4_straight  - Failed too many times! Shutting down!
2014-03-07 09:55:43,373: GoBus_4_straight  - Unable to complete schedule request!
2014-03-07 09:55:43,373: GoBus_4_straight  - Jobs remaining: 2
2014-03-07 09:55:43,374: GoBus_4_straight  - Quitting...
2014-03-07 09:55:43,395: GoBus_4_straight  - [Errno 2] No such file or directory: '/tmp/tmpTYV72H'
2014-03-07 09:55:43,395: GoBus_4_straight  - Unable to delete profile directory: /tmp/tmpTYV72H
